This file contains any messages produced by compilers while
running configure, to aid debugging if configure makes a mistake.

It was created by sqlite configure 3.17.0, which was
generated by GNU Autoconf 2.69.  Invocation command line was

  $ ./configure --target=aarch64-linux --host=aarch64-linux --build=x86_64-pc-linux-gnu --prefix=/usr --sysconfdir=/etc --localstatedir=/var --enable-shared --enable-static --disable-tcl --enable-tempstore --enable-threadsafe --enable-releasemode

## --------- ##
## Platform. ##
## --------- ##

hostname = columbia
uname -m = x86_64
uname -r = 3.5.0-37-generic
uname -s = Linux
uname -v = #58~precise1-Ubuntu SMP Wed Jul 10 17:48:11 UTC 2013

/usr/bin/uname -p = unknown
/bin/uname -X     = unknown

/bin/arch              = unknown
/usr/bin/arch -k       = unknown
/usr/convex/getsysinfo = unknown
/usr/bin/hostinfo      = unknown
/bin/machine           = unknown
/usr/bin/oslevel       = unknown
/bin/universe          = unknown

PATH: /home/jqiao/spk_64bit/spk/objOutput/bskyb-brcm64bit/build_aarch64/staging_dir/bin
PATH: /home/jqiao/spk_64bit/spk/objOutput/bskyb-brcm64bit/build_aarch64/staging_dir/usr/bin
PATH: /home/jqiao/spk_64bit/spk/objOutput/bskyb-brcm64bit/toolchain_build_aarch64/bin
PATH: /home/hperev/Documents/CDI/1-From-NAS/eric-same-dir/97271IP-Toolchain/stbgcc-4.8-1.5//bin
PATH: /usr/local/sbin
PATH: /usr/local/bin
PATH: /usr/sbin
PATH: /usr/bin
PATH: /sbin
PATH: /bin
PATH: /usr/games
PATH: /opt/thinlinc/bin
PATH: /opt/repo_flow


## ----------- ##
## Core tests. ##
## ----------- ##

configure:2335: checking for a BSD-compatible install
configure:2403: result: /usr/bin/install -c
configure:2414: checking whether build environment is sane
configure:2469: result: yes
configure:2528: checking for aarch64-linux-strip
configure:2555: result: /home/hperev/Documents/CDI/1-From-NAS/eric-same-dir/97271IP-Toolchain/stbgcc-4.8-1.5//bin/aarch64-linux-strip
configure:2620: checking for a thread-safe mkdir -p
configure:2659: result: /bin/mkdir -p
configure:2666: checking for gawk
configure:2682: found /usr/bin/gawk
configure:2693: result: gawk
configure:2704: checking whether make sets $(MAKE)
configure:2726: result: yes
configure:2755: checking whether make supports nested variables
configure:2772: result: yes
configure:2911: checking for style of include used by make
configure:2939: result: GNU
configure:2970: checking for aarch64-linux-gcc
configure:2997: result: /home/hperev/Documents/CDI/1-From-NAS/eric-same-dir/97271IP-Toolchain/stbgcc-4.8-1.5//bin/aarch64-linux-gcc -Os  -I/home/jqiao/spk_64bit/spk/objOutput/bskyb-brcm64bit/build_aarch64/staging_dir/include -I/home/jqiao/spk_64bit/spk/objOutput/bskyb-brcm64bit/build_aarch64/staging_dir/usr/include -I/home/hperev/Documents/CDI/1-From-NAS/eric-same-dir/97271IP-Toolchain/stbgcc-4.8-1.5//aarch64-linux/include
configure:3266: checking for C compiler version
configure:3275: /home/hperev/Documents/CDI/1-From-NAS/eric-same-dir/97271IP-Toolchain/stbgcc-4.8-1.5//bin/aarch64-linux-gcc -Os  -I/home/jqiao/spk_64bit/spk/objOutput/bskyb-brcm64bit/build_aarch64/staging_dir/include -I/home/jqiao/spk_64bit/spk/objOutput/bskyb-brcm64bit/build_aarch64/staging_dir/usr/include -I/home/hperev/Documents/CDI/1-From-NAS/eric-same-dir/97271IP-Toolchain/stbgcc-4.8-1.5//aarch64-linux/include --version >&5
aarch64-linux-gcc (Broadcom stbgcc-4.8-1.5) 4.8.5
Copyright (C) 2015 Free Software Foundation, Inc.
This is free software; see the source for copying conditions.  There is NO
warranty; not even for MERCHANTABILITY or FITNESS FOR A PARTICULAR PURPOSE.

configure:3286: $? = 0
configure:3275: /home/hperev/Documents/CDI/1-From-NAS/eric-same-dir/97271IP-Toolchain/stbgcc-4.8-1.5//bin/aarch64-linux-gcc -Os  -I/home/jqiao/spk_64bit/spk/objOutput/bskyb-brcm64bit/build_aarch64/staging_dir/include -I/home/jqiao/spk_64bit/spk/objOutput/bskyb-brcm64bit/build_aarch64/staging_dir/usr/include -I/home/hperev/Documents/CDI/1-From-NAS/eric-same-dir/97271IP-Toolchain/stbgcc-4.8-1.5//aarch64-linux/include -v >&5
Using built-in specs.
COLLECT_GCC=/home/hperev/Documents/CDI/1-From-NAS/eric-same-dir/97271IP-Toolchain/stbgcc-4.8-1.5//bin/aarch64-linux-gcc
COLLECT_LTO_WRAPPER=/home/hperev/Documents/CDI/1-From-NAS/eric-same-dir/97271IP-Toolchain/stbgcc-4.8-1.5/bin/../libexec/gcc/aarch64-linux-gnu/4.8.5/lto-wrapper
Target: aarch64-linux-gnu
Configured with: ../gcc-linaro-4.8-2015.06/configure --target=aarch64-linux-gnu --disable-multilib --prefix=/opt/toolchains/stbgcc-4.8-1.5 --with-build-time-tools=/home/vagrant/rpmbuild/BUILD/build-toolchain/opt/toolchains/stbgcc-4.8-1.5/aarch64-linux-gnu/sys-root/../bin --with-sysroot=/opt/toolchains/stbgcc-4.8-1.5/aarch64-linux-gnu/sys-root --with-build-sysroot=/home/vagrant/rpmbuild/BUILD/build-toolchain/opt/toolchains/stbgcc-4.8-1.5/aarch64-linux-gnu/sys-root --enable-threads=posix --enable-long-long --enable-c99 --enable-plugins --enable-__cxa_atexit --with-gmp=/home/vagrant/rpmbuild/BUILD/prereq --with-mpfr=/home/vagrant/rpmbuild/BUILD/prereq --with-mpc=/home/vagrant/rpmbuild/BUILD/prereq --enable-symvers=gnu --enable-languages=c,c++ --enable-target-optspace --with-pkgversion='Broadcom stbgcc-4.8-1.5' --with-bugurl=file:///opt/toolchains/stbgcc-4.8-1.5/info/README.Bugs --disable-isl-version-check --with-arch=armv8-a
Thread model: posix
gcc version 4.8.5 (Broadcom stbgcc-4.8-1.5) 
configure:3286: $? = 0
configure:3275: /home/hperev/Documents/CDI/1-From-NAS/eric-same-dir/97271IP-Toolchain/stbgcc-4.8-1.5//bin/aarch64-linux-gcc -Os  -I/home/jqiao/spk_64bit/spk/objOutput/bskyb-brcm64bit/build_aarch64/staging_dir/include -I/home/jqiao/spk_64bit/spk/objOutput/bskyb-brcm64bit/build_aarch64/staging_dir/usr/include -I/home/hperev/Documents/CDI/1-From-NAS/eric-same-dir/97271IP-Toolchain/stbgcc-4.8-1.5//aarch64-linux/include -V >&5
aarch64-linux-gcc: error: unrecognized command line option '-V'
aarch64-linux-gcc: fatal error: no input files
compilation terminated.
configure:3286: $? = 1
configure:3275: /home/hperev/Documents/CDI/1-From-NAS/eric-same-dir/97271IP-Toolchain/stbgcc-4.8-1.5//bin/aarch64-linux-gcc -Os  -I/home/jqiao/spk_64bit/spk/objOutput/bskyb-brcm64bit/build_aarch64/staging_dir/include -I/home/jqiao/spk_64bit/spk/objOutput/bskyb-brcm64bit/build_aarch64/staging_dir/usr/include -I/home/hperev/Documents/CDI/1-From-NAS/eric-same-dir/97271IP-Toolchain/stbgcc-4.8-1.5//aarch64-linux/include -qversion >&5
aarch64-linux-gcc: error: unrecognized command line option '-qversion'
aarch64-linux-gcc: fatal error: no input files
compilation terminated.
configure:3286: $? = 1
configure:3306: checking whether the C compiler works
configure:3328: /home/hperev/Documents/CDI/1-From-NAS/eric-same-dir/97271IP-Toolchain/stbgcc-4.8-1.5//bin/aarch64-linux-gcc -Os  -I/home/jqiao/spk_64bit/spk/objOutput/bskyb-brcm64bit/build_aarch64/staging_dir/include -I/home/jqiao/spk_64bit/spk/objOutput/bskyb-brcm64bit/build_aarch64/staging_dir/usr/include -I/home/hperev/Documents/CDI/1-From-NAS/eric-same-dir/97271IP-Toolchain/stbgcc-4.8-1.5//aarch64-linux/include    conftest.c  >&5
configure:3332: $? = 0
configure:3380: result: yes
configure:3383: checking for C compiler default output file name
configure:3385: result: a.out
configure:3391: checking for suffix of executables
configure:3398: /home/hperev/Documents/CDI/1-From-NAS/eric-same-dir/97271IP-Toolchain/stbgcc-4.8-1.5//bin/aarch64-linux-gcc -Os  -I/home/jqiao/spk_64bit/spk/objOutput/bskyb-brcm64bit/build_aarch64/staging_dir/include -I/home/jqiao/spk_64bit/spk/objOutput/bskyb-brcm64bit/build_aarch64/staging_dir/usr/include -I/home/hperev/Documents/CDI/1-From-NAS/eric-same-dir/97271IP-Toolchain/stbgcc-4.8-1.5//aarch64-linux/include -o conftest    conftest.c  >&5
configure:3402: $? = 0
configure:3424: result: 
configure:3446: checking whether we are cross compiling
configure:3484: result: yes
configure:3489: checking for suffix of object files
configure:3511: /home/hperev/Documents/CDI/1-From-NAS/eric-same-dir/97271IP-Toolchain/stbgcc-4.8-1.5//bin/aarch64-linux-gcc -Os  -I/home/jqiao/spk_64bit/spk/objOutput/bskyb-brcm64bit/build_aarch64/staging_dir/include -I/home/jqiao/spk_64bit/spk/objOutput/bskyb-brcm64bit/build_aarch64/staging_dir/usr/include -I/home/hperev/Documents/CDI/1-From-NAS/eric-same-dir/97271IP-Toolchain/stbgcc-4.8-1.5//aarch64-linux/include -c   conftest.c >&5
configure:3515: $? = 0
configure:3536: result: o
configure:3540: checking whether we are using the GNU C compiler
configure:3559: /home/hperev/Documents/CDI/1-From-NAS/eric-same-dir/97271IP-Toolchain/stbgcc-4.8-1.5//bin/aarch64-linux-gcc -Os  -I/home/jqiao/spk_64bit/spk/objOutput/bskyb-brcm64bit/build_aarch64/staging_dir/include -I/home/jqiao/spk_64bit/spk/objOutput/bskyb-brcm64bit/build_aarch64/staging_dir/usr/include -I/home/hperev/Documents/CDI/1-From-NAS/eric-same-dir/97271IP-Toolchain/stbgcc-4.8-1.5//aarch64-linux/include -c   conftest.c >&5
configure:3559: $? = 0
configure:3568: result: yes
configure:3577: checking whether /home/hperev/Documents/CDI/1-From-NAS/eric-same-dir/97271IP-Toolchain/stbgcc-4.8-1.5//bin/aarch64-linux-gcc -Os  -I/home/jqiao/spk_64bit/spk/objOutput/bskyb-brcm64bit/build_aarch64/staging_dir/include -I/home/jqiao/spk_64bit/spk/objOutput/bskyb-brcm64bit/build_aarch64/staging_dir/usr/include -I/home/hperev/Documents/CDI/1-From-NAS/eric-same-dir/97271IP-Toolchain/stbgcc-4.8-1.5//aarch64-linux/include accepts -g
configure:3597: /home/hperev/Documents/CDI/1-From-NAS/eric-same-dir/97271IP-Toolchain/stbgcc-4.8-1.5//bin/aarch64-linux-gcc -Os  -I/home/jqiao/spk_64bit/spk/objOutput/bskyb-brcm64bit/build_aarch64/staging_dir/include -I/home/jqiao/spk_64bit/spk/objOutput/bskyb-brcm64bit/build_aarch64/staging_dir/usr/include -I/home/hperev/Documents/CDI/1-From-NAS/eric-same-dir/97271IP-Toolchain/stbgcc-4.8-1.5//aarch64-linux/include -c -g  conftest.c >&5
configure:3597: $? = 0
configure:3638: result: yes
configure:3655: checking for /home/hperev/Documents/CDI/1-From-NAS/eric-same-dir/97271IP-Toolchain/stbgcc-4.8-1.5//bin/aarch64-linux-gcc -Os  -I/home/jqiao/spk_64bit/spk/objOutput/bskyb-brcm64bit/build_aarch64/staging_dir/include -I/home/jqiao/spk_64bit/spk/objOutput/bskyb-brcm64bit/build_aarch64/staging_dir/usr/include -I/home/hperev/Documents/CDI/1-From-NAS/eric-same-dir/97271IP-Toolchain/stbgcc-4.8-1.5//aarch64-linux/include option to accept ISO C89
configure:3718: /home/hperev/Documents/CDI/1-From-NAS/eric-same-dir/97271IP-Toolchain/stbgcc-4.8-1.5//bin/aarch64-linux-gcc -Os  -I/home/jqiao/spk_64bit/spk/objOutput/bskyb-brcm64bit/build_aarch64/staging_dir/include -I/home/jqiao/spk_64bit/spk/objOutput/bskyb-brcm64bit/build_aarch64/staging_dir/usr/include -I/home/hperev/Documents/CDI/1-From-NAS/eric-same-dir/97271IP-Toolchain/stbgcc-4.8-1.5//aarch64-linux/include  -c -g -O2  conftest.c >&5
configure:3718: $? = 0
configure:3731: result: none needed
configure:3756: checking whether /home/hperev/Documents/CDI/1-From-NAS/eric-same-dir/97271IP-Toolchain/stbgcc-4.8-1.5//bin/aarch64-linux-gcc -Os  -I/home/jqiao/spk_64bit/spk/objOutput/bskyb-brcm64bit/build_aarch64/staging_dir/include -I/home/jqiao/spk_64bit/spk/objOutput/bskyb-brcm64bit/build_aarch64/staging_dir/usr/include -I/home/hperev/Documents/CDI/1-From-NAS/eric-same-dir/97271IP-Toolchain/stbgcc-4.8-1.5//aarch64-linux/include understands -c and -o together
configure:3778: /home/hperev/Documents/CDI/1-From-NAS/eric-same-dir/97271IP-Toolchain/stbgcc-4.8-1.5//bin/aarch64-linux-gcc -Os  -I/home/jqiao/spk_64bit/spk/objOutput/bskyb-brcm64bit/build_aarch64/staging_dir/include -I/home/jqiao/spk_64bit/spk/objOutput/bskyb-brcm64bit/build_aarch64/staging_dir/usr/include -I/home/hperev/Documents/CDI/1-From-NAS/eric-same-dir/97271IP-Toolchain/stbgcc-4.8-1.5//aarch64-linux/include -c conftest.c -o conftest2.o
configure:3781: $? = 0
configure:3778: /home/hperev/Documents/CDI/1-From-NAS/eric-same-dir/97271IP-Toolchain/stbgcc-4.8-1.5//bin/aarch64-linux-gcc -Os  -I/home/jqiao/spk_64bit/spk/objOutput/bskyb-brcm64bit/build_aarch64/staging_dir/include -I/home/jqiao/spk_64bit/spk/objOutput/bskyb-brcm64bit/build_aarch64/staging_dir/usr/include -I/home/hperev/Documents/CDI/1-From-NAS/eric-same-dir/97271IP-Toolchain/stbgcc-4.8-1.5//aarch64-linux/include -c conftest.c -o conftest2.o
configure:3781: $? = 0
configure:3793: result: yes
configure:3812: checking dependency style of /home/hperev/Documents/CDI/1-From-NAS/eric-same-dir/97271IP-Toolchain/stbgcc-4.8-1.5//bin/aarch64-linux-gcc -Os  -I/home/jqiao/spk_64bit/spk/objOutput/bskyb-brcm64bit/build_aarch64/staging_dir/include -I/home/jqiao/spk_64bit/spk/objOutput/bskyb-brcm64bit/build_aarch64/staging_dir/usr/include -I/home/hperev/Documents/CDI/1-From-NAS/eric-same-dir/97271IP-Toolchain/stbgcc-4.8-1.5//aarch64-linux/include
configure:3923: result: gcc3
configure:3946: checking for special C compiler options needed for large files
configure:3991: result: no
configure:3997: checking for _FILE_OFFSET_BITS value needed for large files
configure:4022: /home/hperev/Documents/CDI/1-From-NAS/eric-same-dir/97271IP-Toolchain/stbgcc-4.8-1.5//bin/aarch64-linux-gcc -Os  -I/home/jqiao/spk_64bit/spk/objOutput/bskyb-brcm64bit/build_aarch64/staging_dir/include -I/home/jqiao/spk_64bit/spk/objOutput/bskyb-brcm64bit/build_aarch64/staging_dir/usr/include -I/home/hperev/Documents/CDI/1-From-NAS/eric-same-dir/97271IP-Toolchain/stbgcc-4.8-1.5//aarch64-linux/include -c -g -O2  conftest.c >&5
configure:4022: $? = 0
configure:4054: result: no
configure:4149: checking for aarch64-linux-gcc
configure:4176: result: /home/hperev/Documents/CDI/1-From-NAS/eric-same-dir/97271IP-Toolchain/stbgcc-4.8-1.5//bin/aarch64-linux-gcc -Os  -I/home/jqiao/spk_64bit/spk/objOutput/bskyb-brcm64bit/build_aarch64/staging_dir/include -I/home/jqiao/spk_64bit/spk/objOutput/bskyb-brcm64bit/build_aarch64/staging_dir/usr/include -I/home/hperev/Documents/CDI/1-From-NAS/eric-same-dir/97271IP-Toolchain/stbgcc-4.8-1.5//aarch64-linux/include
configure:4445: checking for C compiler version
configure:4454: /home/hperev/Documents/CDI/1-From-NAS/eric-same-dir/97271IP-Toolchain/stbgcc-4.8-1.5//bin/aarch64-linux-gcc -Os  -I/home/jqiao/spk_64bit/spk/objOutput/bskyb-brcm64bit/build_aarch64/staging_dir/include -I/home/jqiao/spk_64bit/spk/objOutput/bskyb-brcm64bit/build_aarch64/staging_dir/usr/include -I/home/hperev/Documents/CDI/1-From-NAS/eric-same-dir/97271IP-Toolchain/stbgcc-4.8-1.5//aarch64-linux/include --version >&5
aarch64-linux-gcc (Broadcom stbgcc-4.8-1.5) 4.8.5
Copyright (C) 2015 Free Software Foundation, Inc.
This is free software; see the source for copying conditions.  There is NO
warranty; not even for MERCHANTABILITY or FITNESS FOR A PARTICULAR PURPOSE.

configure:4465: $? = 0
configure:4454: /home/hperev/Documents/CDI/1-From-NAS/eric-same-dir/97271IP-Toolchain/stbgcc-4.8-1.5//bin/aarch64-linux-gcc -Os  -I/home/jqiao/spk_64bit/spk/objOutput/bskyb-brcm64bit/build_aarch64/staging_dir/include -I/home/jqiao/spk_64bit/spk/objOutput/bskyb-brcm64bit/build_aarch64/staging_dir/usr/include -I/home/hperev/Documents/CDI/1-From-NAS/eric-same-dir/97271IP-Toolchain/stbgcc-4.8-1.5//aarch64-linux/include -v >&5
Using built-in specs.
COLLECT_GCC=/home/hperev/Documents/CDI/1-From-NAS/eric-same-dir/97271IP-Toolchain/stbgcc-4.8-1.5//bin/aarch64-linux-gcc
COLLECT_LTO_WRAPPER=/home/hperev/Documents/CDI/1-From-NAS/eric-same-dir/97271IP-Toolchain/stbgcc-4.8-1.5/bin/../libexec/gcc/aarch64-linux-gnu/4.8.5/lto-wrapper
Target: aarch64-linux-gnu
Configured with: ../gcc-linaro-4.8-2015.06/configure --target=aarch64-linux-gnu --disable-multilib --prefix=/opt/toolchains/stbgcc-4.8-1.5 --with-build-time-tools=/home/vagrant/rpmbuild/BUILD/build-toolchain/opt/toolchains/stbgcc-4.8-1.5/aarch64-linux-gnu/sys-root/../bin --with-sysroot=/opt/toolchains/stbgcc-4.8-1.5/aarch64-linux-gnu/sys-root --with-build-sysroot=/home/vagrant/rpmbuild/BUILD/build-toolchain/opt/toolchains/stbgcc-4.8-1.5/aarch64-linux-gnu/sys-root --enable-threads=posix --enable-long-long --enable-c99 --enable-plugins --enable-__cxa_atexit --with-gmp=/home/vagrant/rpmbuild/BUILD/prereq --with-mpfr=/home/vagrant/rpmbuild/BUILD/prereq --with-mpc=/home/vagrant/rpmbuild/BUILD/prereq --enable-symvers=gnu --enable-languages=c,c++ --enable-target-optspace --with-pkgversion='Broadcom stbgcc-4.8-1.5' --with-bugurl=file:///opt/toolchains/stbgcc-4.8-1.5/info/README.Bugs --disable-isl-version-check --with-arch=armv8-a
Thread model: posix
gcc version 4.8.5 (Broadcom stbgcc-4.8-1.5) 
configure:4465: $? = 0
configure:4454: /home/hperev/Documents/CDI/1-From-NAS/eric-same-dir/97271IP-Toolchain/stbgcc-4.8-1.5//bin/aarch64-linux-gcc -Os  -I/home/jqiao/spk_64bit/spk/objOutput/bskyb-brcm64bit/build_aarch64/staging_dir/include -I/home/jqiao/spk_64bit/spk/objOutput/bskyb-brcm64bit/build_aarch64/staging_dir/usr/include -I/home/hperev/Documents/CDI/1-From-NAS/eric-same-dir/97271IP-Toolchain/stbgcc-4.8-1.5//aarch64-linux/include -V >&5
aarch64-linux-gcc: error: unrecognized command line option '-V'
aarch64-linux-gcc: fatal error: no input files
compilation terminated.
configure:4465: $? = 1
configure:4454: /home/hperev/Documents/CDI/1-From-NAS/eric-same-dir/97271IP-Toolchain/stbgcc-4.8-1.5//bin/aarch64-linux-gcc -Os  -I/home/jqiao/spk_64bit/spk/objOutput/bskyb-brcm64bit/build_aarch64/staging_dir/include -I/home/jqiao/spk_64bit/spk/objOutput/bskyb-brcm64bit/build_aarch64/staging_dir/usr/include -I/home/hperev/Documents/CDI/1-From-NAS/eric-same-dir/97271IP-Toolchain/stbgcc-4.8-1.5//aarch64-linux/include -qversion >&5
aarch64-linux-gcc: error: unrecognized command line option '-qversion'
aarch64-linux-gcc: fatal error: no input files
compilation terminated.
configure:4465: $? = 1
configure:4469: checking whether we are using the GNU C compiler
configure:4497: result: yes
configure:4506: checking whether /home/hperev/Documents/CDI/1-From-NAS/eric-same-dir/97271IP-Toolchain/stbgcc-4.8-1.5//bin/aarch64-linux-gcc -Os  -I/home/jqiao/spk_64bit/spk/objOutput/bskyb-brcm64bit/build_aarch64/staging_dir/include -I/home/jqiao/spk_64bit/spk/objOutput/bskyb-brcm64bit/build_aarch64/staging_dir/usr/include -I/home/hperev/Documents/CDI/1-From-NAS/eric-same-dir/97271IP-Toolchain/stbgcc-4.8-1.5//aarch64-linux/include accepts -g
configure:4567: result: yes
configure:4584: checking for /home/hperev/Documents/CDI/1-From-NAS/eric-same-dir/97271IP-Toolchain/stbgcc-4.8-1.5//bin/aarch64-linux-gcc -Os  -I/home/jqiao/spk_64bit/spk/objOutput/bskyb-brcm64bit/build_aarch64/staging_dir/include -I/home/jqiao/spk_64bit/spk/objOutput/bskyb-brcm64bit/build_aarch64/staging_dir/usr/include -I/home/hperev/Documents/CDI/1-From-NAS/eric-same-dir/97271IP-Toolchain/stbgcc-4.8-1.5//aarch64-linux/include option to accept ISO C89
configure:4660: result: none needed
configure:4685: checking whether /home/hperev/Documents/CDI/1-From-NAS/eric-same-dir/97271IP-Toolchain/stbgcc-4.8-1.5//bin/aarch64-linux-gcc -Os  -I/home/jqiao/spk_64bit/spk/objOutput/bskyb-brcm64bit/build_aarch64/staging_dir/include -I/home/jqiao/spk_64bit/spk/objOutput/bskyb-brcm64bit/build_aarch64/staging_dir/usr/include -I/home/hperev/Documents/CDI/1-From-NAS/eric-same-dir/97271IP-Toolchain/stbgcc-4.8-1.5//aarch64-linux/include understands -c and -o together
configure:4722: result: yes
configure:4741: checking dependency style of /home/hperev/Documents/CDI/1-From-NAS/eric-same-dir/97271IP-Toolchain/stbgcc-4.8-1.5//bin/aarch64-linux-gcc -Os  -I/home/jqiao/spk_64bit/spk/objOutput/bskyb-brcm64bit/build_aarch64/staging_dir/include -I/home/jqiao/spk_64bit/spk/objOutput/bskyb-brcm64bit/build_aarch64/staging_dir/usr/include -I/home/hperev/Documents/CDI/1-From-NAS/eric-same-dir/97271IP-Toolchain/stbgcc-4.8-1.5//aarch64-linux/include
configure:4852: result: gcc3
configure:4896: checking build system type
configure:4910: result: x86_64-pc-linux-gnu
configure:4930: checking host system type
configure:4943: result: aarch64-unknown-linux-gnu
configure:4984: checking how to print strings
configure:5011: result: printf
configure:5032: checking for a sed that does not truncate output
configure:5096: result: /home/jqiao/spk_64bit/spk/objOutput/bskyb-brcm64bit/toolchain_build_aarch64/bin/sed
configure:5114: checking for grep that handles long lines and -e
configure:5172: result: /bin/grep
configure:5177: checking for egrep
configure:5239: result: /bin/grep -E
configure:5244: checking for fgrep
configure:5306: result: /bin/grep -F
configure:5341: checking for ld used by /home/hperev/Documents/CDI/1-From-NAS/eric-same-dir/97271IP-Toolchain/stbgcc-4.8-1.5//bin/aarch64-linux-gcc -Os  -I/home/jqiao/spk_64bit/spk/objOutput/bskyb-brcm64bit/build_aarch64/staging_dir/include -I/home/jqiao/spk_64bit/spk/objOutput/bskyb-brcm64bit/build_aarch64/staging_dir/usr/include -I/home/hperev/Documents/CDI/1-From-NAS/eric-same-dir/97271IP-Toolchain/stbgcc-4.8-1.5//aarch64-linux/include
configure:5408: result: /home/hperev/Documents/CDI/1-From-NAS/eric-same-dir/97271IP-Toolchain/stbgcc-4.8-1.5//bin/aarch64-linux-ld
configure:5415: checking if the linker (/home/hperev/Documents/CDI/1-From-NAS/eric-same-dir/97271IP-Toolchain/stbgcc-4.8-1.5//bin/aarch64-linux-ld) is GNU ld
configure:5430: result: yes
configure:5442: checking for BSD- or MS-compatible name lister (nm)
configure:5496: result: /home/hperev/Documents/CDI/1-From-NAS/eric-same-dir/97271IP-Toolchain/stbgcc-4.8-1.5//bin/aarch64-linux-nm
configure:5626: checking the name lister (/home/hperev/Documents/CDI/1-From-NAS/eric-same-dir/97271IP-Toolchain/stbgcc-4.8-1.5//bin/aarch64-linux-nm) interface
configure:5633: /home/hperev/Documents/CDI/1-From-NAS/eric-same-dir/97271IP-Toolchain/stbgcc-4.8-1.5//bin/aarch64-linux-gcc -Os  -I/home/jqiao/spk_64bit/spk/objOutput/bskyb-brcm64bit/build_aarch64/staging_dir/include -I/home/jqiao/spk_64bit/spk/objOutput/bskyb-brcm64bit/build_aarch64/staging_dir/usr/include -I/home/hperev/Documents/CDI/1-From-NAS/eric-same-dir/97271IP-Toolchain/stbgcc-4.8-1.5//aarch64-linux/include -c -g -O2  conftest.c >&5
configure:5636: /home/hperev/Documents/CDI/1-From-NAS/eric-same-dir/97271IP-Toolchain/stbgcc-4.8-1.5//bin/aarch64-linux-nm "conftest.o"
configure:5639: output
0000000000000000 B some_variable
configure:5646: result: BSD nm
configure:5649: checking whether ln -s works
configure:5653: result: yes
configure:5661: checking the maximum length of command line arguments
configure:5792: result: 3458764513820540925
configure:5840: checking how to convert x86_64-pc-linux-gnu file names to aarch64-unknown-linux-gnu format
configure:5880: result: func_convert_file_noop
configure:5887: checking how to convert x86_64-pc-linux-gnu file names to toolchain format
configure:5907: result: func_convert_file_noop
configure:5914: checking for /home/hperev/Documents/CDI/1-From-NAS/eric-same-dir/97271IP-Toolchain/stbgcc-4.8-1.5//bin/aarch64-linux-ld option to reload object files
configure:5921: result: -r
configure:5955: checking for aarch64-linux-objdump
configure:5971: found /home/hperev/Documents/CDI/1-From-NAS/eric-same-dir/97271IP-Toolchain/stbgcc-4.8-1.5//bin/aarch64-linux-objdump
configure:5982: result: aarch64-linux-objdump
configure:6054: checking how to recognize dependent libraries
configure:6254: result: pass_all
configure:6299: checking for aarch64-linux-dlltool
configure:6329: result: no
configure:6339: checking for dlltool
configure:6369: result: no
configure:6399: checking how to associate runtime and link libraries
configure:6426: result: printf %s\n
configure:6442: checking for aarch64-linux-ar
configure:6469: result: /home/hperev/Documents/CDI/1-From-NAS/eric-same-dir/97271IP-Toolchain/stbgcc-4.8-1.5//bin/aarch64-linux-ar
configure:6550: checking for archiver @FILE support
configure:6567: /home/hperev/Documents/CDI/1-From-NAS/eric-same-dir/97271IP-Toolchain/stbgcc-4.8-1.5//bin/aarch64-linux-gcc -Os  -I/home/jqiao/spk_64bit/spk/objOutput/bskyb-brcm64bit/build_aarch64/staging_dir/include -I/home/jqiao/spk_64bit/spk/objOutput/bskyb-brcm64bit/build_aarch64/staging_dir/usr/include -I/home/hperev/Documents/CDI/1-From-NAS/eric-same-dir/97271IP-Toolchain/stbgcc-4.8-1.5//aarch64-linux/include -c -g -O2  conftest.c >&5
configure:6567: $? = 0
configure:6570: /home/hperev/Documents/CDI/1-From-NAS/eric-same-dir/97271IP-Toolchain/stbgcc-4.8-1.5//bin/aarch64-linux-ar cru libconftest.a @conftest.lst >&5
configure:6573: $? = 0
configure:6578: /home/hperev/Documents/CDI/1-From-NAS/eric-same-dir/97271IP-Toolchain/stbgcc-4.8-1.5//bin/aarch64-linux-ar cru libconftest.a @conftest.lst >&5
/home/hperev/Documents/CDI/1-From-NAS/eric-same-dir/97271IP-Toolchain/stbgcc-4.8-1.5//bin/aarch64-linux-ar: conftest.o: No such file or directory
configure:6581: $? = 1
configure:6593: result: @
configure:6611: checking for aarch64-linux-strip
configure:6638: result: /home/hperev/Documents/CDI/1-From-NAS/eric-same-dir/97271IP-Toolchain/stbgcc-4.8-1.5//bin/aarch64-linux-strip
configure:6710: checking for aarch64-linux-ranlib
configure:6737: result: /home/hperev/Documents/CDI/1-From-NAS/eric-same-dir/97271IP-Toolchain/stbgcc-4.8-1.5//bin/aarch64-linux-ranlib
configure:6879: checking command to parse /home/hperev/Documents/CDI/1-From-NAS/eric-same-dir/97271IP-Toolchain/stbgcc-4.8-1.5//bin/aarch64-linux-nm output from /home/hperev/Documents/CDI/1-From-NAS/eric-same-dir/97271IP-Toolchain/stbgcc-4.8-1.5//bin/aarch64-linux-gcc -Os  -I/home/jqiao/spk_64bit/spk/objOutput/bskyb-brcm64bit/build_aarch64/staging_dir/include -I/home/jqiao/spk_64bit/spk/objOutput/bskyb-brcm64bit/build_aarch64/staging_dir/usr/include -I/home/hperev/Documents/CDI/1-From-NAS/eric-same-dir/97271IP-Toolchain/stbgcc-4.8-1.5//aarch64-linux/include object
configure:7032: /home/hperev/Documents/CDI/1-From-NAS/eric-same-dir/97271IP-Toolchain/stbgcc-4.8-1.5//bin/aarch64-linux-gcc -Os  -I/home/jqiao/spk_64bit/spk/objOutput/bskyb-brcm64bit/build_aarch64/staging_dir/include -I/home/jqiao/spk_64bit/spk/objOutput/bskyb-brcm64bit/build_aarch64/staging_dir/usr/include -I/home/hperev/Documents/CDI/1-From-NAS/eric-same-dir/97271IP-Toolchain/stbgcc-4.8-1.5//aarch64-linux/include -c -g -O2  conftest.c >&5
configure:7035: $? = 0
configure:7039: /home/hperev/Documents/CDI/1-From-NAS/eric-same-dir/97271IP-Toolchain/stbgcc-4.8-1.5//bin/aarch64-linux-nm conftest.o \| sed -n -e 's/^.*[ ]\([ABCDGIRSTW][ABCDGIRSTW]*\)[ ][ ]*\([_A-Za-z][_A-Za-z0-9]*\)$/\1 \2 \2/p' | sed '/ __gnu_lto/d' \> conftest.nm
configure:7042: $? = 0
configure:7108: /home/hperev/Documents/CDI/1-From-NAS/eric-same-dir/97271IP-Toolchain/stbgcc-4.8-1.5//bin/aarch64-linux-gcc -Os  -I/home/jqiao/spk_64bit/spk/objOutput/bskyb-brcm64bit/build_aarch64/staging_dir/include -I/home/jqiao/spk_64bit/spk/objOutput/bskyb-brcm64bit/build_aarch64/staging_dir/usr/include -I/home/hperev/Documents/CDI/1-From-NAS/eric-same-dir/97271IP-Toolchain/stbgcc-4.8-1.5//aarch64-linux/include -o conftest -g -O2   conftest.c conftstm.o >&5
configure:7111: $? = 0
configure:7149: result: ok
configure:7196: checking for sysroot
configure:7226: result: no
configure:7233: checking for a working dd
configure:7271: result: /bin/dd
configure:7275: checking how to truncate binary pipes
configure:7290: result: /bin/dd bs=4096 count=1
configure:7579: checking for aarch64-linux-mt
configure:7609: result: no
configure:7619: checking for mt
configure:7635: found /bin/mt
configure:7646: result: mt
configure:7658: WARNING: using cross tools not prefixed with host triplet
configure:7669: checking if mt is a manifest tool
configure:7675: mt '-?'
configure:7683: result: no
configure:8360: checking how to run the C preprocessor
configure:8430: result: /home/hperev/Documents/CDI/1-From-NAS/eric-same-dir/97271IP-Toolchain/stbgcc-4.8-1.5//bin/aarch64-linux-cpp -Os  -I/home/jqiao/spk_64bit/spk/objOutput/bskyb-brcm64bit/build_aarch64/staging_dir/include -I/home/jqiao/spk_64bit/spk/objOutput/bskyb-brcm64bit/build_aarch64/staging_dir/usr/include -I/home/hperev/Documents/CDI/1-From-NAS/eric-same-dir/97271IP-Toolchain/stbgcc-4.8-1.5//aarch64-linux/include
configure:8450: /home/hperev/Documents/CDI/1-From-NAS/eric-same-dir/97271IP-Toolchain/stbgcc-4.8-1.5//bin/aarch64-linux-cpp -Os  -I/home/jqiao/spk_64bit/spk/objOutput/bskyb-brcm64bit/build_aarch64/staging_dir/include -I/home/jqiao/spk_64bit/spk/objOutput/bskyb-brcm64bit/build_aarch64/staging_dir/usr/include -I/home/hperev/Documents/CDI/1-From-NAS/eric-same-dir/97271IP-Toolchain/stbgcc-4.8-1.5//aarch64-linux/include  conftest.c
configure:8450: $? = 0
configure:8464: /home/hperev/Documents/CDI/1-From-NAS/eric-same-dir/97271IP-Toolchain/stbgcc-4.8-1.5//bin/aarch64-linux-cpp -Os  -I/home/jqiao/spk_64bit/spk/objOutput/bskyb-brcm64bit/build_aarch64/staging_dir/include -I/home/jqiao/spk_64bit/spk/objOutput/bskyb-brcm64bit/build_aarch64/staging_dir/usr/include -I/home/hperev/Documents/CDI/1-From-NAS/eric-same-dir/97271IP-Toolchain/stbgcc-4.8-1.5//aarch64-linux/include  conftest.c
conftest.c:11:28: fatal error: ac_nonexistent.h: No such file or directory
 #include <ac_nonexistent.h>
                            ^
compilation terminated.
configure:8464: $? = 1
configure: failed program was:
| /* confdefs.h */
| #define PACKAGE_NAME "sqlite"
| #define PACKAGE_TARNAME "sqlite"
| #define PACKAGE_VERSION "3.17.0"
| #define PACKAGE_STRING "sqlite 3.17.0"
| #define PACKAGE_BUGREPORT "http://www.sqlite.org"
| #define PACKAGE_URL ""
| #define PACKAGE "sqlite"
| #define VERSION "3.17.0"
| /* end confdefs.h.  */
| #include <ac_nonexistent.h>
configure:8493: checking for ANSI C header files
configure:8513: /home/hperev/Documents/CDI/1-From-NAS/eric-same-dir/97271IP-Toolchain/stbgcc-4.8-1.5//bin/aarch64-linux-gcc -Os  -I/home/jqiao/spk_64bit/spk/objOutput/bskyb-brcm64bit/build_aarch64/staging_dir/include -I/home/jqiao/spk_64bit/spk/objOutput/bskyb-brcm64bit/build_aarch64/staging_dir/usr/include -I/home/hperev/Documents/CDI/1-From-NAS/eric-same-dir/97271IP-Toolchain/stbgcc-4.8-1.5//aarch64-linux/include -c -g -O2  conftest.c >&5
configure:8513: $? = 0
configure:8597: result: yes
configure:8610: checking for sys/types.h
configure:8610: /home/hperev/Documents/CDI/1-From-NAS/eric-same-dir/97271IP-Toolchain/stbgcc-4.8-1.5//bin/aarch64-linux-gcc -Os  -I/home/jqiao/spk_64bit/spk/objOutput/bskyb-brcm64bit/build_aarch64/staging_dir/include -I/home/jqiao/spk_64bit/spk/objOutput/bskyb-brcm64bit/build_aarch64/staging_dir/usr/include -I/home/hperev/Documents/CDI/1-From-NAS/eric-same-dir/97271IP-Toolchain/stbgcc-4.8-1.5//aarch64-linux/include -c -g -O2  conftest.c >&5
configure:8610: $? = 0
configure:8610: result: yes
configure:8610: checking for sys/stat.h
configure:8610: /home/hperev/Documents/CDI/1-From-NAS/eric-same-dir/97271IP-Toolchain/stbgcc-4.8-1.5//bin/aarch64-linux-gcc -Os  -I/home/jqiao/spk_64bit/spk/objOutput/bskyb-brcm64bit/build_aarch64/staging_dir/include -I/home/jqiao/spk_64bit/spk/objOutput/bskyb-brcm64bit/build_aarch64/staging_dir/usr/include -I/home/hperev/Documents/CDI/1-From-NAS/eric-same-dir/97271IP-Toolchain/stbgcc-4.8-1.5//aarch64-linux/include -c -g -O2  conftest.c >&5
configure:8610: $? = 0
configure:8610: result: yes
configure:8610: checking for stdlib.h
configure:8610: /home/hperev/Documents/CDI/1-From-NAS/eric-same-dir/97271IP-Toolchain/stbgcc-4.8-1.5//bin/aarch64-linux-gcc -Os  -I/home/jqiao/spk_64bit/spk/objOutput/bskyb-brcm64bit/build_aarch64/staging_dir/include -I/home/jqiao/spk_64bit/spk/objOutput/bskyb-brcm64bit/build_aarch64/staging_dir/usr/include -I/home/hperev/Documents/CDI/1-From-NAS/eric-same-dir/97271IP-Toolchain/stbgcc-4.8-1.5//aarch64-linux/include -c -g -O2  conftest.c >&5
configure:8610: $? = 0
configure:8610: result: yes
configure:8610: checking for string.h
configure:8610: /home/hperev/Documents/CDI/1-From-NAS/eric-same-dir/97271IP-Toolchain/stbgcc-4.8-1.5//bin/aarch64-linux-gcc -Os  -I/home/jqiao/spk_64bit/spk/objOutput/bskyb-brcm64bit/build_aarch64/staging_dir/include -I/home/jqiao/spk_64bit/spk/objOutput/bskyb-brcm64bit/build_aarch64/staging_dir/usr/include -I/home/hperev/Documents/CDI/1-From-NAS/eric-same-dir/97271IP-Toolchain/stbgcc-4.8-1.5//aarch64-linux/include -c -g -O2  conftest.c >&5
configure:8610: $? = 0
configure:8610: result: yes
configure:8610: checking for memory.h
configure:8610: /home/hperev/Documents/CDI/1-From-NAS/eric-same-dir/97271IP-Toolchain/stbgcc-4.8-1.5//bin/aarch64-linux-gcc -Os  -I/home/jqiao/spk_64bit/spk/objOutput/bskyb-brcm64bit/build_aarch64/staging_dir/include -I/home/jqiao/spk_64bit/spk/objOutput/bskyb-brcm64bit/build_aarch64/staging_dir/usr/include -I/home/hperev/Documents/CDI/1-From-NAS/eric-same-dir/97271IP-Toolchain/stbgcc-4.8-1.5//aarch64-linux/include -c -g -O2  conftest.c >&5
configure:8610: $? = 0
configure:8610: result: yes
configure:8610: checking for strings.h
configure:8610: /home/hperev/Documents/CDI/1-From-NAS/eric-same-dir/97271IP-Toolchain/stbgcc-4.8-1.5//bin/aarch64-linux-gcc -Os  -I/home/jqiao/spk_64bit/spk/objOutput/bskyb-brcm64bit/build_aarch64/staging_dir/include -I/home/jqiao/spk_64bit/spk/objOutput/bskyb-brcm64bit/build_aarch64/staging_dir/usr/include -I/home/hperev/Documents/CDI/1-From-NAS/eric-same-dir/97271IP-Toolchain/stbgcc-4.8-1.5//aarch64-linux/include -c -g -O2  conftest.c >&5
configure:8610: $? = 0
configure:8610: result: yes
configure:8610: checking for inttypes.h
configure:8610: /home/hperev/Documents/CDI/1-From-NAS/eric-same-dir/97271IP-Toolchain/stbgcc-4.8-1.5//bin/aarch64-linux-gcc -Os  -I/home/jqiao/spk_64bit/spk/objOutput/bskyb-brcm64bit/build_aarch64/staging_dir/include -I/home/jqiao/spk_64bit/spk/objOutput/bskyb-brcm64bit/build_aarch64/staging_dir/usr/include -I/home/hperev/Documents/CDI/1-From-NAS/eric-same-dir/97271IP-Toolchain/stbgcc-4.8-1.5//aarch64-linux/include -c -g -O2  conftest.c >&5
configure:8610: $? = 0
configure:8610: result: yes
configure:8610: checking for stdint.h
configure:8610: /home/hperev/Documents/CDI/1-From-NAS/eric-same-dir/97271IP-Toolchain/stbgcc-4.8-1.5//bin/aarch64-linux-gcc -Os  -I/home/jqiao/spk_64bit/spk/objOutput/bskyb-brcm64bit/build_aarch64/staging_dir/include -I/home/jqiao/spk_64bit/spk/objOutput/bskyb-brcm64bit/build_aarch64/staging_dir/usr/include -I/home/hperev/Documents/CDI/1-From-NAS/eric-same-dir/97271IP-Toolchain/stbgcc-4.8-1.5//aarch64-linux/include -c -g -O2  conftest.c >&5
configure:8610: $? = 0
configure:8610: result: yes
configure:8610: checking for unistd.h
configure:8610: /home/hperev/Documents/CDI/1-From-NAS/eric-same-dir/97271IP-Toolchain/stbgcc-4.8-1.5//bin/aarch64-linux-gcc -Os  -I/home/jqiao/spk_64bit/spk/objOutput/bskyb-brcm64bit/build_aarch64/staging_dir/include -I/home/jqiao/spk_64bit/spk/objOutput/bskyb-brcm64bit/build_aarch64/staging_dir/usr/include -I/home/hperev/Documents/CDI/1-From-NAS/eric-same-dir/97271IP-Toolchain/stbgcc-4.8-1.5//aarch64-linux/include -c -g -O2  conftest.c >&5
configure:8610: $? = 0
configure:8610: result: yes
configure:8624: checking for dlfcn.h
configure:8624: /home/hperev/Documents/CDI/1-From-NAS/eric-same-dir/97271IP-Toolchain/stbgcc-4.8-1.5//bin/aarch64-linux-gcc -Os  -I/home/jqiao/spk_64bit/spk/objOutput/bskyb-brcm64bit/build_aarch64/staging_dir/include -I/home/jqiao/spk_64bit/spk/objOutput/bskyb-brcm64bit/build_aarch64/staging_dir/usr/include -I/home/hperev/Documents/CDI/1-From-NAS/eric-same-dir/97271IP-Toolchain/stbgcc-4.8-1.5//aarch64-linux/include -c -g -O2  conftest.c >&5
configure:8624: $? = 0
configure:8624: result: yes
configure:8880: checking for objdir
configure:8895: result: .libs
configure:9155: checking if /home/hperev/Documents/CDI/1-From-NAS/eric-same-dir/97271IP-Toolchain/stbgcc-4.8-1.5//bin/aarch64-linux-gcc -Os  -I/home/jqiao/spk_64bit/spk/objOutput/bskyb-brcm64bit/build_aarch64/staging_dir/include -I/home/jqiao/spk_64bit/spk/objOutput/bskyb-brcm64bit/build_aarch64/staging_dir/usr/include -I/home/hperev/Documents/CDI/1-From-NAS/eric-same-dir/97271IP-Toolchain/stbgcc-4.8-1.5//aarch64-linux/include supports -fno-rtti -fno-exceptions
configure:9173: /home/hperev/Documents/CDI/1-From-NAS/eric-same-dir/97271IP-Toolchain/stbgcc-4.8-1.5//bin/aarch64-linux-gcc -Os  -I/home/jqiao/spk_64bit/spk/objOutput/bskyb-brcm64bit/build_aarch64/staging_dir/include -I/home/jqiao/spk_64bit/spk/objOutput/bskyb-brcm64bit/build_aarch64/staging_dir/usr/include -I/home/hperev/Documents/CDI/1-From-NAS/eric-same-dir/97271IP-Toolchain/stbgcc-4.8-1.5//aarch64-linux/include -c -g -O2  -fno-rtti -fno-exceptions conftest.c >&5
cc1: warning: command line option '-fno-rtti' is valid for C++/ObjC++ but not for C [enabled by default]
configure:9177: $? = 0
configure:9190: result: no
configure:9548: checking for /home/hperev/Documents/CDI/1-From-NAS/eric-same-dir/97271IP-Toolchain/stbgcc-4.8-1.5//bin/aarch64-linux-gcc -Os  -I/home/jqiao/spk_64bit/spk/objOutput/bskyb-brcm64bit/build_aarch64/staging_dir/include -I/home/jqiao/spk_64bit/spk/objOutput/bskyb-brcm64bit/build_aarch64/staging_dir/usr/include -I/home/hperev/Documents/CDI/1-From-NAS/eric-same-dir/97271IP-Toolchain/stbgcc-4.8-1.5//aarch64-linux/include option to produce PIC
configure:9555: result: -fPIC -DPIC
configure:9563: checking if /home/hperev/Documents/CDI/1-From-NAS/eric-same-dir/97271IP-Toolchain/stbgcc-4.8-1.5//bin/aarch64-linux-gcc -Os  -I/home/jqiao/spk_64bit/spk/objOutput/bskyb-brcm64bit/build_aarch64/staging_dir/include -I/home/jqiao/spk_64bit/spk/objOutput/bskyb-brcm64bit/build_aarch64/staging_dir/usr/include -I/home/hperev/Documents/CDI/1-From-NAS/eric-same-dir/97271IP-Toolchain/stbgcc-4.8-1.5//aarch64-linux/include PIC flag -fPIC -DPIC works
configure:9581: /home/hperev/Documents/CDI/1-From-NAS/eric-same-dir/97271IP-Toolchain/stbgcc-4.8-1.5//bin/aarch64-linux-gcc -Os  -I/home/jqiao/spk_64bit/spk/objOutput/bskyb-brcm64bit/build_aarch64/staging_dir/include -I/home/jqiao/spk_64bit/spk/objOutput/bskyb-brcm64bit/build_aarch64/staging_dir/usr/include -I/home/hperev/Documents/CDI/1-From-NAS/eric-same-dir/97271IP-Toolchain/stbgcc-4.8-1.5//aarch64-linux/include -c -g -O2  -fPIC -DPIC -DPIC conftest.c >&5
configure:9585: $? = 0
configure:9598: result: yes
configure:9627: checking if /home/hperev/Documents/CDI/1-From-NAS/eric-same-dir/97271IP-Toolchain/stbgcc-4.8-1.5//bin/aarch64-linux-gcc -Os  -I/home/jqiao/spk_64bit/spk/objOutput/bskyb-brcm64bit/build_aarch64/staging_dir/include -I/home/jqiao/spk_64bit/spk/objOutput/bskyb-brcm64bit/build_aarch64/staging_dir/usr/include -I/home/hperev/Documents/CDI/1-From-NAS/eric-same-dir/97271IP-Toolchain/stbgcc-4.8-1.5//aarch64-linux/include static flag -static works
configure:9655: result: yes
configure:9670: checking if /home/hperev/Documents/CDI/1-From-NAS/eric-same-dir/97271IP-Toolchain/stbgcc-4.8-1.5//bin/aarch64-linux-gcc -Os  -I/home/jqiao/spk_64bit/spk/objOutput/bskyb-brcm64bit/build_aarch64/staging_dir/include -I/home/jqiao/spk_64bit/spk/objOutput/bskyb-brcm64bit/build_aarch64/staging_dir/usr/include -I/home/hperev/Documents/CDI/1-From-NAS/eric-same-dir/97271IP-Toolchain/stbgcc-4.8-1.5//aarch64-linux/include supports -c -o file.o
configure:9691: /home/hperev/Documents/CDI/1-From-NAS/eric-same-dir/97271IP-Toolchain/stbgcc-4.8-1.5//bin/aarch64-linux-gcc -Os  -I/home/jqiao/spk_64bit/spk/objOutput/bskyb-brcm64bit/build_aarch64/staging_dir/include -I/home/jqiao/spk_64bit/spk/objOutput/bskyb-brcm64bit/build_aarch64/staging_dir/usr/include -I/home/hperev/Documents/CDI/1-From-NAS/eric-same-dir/97271IP-Toolchain/stbgcc-4.8-1.5//aarch64-linux/include -c -g -O2  -o out/conftest2.o conftest.c >&5
configure:9695: $? = 0
configure:9717: result: yes
configure:9725: checking if /home/hperev/Documents/CDI/1-From-NAS/eric-same-dir/97271IP-Toolchain/stbgcc-4.8-1.5//bin/aarch64-linux-gcc -Os  -I/home/jqiao/spk_64bit/spk/objOutput/bskyb-brcm64bit/build_aarch64/staging_dir/include -I/home/jqiao/spk_64bit/spk/objOutput/bskyb-brcm64bit/build_aarch64/staging_dir/usr/include -I/home/hperev/Documents/CDI/1-From-NAS/eric-same-dir/97271IP-Toolchain/stbgcc-4.8-1.5//aarch64-linux/include supports -c -o file.o
configure:9772: result: yes
configure:9805: checking whether the /home/hperev/Documents/CDI/1-From-NAS/eric-same-dir/97271IP-Toolchain/stbgcc-4.8-1.5//bin/aarch64-linux-gcc -Os  -I/home/jqiao/spk_64bit/spk/objOutput/bskyb-brcm64bit/build_aarch64/staging_dir/include -I/home/jqiao/spk_64bit/spk/objOutput/bskyb-brcm64bit/build_aarch64/staging_dir/usr/include -I/home/hperev/Documents/CDI/1-From-NAS/eric-same-dir/97271IP-Toolchain/stbgcc-4.8-1.5//aarch64-linux/include linker (/home/hperev/Documents/CDI/1-From-NAS/eric-same-dir/97271IP-Toolchain/stbgcc-4.8-1.5//bin/aarch64-linux-ld) supports shared libraries
configure:11064: result: yes
configure:11101: checking whether -lc should be explicitly linked in
configure:11109: /home/hperev/Documents/CDI/1-From-NAS/eric-same-dir/97271IP-Toolchain/stbgcc-4.8-1.5//bin/aarch64-linux-gcc -Os  -I/home/jqiao/spk_64bit/spk/objOutput/bskyb-brcm64bit/build_aarch64/staging_dir/include -I/home/jqiao/spk_64bit/spk/objOutput/bskyb-brcm64bit/build_aarch64/staging_dir/usr/include -I/home/hperev/Documents/CDI/1-From-NAS/eric-same-dir/97271IP-Toolchain/stbgcc-4.8-1.5//aarch64-linux/include -c -g -O2  conftest.c >&5
configure:11112: $? = 0
configure:11127: /home/hperev/Documents/CDI/1-From-NAS/eric-same-dir/97271IP-Toolchain/stbgcc-4.8-1.5//bin/aarch64-linux-gcc -Os  -I/home/jqiao/spk_64bit/spk/objOutput/bskyb-brcm64bit/build_aarch64/staging_dir/include -I/home/jqiao/spk_64bit/spk/objOutput/bskyb-brcm64bit/build_aarch64/staging_dir/usr/include -I/home/hperev/Documents/CDI/1-From-NAS/eric-same-dir/97271IP-Toolchain/stbgcc-4.8-1.5//aarch64-linux/include -shared  -fPIC -DPIC conftest.o  -v -Wl,-soname -Wl,conftest -o conftest 2\>\&1 \| /bin/grep  -lc  \>/dev/null 2\>\&1
configure:11130: $? = 0
configure:11144: result: no
configure:11304: checking dynamic linker characteristics
configure:11885: /home/hperev/Documents/CDI/1-From-NAS/eric-same-dir/97271IP-Toolchain/stbgcc-4.8-1.5//bin/aarch64-linux-gcc -Os  -I/home/jqiao/spk_64bit/spk/objOutput/bskyb-brcm64bit/build_aarch64/staging_dir/include -I/home/jqiao/spk_64bit/spk/objOutput/bskyb-brcm64bit/build_aarch64/staging_dir/usr/include -I/home/hperev/Documents/CDI/1-From-NAS/eric-same-dir/97271IP-Toolchain/stbgcc-4.8-1.5//aarch64-linux/include -o conftest -g -O2   -Wl,-rpath -Wl,/foo conftest.c  >&5
configure:11885: $? = 0
configure:12122: result: GNU/Linux ld.so
configure:12244: checking how to hardcode library paths into programs
configure:12269: result: immediate
configure:12817: checking whether stripping libraries is possible
configure:12822: result: yes
configure:12857: checking if libtool supports shared libraries
configure:12859: result: yes
configure:12862: checking whether to build shared libraries
configure:12887: result: yes
configure:12890: checking whether to build static libraries
configure:12894: result: yes
configure:12937: checking for fdatasync
configure:12937: /home/hperev/Documents/CDI/1-From-NAS/eric-same-dir/97271IP-Toolchain/stbgcc-4.8-1.5//bin/aarch64-linux-gcc -Os  -I/home/jqiao/spk_64bit/spk/objOutput/bskyb-brcm64bit/build_aarch64/staging_dir/include -I/home/jqiao/spk_64bit/spk/objOutput/bskyb-brcm64bit/build_aarch64/staging_dir/usr/include -I/home/hperev/Documents/CDI/1-From-NAS/eric-same-dir/97271IP-Toolchain/stbgcc-4.8-1.5//aarch64-linux/include -o conftest -g -O2   conftest.c  >&5
configure:12937: $? = 0
configure:12937: result: yes
configure:12937: checking for usleep
configure:12937: /home/hperev/Documents/CDI/1-From-NAS/eric-same-dir/97271IP-Toolchain/stbgcc-4.8-1.5//bin/aarch64-linux-gcc -Os  -I/home/jqiao/spk_64bit/spk/objOutput/bskyb-brcm64bit/build_aarch64/staging_dir/include -I/home/jqiao/spk_64bit/spk/objOutput/bskyb-brcm64bit/build_aarch64/staging_dir/usr/include -I/home/hperev/Documents/CDI/1-From-NAS/eric-same-dir/97271IP-Toolchain/stbgcc-4.8-1.5//aarch64-linux/include -o conftest -g -O2   conftest.c  >&5
configure:12937: $? = 0
configure:12937: result: yes
configure:12937: checking for fullfsync
configure:12937: /home/hperev/Documents/CDI/1-From-NAS/eric-same-dir/97271IP-Toolchain/stbgcc-4.8-1.5//bin/aarch64-linux-gcc -Os  -I/home/jqiao/spk_64bit/spk/objOutput/bskyb-brcm64bit/build_aarch64/staging_dir/include -I/home/jqiao/spk_64bit/spk/objOutput/bskyb-brcm64bit/build_aarch64/staging_dir/usr/include -I/home/hperev/Documents/CDI/1-From-NAS/eric-same-dir/97271IP-Toolchain/stbgcc-4.8-1.5//aarch64-linux/include -o conftest -g -O2   conftest.c  >&5
/tmp/cc2wnH4H.o: In function `main':
/home/jqiao/spk_64bit/spk/objOutput/bskyb-brcm64bit/build_aarch64/sqlite-3.17.0/conftest.c:59: undefined reference to `fullfsync'
collect2: error: ld returned 1 exit status
configure:12937: $? = 1
configure: failed program was:
| /* confdefs.h */
| #define PACKAGE_NAME "sqlite"
| #define PACKAGE_TARNAME "sqlite"
| #define PACKAGE_VERSION "3.17.0"
| #define PACKAGE_STRING "sqlite 3.17.0"
| #define PACKAGE_BUGREPORT "http://www.sqlite.org"
| #define PACKAGE_URL ""
| #define PACKAGE "sqlite"
| #define VERSION "3.17.0"
| #define STDC_HEADERS 1
| #define HAVE_SYS_TYPES_H 1
| #define HAVE_SYS_STAT_H 1
| #define HAVE_STDLIB_H 1
| #define HAVE_STRING_H 1
| #define HAVE_MEMORY_H 1
| #define HAVE_STRINGS_H 1
| #define HAVE_INTTYPES_H 1
| #define HAVE_STDINT_H 1
| #define HAVE_UNISTD_H 1
| #define HAVE_DLFCN_H 1
| #define LT_OBJDIR ".libs/"
| #define HAVE_FDATASYNC 1
| #define HAVE_USLEEP 1
| /* end confdefs.h.  */
| /* Define fullfsync to an innocuous variant, in case <limits.h> declares fullfsync.
|    For example, HP-UX 11i <limits.h> declares gettimeofday.  */
| #define fullfsync innocuous_fullfsync
| 
| /* System header to define __stub macros and hopefully few prototypes,
|     which can conflict with char fullfsync (); below.
|     Prefer <limits.h> to <assert.h> if __STDC__ is defined, since
|     <limits.h> exists even on freestanding compilers.  */
| 
| #ifdef __STDC__
| # include <limits.h>
| #else
| # include <assert.h>
| #endif
| 
| #undef fullfsync
| 
| /* Override any GCC internal prototype to avoid an error.
|    Use char because int might match the return type of a GCC
|    builtin and then its argument prototype would still apply.  */
| #ifdef __cplusplus
| extern "C"
| #endif
| char fullfsync ();
| /* The GNU C library defines this for functions which it implements
|     to always fail with ENOSYS.  Some functions are actually named
|     something starting with __ and the normal name is an alias.  */
| #if defined __stub_fullfsync || defined __stub___fullfsync
| choke me
| #endif
| 
| int
| main ()
| {
| return fullfsync ();
|   ;
|   return 0;
| }
configure:12937: result: no
configure:12937: checking for localtime_r
configure:12937: /home/hperev/Documents/CDI/1-From-NAS/eric-same-dir/97271IP-Toolchain/stbgcc-4.8-1.5//bin/aarch64-linux-gcc -Os  -I/home/jqiao/spk_64bit/spk/objOutput/bskyb-brcm64bit/build_aarch64/staging_dir/include -I/home/jqiao/spk_64bit/spk/objOutput/bskyb-brcm64bit/build_aarch64/staging_dir/usr/include -I/home/hperev/Documents/CDI/1-From-NAS/eric-same-dir/97271IP-Toolchain/stbgcc-4.8-1.5//aarch64-linux/include -o conftest -g -O2   conftest.c  >&5
configure:12937: $? = 0
configure:12937: result: yes
configure:12937: checking for gmtime_r
configure:12937: /home/hperev/Documents/CDI/1-From-NAS/eric-same-dir/97271IP-Toolchain/stbgcc-4.8-1.5//bin/aarch64-linux-gcc -Os  -I/home/jqiao/spk_64bit/spk/objOutput/bskyb-brcm64bit/build_aarch64/staging_dir/include -I/home/jqiao/spk_64bit/spk/objOutput/bskyb-brcm64bit/build_aarch64/staging_dir/usr/include -I/home/hperev/Documents/CDI/1-From-NAS/eric-same-dir/97271IP-Toolchain/stbgcc-4.8-1.5//aarch64-linux/include -o conftest -g -O2   conftest.c  >&5
configure:12937: $? = 0
configure:12937: result: yes
configure:12946: checking whether strerror_r is declared
configure:12946: /home/hperev/Documents/CDI/1-From-NAS/eric-same-dir/97271IP-Toolchain/stbgcc-4.8-1.5//bin/aarch64-linux-gcc -Os  -I/home/jqiao/spk_64bit/spk/objOutput/bskyb-brcm64bit/build_aarch64/staging_dir/include -I/home/jqiao/spk_64bit/spk/objOutput/bskyb-brcm64bit/build_aarch64/staging_dir/usr/include -I/home/hperev/Documents/CDI/1-From-NAS/eric-same-dir/97271IP-Toolchain/stbgcc-4.8-1.5//aarch64-linux/include -c -g -O2  conftest.c >&5
configure:12946: $? = 0
configure:12946: result: yes
configure:12959: checking for strerror_r
configure:12959: /home/hperev/Documents/CDI/1-From-NAS/eric-same-dir/97271IP-Toolchain/stbgcc-4.8-1.5//bin/aarch64-linux-gcc -Os  -I/home/jqiao/spk_64bit/spk/objOutput/bskyb-brcm64bit/build_aarch64/staging_dir/include -I/home/jqiao/spk_64bit/spk/objOutput/bskyb-brcm64bit/build_aarch64/staging_dir/usr/include -I/home/hperev/Documents/CDI/1-From-NAS/eric-same-dir/97271IP-Toolchain/stbgcc-4.8-1.5//aarch64-linux/include -o conftest -g -O2   conftest.c  >&5
configure:12959: $? = 0
configure:12959: result: yes
configure:12968: checking whether strerror_r returns char *
configure:12992: /home/hperev/Documents/CDI/1-From-NAS/eric-same-dir/97271IP-Toolchain/stbgcc-4.8-1.5//bin/aarch64-linux-gcc -Os  -I/home/jqiao/spk_64bit/spk/objOutput/bskyb-brcm64bit/build_aarch64/staging_dir/include -I/home/jqiao/spk_64bit/spk/objOutput/bskyb-brcm64bit/build_aarch64/staging_dir/usr/include -I/home/hperev/Documents/CDI/1-From-NAS/eric-same-dir/97271IP-Toolchain/stbgcc-4.8-1.5//aarch64-linux/include -c -g -O2  conftest.c >&5
conftest.c: In function 'main':
conftest.c:67:13: error: invalid type argument of unary '*' (have 'int')
    char x = *strerror_r (0, buf, sizeof buf);
             ^
conftest.c:68:14: warning: initialization makes pointer from integer without a cast [enabled by default]
    char *p = strerror_r (0, buf, sizeof buf);
              ^
configure:12992: $? = 1
configure: failed program was:
| /* confdefs.h */
| #define PACKAGE_NAME "sqlite"
| #define PACKAGE_TARNAME "sqlite"
| #define PACKAGE_VERSION "3.17.0"
| #define PACKAGE_STRING "sqlite 3.17.0"
| #define PACKAGE_BUGREPORT "http://www.sqlite.org"
| #define PACKAGE_URL ""
| #define PACKAGE "sqlite"
| #define VERSION "3.17.0"
| #define STDC_HEADERS 1
| #define HAVE_SYS_TYPES_H 1
| #define HAVE_SYS_STAT_H 1
| #define HAVE_STDLIB_H 1
| #define HAVE_STRING_H 1
| #define HAVE_MEMORY_H 1
| #define HAVE_STRINGS_H 1
| #define HAVE_INTTYPES_H 1
| #define HAVE_STDINT_H 1
| #define HAVE_UNISTD_H 1
| #define HAVE_DLFCN_H 1
| #define LT_OBJDIR ".libs/"
| #define HAVE_FDATASYNC 1
| #define HAVE_USLEEP 1
| #define HAVE_LOCALTIME_R 1
| #define HAVE_GMTIME_R 1
| #define HAVE_DECL_STRERROR_R 1
| #define HAVE_STRERROR_R 1
| /* end confdefs.h.  */
| #include <stdio.h>
| #ifdef HAVE_SYS_TYPES_H
| # include <sys/types.h>
| #endif
| #ifdef HAVE_SYS_STAT_H
| # include <sys/stat.h>
| #endif
| #ifdef STDC_HEADERS
| # include <stdlib.h>
| # include <stddef.h>
| #else
| # ifdef HAVE_STDLIB_H
| #  include <stdlib.h>
| # endif
| #endif
| #ifdef HAVE_STRING_H
| # if !defined STDC_HEADERS && defined HAVE_MEMORY_H
| #  include <memory.h>
| # endif
| # include <string.h>
| #endif
| #ifdef HAVE_STRINGS_H
| # include <strings.h>
| #endif
| #ifdef HAVE_INTTYPES_H
| # include <inttypes.h>
| #endif
| #ifdef HAVE_STDINT_H
| # include <stdint.h>
| #endif
| #ifdef HAVE_UNISTD_H
| # include <unistd.h>
| #endif
| int
| main ()
| {
| 
| 	  char buf[100];
| 	  char x = *strerror_r (0, buf, sizeof buf);
| 	  char *p = strerror_r (0, buf, sizeof buf);
| 	  return !p || x;
| 
|   ;
|   return 0;
| }
configure:13030: result: no
configure:13074: checking editline/readline.h usability
configure:13074: /home/hperev/Documents/CDI/1-From-NAS/eric-same-dir/97271IP-Toolchain/stbgcc-4.8-1.5//bin/aarch64-linux-gcc -Os  -I/home/jqiao/spk_64bit/spk/objOutput/bskyb-brcm64bit/build_aarch64/staging_dir/include -I/home/jqiao/spk_64bit/spk/objOutput/bskyb-brcm64bit/build_aarch64/staging_dir/usr/include -I/home/hperev/Documents/CDI/1-From-NAS/eric-same-dir/97271IP-Toolchain/stbgcc-4.8-1.5//aarch64-linux/include -c -g -O2  conftest.c >&5
conftest.c:62:31: fatal error: editline/readline.h: No such file or directory
 #include <editline/readline.h>
                               ^
compilation terminated.
configure:13074: $? = 1
configure: failed program was:
| /* confdefs.h */
| #define PACKAGE_NAME "sqlite"
| #define PACKAGE_TARNAME "sqlite"
| #define PACKAGE_VERSION "3.17.0"
| #define PACKAGE_STRING "sqlite 3.17.0"
| #define PACKAGE_BUGREPORT "http://www.sqlite.org"
| #define PACKAGE_URL ""
| #define PACKAGE "sqlite"
| #define VERSION "3.17.0"
| #define STDC_HEADERS 1
| #define HAVE_SYS_TYPES_H 1
| #define HAVE_SYS_STAT_H 1
| #define HAVE_STDLIB_H 1
| #define HAVE_STRING_H 1
| #define HAVE_MEMORY_H 1
| #define HAVE_STRINGS_H 1
| #define HAVE_INTTYPES_H 1
| #define HAVE_STDINT_H 1
| #define HAVE_UNISTD_H 1
| #define HAVE_DLFCN_H 1
| #define LT_OBJDIR ".libs/"
| #define HAVE_FDATASYNC 1
| #define HAVE_USLEEP 1
| #define HAVE_LOCALTIME_R 1
| #define HAVE_GMTIME_R 1
| #define HAVE_DECL_STRERROR_R 1
| #define HAVE_STRERROR_R 1
| /* end confdefs.h.  */
| #include <stdio.h>
| #ifdef HAVE_SYS_TYPES_H
| # include <sys/types.h>
| #endif
| #ifdef HAVE_SYS_STAT_H
| # include <sys/stat.h>
| #endif
| #ifdef STDC_HEADERS
| # include <stdlib.h>
| # include <stddef.h>
| #else
| # ifdef HAVE_STDLIB_H
| #  include <stdlib.h>
| # endif
| #endif
| #ifdef HAVE_STRING_H
| # if !defined STDC_HEADERS && defined HAVE_MEMORY_H
| #  include <memory.h>
| # endif
| # include <string.h>
| #endif
| #ifdef HAVE_STRINGS_H
| # include <strings.h>
| #endif
| #ifdef HAVE_INTTYPES_H
| # include <inttypes.h>
| #endif
| #ifdef HAVE_STDINT_H
| # include <stdint.h>
| #endif
| #ifdef HAVE_UNISTD_H
| # include <unistd.h>
| #endif
| #include <editline/readline.h>
configure:13074: result: no
configure:13074: checking editline/readline.h presence
configure:13074: /home/hperev/Documents/CDI/1-From-NAS/eric-same-dir/97271IP-Toolchain/stbgcc-4.8-1.5//bin/aarch64-linux-cpp -Os  -I/home/jqiao/spk_64bit/spk/objOutput/bskyb-brcm64bit/build_aarch64/staging_dir/include -I/home/jqiao/spk_64bit/spk/objOutput/bskyb-brcm64bit/build_aarch64/staging_dir/usr/include -I/home/hperev/Documents/CDI/1-From-NAS/eric-same-dir/97271IP-Toolchain/stbgcc-4.8-1.5//aarch64-linux/include  conftest.c
conftest.c:29:31: fatal error: editline/readline.h: No such file or directory
 #include <editline/readline.h>
                               ^
compilation terminated.
configure:13074: $? = 1
configure: failed program was:
| /* confdefs.h */
| #define PACKAGE_NAME "sqlite"
| #define PACKAGE_TARNAME "sqlite"
| #define PACKAGE_VERSION "3.17.0"
| #define PACKAGE_STRING "sqlite 3.17.0"
| #define PACKAGE_BUGREPORT "http://www.sqlite.org"
| #define PACKAGE_URL ""
| #define PACKAGE "sqlite"
| #define VERSION "3.17.0"
| #define STDC_HEADERS 1
| #define HAVE_SYS_TYPES_H 1
| #define HAVE_SYS_STAT_H 1
| #define HAVE_STDLIB_H 1
| #define HAVE_STRING_H 1
| #define HAVE_MEMORY_H 1
| #define HAVE_STRINGS_H 1
| #define HAVE_INTTYPES_H 1
| #define HAVE_STDINT_H 1
| #define HAVE_UNISTD_H 1
| #define HAVE_DLFCN_H 1
| #define LT_OBJDIR ".libs/"
| #define HAVE_FDATASYNC 1
| #define HAVE_USLEEP 1
| #define HAVE_LOCALTIME_R 1
| #define HAVE_GMTIME_R 1
| #define HAVE_DECL_STRERROR_R 1
| #define HAVE_STRERROR_R 1
| /* end confdefs.h.  */
| #include <editline/readline.h>
configure:13074: result: no
configure:13074: checking for editline/readline.h
configure:13074: result: no
configure:13158: checking readline/readline.h usability
configure:13158: /home/hperev/Documents/CDI/1-From-NAS/eric-same-dir/97271IP-Toolchain/stbgcc-4.8-1.5//bin/aarch64-linux-gcc -Os  -I/home/jqiao/spk_64bit/spk/objOutput/bskyb-brcm64bit/build_aarch64/staging_dir/include -I/home/jqiao/spk_64bit/spk/objOutput/bskyb-brcm64bit/build_aarch64/staging_dir/usr/include -I/home/hperev/Documents/CDI/1-From-NAS/eric-same-dir/97271IP-Toolchain/stbgcc-4.8-1.5//aarch64-linux/include -c -g -O2  conftest.c >&5
configure:13158: $? = 0
configure:13158: result: yes
configure:13158: checking readline/readline.h presence
configure:13158: /home/hperev/Documents/CDI/1-From-NAS/eric-same-dir/97271IP-Toolchain/stbgcc-4.8-1.5//bin/aarch64-linux-cpp -Os  -I/home/jqiao/spk_64bit/spk/objOutput/bskyb-brcm64bit/build_aarch64/staging_dir/include -I/home/jqiao/spk_64bit/spk/objOutput/bskyb-brcm64bit/build_aarch64/staging_dir/usr/include -I/home/hperev/Documents/CDI/1-From-NAS/eric-same-dir/97271IP-Toolchain/stbgcc-4.8-1.5//aarch64-linux/include  conftest.c
configure:13158: $? = 0
configure:13158: result: yes
configure:13158: checking for readline/readline.h
configure:13158: result: yes
configure:13166: checking for library containing tgetent
configure:13197: /home/hperev/Documents/CDI/1-From-NAS/eric-same-dir/97271IP-Toolchain/stbgcc-4.8-1.5//bin/aarch64-linux-gcc -Os  -I/home/jqiao/spk_64bit/spk/objOutput/bskyb-brcm64bit/build_aarch64/staging_dir/include -I/home/jqiao/spk_64bit/spk/objOutput/bskyb-brcm64bit/build_aarch64/staging_dir/usr/include -I/home/hperev/Documents/CDI/1-From-NAS/eric-same-dir/97271IP-Toolchain/stbgcc-4.8-1.5//aarch64-linux/include -o conftest -g -O2   conftest.c  >&5
/tmp/ccgHxRw9.o: In function `main':
/home/jqiao/spk_64bit/spk/objOutput/bskyb-brcm64bit/build_aarch64/sqlite-3.17.0/conftest.c:41: undefined reference to `tgetent'
collect2: error: ld returned 1 exit status
configure:13197: $? = 1
configure: failed program was:
| /* confdefs.h */
| #define PACKAGE_NAME "sqlite"
| #define PACKAGE_TARNAME "sqlite"
| #define PACKAGE_VERSION "3.17.0"
| #define PACKAGE_STRING "sqlite 3.17.0"
| #define PACKAGE_BUGREPORT "http://www.sqlite.org"
| #define PACKAGE_URL ""
| #define PACKAGE "sqlite"
| #define VERSION "3.17.0"
| #define STDC_HEADERS 1
| #define HAVE_SYS_TYPES_H 1
| #define HAVE_SYS_STAT_H 1
| #define HAVE_STDLIB_H 1
| #define HAVE_STRING_H 1
| #define HAVE_MEMORY_H 1
| #define HAVE_STRINGS_H 1
| #define HAVE_INTTYPES_H 1
| #define HAVE_STDINT_H 1
| #define HAVE_UNISTD_H 1
| #define HAVE_DLFCN_H 1
| #define LT_OBJDIR ".libs/"
| #define HAVE_FDATASYNC 1
| #define HAVE_USLEEP 1
| #define HAVE_LOCALTIME_R 1
| #define HAVE_GMTIME_R 1
| #define HAVE_DECL_STRERROR_R 1
| #define HAVE_STRERROR_R 1
| #define HAVE_READLINE_READLINE_H 1
| /* end confdefs.h.  */
| 
| /* Override any GCC internal prototype to avoid an error.
|    Use char because int might match the return type of a GCC
|    builtin and then its argument prototype would still apply.  */
| #ifdef __cplusplus
| extern "C"
| #endif
| char tgetent ();
| int
| main ()
| {
| return tgetent ();
|   ;
|   return 0;
| }
configure:13197: /home/hperev/Documents/CDI/1-From-NAS/eric-same-dir/97271IP-Toolchain/stbgcc-4.8-1.5//bin/aarch64-linux-gcc -Os  -I/home/jqiao/spk_64bit/spk/objOutput/bskyb-brcm64bit/build_aarch64/staging_dir/include -I/home/jqiao/spk_64bit/spk/objOutput/bskyb-brcm64bit/build_aarch64/staging_dir/usr/include -I/home/hperev/Documents/CDI/1-From-NAS/eric-same-dir/97271IP-Toolchain/stbgcc-4.8-1.5//aarch64-linux/include -o conftest -g -O2   conftest.c -ltermcap   >&5
/home/hperev/Documents/CDI/1-From-NAS/eric-same-dir/97271IP-Toolchain/stbgcc-4.8-1.5/bin/../lib/gcc/aarch64-linux-gnu/4.8.5/../../../../aarch64-linux-gnu/bin/ld: cannot find -ltermcap
collect2: error: ld returned 1 exit status
configure:13197: $? = 1
configure: failed program was:
| /* confdefs.h */
| #define PACKAGE_NAME "sqlite"
| #define PACKAGE_TARNAME "sqlite"
| #define PACKAGE_VERSION "3.17.0"
| #define PACKAGE_STRING "sqlite 3.17.0"
| #define PACKAGE_BUGREPORT "http://www.sqlite.org"
| #define PACKAGE_URL ""
| #define PACKAGE "sqlite"
| #define VERSION "3.17.0"
| #define STDC_HEADERS 1
| #define HAVE_SYS_TYPES_H 1
| #define HAVE_SYS_STAT_H 1
| #define HAVE_STDLIB_H 1
| #define HAVE_STRING_H 1
| #define HAVE_MEMORY_H 1
| #define HAVE_STRINGS_H 1
| #define HAVE_INTTYPES_H 1
| #define HAVE_STDINT_H 1
| #define HAVE_UNISTD_H 1
| #define HAVE_DLFCN_H 1
| #define LT_OBJDIR ".libs/"
| #define HAVE_FDATASYNC 1
| #define HAVE_USLEEP 1
| #define HAVE_LOCALTIME_R 1
| #define HAVE_GMTIME_R 1
| #define HAVE_DECL_STRERROR_R 1
| #define HAVE_STRERROR_R 1
| #define HAVE_READLINE_READLINE_H 1
| /* end confdefs.h.  */
| 
| /* Override any GCC internal prototype to avoid an error.
|    Use char because int might match the return type of a GCC
|    builtin and then its argument prototype would still apply.  */
| #ifdef __cplusplus
| extern "C"
| #endif
| char tgetent ();
| int
| main ()
| {
| return tgetent ();
|   ;
|   return 0;
| }
configure:13197: /home/hperev/Documents/CDI/1-From-NAS/eric-same-dir/97271IP-Toolchain/stbgcc-4.8-1.5//bin/aarch64-linux-gcc -Os  -I/home/jqiao/spk_64bit/spk/objOutput/bskyb-brcm64bit/build_aarch64/staging_dir/include -I/home/jqiao/spk_64bit/spk/objOutput/bskyb-brcm64bit/build_aarch64/staging_dir/usr/include -I/home/hperev/Documents/CDI/1-From-NAS/eric-same-dir/97271IP-Toolchain/stbgcc-4.8-1.5//aarch64-linux/include -o conftest -g -O2   conftest.c -lcurses   >&5
/home/hperev/Documents/CDI/1-From-NAS/eric-same-dir/97271IP-Toolchain/stbgcc-4.8-1.5/bin/../lib/gcc/aarch64-linux-gnu/4.8.5/../../../../aarch64-linux-gnu/bin/ld: cannot find -lcurses
collect2: error: ld returned 1 exit status
configure:13197: $? = 1
configure: failed program was:
| /* confdefs.h */
| #define PACKAGE_NAME "sqlite"
| #define PACKAGE_TARNAME "sqlite"
| #define PACKAGE_VERSION "3.17.0"
| #define PACKAGE_STRING "sqlite 3.17.0"
| #define PACKAGE_BUGREPORT "http://www.sqlite.org"
| #define PACKAGE_URL ""
| #define PACKAGE "sqlite"
| #define VERSION "3.17.0"
| #define STDC_HEADERS 1
| #define HAVE_SYS_TYPES_H 1
| #define HAVE_SYS_STAT_H 1
| #define HAVE_STDLIB_H 1
| #define HAVE_STRING_H 1
| #define HAVE_MEMORY_H 1
| #define HAVE_STRINGS_H 1
| #define HAVE_INTTYPES_H 1
| #define HAVE_STDINT_H 1
| #define HAVE_UNISTD_H 1
| #define HAVE_DLFCN_H 1
| #define LT_OBJDIR ".libs/"
| #define HAVE_FDATASYNC 1
| #define HAVE_USLEEP 1
| #define HAVE_LOCALTIME_R 1
| #define HAVE_GMTIME_R 1
| #define HAVE_DECL_STRERROR_R 1
| #define HAVE_STRERROR_R 1
| #define HAVE_READLINE_READLINE_H 1
| /* end confdefs.h.  */
| 
| /* Override any GCC internal prototype to avoid an error.
|    Use char because int might match the return type of a GCC
|    builtin and then its argument prototype would still apply.  */
| #ifdef __cplusplus
| extern "C"
| #endif
| char tgetent ();
| int
| main ()
| {
| return tgetent ();
|   ;
|   return 0;
| }
configure:13197: /home/hperev/Documents/CDI/1-From-NAS/eric-same-dir/97271IP-Toolchain/stbgcc-4.8-1.5//bin/aarch64-linux-gcc -Os  -I/home/jqiao/spk_64bit/spk/objOutput/bskyb-brcm64bit/build_aarch64/staging_dir/include -I/home/jqiao/spk_64bit/spk/objOutput/bskyb-brcm64bit/build_aarch64/staging_dir/usr/include -I/home/hperev/Documents/CDI/1-From-NAS/eric-same-dir/97271IP-Toolchain/stbgcc-4.8-1.5//aarch64-linux/include -o conftest -g -O2   conftest.c -lncurses   >&5
/home/hperev/Documents/CDI/1-From-NAS/eric-same-dir/97271IP-Toolchain/stbgcc-4.8-1.5/bin/../lib/gcc/aarch64-linux-gnu/4.8.5/../../../../aarch64-linux-gnu/bin/ld: cannot find -lncurses
collect2: error: ld returned 1 exit status
configure:13197: $? = 1
configure: failed program was:
| /* confdefs.h */
| #define PACKAGE_NAME "sqlite"
| #define PACKAGE_TARNAME "sqlite"
| #define PACKAGE_VERSION "3.17.0"
| #define PACKAGE_STRING "sqlite 3.17.0"
| #define PACKAGE_BUGREPORT "http://www.sqlite.org"
| #define PACKAGE_URL ""
| #define PACKAGE "sqlite"
| #define VERSION "3.17.0"
| #define STDC_HEADERS 1
| #define HAVE_SYS_TYPES_H 1
| #define HAVE_SYS_STAT_H 1
| #define HAVE_STDLIB_H 1
| #define HAVE_STRING_H 1
| #define HAVE_MEMORY_H 1
| #define HAVE_STRINGS_H 1
| #define HAVE_INTTYPES_H 1
| #define HAVE_STDINT_H 1
| #define HAVE_UNISTD_H 1
| #define HAVE_DLFCN_H 1
| #define LT_OBJDIR ".libs/"
| #define HAVE_FDATASYNC 1
| #define HAVE_USLEEP 1
| #define HAVE_LOCALTIME_R 1
| #define HAVE_GMTIME_R 1
| #define HAVE_DECL_STRERROR_R 1
| #define HAVE_STRERROR_R 1
| #define HAVE_READLINE_READLINE_H 1
| /* end confdefs.h.  */
| 
| /* Override any GCC internal prototype to avoid an error.
|    Use char because int might match the return type of a GCC
|    builtin and then its argument prototype would still apply.  */
| #ifdef __cplusplus
| extern "C"
| #endif
| char tgetent ();
| int
| main ()
| {
| return tgetent ();
|   ;
|   return 0;
| }
configure:13197: /home/hperev/Documents/CDI/1-From-NAS/eric-same-dir/97271IP-Toolchain/stbgcc-4.8-1.5//bin/aarch64-linux-gcc -Os  -I/home/jqiao/spk_64bit/spk/objOutput/bskyb-brcm64bit/build_aarch64/staging_dir/include -I/home/jqiao/spk_64bit/spk/objOutput/bskyb-brcm64bit/build_aarch64/staging_dir/usr/include -I/home/hperev/Documents/CDI/1-From-NAS/eric-same-dir/97271IP-Toolchain/stbgcc-4.8-1.5//aarch64-linux/include -o conftest -g -O2   conftest.c -lncursesw   >&5
/home/hperev/Documents/CDI/1-From-NAS/eric-same-dir/97271IP-Toolchain/stbgcc-4.8-1.5/bin/../lib/gcc/aarch64-linux-gnu/4.8.5/../../../../aarch64-linux-gnu/bin/ld: cannot find -lncursesw
collect2: error: ld returned 1 exit status
configure:13197: $? = 1
configure: failed program was:
| /* confdefs.h */
| #define PACKAGE_NAME "sqlite"
| #define PACKAGE_TARNAME "sqlite"
| #define PACKAGE_VERSION "3.17.0"
| #define PACKAGE_STRING "sqlite 3.17.0"
| #define PACKAGE_BUGREPORT "http://www.sqlite.org"
| #define PACKAGE_URL ""
| #define PACKAGE "sqlite"
| #define VERSION "3.17.0"
| #define STDC_HEADERS 1
| #define HAVE_SYS_TYPES_H 1
| #define HAVE_SYS_STAT_H 1
| #define HAVE_STDLIB_H 1
| #define HAVE_STRING_H 1
| #define HAVE_MEMORY_H 1
| #define HAVE_STRINGS_H 1
| #define HAVE_INTTYPES_H 1
| #define HAVE_STDINT_H 1
| #define HAVE_UNISTD_H 1
| #define HAVE_DLFCN_H 1
| #define LT_OBJDIR ".libs/"
| #define HAVE_FDATASYNC 1
| #define HAVE_USLEEP 1
| #define HAVE_LOCALTIME_R 1
| #define HAVE_GMTIME_R 1
| #define HAVE_DECL_STRERROR_R 1
| #define HAVE_STRERROR_R 1
| #define HAVE_READLINE_READLINE_H 1
| /* end confdefs.h.  */
| 
| /* Override any GCC internal prototype to avoid an error.
|    Use char because int might match the return type of a GCC
|    builtin and then its argument prototype would still apply.  */
| #ifdef __cplusplus
| extern "C"
| #endif
| char tgetent ();
| int
| main ()
| {
| return tgetent ();
|   ;
|   return 0;
| }
configure:13214: result: no
configure:13222: checking for library containing readline
configure:13253: /home/hperev/Documents/CDI/1-From-NAS/eric-same-dir/97271IP-Toolchain/stbgcc-4.8-1.5//bin/aarch64-linux-gcc -Os  -I/home/jqiao/spk_64bit/spk/objOutput/bskyb-brcm64bit/build_aarch64/staging_dir/include -I/home/jqiao/spk_64bit/spk/objOutput/bskyb-brcm64bit/build_aarch64/staging_dir/usr/include -I/home/hperev/Documents/CDI/1-From-NAS/eric-same-dir/97271IP-Toolchain/stbgcc-4.8-1.5//aarch64-linux/include -o conftest -g -O2   conftest.c  >&5
/tmp/ccyUgYnq.o: In function `main':
/home/jqiao/spk_64bit/spk/objOutput/bskyb-brcm64bit/build_aarch64/sqlite-3.17.0/conftest.c:41: undefined reference to `readline'
collect2: error: ld returned 1 exit status
configure:13253: $? = 1
configure: failed program was:
| /* confdefs.h */
| #define PACKAGE_NAME "sqlite"
| #define PACKAGE_TARNAME "sqlite"
| #define PACKAGE_VERSION "3.17.0"
| #define PACKAGE_STRING "sqlite 3.17.0"
| #define PACKAGE_BUGREPORT "http://www.sqlite.org"
| #define PACKAGE_URL ""
| #define PACKAGE "sqlite"
| #define VERSION "3.17.0"
| #define STDC_HEADERS 1
| #define HAVE_SYS_TYPES_H 1
| #define HAVE_SYS_STAT_H 1
| #define HAVE_STDLIB_H 1
| #define HAVE_STRING_H 1
| #define HAVE_MEMORY_H 1
| #define HAVE_STRINGS_H 1
| #define HAVE_INTTYPES_H 1
| #define HAVE_STDINT_H 1
| #define HAVE_UNISTD_H 1
| #define HAVE_DLFCN_H 1
| #define LT_OBJDIR ".libs/"
| #define HAVE_FDATASYNC 1
| #define HAVE_USLEEP 1
| #define HAVE_LOCALTIME_R 1
| #define HAVE_GMTIME_R 1
| #define HAVE_DECL_STRERROR_R 1
| #define HAVE_STRERROR_R 1
| #define HAVE_READLINE_READLINE_H 1
| /* end confdefs.h.  */
| 
| /* Override any GCC internal prototype to avoid an error.
|    Use char because int might match the return type of a GCC
|    builtin and then its argument prototype would still apply.  */
| #ifdef __cplusplus
| extern "C"
| #endif
| char readline ();
| int
| main ()
| {
| return readline ();
|   ;
|   return 0;
| }
configure:13253: /home/hperev/Documents/CDI/1-From-NAS/eric-same-dir/97271IP-Toolchain/stbgcc-4.8-1.5//bin/aarch64-linux-gcc -Os  -I/home/jqiao/spk_64bit/spk/objOutput/bskyb-brcm64bit/build_aarch64/staging_dir/include -I/home/jqiao/spk_64bit/spk/objOutput/bskyb-brcm64bit/build_aarch64/staging_dir/usr/include -I/home/hperev/Documents/CDI/1-From-NAS/eric-same-dir/97271IP-Toolchain/stbgcc-4.8-1.5//aarch64-linux/include -o conftest -g -O2   conftest.c -lreadline   >&5
/home/hperev/Documents/CDI/1-From-NAS/eric-same-dir/97271IP-Toolchain/stbgcc-4.8-1.5/bin/../lib/gcc/aarch64-linux-gnu/4.8.5/../../../../aarch64-linux-gnu/bin/ld: cannot find -lreadline
collect2: error: ld returned 1 exit status
configure:13253: $? = 1
configure: failed program was:
| /* confdefs.h */
| #define PACKAGE_NAME "sqlite"
| #define PACKAGE_TARNAME "sqlite"
| #define PACKAGE_VERSION "3.17.0"
| #define PACKAGE_STRING "sqlite 3.17.0"
| #define PACKAGE_BUGREPORT "http://www.sqlite.org"
| #define PACKAGE_URL ""
| #define PACKAGE "sqlite"
| #define VERSION "3.17.0"
| #define STDC_HEADERS 1
| #define HAVE_SYS_TYPES_H 1
| #define HAVE_SYS_STAT_H 1
| #define HAVE_STDLIB_H 1
| #define HAVE_STRING_H 1
| #define HAVE_MEMORY_H 1
| #define HAVE_STRINGS_H 1
| #define HAVE_INTTYPES_H 1
| #define HAVE_STDINT_H 1
| #define HAVE_UNISTD_H 1
| #define HAVE_DLFCN_H 1
| #define LT_OBJDIR ".libs/"
| #define HAVE_FDATASYNC 1
| #define HAVE_USLEEP 1
| #define HAVE_LOCALTIME_R 1
| #define HAVE_GMTIME_R 1
| #define HAVE_DECL_STRERROR_R 1
| #define HAVE_STRERROR_R 1
| #define HAVE_READLINE_READLINE_H 1
| /* end confdefs.h.  */
| 
| /* Override any GCC internal prototype to avoid an error.
|    Use char because int might match the return type of a GCC
|    builtin and then its argument prototype would still apply.  */
| #ifdef __cplusplus
| extern "C"
| #endif
| char readline ();
| int
| main ()
| {
| return readline ();
|   ;
|   return 0;
| }
configure:13253: /home/hperev/Documents/CDI/1-From-NAS/eric-same-dir/97271IP-Toolchain/stbgcc-4.8-1.5//bin/aarch64-linux-gcc -Os  -I/home/jqiao/spk_64bit/spk/objOutput/bskyb-brcm64bit/build_aarch64/staging_dir/include -I/home/jqiao/spk_64bit/spk/objOutput/bskyb-brcm64bit/build_aarch64/staging_dir/usr/include -I/home/hperev/Documents/CDI/1-From-NAS/eric-same-dir/97271IP-Toolchain/stbgcc-4.8-1.5//aarch64-linux/include -o conftest -g -O2   conftest.c -ledit   >&5
/home/hperev/Documents/CDI/1-From-NAS/eric-same-dir/97271IP-Toolchain/stbgcc-4.8-1.5/bin/../lib/gcc/aarch64-linux-gnu/4.8.5/../../../../aarch64-linux-gnu/bin/ld: cannot find -ledit
collect2: error: ld returned 1 exit status
configure:13253: $? = 1
configure: failed program was:
| /* confdefs.h */
| #define PACKAGE_NAME "sqlite"
| #define PACKAGE_TARNAME "sqlite"
| #define PACKAGE_VERSION "3.17.0"
| #define PACKAGE_STRING "sqlite 3.17.0"
| #define PACKAGE_BUGREPORT "http://www.sqlite.org"
| #define PACKAGE_URL ""
| #define PACKAGE "sqlite"
| #define VERSION "3.17.0"
| #define STDC_HEADERS 1
| #define HAVE_SYS_TYPES_H 1
| #define HAVE_SYS_STAT_H 1
| #define HAVE_STDLIB_H 1
| #define HAVE_STRING_H 1
| #define HAVE_MEMORY_H 1
| #define HAVE_STRINGS_H 1
| #define HAVE_INTTYPES_H 1
| #define HAVE_STDINT_H 1
| #define HAVE_UNISTD_H 1
| #define HAVE_DLFCN_H 1
| #define LT_OBJDIR ".libs/"
| #define HAVE_FDATASYNC 1
| #define HAVE_USLEEP 1
| #define HAVE_LOCALTIME_R 1
| #define HAVE_GMTIME_R 1
| #define HAVE_DECL_STRERROR_R 1
| #define HAVE_STRERROR_R 1
| #define HAVE_READLINE_READLINE_H 1
| /* end confdefs.h.  */
| 
| /* Override any GCC internal prototype to avoid an error.
|    Use char because int might match the return type of a GCC
|    builtin and then its argument prototype would still apply.  */
| #ifdef __cplusplus
| extern "C"
| #endif
| char readline ();
| int
| main ()
| {
| return readline ();
|   ;
|   return 0;
| }
configure:13270: result: no
configure:13308: checking for library containing pthread_create
configure:13339: /home/hperev/Documents/CDI/1-From-NAS/eric-same-dir/97271IP-Toolchain/stbgcc-4.8-1.5//bin/aarch64-linux-gcc -Os  -I/home/jqiao/spk_64bit/spk/objOutput/bskyb-brcm64bit/build_aarch64/staging_dir/include -I/home/jqiao/spk_64bit/spk/objOutput/bskyb-brcm64bit/build_aarch64/staging_dir/usr/include -I/home/hperev/Documents/CDI/1-From-NAS/eric-same-dir/97271IP-Toolchain/stbgcc-4.8-1.5//aarch64-linux/include -o conftest -g -O2   conftest.c  >&5
/tmp/ccMQVVBP.o: In function `main':
/home/jqiao/spk_64bit/spk/objOutput/bskyb-brcm64bit/build_aarch64/sqlite-3.17.0/conftest.c:41: undefined reference to `pthread_create'
collect2: error: ld returned 1 exit status
configure:13339: $? = 1
configure: failed program was:
| /* confdefs.h */
| #define PACKAGE_NAME "sqlite"
| #define PACKAGE_TARNAME "sqlite"
| #define PACKAGE_VERSION "3.17.0"
| #define PACKAGE_STRING "sqlite 3.17.0"
| #define PACKAGE_BUGREPORT "http://www.sqlite.org"
| #define PACKAGE_URL ""
| #define PACKAGE "sqlite"
| #define VERSION "3.17.0"
| #define STDC_HEADERS 1
| #define HAVE_SYS_TYPES_H 1
| #define HAVE_SYS_STAT_H 1
| #define HAVE_STDLIB_H 1
| #define HAVE_STRING_H 1
| #define HAVE_MEMORY_H 1
| #define HAVE_STRINGS_H 1
| #define HAVE_INTTYPES_H 1
| #define HAVE_STDINT_H 1
| #define HAVE_UNISTD_H 1
| #define HAVE_DLFCN_H 1
| #define LT_OBJDIR ".libs/"
| #define HAVE_FDATASYNC 1
| #define HAVE_USLEEP 1
| #define HAVE_LOCALTIME_R 1
| #define HAVE_GMTIME_R 1
| #define HAVE_DECL_STRERROR_R 1
| #define HAVE_STRERROR_R 1
| #define HAVE_READLINE_READLINE_H 1
| /* end confdefs.h.  */
| 
| /* Override any GCC internal prototype to avoid an error.
|    Use char because int might match the return type of a GCC
|    builtin and then its argument prototype would still apply.  */
| #ifdef __cplusplus
| extern "C"
| #endif
| char pthread_create ();
| int
| main ()
| {
| return pthread_create ();
|   ;
|   return 0;
| }
configure:13339: /home/hperev/Documents/CDI/1-From-NAS/eric-same-dir/97271IP-Toolchain/stbgcc-4.8-1.5//bin/aarch64-linux-gcc -Os  -I/home/jqiao/spk_64bit/spk/objOutput/bskyb-brcm64bit/build_aarch64/staging_dir/include -I/home/jqiao/spk_64bit/spk/objOutput/bskyb-brcm64bit/build_aarch64/staging_dir/usr/include -I/home/hperev/Documents/CDI/1-From-NAS/eric-same-dir/97271IP-Toolchain/stbgcc-4.8-1.5//aarch64-linux/include -o conftest -g -O2   conftest.c -lpthread   >&5
configure:13339: $? = 0
configure:13356: result: -lpthread
configure:13364: checking for library containing pthread_mutexattr_init
configure:13395: /home/hperev/Documents/CDI/1-From-NAS/eric-same-dir/97271IP-Toolchain/stbgcc-4.8-1.5//bin/aarch64-linux-gcc -Os  -I/home/jqiao/spk_64bit/spk/objOutput/bskyb-brcm64bit/build_aarch64/staging_dir/include -I/home/jqiao/spk_64bit/spk/objOutput/bskyb-brcm64bit/build_aarch64/staging_dir/usr/include -I/home/hperev/Documents/CDI/1-From-NAS/eric-same-dir/97271IP-Toolchain/stbgcc-4.8-1.5//aarch64-linux/include -o conftest -g -O2   conftest.c -lpthread  >&5
configure:13395: $? = 0
configure:13412: result: none required
configure:13435: checking for library containing dlopen
configure:13466: /home/hperev/Documents/CDI/1-From-NAS/eric-same-dir/97271IP-Toolchain/stbgcc-4.8-1.5//bin/aarch64-linux-gcc -Os  -I/home/jqiao/spk_64bit/spk/objOutput/bskyb-brcm64bit/build_aarch64/staging_dir/include -I/home/jqiao/spk_64bit/spk/objOutput/bskyb-brcm64bit/build_aarch64/staging_dir/usr/include -I/home/hperev/Documents/CDI/1-From-NAS/eric-same-dir/97271IP-Toolchain/stbgcc-4.8-1.5//aarch64-linux/include -o conftest -g -O2   conftest.c -lpthread  >&5
/tmp/ccKaY0ck.o: In function `main':
/home/jqiao/spk_64bit/spk/objOutput/bskyb-brcm64bit/build_aarch64/sqlite-3.17.0/conftest.c:41: undefined reference to `dlopen'
collect2: error: ld returned 1 exit status
configure:13466: $? = 1
configure: failed program was:
| /* confdefs.h */
| #define PACKAGE_NAME "sqlite"
| #define PACKAGE_TARNAME "sqlite"
| #define PACKAGE_VERSION "3.17.0"
| #define PACKAGE_STRING "sqlite 3.17.0"
| #define PACKAGE_BUGREPORT "http://www.sqlite.org"
| #define PACKAGE_URL ""
| #define PACKAGE "sqlite"
| #define VERSION "3.17.0"
| #define STDC_HEADERS 1
| #define HAVE_SYS_TYPES_H 1
| #define HAVE_SYS_STAT_H 1
| #define HAVE_STDLIB_H 1
| #define HAVE_STRING_H 1
| #define HAVE_MEMORY_H 1
| #define HAVE_STRINGS_H 1
| #define HAVE_INTTYPES_H 1
| #define HAVE_STDINT_H 1
| #define HAVE_UNISTD_H 1
| #define HAVE_DLFCN_H 1
| #define LT_OBJDIR ".libs/"
| #define HAVE_FDATASYNC 1
| #define HAVE_USLEEP 1
| #define HAVE_LOCALTIME_R 1
| #define HAVE_GMTIME_R 1
| #define HAVE_DECL_STRERROR_R 1
| #define HAVE_STRERROR_R 1
| #define HAVE_READLINE_READLINE_H 1
| /* end confdefs.h.  */
| 
| /* Override any GCC internal prototype to avoid an error.
|    Use char because int might match the return type of a GCC
|    builtin and then its argument prototype would still apply.  */
| #ifdef __cplusplus
| extern "C"
| #endif
| char dlopen ();
| int
| main ()
| {
| return dlopen ();
|   ;
|   return 0;
| }
configure:13466: /home/hperev/Documents/CDI/1-From-NAS/eric-same-dir/97271IP-Toolchain/stbgcc-4.8-1.5//bin/aarch64-linux-gcc -Os  -I/home/jqiao/spk_64bit/spk/objOutput/bskyb-brcm64bit/build_aarch64/staging_dir/include -I/home/jqiao/spk_64bit/spk/objOutput/bskyb-brcm64bit/build_aarch64/staging_dir/usr/include -I/home/hperev/Documents/CDI/1-From-NAS/eric-same-dir/97271IP-Toolchain/stbgcc-4.8-1.5//aarch64-linux/include -o conftest -g -O2   conftest.c -ldl  -lpthread  >&5
configure:13466: $? = 0
configure:13483: result: -ldl
configure:13494: checking for whether to support dynamic extensions
configure:13496: result: yes
configure:13625: checking for posix_fallocate
configure:13625: /home/hperev/Documents/CDI/1-From-NAS/eric-same-dir/97271IP-Toolchain/stbgcc-4.8-1.5//bin/aarch64-linux-gcc -Os  -I/home/jqiao/spk_64bit/spk/objOutput/bskyb-brcm64bit/build_aarch64/staging_dir/include -I/home/jqiao/spk_64bit/spk/objOutput/bskyb-brcm64bit/build_aarch64/staging_dir/usr/include -I/home/hperev/Documents/CDI/1-From-NAS/eric-same-dir/97271IP-Toolchain/stbgcc-4.8-1.5//aarch64-linux/include -o conftest -g -O2   conftest.c -ldl -lpthread  >&5
configure:13625: $? = 0
configure:13625: result: yes
configure:13805: checking that generated files are newer than configure
configure:13811: result: done
configure:13838: creating ./config.status

## ---------------------- ##
## Running config.status. ##
## ---------------------- ##

This file was extended by sqlite config.status 3.17.0, which was
generated by GNU Autoconf 2.69.  Invocation command line was

  CONFIG_FILES    = 
  CONFIG_HEADERS  = 
  CONFIG_LINKS    = 
  CONFIG_COMMANDS = 
  $ ./config.status 

on columbia

config.status:1020: creating Makefile
config.status:1020: creating sqlite3.pc
config.status:1192: executing depfiles commands
config.status:1192: executing libtool commands
configure:15791: WARNING: unrecognized options: --disable-tcl, --enable-tempstore, --enable-releasemode

## ---------------- ##
## Cache variables. ##
## ---------------- ##

ac_cv_build=x86_64-pc-linux-gnu
ac_cv_c_bigendian=no
ac_cv_c_compiler_gnu=yes
ac_cv_env_CC_set=set
ac_cv_env_CC_value='/home/hperev/Documents/CDI/1-From-NAS/eric-same-dir/97271IP-Toolchain/stbgcc-4.8-1.5//bin/aarch64-linux-gcc -Os  -I/home/jqiao/spk_64bit/spk/objOutput/bskyb-brcm64bit/build_aarch64/staging_dir/include -I/home/jqiao/spk_64bit/spk/objOutput/bskyb-brcm64bit/build_aarch64/staging_dir/usr/include -I/home/hperev/Documents/CDI/1-From-NAS/eric-same-dir/97271IP-Toolchain/stbgcc-4.8-1.5//aarch64-linux/include'
ac_cv_env_CFLAGS_set=
ac_cv_env_CFLAGS_value=
ac_cv_env_CPPFLAGS_set=
ac_cv_env_CPPFLAGS_value=
ac_cv_env_CPP_set=set
ac_cv_env_CPP_value='/home/hperev/Documents/CDI/1-From-NAS/eric-same-dir/97271IP-Toolchain/stbgcc-4.8-1.5//bin/aarch64-linux-cpp -Os  -I/home/jqiao/spk_64bit/spk/objOutput/bskyb-brcm64bit/build_aarch64/staging_dir/include -I/home/jqiao/spk_64bit/spk/objOutput/bskyb-brcm64bit/build_aarch64/staging_dir/usr/include -I/home/hperev/Documents/CDI/1-From-NAS/eric-same-dir/97271IP-Toolchain/stbgcc-4.8-1.5//aarch64-linux/include'
ac_cv_env_LDFLAGS_set=
ac_cv_env_LDFLAGS_value=
ac_cv_env_LIBS_set=
ac_cv_env_LIBS_value=
ac_cv_env_LT_SYS_LIBRARY_PATH_set=
ac_cv_env_LT_SYS_LIBRARY_PATH_value=
ac_cv_env_build_alias_set=set
ac_cv_env_build_alias_value=x86_64-pc-linux-gnu
ac_cv_env_host_alias_set=set
ac_cv_env_host_alias_value=aarch64-linux
ac_cv_env_target_alias_set=set
ac_cv_env_target_alias_value=aarch64-linux
ac_cv_func_calloc_0_nonnull=yes
ac_cv_func_fdatasync=yes
ac_cv_func_fullfsync=no
ac_cv_func_gmtime_r=yes
ac_cv_func_localtime_r=yes
ac_cv_func_malloc_0_nonnull=yes
ac_cv_func_memcmp_working=yes
ac_cv_func_mmap_fixed_mapped=yes
ac_cv_func_posix_fallocate=yes
ac_cv_func_realloc_0_nonnull=yes
ac_cv_func_strerror_r=yes
ac_cv_func_strerror_r_char_p=no
ac_cv_func_usleep=yes
ac_cv_have_decl_malloc=yes
ac_cv_have_decl_strerror_r=yes
ac_cv_header_dlfcn_h=yes
ac_cv_header_editline_readline_h=no
ac_cv_header_inttypes_h=yes
ac_cv_header_memory_h=yes
ac_cv_header_readline_readline_h=yes
ac_cv_header_stdc=yes
ac_cv_header_stdint_h=yes
ac_cv_header_stdlib_h=yes
ac_cv_header_string_h=yes
ac_cv_header_strings_h=yes
ac_cv_header_sys_stat_h=yes
ac_cv_header_sys_types_h=yes
ac_cv_header_unistd_h=yes
ac_cv_host=aarch64-unknown-linux-gnu
ac_cv_lbl_unaligned_fail=yes
ac_cv_objext=o
ac_cv_path_EGREP='/bin/grep -E'
ac_cv_path_FGREP='/bin/grep -F'
ac_cv_path_GREP=/bin/grep
ac_cv_path_SED=/home/jqiao/spk_64bit/spk/objOutput/bskyb-brcm64bit/toolchain_build_aarch64/bin/sed
ac_cv_path_install='/usr/bin/install -c'
ac_cv_path_lt_DD=/bin/dd
ac_cv_path_mkdir=/bin/mkdir
ac_cv_prog_AR=/home/hperev/Documents/CDI/1-From-NAS/eric-same-dir/97271IP-Toolchain/stbgcc-4.8-1.5//bin/aarch64-linux-ar
ac_cv_prog_AWK=gawk
ac_cv_prog_CC='/home/hperev/Documents/CDI/1-From-NAS/eric-same-dir/97271IP-Toolchain/stbgcc-4.8-1.5//bin/aarch64-linux-gcc -Os  -I/home/jqiao/spk_64bit/spk/objOutput/bskyb-brcm64bit/build_aarch64/staging_dir/include -I/home/jqiao/spk_64bit/spk/objOutput/bskyb-brcm64bit/build_aarch64/staging_dir/usr/include -I/home/hperev/Documents/CDI/1-From-NAS/eric-same-dir/97271IP-Toolchain/stbgcc-4.8-1.5//aarch64-linux/include'
ac_cv_prog_CPP='/home/hperev/Documents/CDI/1-From-NAS/eric-same-dir/97271IP-Toolchain/stbgcc-4.8-1.5//bin/aarch64-linux-cpp -Os  -I/home/jqiao/spk_64bit/spk/objOutput/bskyb-brcm64bit/build_aarch64/staging_dir/include -I/home/jqiao/spk_64bit/spk/objOutput/bskyb-brcm64bit/build_aarch64/staging_dir/usr/include -I/home/hperev/Documents/CDI/1-From-NAS/eric-same-dir/97271IP-Toolchain/stbgcc-4.8-1.5//aarch64-linux/include'
ac_cv_prog_OBJDUMP=aarch64-linux-objdump
ac_cv_prog_RANLIB=/home/hperev/Documents/CDI/1-From-NAS/eric-same-dir/97271IP-Toolchain/stbgcc-4.8-1.5//bin/aarch64-linux-ranlib
ac_cv_prog_STRIP=/home/hperev/Documents/CDI/1-From-NAS/eric-same-dir/97271IP-Toolchain/stbgcc-4.8-1.5//bin/aarch64-linux-strip
ac_cv_prog_ac_ct_MANIFEST_TOOL=mt
ac_cv_prog_cc_c89=
ac_cv_prog_cc_g=yes
ac_cv_prog_make_make_set=yes
ac_cv_search_dlopen=-ldl
ac_cv_search_pthread_create=-lpthread
ac_cv_search_pthread_mutexattr_init='none required'
ac_cv_search_readline=no
ac_cv_search_tgetent=no
ac_cv_sys_file_offset_bits=no
ac_cv_sys_largefile_CC=no
am_cv_CC_dependencies_compiler_type=gcc3
am_cv_make_support_nested_variables=yes
am_cv_prog_cc_c_o=yes
gl_cv_func_malloc_0_nonnull=yes
lt_cv_ar_at_file=@
lt_cv_archive_cmds_need_lc=no
lt_cv_deplibs_check_method=pass_all
lt_cv_file_magic_cmd='$MAGIC_CMD'
lt_cv_file_magic_test_file=
lt_cv_ld_reload_flag=-r
lt_cv_nm_interface='BSD nm'
lt_cv_objdir=.libs
lt_cv_path_LD=/home/hperev/Documents/CDI/1-From-NAS/eric-same-dir/97271IP-Toolchain/stbgcc-4.8-1.5//bin/aarch64-linux-ld
lt_cv_path_NM=/home/hperev/Documents/CDI/1-From-NAS/eric-same-dir/97271IP-Toolchain/stbgcc-4.8-1.5//bin/aarch64-linux-nm
lt_cv_path_mainfest_tool=no
lt_cv_prog_compiler_c_o=yes
lt_cv_prog_compiler_pic='-fPIC -DPIC'
lt_cv_prog_compiler_pic_works=yes
lt_cv_prog_compiler_rtti_exceptions=no
lt_cv_prog_compiler_static_works=yes
lt_cv_prog_gnu_ld=yes
lt_cv_sharedlib_from_linklib_cmd='printf %s\n'
lt_cv_shlibpath_overrides_runpath=no
lt_cv_sys_global_symbol_pipe='sed -n -e '\''s/^.*[	 ]\([ABCDGIRSTW][ABCDGIRSTW]*\)[	 ][	 ]*\([_A-Za-z][_A-Za-z0-9]*\)$/\1 \2 \2/p'\'' | sed '\''/ __gnu_lto/d'\'''
lt_cv_sys_global_symbol_to_c_name_address='sed -n -e '\''s/^: \(.*\) .*$/  {"\1", (void *) 0},/p'\'' -e '\''s/^[ABCDGIRSTW][ABCDGIRSTW]* .* \(.*\)$/  {"\1", (void *) \&\1},/p'\'''
lt_cv_sys_global_symbol_to_c_name_address_lib_prefix='sed -n -e '\''s/^: \(.*\) .*$/  {"\1", (void *) 0},/p'\'' -e '\''s/^[ABCDGIRSTW][ABCDGIRSTW]* .* \(lib.*\)$/  {"\1", (void *) \&\1},/p'\'' -e '\''s/^[ABCDGIRSTW][ABCDGIRSTW]* .* \(.*\)$/  {"lib\1", (void *) \&\1},/p'\'''
lt_cv_sys_global_symbol_to_cdecl='sed -n -e '\''s/^T .* \(.*\)$/extern int \1();/p'\'' -e '\''s/^[ABCDGIRSTW][ABCDGIRSTW]* .* \(.*\)$/extern char \1;/p'\'''
lt_cv_sys_global_symbol_to_import=
lt_cv_sys_max_cmd_len=3458764513820540925
lt_cv_to_host_file_cmd=func_convert_file_noop
lt_cv_to_tool_file_cmd=func_convert_file_noop
lt_cv_truncate_bin='/bin/dd bs=4096 count=1'

## ----------------- ##
## Output variables. ##
## ----------------- ##

ACLOCAL='${SHELL} /home/jqiao/spk_64bit/spk/objOutput/bskyb-brcm64bit/build_aarch64/sqlite-3.17.0/missing aclocal-1.15'
AMDEPBACKSLASH='\'
AMDEP_FALSE='#'
AMDEP_TRUE=''
AMTAR='$${TAR-tar}'
AM_BACKSLASH='\'
AM_DEFAULT_V='$(AM_DEFAULT_VERBOSITY)'
AM_DEFAULT_VERBOSITY='1'
AM_V='$(V)'
AR='/home/hperev/Documents/CDI/1-From-NAS/eric-same-dir/97271IP-Toolchain/stbgcc-4.8-1.5//bin/aarch64-linux-ar'
AUTOCONF='${SHELL} /home/jqiao/spk_64bit/spk/objOutput/bskyb-brcm64bit/build_aarch64/sqlite-3.17.0/missing autoconf'
AUTOHEADER='${SHELL} /home/jqiao/spk_64bit/spk/objOutput/bskyb-brcm64bit/build_aarch64/sqlite-3.17.0/missing autoheader'
AUTOMAKE='${SHELL} /home/jqiao/spk_64bit/spk/objOutput/bskyb-brcm64bit/build_aarch64/sqlite-3.17.0/missing automake-1.15'
AWK='gawk'
BUILD_CFLAGS=''
CC='/home/hperev/Documents/CDI/1-From-NAS/eric-same-dir/97271IP-Toolchain/stbgcc-4.8-1.5//bin/aarch64-linux-gcc -Os  -I/home/jqiao/spk_64bit/spk/objOutput/bskyb-brcm64bit/build_aarch64/staging_dir/include -I/home/jqiao/spk_64bit/spk/objOutput/bskyb-brcm64bit/build_aarch64/staging_dir/usr/include -I/home/hperev/Documents/CDI/1-From-NAS/eric-same-dir/97271IP-Toolchain/stbgcc-4.8-1.5//aarch64-linux/include'
CCDEPMODE='depmode=gcc3'
CFLAGS='-g -O2'
CPP='/home/hperev/Documents/CDI/1-From-NAS/eric-same-dir/97271IP-Toolchain/stbgcc-4.8-1.5//bin/aarch64-linux-cpp -Os  -I/home/jqiao/spk_64bit/spk/objOutput/bskyb-brcm64bit/build_aarch64/staging_dir/include -I/home/jqiao/spk_64bit/spk/objOutput/bskyb-brcm64bit/build_aarch64/staging_dir/usr/include -I/home/hperev/Documents/CDI/1-From-NAS/eric-same-dir/97271IP-Toolchain/stbgcc-4.8-1.5//aarch64-linux/include'
CPPFLAGS=''
CYGPATH_W='echo'
DEFS='-DPACKAGE_NAME=\"sqlite\" -DPACKAGE_TARNAME=\"sqlite\" -DPACKAGE_VERSION=\"3.17.0\" -DPACKAGE_STRING=\"sqlite\ 3.17.0\" -DPACKAGE_BUGREPORT=\"http://www.sqlite.org\" -DPACKAGE_URL=\"\" -DPACKAGE=\"sqlite\" -DVERSION=\"3.17.0\" -DSTDC_HEADERS=1 -DHAVE_SYS_TYPES_H=1 -DHAVE_SYS_STAT_H=1 -DHAVE_STDLIB_H=1 -DHAVE_STRING_H=1 -DHAVE_MEMORY_H=1 -DHAVE_STRINGS_H=1 -DHAVE_INTTYPES_H=1 -DHAVE_STDINT_H=1 -DHAVE_UNISTD_H=1 -DHAVE_DLFCN_H=1 -DLT_OBJDIR=\".libs/\" -DHAVE_FDATASYNC=1 -DHAVE_USLEEP=1 -DHAVE_LOCALTIME_R=1 -DHAVE_GMTIME_R=1 -DHAVE_DECL_STRERROR_R=1 -DHAVE_STRERROR_R=1 -DHAVE_READLINE_READLINE_H=1 -DHAVE_POSIX_FALLOCATE=1'
DEPDIR='.deps'
DLLTOOL='false'
DSYMUTIL=''
DUMPBIN=''
DYNAMIC_EXTENSION_FLAGS=''
ECHO_C=''
ECHO_N='-n'
ECHO_T=''
EGREP='/bin/grep -E'
EXEEXT=''
EXTRA_SHELL_OBJ='sqlite3-sqlite3.o'
FGREP='/bin/grep -F'
FTS5_FLAGS=''
GREP='/bin/grep'
INSTALL_DATA='${INSTALL} -m 644'
INSTALL_PROGRAM='${INSTALL}'
INSTALL_SCRIPT='${INSTALL}'
INSTALL_STRIP_PROGRAM='$(install_sh) -c -s'
JSON1_FLAGS=''
LD='/home/hperev/Documents/CDI/1-From-NAS/eric-same-dir/97271IP-Toolchain/stbgcc-4.8-1.5//bin/aarch64-linux-ld'
LDFLAGS=''
LIBOBJS=''
LIBS='-ldl -lpthread '
LIBTOOL='$(SHELL) $(top_builddir)/libtool'
LIPO=''
LN_S='ln -s'
LTLIBOBJS=''
LT_SYS_LIBRARY_PATH=''
MAKEINFO='${SHELL} /home/jqiao/spk_64bit/spk/objOutput/bskyb-brcm64bit/build_aarch64/sqlite-3.17.0/missing makeinfo'
MANIFEST_TOOL=':'
MKDIR_P='/bin/mkdir -p'
NM='/home/hperev/Documents/CDI/1-From-NAS/eric-same-dir/97271IP-Toolchain/stbgcc-4.8-1.5//bin/aarch64-linux-nm'
NMEDIT=''
OBJDUMP='aarch64-linux-objdump'
OBJEXT='o'
OTOOL64=''
OTOOL=''
PACKAGE='sqlite'
PACKAGE_BUGREPORT='http://www.sqlite.org'
PACKAGE_NAME='sqlite'
PACKAGE_STRING='sqlite 3.17.0'
PACKAGE_TARNAME='sqlite'
PACKAGE_URL=''
PACKAGE_VERSION='3.17.0'
PATH_SEPARATOR=':'
RANLIB='/home/hperev/Documents/CDI/1-From-NAS/eric-same-dir/97271IP-Toolchain/stbgcc-4.8-1.5//bin/aarch64-linux-ranlib'
READLINE_LIBS=''
SED='/home/jqiao/spk_64bit/spk/objOutput/bskyb-brcm64bit/toolchain_build_aarch64/bin/sed'
SESSION_FLAGS=''
SET_MAKE=''
SHELL='/bin/sh'
STRIP='/home/hperev/Documents/CDI/1-From-NAS/eric-same-dir/97271IP-Toolchain/stbgcc-4.8-1.5//bin/aarch64-linux-strip'
THREADSAFE_FLAGS='-D_REENTRANT=1 -DSQLITE_THREADSAFE=1'
VERSION='3.17.0'
ac_ct_AR=''
ac_ct_CC=''
ac_ct_DUMPBIN=''
am__EXEEXT_FALSE=''
am__EXEEXT_TRUE='#'
am__fastdepCC_FALSE='#'
am__fastdepCC_TRUE=''
am__include='include'
am__isrc=''
am__leading_dot='.'
am__nodep='_no'
am__quote=''
am__tar='$${TAR-tar} chof - "$$tardir"'
am__untar='$${TAR-tar} xf -'
bindir='${exec_prefix}/bin'
build='x86_64-pc-linux-gnu'
build_alias='x86_64-pc-linux-gnu'
build_cpu='x86_64'
build_os='linux-gnu'
build_vendor='pc'
datadir='${datarootdir}'
datarootdir='${prefix}/share'
docdir='${datarootdir}/doc/${PACKAGE_TARNAME}'
dvidir='${docdir}'
exec_prefix='${prefix}'
host='aarch64-unknown-linux-gnu'
host_alias='aarch64-linux'
host_cpu='aarch64'
host_os='linux-gnu'
host_vendor='unknown'
htmldir='${docdir}'
includedir='${prefix}/include'
infodir='${datarootdir}/info'
install_sh='${SHELL} /home/jqiao/spk_64bit/spk/objOutput/bskyb-brcm64bit/build_aarch64/sqlite-3.17.0/install-sh'
libdir='${exec_prefix}/lib'
libexecdir='${exec_prefix}/libexec'
localedir='${datarootdir}/locale'
localstatedir='/var'
mandir='${datarootdir}/man'
mkdir_p='$(MKDIR_P)'
oldincludedir='/usr/include'
pdfdir='${docdir}'
prefix='/usr'
program_transform_name='s,x,x,'
psdir='${docdir}'
sbindir='${exec_prefix}/sbin'
sharedstatedir='${prefix}/com'
sysconfdir='/etc'
target_alias='aarch64-linux'

## ----------- ##
## confdefs.h. ##
## ----------- ##

/* confdefs.h */
#define PACKAGE_NAME "sqlite"
#define PACKAGE_TARNAME "sqlite"
#define PACKAGE_VERSION "3.17.0"
#define PACKAGE_STRING "sqlite 3.17.0"
#define PACKAGE_BUGREPORT "http://www.sqlite.org"
#define PACKAGE_URL ""
#define PACKAGE "sqlite"
#define VERSION "3.17.0"
#define STDC_HEADERS 1
#define HAVE_SYS_TYPES_H 1
#define HAVE_SYS_STAT_H 1
#define HAVE_STDLIB_H 1
#define HAVE_STRING_H 1
#define HAVE_MEMORY_H 1
#define HAVE_STRINGS_H 1
#define HAVE_INTTYPES_H 1
#define HAVE_STDINT_H 1
#define HAVE_UNISTD_H 1
#define HAVE_DLFCN_H 1
#define LT_OBJDIR ".libs/"
#define HAVE_FDATASYNC 1
#define HAVE_USLEEP 1
#define HAVE_LOCALTIME_R 1
#define HAVE_GMTIME_R 1
#define HAVE_DECL_STRERROR_R 1
#define HAVE_STRERROR_R 1
#define HAVE_READLINE_READLINE_H 1
#define HAVE_POSIX_FALLOCATE 1

configure: exit 0
