This file contains any messages produced by compilers while
running configure, to aid debugging if configure makes a mistake.

It was created by configure, which was
generated by GNU Autoconf 2.61.  Invocation command line was

  $ ./configure --prefix=/usr --sysconfdir=/etc --with-pc-path=/home/jqiao/spk_64bit/spk/objOutput/bskyb-brcm64bit/build_aarch64/staging_dir/usr/lib/pkgconfig:/home/jqiao/spk_64bit/spk/objOutput/bskyb-brcm64bit/build_aarch64/staging_dir/usr/local/lib/pkgconfig --disable-nls

## --------- ##
## Platform. ##
## --------- ##

hostname = columbia
uname -m = x86_64
uname -r = 3.5.0-37-generic
uname -s = Linux
uname -v = #58~precise1-Ubuntu SMP Wed Jul 10 17:48:11 UTC 2013

/usr/bin/uname -p = unknown
/bin/uname -X     = unknown

/bin/arch              = unknown
/usr/bin/arch -k       = unknown
/usr/convex/getsysinfo = unknown
/usr/bin/hostinfo      = unknown
/bin/machine           = unknown
/usr/bin/oslevel       = unknown
/bin/universe          = unknown

PATH: /usr/local/sbin
PATH: /usr/local/bin
PATH: /usr/sbin
PATH: /usr/bin
PATH: /sbin
PATH: /bin
PATH: /usr/games
PATH: /opt/thinlinc/bin
PATH: /opt/repo_flow


## ----------- ##
## Core tests. ##
## ----------- ##

configure:1981: checking for a BSD-compatible install
configure:2037: result: /usr/bin/install -c
configure:2048: checking whether build environment is sane
configure:2091: result: yes
configure:2124: checking for gawk
configure:2140: found /usr/bin/gawk
configure:2151: result: gawk
configure:2162: checking whether make sets $(MAKE)
configure:2183: result: yes
configure:2363: checking whether to enable maintainer-specific portions of Makefiles
configure:2372: result: no
configure:2469: checking build system type
configure:2487: result: x86_64-unknown-linux-gnu
configure:2509: checking host system type
configure:2524: result: x86_64-unknown-linux-gnu
configure:2558: checking for style of include used by make
configure:2586: result: GNU
configure:2659: checking for gcc
configure:2675: found /usr/bin/gcc
configure:2686: result: gcc
configure:2924: checking for C compiler version
configure:2931: gcc --version >&5
gcc (Ubuntu/Linaro 4.6.3-1ubuntu5) 4.6.3
Copyright (C) 2011 Free Software Foundation, Inc.
This is free software; see the source for copying conditions.  There is NO
warranty; not even for MERCHANTABILITY or FITNESS FOR A PARTICULAR PURPOSE.

configure:2934: $? = 0
configure:2941: gcc -v >&5
Using built-in specs.
COLLECT_GCC=gcc
COLLECT_LTO_WRAPPER=/usr/lib/gcc/x86_64-linux-gnu/4.6/lto-wrapper
Target: x86_64-linux-gnu
Configured with: ../src/configure -v --with-pkgversion='Ubuntu/Linaro 4.6.3-1ubuntu5' --with-bugurl=file:///usr/share/doc/gcc-4.6/README.Bugs --enable-languages=c,c++,fortran,objc,obj-c++ --prefix=/usr --program-suffix=-4.6 --enable-shared --enable-linker-build-id --with-system-zlib --libexecdir=/usr/lib --without-included-gettext --enable-threads=posix --with-gxx-include-dir=/usr/include/c++/4.6 --libdir=/usr/lib --enable-nls --with-sysroot=/ --enable-clocale=gnu --enable-libstdcxx-debug --enable-libstdcxx-time=yes --enable-gnu-unique-object --enable-plugin --enable-objc-gc --disable-werror --with-arch-32=i686 --with-tune=generic --enable-checking=release --build=x86_64-linux-gnu --host=x86_64-linux-gnu --target=x86_64-linux-gnu
Thread model: posix
gcc version 4.6.3 (Ubuntu/Linaro 4.6.3-1ubuntu5) 
configure:2944: $? = 0
configure:2951: gcc -V >&5
gcc: error: unrecognized option '-V'
gcc: fatal error: no input files
compilation terminated.
configure:2954: $? = 4
configure:2977: checking for C compiler default output file name
configure:3004: gcc    conftest.c  >&5
configure:3007: $? = 0
configure:3045: result: a.out
configure:3062: checking whether the C compiler works
configure:3072: ./a.out
configure:3075: $? = 0
configure:3092: result: yes
configure:3099: checking whether we are cross compiling
configure:3101: result: no
configure:3104: checking for suffix of executables
configure:3111: gcc -o conftest    conftest.c  >&5
configure:3114: $? = 0
configure:3138: result: 
configure:3144: checking for suffix of object files
configure:3170: gcc -c   conftest.c >&5
configure:3173: $? = 0
configure:3196: result: o
configure:3200: checking whether we are using the GNU C compiler
configure:3229: gcc -c   conftest.c >&5
configure:3235: $? = 0
configure:3252: result: yes
configure:3257: checking whether gcc accepts -g
configure:3287: gcc -c -g  conftest.c >&5
configure:3293: $? = 0
configure:3392: result: yes
configure:3409: checking for gcc option to accept ISO C89
configure:3483: gcc  -c -g -O2  conftest.c >&5
configure:3489: $? = 0
configure:3512: result: none needed
configure:3532: checking dependency style of gcc
configure:3615: result: gcc3
configure:3632: checking for a sed that does not truncate output
configure:3688: result: /bin/sed
configure:3691: checking for grep that handles long lines and -e
configure:3765: result: /bin/grep
configure:3770: checking for egrep
configure:3848: result: /bin/grep -E
configure:3864: checking for ld used by gcc
configure:3931: result: /usr/bin/ld
configure:3940: checking if the linker (/usr/bin/ld) is GNU ld
configure:3955: result: yes
configure:3960: checking for /usr/bin/ld option to reload object files
configure:3967: result: -r
configure:3985: checking for BSD-compatible nm
configure:4034: result: /usr/bin/nm -B
configure:4038: checking whether ln -s works
configure:4042: result: yes
configure:4049: checking how to recognize dependent libraries
configure:4235: result: pass_all
configure:4324: gcc -c -g -O2  conftest.c >&5
configure:4327: $? = 0
configure:4476: checking how to run the C preprocessor
configure:4516: gcc -E  conftest.c
configure:4522: $? = 0
configure:4553: gcc -E  conftest.c
conftest.c:10:28: fatal error: ac_nonexistent.h: No such file or directory
compilation terminated.
configure:4559: $? = 1
configure: failed program was:
| /* confdefs.h.  */
| #define PACKAGE_NAME ""
| #define PACKAGE_TARNAME ""
| #define PACKAGE_VERSION ""
| #define PACKAGE_STRING ""
| #define PACKAGE_BUGREPORT ""
| #define PACKAGE "pkg-config"
| #define VERSION "0.23"
| /* end confdefs.h.  */
| #include <ac_nonexistent.h>
configure:4592: result: gcc -E
configure:4621: gcc -E  conftest.c
configure:4627: $? = 0
configure:4658: gcc -E  conftest.c
conftest.c:10:28: fatal error: ac_nonexistent.h: No such file or directory
compilation terminated.
configure:4664: $? = 1
configure: failed program was:
| /* confdefs.h.  */
| #define PACKAGE_NAME ""
| #define PACKAGE_TARNAME ""
| #define PACKAGE_VERSION ""
| #define PACKAGE_STRING ""
| #define PACKAGE_BUGREPORT ""
| #define PACKAGE "pkg-config"
| #define VERSION "0.23"
| /* end confdefs.h.  */
| #include <ac_nonexistent.h>
configure:4702: checking for ANSI C header files
configure:4732: gcc -c -g -O2  conftest.c >&5
configure:4738: $? = 0
configure:4837: gcc -o conftest -g -O2   conftest.c  >&5
configure:4840: $? = 0
configure:4846: ./conftest
configure:4849: $? = 0
configure:4866: result: yes
configure:4890: checking for sys/types.h
configure:4911: gcc -c -g -O2  conftest.c >&5
configure:4917: $? = 0
configure:4933: result: yes
configure:4890: checking for sys/stat.h
configure:4911: gcc -c -g -O2  conftest.c >&5
configure:4917: $? = 0
configure:4933: result: yes
configure:4890: checking for stdlib.h
configure:4911: gcc -c -g -O2  conftest.c >&5
configure:4917: $? = 0
configure:4933: result: yes
configure:4890: checking for string.h
configure:4911: gcc -c -g -O2  conftest.c >&5
configure:4917: $? = 0
configure:4933: result: yes
configure:4890: checking for memory.h
configure:4911: gcc -c -g -O2  conftest.c >&5
configure:4917: $? = 0
configure:4933: result: yes
configure:4890: checking for strings.h
configure:4911: gcc -c -g -O2  conftest.c >&5
configure:4917: $? = 0
configure:4933: result: yes
configure:4890: checking for inttypes.h
configure:4911: gcc -c -g -O2  conftest.c >&5
configure:4917: $? = 0
configure:4933: result: yes
configure:4890: checking for stdint.h
configure:4911: gcc -c -g -O2  conftest.c >&5
configure:4917: $? = 0
configure:4933: result: yes
configure:4890: checking for unistd.h
configure:4911: gcc -c -g -O2  conftest.c >&5
configure:4917: $? = 0
configure:4933: result: yes
configure:4960: checking dlfcn.h usability
configure:4977: gcc -c -g -O2  conftest.c >&5
configure:4983: $? = 0
configure:4997: result: yes
configure:5001: checking dlfcn.h presence
configure:5016: gcc -E  conftest.c
configure:5022: $? = 0
configure:5036: result: yes
configure:5064: checking for dlfcn.h
configure:5072: result: yes
configure:5143: checking for g++
configure:5159: found /usr/bin/g++
configure:5170: result: g++
configure:5201: checking for C++ compiler version
configure:5208: g++ --version >&5
g++ (Ubuntu/Linaro 4.6.3-1ubuntu5) 4.6.3
Copyright (C) 2011 Free Software Foundation, Inc.
This is free software; see the source for copying conditions.  There is NO
warranty; not even for MERCHANTABILITY or FITNESS FOR A PARTICULAR PURPOSE.

configure:5211: $? = 0
configure:5218: g++ -v >&5
Using built-in specs.
COLLECT_GCC=g++
COLLECT_LTO_WRAPPER=/usr/lib/gcc/x86_64-linux-gnu/4.6/lto-wrapper
Target: x86_64-linux-gnu
Configured with: ../src/configure -v --with-pkgversion='Ubuntu/Linaro 4.6.3-1ubuntu5' --with-bugurl=file:///usr/share/doc/gcc-4.6/README.Bugs --enable-languages=c,c++,fortran,objc,obj-c++ --prefix=/usr --program-suffix=-4.6 --enable-shared --enable-linker-build-id --with-system-zlib --libexecdir=/usr/lib --without-included-gettext --enable-threads=posix --with-gxx-include-dir=/usr/include/c++/4.6 --libdir=/usr/lib --enable-nls --with-sysroot=/ --enable-clocale=gnu --enable-libstdcxx-debug --enable-libstdcxx-time=yes --enable-gnu-unique-object --enable-plugin --enable-objc-gc --disable-werror --with-arch-32=i686 --with-tune=generic --enable-checking=release --build=x86_64-linux-gnu --host=x86_64-linux-gnu --target=x86_64-linux-gnu
Thread model: posix
gcc version 4.6.3 (Ubuntu/Linaro 4.6.3-1ubuntu5) 
configure:5221: $? = 0
configure:5228: g++ -V >&5
g++: error: unrecognized option '-V'
g++: fatal error: no input files
compilation terminated.
configure:5231: $? = 4
configure:5234: checking whether we are using the GNU C++ compiler
configure:5263: g++ -c   conftest.cpp >&5
configure:5269: $? = 0
configure:5286: result: yes
configure:5291: checking whether g++ accepts -g
configure:5321: g++ -c -g  conftest.cpp >&5
configure:5327: $? = 0
configure:5426: result: yes
configure:5451: checking dependency style of g++
configure:5534: result: gcc3
configure:5561: checking how to run the C++ preprocessor
configure:5597: g++ -E  conftest.cpp
configure:5603: $? = 0
configure:5634: g++ -E  conftest.cpp
conftest.cpp:21:28: fatal error: ac_nonexistent.h: No such file or directory
compilation terminated.
configure:5640: $? = 1
configure: failed program was:
| /* confdefs.h.  */
| #define PACKAGE_NAME ""
| #define PACKAGE_TARNAME ""
| #define PACKAGE_VERSION ""
| #define PACKAGE_STRING ""
| #define PACKAGE_BUGREPORT ""
| #define PACKAGE "pkg-config"
| #define VERSION "0.23"
| #define STDC_HEADERS 1
| #define HAVE_SYS_TYPES_H 1
| #define HAVE_SYS_STAT_H 1
| #define HAVE_STDLIB_H 1
| #define HAVE_STRING_H 1
| #define HAVE_MEMORY_H 1
| #define HAVE_STRINGS_H 1
| #define HAVE_INTTYPES_H 1
| #define HAVE_STDINT_H 1
| #define HAVE_UNISTD_H 1
| #define HAVE_DLFCN_H 1
| /* end confdefs.h.  */
| #include <ac_nonexistent.h>
configure:5673: result: g++ -E
configure:5702: g++ -E  conftest.cpp
configure:5708: $? = 0
configure:5739: g++ -E  conftest.cpp
conftest.cpp:21:28: fatal error: ac_nonexistent.h: No such file or directory
compilation terminated.
configure:5745: $? = 1
configure: failed program was:
| /* confdefs.h.  */
| #define PACKAGE_NAME ""
| #define PACKAGE_TARNAME ""
| #define PACKAGE_VERSION ""
| #define PACKAGE_STRING ""
| #define PACKAGE_BUGREPORT ""
| #define PACKAGE "pkg-config"
| #define VERSION "0.23"
| #define STDC_HEADERS 1
| #define HAVE_SYS_TYPES_H 1
| #define HAVE_SYS_STAT_H 1
| #define HAVE_STDLIB_H 1
| #define HAVE_STRING_H 1
| #define HAVE_MEMORY_H 1
| #define HAVE_STRINGS_H 1
| #define HAVE_INTTYPES_H 1
| #define HAVE_STDINT_H 1
| #define HAVE_UNISTD_H 1
| #define HAVE_DLFCN_H 1
| /* end confdefs.h.  */
| #include <ac_nonexistent.h>
configure:5838: checking for g77
configure:5868: result: no
configure:5838: checking for xlf
configure:5868: result: no
configure:5838: checking for f77
configure:5868: result: no
configure:5838: checking for frt
configure:5868: result: no
configure:5838: checking for pgf77
configure:5868: result: no
configure:5838: checking for cf77
configure:5868: result: no
configure:5838: checking for fort77
configure:5868: result: no
configure:5838: checking for fl32
configure:5868: result: no
configure:5838: checking for af77
configure:5868: result: no
configure:5838: checking for xlf90
configure:5868: result: no
configure:5838: checking for f90
configure:5868: result: no
configure:5838: checking for pgf90
configure:5868: result: no
configure:5838: checking for pghpf
configure:5868: result: no
configure:5838: checking for epcf90
configure:5868: result: no
configure:5838: checking for gfortran
configure:5868: result: no
configure:5838: checking for g95
configure:5868: result: no
configure:5838: checking for xlf95
configure:5868: result: no
configure:5838: checking for f95
configure:5868: result: no
configure:5838: checking for fort
configure:5868: result: no
configure:5838: checking for ifort
configure:5868: result: no
configure:5838: checking for ifc
configure:5868: result: no
configure:5838: checking for efc
configure:5868: result: no
configure:5838: checking for pgf95
configure:5868: result: no
configure:5838: checking for lf95
configure:5868: result: no
configure:5838: checking for ftn
configure:5868: result: no
configure:5895: checking for Fortran 77 compiler version
configure:5902:  --version >&5
./configure: line 5903: --version: command not found
configure:5905: $? = 127
configure:5912:  -v >&5
./configure: line 5913: -v: command not found
configure:5915: $? = 127
configure:5922:  -V >&5
./configure: line 5923: -V: command not found
configure:5925: $? = 127
configure:5933: checking whether we are using the GNU Fortran 77 compiler
configure:5952:  -c  conftest.F >&5
./configure: line 5953: -c: command not found
configure:5958: $? = 127
configure: failed program was:
|       program main
| #ifndef __GNUC__
|        choke me
| #endif
| 
|       end
configure:5975: result: no
configure:5981: checking whether  accepts -g
configure:5998:  -c -g conftest.f >&5
./configure: line 5999: -c: command not found
configure:6004: $? = 127
configure: failed program was:
|       program main
| 
|       end
configure:6020: result: no
configure:6050: checking the maximum length of command line arguments
configure:6162: result: 3458764513820540925
configure:6174: checking command to parse /usr/bin/nm -B output from gcc object
configure:6279: gcc -c -g -O2  conftest.c >&5
configure:6282: $? = 0
configure:6286: /usr/bin/nm -B conftest.o \| sed -n -e 's/^.*[ 	]\([ABCDGIRSTW][ABCDGIRSTW]*\)[ 	][ 	]*\([_A-Za-z][_A-Za-z0-9]*\)$/\1 \2 \2/p' \> conftest.nm
configure:6289: $? = 0
configure:6341: gcc -o conftest -g -O2   conftest.c conftstm.o >&5
configure:6344: $? = 0
configure:6382: result: ok
configure:6386: checking for objdir
configure:6401: result: .libs
configure:6493: checking for ar
configure:6509: found /usr/bin/ar
configure:6520: result: ar
configure:6589: checking for ranlib
configure:6605: found /usr/bin/ranlib
configure:6616: result: ranlib
configure:6685: checking for strip
configure:6701: found /usr/bin/strip
configure:6712: result: strip
configure:6998: checking if gcc supports -fno-rtti -fno-exceptions
configure:7016: gcc -c -g -O2  -fno-rtti -fno-exceptions conftest.c >&5
cc1: warning: command line option '-fno-rtti' is valid for C++/ObjC++ but not for C [enabled by default]
configure:7020: $? = 0
configure:7033: result: no
configure:7048: checking for gcc option to produce PIC
configure:7280: result: -fPIC
configure:7288: checking if gcc PIC flag -fPIC works
configure:7306: gcc -c -g -O2  -fPIC -DPIC conftest.c >&5
configure:7310: $? = 0
configure:7323: result: yes
configure:7351: checking if gcc static flag -static works
configure:7379: result: yes
configure:7389: checking if gcc supports -c -o file.o
configure:7410: gcc -c -g -O2  -o out/conftest2.o conftest.c >&5
configure:7414: $? = 0
configure:7436: result: yes
configure:7462: checking whether the gcc linker (/usr/bin/ld -m elf_x86_64) supports shared libraries
configure:8443: result: yes
configure:8464: checking whether -lc should be explicitly linked in
configure:8469: gcc -c -g -O2  conftest.c >&5
configure:8472: $? = 0
configure:8487: gcc -shared conftest.o  -v -Wl,-soname -Wl,conftest -o conftest 2\>\&1 \| grep  -lc  \>/dev/null 2\>\&1
configure:8490: $? = 0
configure:8502: result: no
configure:8510: checking dynamic linker characteristics
configure:9124: result: GNU/Linux ld.so
configure:9133: checking how to hardcode library paths into programs
configure:9158: result: immediate
configure:9172: checking whether stripping libraries is possible
configure:9177: result: yes
configure:9979: checking if libtool supports shared libraries
configure:9981: result: yes
configure:9984: checking whether to build shared libraries
configure:10005: result: yes
configure:10008: checking whether to build static libraries
configure:10012: result: yes
configure:10105: creating libtool
configure:10693: checking for ld used by g++
configure:10760: result: /usr/bin/ld -m elf_x86_64
configure:10769: checking if the linker (/usr/bin/ld -m elf_x86_64) is GNU ld
configure:10784: result: yes
configure:10835: checking whether the g++ linker (/usr/bin/ld -m elf_x86_64) supports shared libraries
configure:11809: result: yes
configure:11827: g++ -c -g -O2  conftest.cpp >&5
configure:11830: $? = 0
configure:11982: checking for g++ option to produce PIC
configure:12266: result: -fPIC
configure:12274: checking if g++ PIC flag -fPIC works
configure:12292: g++ -c -g -O2  -fPIC -DPIC conftest.cpp >&5
configure:12296: $? = 0
configure:12309: result: yes
configure:12337: checking if g++ static flag -static works
configure:12365: result: yes
configure:12375: checking if g++ supports -c -o file.o
configure:12396: g++ -c -g -O2  -o out/conftest2.o conftest.cpp >&5
configure:12400: $? = 0
configure:12422: result: yes
configure:12448: checking whether the g++ linker (/usr/bin/ld -m elf_x86_64) supports shared libraries
configure:12476: result: yes
configure:12543: checking dynamic linker characteristics
configure:13105: result: GNU/Linux ld.so
configure:13114: checking how to hardcode library paths into programs
configure:13139: result: immediate
configure:19385: checking for gcc
configure:19412: result: gcc
configure:19650: checking for C compiler version
configure:19657: gcc --version >&5
gcc (Ubuntu/Linaro 4.6.3-1ubuntu5) 4.6.3
Copyright (C) 2011 Free Software Foundation, Inc.
This is free software; see the source for copying conditions.  There is NO
warranty; not even for MERCHANTABILITY or FITNESS FOR A PARTICULAR PURPOSE.

configure:19660: $? = 0
configure:19667: gcc -v >&5
Using built-in specs.
COLLECT_GCC=gcc
COLLECT_LTO_WRAPPER=/usr/lib/gcc/x86_64-linux-gnu/4.6/lto-wrapper
Target: x86_64-linux-gnu
Configured with: ../src/configure -v --with-pkgversion='Ubuntu/Linaro 4.6.3-1ubuntu5' --with-bugurl=file:///usr/share/doc/gcc-4.6/README.Bugs --enable-languages=c,c++,fortran,objc,obj-c++ --prefix=/usr --program-suffix=-4.6 --enable-shared --enable-linker-build-id --with-system-zlib --libexecdir=/usr/lib --without-included-gettext --enable-threads=posix --with-gxx-include-dir=/usr/include/c++/4.6 --libdir=/usr/lib --enable-nls --with-sysroot=/ --enable-clocale=gnu --enable-libstdcxx-debug --enable-libstdcxx-time=yes --enable-gnu-unique-object --enable-plugin --enable-objc-gc --disable-werror --with-arch-32=i686 --with-tune=generic --enable-checking=release --build=x86_64-linux-gnu --host=x86_64-linux-gnu --target=x86_64-linux-gnu
Thread model: posix
gcc version 4.6.3 (Ubuntu/Linaro 4.6.3-1ubuntu5) 
configure:19670: $? = 0
configure:19677: gcc -V >&5
gcc: error: unrecognized option '-V'
gcc: fatal error: no input files
compilation terminated.
configure:19680: $? = 4
configure:19683: checking whether we are using the GNU C compiler
configure:19735: result: yes
configure:19740: checking whether gcc accepts -g
configure:19875: result: yes
configure:19892: checking for gcc option to accept ISO C89
configure:19995: result: none needed
configure:20015: checking dependency style of gcc
configure:20098: result: gcc3
configure:20122: checking for default search path for .pc files
configure:20124: result: /home/jqiao/spk_64bit/spk/objOutput/bskyb-brcm64bit/build_aarch64/staging_dir/usr/lib/pkgconfig:/home/jqiao/spk_64bit/spk/objOutput/bskyb-brcm64bit/build_aarch64/staging_dir/usr/local/lib/pkgconfig
use_indirect_deps=auto
configure:20149: checking whether to list both direct and indirect dependencies
configure:20170: result: no
configure:20189: checking for Win32
configure:20199: result: no
configure:20312: checking for working alloca.h
configure:20339: gcc -o conftest -g -O2   conftest.c  >&5
configure:20345: $? = 0
configure:20362: result: yes
configure:20372: checking for alloca
configure:20419: gcc -o conftest -g -O2   conftest.c  >&5
configure:20425: $? = 0
configure:20442: result: yes
configure:20675: checking for setresuid
configure:20731: gcc -o conftest -g -O2   conftest.c  >&5
configure:20737: $? = 0
configure:20755: result: yes
configure:20782: checking dirent.h usability
configure:20799: gcc -c -g -O2  conftest.c >&5
configure:20805: $? = 0
configure:20819: result: yes
configure:20823: checking dirent.h presence
configure:20838: gcc -E  conftest.c
configure:20844: $? = 0
configure:20858: result: yes
configure:20886: checking for dirent.h
configure:20894: result: yes
configure:20772: checking for unistd.h
configure:20778: result: yes
configure:20782: checking sys/wait.h usability
configure:20799: gcc -c -g -O2  conftest.c >&5
configure:20805: $? = 0
configure:20819: result: yes
configure:20823: checking sys/wait.h presence
configure:20838: gcc -E  conftest.c
configure:20844: $? = 0
configure:20858: result: yes
configure:20886: checking for sys/wait.h
configure:20894: result: yes
configure:21052: creating ./config.status

## ---------------------- ##
## Running config.status. ##
## ---------------------- ##

This file was extended by config.status, which was
generated by GNU Autoconf 2.61.  Invocation command line was

  CONFIG_FILES    = 
  CONFIG_HEADERS  = 
  CONFIG_LINKS    = 
  CONFIG_COMMANDS = 
  $ ./config.status 

on columbia

config.status:670: creating Makefile
config.status:670: creating check/Makefile
config.status:670: creating config.h
config.status:944: executing depfiles commands
configure:22395: === configuring in glib-1.2.10 (/home/jqiao/spk_64bit/spk/objOutput/bskyb-brcm64bit/build_aarch64/pkg-config-0.23/glib-1.2.10)
configure:22498: running /bin/sh ./configure '--prefix=/usr'  '--sysconfdir=/etc' '--with-pc-path=/home/jqiao/spk_64bit/spk/objOutput/bskyb-brcm64bit/build_aarch64/staging_dir/usr/lib/pkgconfig:/home/jqiao/spk_64bit/spk/objOutput/bskyb-brcm64bit/build_aarch64/staging_dir/usr/local/lib/pkgconfig' '--disable-nls' --cache-file=/dev/null --srcdir=.

## ---------------- ##
## Cache variables. ##
## ---------------- ##

ac_cv_build=x86_64-unknown-linux-gnu
ac_cv_c_compiler_gnu=yes
ac_cv_cxx_compiler_gnu=yes
ac_cv_env_CCC_set=
ac_cv_env_CCC_value=
ac_cv_env_CC_set=
ac_cv_env_CC_value=
ac_cv_env_CFLAGS_set=
ac_cv_env_CFLAGS_value=
ac_cv_env_CPPFLAGS_set=
ac_cv_env_CPPFLAGS_value=
ac_cv_env_CPP_set=
ac_cv_env_CPP_value=
ac_cv_env_CXXCPP_set=
ac_cv_env_CXXCPP_value=
ac_cv_env_CXXFLAGS_set=
ac_cv_env_CXXFLAGS_value=
ac_cv_env_CXX_set=
ac_cv_env_CXX_value=
ac_cv_env_F77_set=
ac_cv_env_F77_value=
ac_cv_env_FFLAGS_set=
ac_cv_env_FFLAGS_value=
ac_cv_env_LDFLAGS_set=
ac_cv_env_LDFLAGS_value=
ac_cv_env_LIBS_set=
ac_cv_env_LIBS_value=
ac_cv_env_build_alias_set=
ac_cv_env_build_alias_value=
ac_cv_env_host_alias_set=
ac_cv_env_host_alias_value=
ac_cv_env_target_alias_set=
ac_cv_env_target_alias_value=
ac_cv_f77_compiler_gnu=no
ac_cv_func_alloca_works=yes
ac_cv_func_setresuid=yes
ac_cv_header_dirent_h=yes
ac_cv_header_dlfcn_h=yes
ac_cv_header_inttypes_h=yes
ac_cv_header_memory_h=yes
ac_cv_header_stdc=yes
ac_cv_header_stdint_h=yes
ac_cv_header_stdlib_h=yes
ac_cv_header_string_h=yes
ac_cv_header_strings_h=yes
ac_cv_header_sys_stat_h=yes
ac_cv_header_sys_types_h=yes
ac_cv_header_sys_wait_h=yes
ac_cv_header_unistd_h=yes
ac_cv_host=x86_64-unknown-linux-gnu
ac_cv_objext=o
ac_cv_path_EGREP='/bin/grep -E'
ac_cv_path_GREP=/bin/grep
ac_cv_path_install='/usr/bin/install -c'
ac_cv_prog_AWK=gawk
ac_cv_prog_CPP='gcc -E'
ac_cv_prog_CXXCPP='g++ -E'
ac_cv_prog_ac_ct_AR=ar
ac_cv_prog_ac_ct_CC=gcc
ac_cv_prog_ac_ct_CXX=g++
ac_cv_prog_ac_ct_RANLIB=ranlib
ac_cv_prog_ac_ct_STRIP=strip
ac_cv_prog_cc_c89=
ac_cv_prog_cc_g=yes
ac_cv_prog_cxx_g=yes
ac_cv_prog_f77_g=no
ac_cv_prog_make_make_set=yes
ac_cv_working_alloca_h=yes
am_cv_CC_dependencies_compiler_type=gcc3
am_cv_CXX_dependencies_compiler_type=gcc3
lt_cv_deplibs_check_method=pass_all
lt_cv_file_magic_cmd='$MAGIC_CMD'
lt_cv_file_magic_test_file=
lt_cv_ld_reload_flag=-r
lt_cv_objdir=.libs
lt_cv_path_LD=/usr/bin/ld
lt_cv_path_LDCXX='/usr/bin/ld -m elf_x86_64'
lt_cv_path_NM='/usr/bin/nm -B'
lt_cv_path_SED=/bin/sed
lt_cv_prog_compiler_c_o=yes
lt_cv_prog_compiler_c_o_CXX=yes
lt_cv_prog_compiler_rtti_exceptions=no
lt_cv_prog_gnu_ld=yes
lt_cv_prog_gnu_ldcxx=yes
lt_cv_sys_global_symbol_pipe='sed -n -e '\''s/^.*[ 	]\([ABCDGIRSTW][ABCDGIRSTW]*\)[ 	][ 	]*\([_A-Za-z][_A-Za-z0-9]*\)$/\1 \2 \2/p'\'''
lt_cv_sys_global_symbol_to_c_name_address='sed -n -e '\''s/^: \([^ ]*\) $/  {\"\1\", (lt_ptr) 0},/p'\'' -e '\''s/^[BCDEGRST] \([^ ]*\) \([^ ]*\)$/  {"\2", (lt_ptr) \&\2},/p'\'''
lt_cv_sys_global_symbol_to_cdecl='sed -n -e '\''s/^. .* \(.*\)$/extern int \1;/p'\'''
lt_cv_sys_max_cmd_len=3458764513820540925
lt_lt_cv_prog_compiler_c_o='"yes"'
lt_lt_cv_prog_compiler_c_o_CXX='"yes"'
lt_lt_cv_sys_global_symbol_pipe='"sed -n -e '\''s/^.*[ 	]\\([ABCDGIRSTW][ABCDGIRSTW]*\\)[ 	][ 	]*\\([_A-Za-z][_A-Za-z0-9]*\\)\$/\\1 \\2 \\2/p'\''"'
lt_lt_cv_sys_global_symbol_to_c_name_address='"sed -n -e '\''s/^: \\([^ ]*\\) \$/  {\\\"\\1\\\", (lt_ptr) 0},/p'\'' -e '\''s/^[BCDEGRST] \\([^ ]*\\) \\([^ ]*\\)\$/  {\"\\2\", (lt_ptr) \\&\\2},/p'\''"'
lt_lt_cv_sys_global_symbol_to_cdecl='"sed -n -e '\''s/^. .* \\(.*\\)\$/extern int \\1;/p'\''"'

## ----------------- ##
## Output variables. ##
## ----------------- ##

ACLOCAL='${SHELL} /home/jqiao/spk_64bit/spk/objOutput/bskyb-brcm64bit/build_aarch64/pkg-config-0.23/missing --run aclocal-1.7'
ALLOCA=''
AMDEPBACKSLASH='\'
AMDEP_FALSE='#'
AMDEP_TRUE=''
AMTAR='${SHELL} /home/jqiao/spk_64bit/spk/objOutput/bskyb-brcm64bit/build_aarch64/pkg-config-0.23/missing --run tar'
AR='ar'
AUTOCONF='${SHELL} /home/jqiao/spk_64bit/spk/objOutput/bskyb-brcm64bit/build_aarch64/pkg-config-0.23/missing --run autoconf'
AUTOHEADER='${SHELL} /home/jqiao/spk_64bit/spk/objOutput/bskyb-brcm64bit/build_aarch64/pkg-config-0.23/missing --run autoheader'
AUTOMAKE='${SHELL} /home/jqiao/spk_64bit/spk/objOutput/bskyb-brcm64bit/build_aarch64/pkg-config-0.23/missing --run automake-1.7'
AWK='gawk'
CC='gcc'
CCDEPMODE='depmode=gcc3'
CFLAGS='-g -O2'
CPP='gcc -E'
CPPFLAGS=''
CXX='g++'
CXXCPP='g++ -E'
CXXDEPMODE='depmode=gcc3'
CXXFLAGS='-g -O2'
CYGPATH_W='echo'
DEFS='-DHAVE_CONFIG_H'
DEPDIR='.deps'
ECHO='echo'
ECHO_C=''
ECHO_N='-n'
ECHO_T=''
EGREP='/bin/grep -E'
EXEEXT=''
F77=''
FFLAGS=''
GLIB_CFLAGS=''
GLIB_LIBS=''
GREP='/bin/grep'
INSTALL_DATA='${INSTALL} -m 644'
INSTALL_PROGRAM='${INSTALL}'
INSTALL_SCRIPT='${INSTALL}'
INSTALL_STRIP_PROGRAM='${SHELL} $(install_sh) -c -s'
LDFLAGS=''
LIBOBJS=''
LIBS=''
LIBTOOL='$(SHELL) $(top_builddir)/libtool'
LN_S='ln -s'
LTLIBOBJS=''
MAINT='#'
MAINTAINER_MODE_FALSE=''
MAINTAINER_MODE_TRUE='#'
MAKEINFO='${SHELL} /home/jqiao/spk_64bit/spk/objOutput/bskyb-brcm64bit/build_aarch64/pkg-config-0.23/missing --run makeinfo'
OBJEXT='o'
PACKAGE='pkg-config'
PACKAGE_BUGREPORT=''
PACKAGE_NAME=''
PACKAGE_STRING=''
PACKAGE_TARNAME=''
PACKAGE_VERSION=''
PATH_SEPARATOR=':'
PKG_CONFIG=''
RANLIB='ranlib'
SED='/bin/sed'
SET_MAKE=''
SHELL='/bin/sh'
STRIP='strip'
USE_INSTALLED_GLIB_FALSE=''
USE_INSTALLED_GLIB_TRUE='#'
VERSION='0.23'
WARN_CFLAGS='-g -Wall -O2'
ac_ct_CC='gcc'
ac_ct_CXX='g++'
ac_ct_F77=''
am__fastdepCC_FALSE='#'
am__fastdepCC_TRUE=''
am__fastdepCXX_FALSE='#'
am__fastdepCXX_TRUE=''
am__include='include'
am__leading_dot='.'
am__quote=''
bindir='${exec_prefix}/bin'
build='x86_64-unknown-linux-gnu'
build_alias=''
build_cpu='x86_64'
build_os='linux-gnu'
build_vendor='unknown'
datadir='${datarootdir}'
datarootdir='${prefix}/share'
docdir='${datarootdir}/doc/${PACKAGE}'
dvidir='${docdir}'
exec_prefix='${prefix}'
host='x86_64-unknown-linux-gnu'
host_alias=''
host_cpu='x86_64'
host_os='linux-gnu'
host_vendor='unknown'
htmldir='${docdir}'
includedir='${prefix}/include'
infodir='${datarootdir}/info'
install_sh='/home/jqiao/spk_64bit/spk/objOutput/bskyb-brcm64bit/build_aarch64/pkg-config-0.23/install-sh'
libdir='${exec_prefix}/lib'
libexecdir='${exec_prefix}/libexec'
localedir='${datarootdir}/locale'
localstatedir='${prefix}/var'
mandir='${datarootdir}/man'
oldincludedir='/usr/include'
pc_path='/home/jqiao/spk_64bit/spk/objOutput/bskyb-brcm64bit/build_aarch64/staging_dir/usr/lib/pkgconfig:/home/jqiao/spk_64bit/spk/objOutput/bskyb-brcm64bit/build_aarch64/staging_dir/usr/local/lib/pkgconfig'
pdfdir='${docdir}'
prefix='/usr'
program_transform_name='s,x,x,'
psdir='${docdir}'
sbindir='${exec_prefix}/sbin'
sharedstatedir='${prefix}/com'
subdirs=' glib-1.2.10'
sysconfdir='/etc'
target_alias=''

## ----------- ##
## confdefs.h. ##
## ----------- ##

#define PACKAGE_NAME ""
#define PACKAGE_TARNAME ""
#define PACKAGE_VERSION ""
#define PACKAGE_STRING ""
#define PACKAGE_BUGREPORT ""
#define PACKAGE "pkg-config"
#define VERSION "0.23"
#define STDC_HEADERS 1
#define HAVE_SYS_TYPES_H 1
#define HAVE_SYS_STAT_H 1
#define HAVE_STDLIB_H 1
#define HAVE_STRING_H 1
#define HAVE_MEMORY_H 1
#define HAVE_STRINGS_H 1
#define HAVE_INTTYPES_H 1
#define HAVE_STDINT_H 1
#define HAVE_UNISTD_H 1
#define HAVE_DLFCN_H 1
#define ENABLE_INDIRECT_DEPS 0
#define HAVE_ALLOCA_H 1
#define HAVE_ALLOCA 1
#define HAVE_SETRESUID 1
#define HAVE_DIRENT_H 1
#define HAVE_UNISTD_H 1
#define HAVE_SYS_WAIT_H 1

configure: exit 0
