This file contains any messages produced by compilers while
running configure, to aid debugging if configure makes a mistake.

It was created by libgcrypt configure 1.5.0, which was
generated by GNU Autoconf 2.64.  Invocation command line was

  $ ./configure --target=aarch64-linux --host=aarch64-linux --build=x86_64-pc-linux-gnu --prefix=/usr --exec-prefix=/usr --sysconfdir=/etc --disable-nls --disable-optimization --with-gpg-error-prefix=/home/jqiao/spk_64bit/spk/objOutput/bskyb-brcm64bit/build_aarch64/staging_dir/usr --libdir=/usr/lib

## --------- ##
## Platform. ##
## --------- ##

hostname = columbia
uname -m = x86_64
uname -r = 3.5.0-37-generic
uname -s = Linux
uname -v = #58~precise1-Ubuntu SMP Wed Jul 10 17:48:11 UTC 2013

/usr/bin/uname -p = unknown
/bin/uname -X     = unknown

/bin/arch              = unknown
/usr/bin/arch -k       = unknown
/usr/convex/getsysinfo = unknown
/usr/bin/hostinfo      = unknown
/bin/machine           = unknown
/usr/bin/oslevel       = unknown
/bin/universe          = unknown

PATH: /home/jqiao/spk_64bit/spk/objOutput/bskyb-brcm64bit/build_aarch64/staging_dir/bin
PATH: /home/jqiao/spk_64bit/spk/objOutput/bskyb-brcm64bit/build_aarch64/staging_dir/usr/bin
PATH: /home/jqiao/spk_64bit/spk/objOutput/bskyb-brcm64bit/toolchain_build_aarch64/bin
PATH: /home/hperev/Documents/CDI/1-From-NAS/eric-same-dir/97271IP-Toolchain/stbgcc-4.8-1.5//bin
PATH: /usr/local/sbin
PATH: /usr/local/bin
PATH: /usr/sbin
PATH: /usr/bin
PATH: /sbin
PATH: /bin
PATH: /usr/games
PATH: /opt/thinlinc/bin
PATH: /opt/repo_flow


## ----------- ##
## Core tests. ##
## ----------- ##

configure:2787: checking for a BSD-compatible install
configure:2855: result: /usr/bin/install -c
configure:2866: checking whether build environment is sane
configure:2916: result: yes
configure:2965: checking for aarch64-linux-strip
configure:2992: result: /home/hperev/Documents/CDI/1-From-NAS/eric-same-dir/97271IP-Toolchain/stbgcc-4.8-1.5//bin/aarch64-linux-strip
configure:3057: checking for a thread-safe mkdir -p
configure:3096: result: /bin/mkdir -p
configure:3109: checking for gawk
configure:3125: found /usr/bin/gawk
configure:3136: result: gawk
configure:3147: checking whether make sets $(MAKE)
configure:3169: result: yes
configure:3257: checking build system type
configure:3271: result: x86_64-pc-linux-gnu
configure:3291: checking host system type
configure:3300: error: /bin/sh ./config.sub aarch64-linux failed

## ---------------- ##
## Cache variables. ##
## ---------------- ##

ac_cv_build=x86_64-pc-linux-gnu
ac_cv_c_bigendian=no
ac_cv_env_CCASFLAGS_set=
ac_cv_env_CCASFLAGS_value=
ac_cv_env_CCAS_set=
ac_cv_env_CCAS_value=
ac_cv_env_CC_set=set
ac_cv_env_CC_value='/home/hperev/Documents/CDI/1-From-NAS/eric-same-dir/97271IP-Toolchain/stbgcc-4.8-1.5//bin/aarch64-linux-gcc -Os  -I/home/jqiao/spk_64bit/spk/objOutput/bskyb-brcm64bit/build_aarch64/staging_dir/include -I/home/jqiao/spk_64bit/spk/objOutput/bskyb-brcm64bit/build_aarch64/staging_dir/usr/include -I/home/hperev/Documents/CDI/1-From-NAS/eric-same-dir/97271IP-Toolchain/stbgcc-4.8-1.5//aarch64-linux/include'
ac_cv_env_CFLAGS_set=set
ac_cv_env_CFLAGS_value='-Os  -I/home/jqiao/spk_64bit/spk/objOutput/bskyb-brcm64bit/build_aarch64/staging_dir/include -I/home/jqiao/spk_64bit/spk/objOutput/bskyb-brcm64bit/build_aarch64/staging_dir/usr/include -I/home/hperev/Documents/CDI/1-From-NAS/eric-same-dir/97271IP-Toolchain/stbgcc-4.8-1.5//aarch64-linux/include'
ac_cv_env_CPPFLAGS_set=
ac_cv_env_CPPFLAGS_value=
ac_cv_env_CPP_set=set
ac_cv_env_CPP_value='/home/hperev/Documents/CDI/1-From-NAS/eric-same-dir/97271IP-Toolchain/stbgcc-4.8-1.5//bin/aarch64-linux-cpp -Os  -I/home/jqiao/spk_64bit/spk/objOutput/bskyb-brcm64bit/build_aarch64/staging_dir/include -I/home/jqiao/spk_64bit/spk/objOutput/bskyb-brcm64bit/build_aarch64/staging_dir/usr/include -I/home/hperev/Documents/CDI/1-From-NAS/eric-same-dir/97271IP-Toolchain/stbgcc-4.8-1.5//aarch64-linux/include'
ac_cv_env_LDFLAGS_set=set
ac_cv_env_LDFLAGS_value='-L/home/jqiao/spk_64bit/spk/objOutput/bskyb-brcm64bit/build_aarch64/staging_dir/lib -L/home/jqiao/spk_64bit/spk/objOutput/bskyb-brcm64bit/build_aarch64/staging_dir/usr/lib'
ac_cv_env_LIBS_set=
ac_cv_env_LIBS_value=
ac_cv_env_build_alias_set=set
ac_cv_env_build_alias_value=x86_64-pc-linux-gnu
ac_cv_env_host_alias_set=set
ac_cv_env_host_alias_value=aarch64-linux
ac_cv_env_target_alias_set=set
ac_cv_env_target_alias_value=aarch64-linux
ac_cv_func_calloc_0_nonnull=yes
ac_cv_func_malloc_0_nonnull=yes
ac_cv_func_memcmp_working=yes
ac_cv_func_mmap_fixed_mapped=yes
ac_cv_func_realloc_0_nonnull=yes
ac_cv_have_decl_malloc=yes
ac_cv_host=
ac_cv_lbl_unaligned_fail=yes
ac_cv_path_install='/usr/bin/install -c'
ac_cv_path_mkdir=/bin/mkdir
ac_cv_prog_AWK=gawk
ac_cv_prog_STRIP=/home/hperev/Documents/CDI/1-From-NAS/eric-same-dir/97271IP-Toolchain/stbgcc-4.8-1.5//bin/aarch64-linux-strip
ac_cv_prog_make_make_set=yes
ac_cv_sys_symbol_underscore=no
gl_cv_func_malloc_0_nonnull=yes

## ----------------- ##
## Output variables. ##
## ----------------- ##

ACLOCAL='${SHELL} /home/jqiao/spk_64bit/spk/objOutput/bskyb-brcm64bit/build_aarch64/libgcrypt-1.5.0/missing --run aclocal-1.11'
AMDEPBACKSLASH=''
AMDEP_FALSE=''
AMDEP_TRUE=''
AMTAR='${SHELL} /home/jqiao/spk_64bit/spk/objOutput/bskyb-brcm64bit/build_aarch64/libgcrypt-1.5.0/missing --run tar'
AR='/home/hperev/Documents/CDI/1-From-NAS/eric-same-dir/97271IP-Toolchain/stbgcc-4.8-1.5//bin/aarch64-linux-ar'
AS='/home/hperev/Documents/CDI/1-From-NAS/eric-same-dir/97271IP-Toolchain/stbgcc-4.8-1.5//bin/aarch64-linux-as'
AUTOCONF='${SHELL} /home/jqiao/spk_64bit/spk/objOutput/bskyb-brcm64bit/build_aarch64/libgcrypt-1.5.0/missing --run autoconf'
AUTOHEADER='${SHELL} /home/jqiao/spk_64bit/spk/objOutput/bskyb-brcm64bit/build_aarch64/libgcrypt-1.5.0/missing --run autoheader'
AUTOMAKE='${SHELL} /home/jqiao/spk_64bit/spk/objOutput/bskyb-brcm64bit/build_aarch64/libgcrypt-1.5.0/missing --run automake-1.11'
AWK='gawk'
BUILD_FILEVERSION=''
BUILD_REVISION='41756'
BUILD_TIMESTAMP=''
CC='/home/hperev/Documents/CDI/1-From-NAS/eric-same-dir/97271IP-Toolchain/stbgcc-4.8-1.5//bin/aarch64-linux-gcc -Os  -I/home/jqiao/spk_64bit/spk/objOutput/bskyb-brcm64bit/build_aarch64/staging_dir/include -I/home/jqiao/spk_64bit/spk/objOutput/bskyb-brcm64bit/build_aarch64/staging_dir/usr/include -I/home/hperev/Documents/CDI/1-From-NAS/eric-same-dir/97271IP-Toolchain/stbgcc-4.8-1.5//aarch64-linux/include'
CCAS=''
CCASDEPMODE=''
CCASFLAGS=''
CCDEPMODE=''
CFLAGS='-Os  -I/home/jqiao/spk_64bit/spk/objOutput/bskyb-brcm64bit/build_aarch64/staging_dir/include -I/home/jqiao/spk_64bit/spk/objOutput/bskyb-brcm64bit/build_aarch64/staging_dir/usr/include -I/home/hperev/Documents/CDI/1-From-NAS/eric-same-dir/97271IP-Toolchain/stbgcc-4.8-1.5//aarch64-linux/include'
CPP='/home/hperev/Documents/CDI/1-From-NAS/eric-same-dir/97271IP-Toolchain/stbgcc-4.8-1.5//bin/aarch64-linux-cpp -Os  -I/home/jqiao/spk_64bit/spk/objOutput/bskyb-brcm64bit/build_aarch64/staging_dir/include -I/home/jqiao/spk_64bit/spk/objOutput/bskyb-brcm64bit/build_aarch64/staging_dir/usr/include -I/home/hperev/Documents/CDI/1-From-NAS/eric-same-dir/97271IP-Toolchain/stbgcc-4.8-1.5//aarch64-linux/include'
CPPFLAGS=''
CROSS_COMPILING_FALSE=''
CROSS_COMPILING_TRUE=''
CYGPATH_W='echo'
DEFS=''
DEPDIR=''
DLLTOOL=''
DL_LIBS=''
DSYMUTIL=''
DUMPBIN=''
ECHO_C=''
ECHO_N='-n'
ECHO_T=''
EGREP=''
ENABLE_O_FLAG_MUNGING_FALSE=''
ENABLE_O_FLAG_MUNGING_TRUE=''
EXEEXT=''
FALLBACK_SOCKLEN_T=''
FGREP=''
GCRYPT_CIPHERS=''
GCRYPT_DIGESTS=''
GCRYPT_PUBKEY_CIPHERS=''
GCRYPT_RANDOM=''
GPG_ERROR_CFLAGS=''
GPG_ERROR_CONFIG=''
GPG_ERROR_LIBS=''
GREP=''
HAVE_LD_VERSION_SCRIPT_FALSE=''
HAVE_LD_VERSION_SCRIPT_TRUE=''
HAVE_W32CE_SYSTEM_FALSE=''
HAVE_W32CE_SYSTEM_TRUE=''
HAVE_W32_SYSTEM_FALSE=''
HAVE_W32_SYSTEM_TRUE=''
INSERT_SYS_SELECT_H=''
INSTALL_DATA='${INSTALL} -m 644'
INSTALL_PROGRAM='${INSTALL}'
INSTALL_SCRIPT='${INSTALL}'
INSTALL_STRIP_PROGRAM='$(install_sh) -c -s'
LD='/home/hperev/Documents/CDI/1-From-NAS/eric-same-dir/97271IP-Toolchain/stbgcc-4.8-1.5//bin/aarch64-linux-ld'
LDFLAGS='-L/home/jqiao/spk_64bit/spk/objOutput/bskyb-brcm64bit/build_aarch64/staging_dir/lib -L/home/jqiao/spk_64bit/spk/objOutput/bskyb-brcm64bit/build_aarch64/staging_dir/usr/lib'
LIBGCRYPT_CIPHERS=''
LIBGCRYPT_CONFIG_API_VERSION='1'
LIBGCRYPT_CONFIG_CFLAGS=''
LIBGCRYPT_CONFIG_HOST=''
LIBGCRYPT_CONFIG_LIBS=''
LIBGCRYPT_DIGESTS=''
LIBGCRYPT_LT_AGE='7'
LIBGCRYPT_LT_CURRENT='18'
LIBGCRYPT_LT_REVISION='0'
LIBGCRYPT_PUBKEY_CIPHERS=''
LIBGCRYPT_THREAD_MODULES=''
LIBOBJS=''
LIBS=''
LIBTOOL=''
LIPO=''
LN_S=''
LTLIBOBJS=''
MAINT=''
MAINTAINER_MODE_FALSE=''
MAINTAINER_MODE_TRUE=''
MAKEINFO='${SHELL} /home/jqiao/spk_64bit/spk/objOutput/bskyb-brcm64bit/build_aarch64/libgcrypt-1.5.0/missing --run makeinfo'
MKDIR_P='/bin/mkdir -p'
MPI_MOD_ASM_MPIH_ADD1_FALSE=''
MPI_MOD_ASM_MPIH_ADD1_TRUE=''
MPI_MOD_ASM_MPIH_LSHIFT_FALSE=''
MPI_MOD_ASM_MPIH_LSHIFT_TRUE=''
MPI_MOD_ASM_MPIH_MUL1_FALSE=''
MPI_MOD_ASM_MPIH_MUL1_TRUE=''
MPI_MOD_ASM_MPIH_MUL2_FALSE=''
MPI_MOD_ASM_MPIH_MUL2_TRUE=''
MPI_MOD_ASM_MPIH_MUL3_FALSE=''
MPI_MOD_ASM_MPIH_MUL3_TRUE=''
MPI_MOD_ASM_MPIH_RSHIFT_FALSE=''
MPI_MOD_ASM_MPIH_RSHIFT_TRUE=''
MPI_MOD_ASM_MPIH_SUB1_FALSE=''
MPI_MOD_ASM_MPIH_SUB1_TRUE=''
MPI_MOD_ASM_UDIV_FALSE=''
MPI_MOD_ASM_UDIV_QRNND_FALSE=''
MPI_MOD_ASM_UDIV_QRNND_TRUE=''
MPI_MOD_ASM_UDIV_TRUE=''
MPI_MOD_C_MPIH_ADD1_FALSE=''
MPI_MOD_C_MPIH_ADD1_TRUE=''
MPI_MOD_C_MPIH_LSHIFT_FALSE=''
MPI_MOD_C_MPIH_LSHIFT_TRUE=''
MPI_MOD_C_MPIH_MUL1_FALSE=''
MPI_MOD_C_MPIH_MUL1_TRUE=''
MPI_MOD_C_MPIH_MUL2_FALSE=''
MPI_MOD_C_MPIH_MUL2_TRUE=''
MPI_MOD_C_MPIH_MUL3_FALSE=''
MPI_MOD_C_MPIH_MUL3_TRUE=''
MPI_MOD_C_MPIH_RSHIFT_FALSE=''
MPI_MOD_C_MPIH_RSHIFT_TRUE=''
MPI_MOD_C_MPIH_SUB1_FALSE=''
MPI_MOD_C_MPIH_SUB1_TRUE=''
MPI_MOD_C_UDIV_FALSE=''
MPI_MOD_C_UDIV_QRNND_FALSE=''
MPI_MOD_C_UDIV_QRNND_TRUE=''
MPI_MOD_C_UDIV_TRUE=''
MPI_SFLAGS=''
NM='/home/hperev/Documents/CDI/1-From-NAS/eric-same-dir/97271IP-Toolchain/stbgcc-4.8-1.5//bin/aarch64-linux-nm'
NMEDIT=''
NOEXECSTACK_FLAGS=''
OBJDUMP=''
OBJEXT=''
OTOOL64=''
OTOOL=''
PACKAGE='libgcrypt'
PACKAGE_BUGREPORT='bug-libgcrypt@gnupg.org'
PACKAGE_NAME='libgcrypt'
PACKAGE_STRING='libgcrypt 1.5.0'
PACKAGE_TARNAME='libgcrypt'
PACKAGE_URL=''
PACKAGE_VERSION='1.5.0'
PATH_SEPARATOR=':'
PTH_CFLAGS=''
PTH_CONFIG=''
PTH_LIBS=''
RANLIB='/home/hperev/Documents/CDI/1-From-NAS/eric-same-dir/97271IP-Toolchain/stbgcc-4.8-1.5//bin/aarch64-linux-ranlib'
RC=''
SED=''
SET_MAKE=''
SHELL='/bin/sh'
STRIP='/home/hperev/Documents/CDI/1-From-NAS/eric-same-dir/97271IP-Toolchain/stbgcc-4.8-1.5//bin/aarch64-linux-strip'
SYS_SOCKET_H=''
USE_RANDOM_DAEMON_FALSE=''
USE_RANDOM_DAEMON_TRUE=''
VERSION='1.5.0'
ac_ct_CC=''
ac_ct_DUMPBIN=''
am__EXEEXT_FALSE=''
am__EXEEXT_TRUE=''
am__fastdepCCAS_FALSE=''
am__fastdepCCAS_TRUE=''
am__fastdepCC_FALSE=''
am__fastdepCC_TRUE=''
am__include=''
am__isrc=''
am__leading_dot='.'
am__quote=''
am__tar='${AMTAR} chof - "$$tardir"'
am__untar='${AMTAR} xf -'
bindir='${exec_prefix}/bin'
build='x86_64-pc-linux-gnu'
build_alias='x86_64-pc-linux-gnu'
build_cpu='x86_64'
build_os='linux-gnu'
build_vendor='pc'
datadir='${datarootdir}'
datarootdir='${prefix}/share'
docdir='${datarootdir}/doc/${PACKAGE_TARNAME}'
dvidir='${docdir}'
emacs_local_vars_begin=''
emacs_local_vars_end=''
emacs_local_vars_read_only=''
exec_prefix='/usr'
host='aarch64-linux'
host_alias='aarch64-linux'
host_cpu=''
host_os=''
host_vendor=''
htmldir='${docdir}'
includedir='${prefix}/include'
infodir='${datarootdir}/info'
install_sh='${SHELL} /home/jqiao/spk_64bit/spk/objOutput/bskyb-brcm64bit/build_aarch64/libgcrypt-1.5.0/install-sh'
libdir='/usr/lib'
libexecdir='${exec_prefix}/libexec'
localedir='${datarootdir}/locale'
localstatedir='${prefix}/var'
lt_ECHO='echo'
mandir='${datarootdir}/man'
mkdir_p='/bin/mkdir -p'
oldincludedir='/usr/include'
pdfdir='${docdir}'
prefix='/usr'
program_transform_name='s,x,x,'
psdir='${docdir}'
sbindir='${exec_prefix}/sbin'
sharedstatedir='${prefix}/com'
sysconfdir='/etc'
target_alias='aarch64-linux'

## ----------- ##
## confdefs.h. ##
## ----------- ##

/* confdefs.h */
#define PACKAGE_NAME "libgcrypt"
#define PACKAGE_TARNAME "libgcrypt"
#define PACKAGE_VERSION "1.5.0"
#define PACKAGE_STRING "libgcrypt 1.5.0"
#define PACKAGE_BUGREPORT "bug-libgcrypt@gnupg.org"
#define PACKAGE_URL ""
#define PACKAGE "libgcrypt"
#define VERSION "1.5.0"

configure: exit 1
