This file contains any messages produced by compilers while
running configure, to aid debugging if configure makes a mistake.

It was created by minizip configure 1.2.8, which was
generated by GNU Autoconf 2.69.  Invocation command line was

  $ ./configure --target=aarch64-linux --host=aarch64-linux --build=x86_64-pc-linux-gnu --prefix=/usr --exec-prefix=/usr --sysconfdir=/etc --disable-nls

## --------- ##
## Platform. ##
## --------- ##

hostname = columbia
uname -m = x86_64
uname -r = 3.5.0-37-generic
uname -s = Linux
uname -v = #58~precise1-Ubuntu SMP Wed Jul 10 17:48:11 UTC 2013

/usr/bin/uname -p = unknown
/bin/uname -X     = unknown

/bin/arch              = unknown
/usr/bin/arch -k       = unknown
/usr/convex/getsysinfo = unknown
/usr/bin/hostinfo      = unknown
/bin/machine           = unknown
/usr/bin/oslevel       = unknown
/bin/universe          = unknown

PATH: /home/jqiao/spk_64bit/spk/objOutput/bskyb-brcm64bit/build_aarch64/staging_dir/bin
PATH: /home/jqiao/spk_64bit/spk/objOutput/bskyb-brcm64bit/build_aarch64/staging_dir/usr/bin
PATH: /home/jqiao/spk_64bit/spk/objOutput/bskyb-brcm64bit/toolchain_build_aarch64/bin
PATH: /home/hperev/Documents/CDI/1-From-NAS/eric-same-dir/97271IP-Toolchain/stbgcc-4.8-1.5//bin
PATH: /usr/local/sbin
PATH: /usr/local/bin
PATH: /usr/sbin
PATH: /usr/bin
PATH: /sbin
PATH: /bin
PATH: /usr/games
PATH: /opt/thinlinc/bin
PATH: /opt/repo_flow


## ----------- ##
## Core tests. ##
## ----------- ##

configure:2251: checking for a BSD-compatible install
configure:2319: result: /usr/bin/install -c
configure:2330: checking whether build environment is sane
configure:2385: result: yes
configure:2444: checking for aarch64-linux-strip
configure:2471: result: /home/hperev/Documents/CDI/1-From-NAS/eric-same-dir/97271IP-Toolchain/stbgcc-4.8-1.5//bin/aarch64-linux-strip
configure:2536: checking for a thread-safe mkdir -p
configure:2575: result: /bin/mkdir -p
configure:2582: checking for gawk
configure:2598: found /usr/bin/gawk
configure:2609: result: gawk
configure:2620: checking whether make sets $(MAKE)
configure:2642: result: yes
configure:2757: checking build system type
configure:2771: result: x86_64-pc-linux-gnu
configure:2791: checking host system type
configure:2804: result: aarch64-unknown-linux-gnu
configure:2845: checking how to print strings
configure:2872: result: printf
configure:2905: checking for style of include used by make
configure:2933: result: GNU
configure:2964: checking for aarch64-linux-gcc
configure:2991: result: /home/hperev/Documents/CDI/1-From-NAS/eric-same-dir/97271IP-Toolchain/stbgcc-4.8-1.5//bin/aarch64-linux-gcc -Os  -I/home/jqiao/spk_64bit/spk/objOutput/bskyb-brcm64bit/build_aarch64/staging_dir/include -I/home/jqiao/spk_64bit/spk/objOutput/bskyb-brcm64bit/build_aarch64/staging_dir/usr/include -I/home/hperev/Documents/CDI/1-From-NAS/eric-same-dir/97271IP-Toolchain/stbgcc-4.8-1.5//aarch64-linux/include
configure:3260: checking for C compiler version
configure:3269: /home/hperev/Documents/CDI/1-From-NAS/eric-same-dir/97271IP-Toolchain/stbgcc-4.8-1.5//bin/aarch64-linux-gcc -Os  -I/home/jqiao/spk_64bit/spk/objOutput/bskyb-brcm64bit/build_aarch64/staging_dir/include -I/home/jqiao/spk_64bit/spk/objOutput/bskyb-brcm64bit/build_aarch64/staging_dir/usr/include -I/home/hperev/Documents/CDI/1-From-NAS/eric-same-dir/97271IP-Toolchain/stbgcc-4.8-1.5//aarch64-linux/include --version >&5
aarch64-linux-gcc (Broadcom stbgcc-4.8-1.5) 4.8.5
Copyright (C) 2015 Free Software Foundation, Inc.
This is free software; see the source for copying conditions.  There is NO
warranty; not even for MERCHANTABILITY or FITNESS FOR A PARTICULAR PURPOSE.

configure:3280: $? = 0
configure:3269: /home/hperev/Documents/CDI/1-From-NAS/eric-same-dir/97271IP-Toolchain/stbgcc-4.8-1.5//bin/aarch64-linux-gcc -Os  -I/home/jqiao/spk_64bit/spk/objOutput/bskyb-brcm64bit/build_aarch64/staging_dir/include -I/home/jqiao/spk_64bit/spk/objOutput/bskyb-brcm64bit/build_aarch64/staging_dir/usr/include -I/home/hperev/Documents/CDI/1-From-NAS/eric-same-dir/97271IP-Toolchain/stbgcc-4.8-1.5//aarch64-linux/include -v >&5
Using built-in specs.
COLLECT_GCC=/home/hperev/Documents/CDI/1-From-NAS/eric-same-dir/97271IP-Toolchain/stbgcc-4.8-1.5//bin/aarch64-linux-gcc
COLLECT_LTO_WRAPPER=/home/hperev/Documents/CDI/1-From-NAS/eric-same-dir/97271IP-Toolchain/stbgcc-4.8-1.5/bin/../libexec/gcc/aarch64-linux-gnu/4.8.5/lto-wrapper
Target: aarch64-linux-gnu
Configured with: ../gcc-linaro-4.8-2015.06/configure --target=aarch64-linux-gnu --disable-multilib --prefix=/opt/toolchains/stbgcc-4.8-1.5 --with-build-time-tools=/home/vagrant/rpmbuild/BUILD/build-toolchain/opt/toolchains/stbgcc-4.8-1.5/aarch64-linux-gnu/sys-root/../bin --with-sysroot=/opt/toolchains/stbgcc-4.8-1.5/aarch64-linux-gnu/sys-root --with-build-sysroot=/home/vagrant/rpmbuild/BUILD/build-toolchain/opt/toolchains/stbgcc-4.8-1.5/aarch64-linux-gnu/sys-root --enable-threads=posix --enable-long-long --enable-c99 --enable-plugins --enable-__cxa_atexit --with-gmp=/home/vagrant/rpmbuild/BUILD/prereq --with-mpfr=/home/vagrant/rpmbuild/BUILD/prereq --with-mpc=/home/vagrant/rpmbuild/BUILD/prereq --enable-symvers=gnu --enable-languages=c,c++ --enable-target-optspace --with-pkgversion='Broadcom stbgcc-4.8-1.5' --with-bugurl=file:///opt/toolchains/stbgcc-4.8-1.5/info/README.Bugs --disable-isl-version-check --with-arch=armv8-a
Thread model: posix
gcc version 4.8.5 (Broadcom stbgcc-4.8-1.5) 
configure:3280: $? = 0
configure:3269: /home/hperev/Documents/CDI/1-From-NAS/eric-same-dir/97271IP-Toolchain/stbgcc-4.8-1.5//bin/aarch64-linux-gcc -Os  -I/home/jqiao/spk_64bit/spk/objOutput/bskyb-brcm64bit/build_aarch64/staging_dir/include -I/home/jqiao/spk_64bit/spk/objOutput/bskyb-brcm64bit/build_aarch64/staging_dir/usr/include -I/home/hperev/Documents/CDI/1-From-NAS/eric-same-dir/97271IP-Toolchain/stbgcc-4.8-1.5//aarch64-linux/include -V >&5
aarch64-linux-gcc: error: unrecognized command line option '-V'
aarch64-linux-gcc: fatal error: no input files
compilation terminated.
configure:3280: $? = 1
configure:3269: /home/hperev/Documents/CDI/1-From-NAS/eric-same-dir/97271IP-Toolchain/stbgcc-4.8-1.5//bin/aarch64-linux-gcc -Os  -I/home/jqiao/spk_64bit/spk/objOutput/bskyb-brcm64bit/build_aarch64/staging_dir/include -I/home/jqiao/spk_64bit/spk/objOutput/bskyb-brcm64bit/build_aarch64/staging_dir/usr/include -I/home/hperev/Documents/CDI/1-From-NAS/eric-same-dir/97271IP-Toolchain/stbgcc-4.8-1.5//aarch64-linux/include -qversion >&5
aarch64-linux-gcc: error: unrecognized command line option '-qversion'
aarch64-linux-gcc: fatal error: no input files
compilation terminated.
configure:3280: $? = 1
configure:3300: checking whether the C compiler works
configure:3322: /home/hperev/Documents/CDI/1-From-NAS/eric-same-dir/97271IP-Toolchain/stbgcc-4.8-1.5//bin/aarch64-linux-gcc -Os  -I/home/jqiao/spk_64bit/spk/objOutput/bskyb-brcm64bit/build_aarch64/staging_dir/include -I/home/jqiao/spk_64bit/spk/objOutput/bskyb-brcm64bit/build_aarch64/staging_dir/usr/include -I/home/hperev/Documents/CDI/1-From-NAS/eric-same-dir/97271IP-Toolchain/stbgcc-4.8-1.5//aarch64-linux/include -Os  -I/home/jqiao/spk_64bit/spk/objOutput/bskyb-brcm64bit/build_aarch64/staging_dir/include -I/home/jqiao/spk_64bit/spk/objOutput/bskyb-brcm64bit/build_aarch64/staging_dir/usr/include -I/home/hperev/Documents/CDI/1-From-NAS/eric-same-dir/97271IP-Toolchain/stbgcc-4.8-1.5//aarch64-linux/include  -L/home/jqiao/spk_64bit/spk/objOutput/bskyb-brcm64bit/build_aarch64/staging_dir/lib -L/home/jqiao/spk_64bit/spk/objOutput/bskyb-brcm64bit/build_aarch64/staging_dir/usr/lib conftest.c  >&5
configure:3326: $? = 0
configure:3374: result: yes
configure:3377: checking for C compiler default output file name
configure:3379: result: a.out
configure:3385: checking for suffix of executables
configure:3392: /home/hperev/Documents/CDI/1-From-NAS/eric-same-dir/97271IP-Toolchain/stbgcc-4.8-1.5//bin/aarch64-linux-gcc -Os  -I/home/jqiao/spk_64bit/spk/objOutput/bskyb-brcm64bit/build_aarch64/staging_dir/include -I/home/jqiao/spk_64bit/spk/objOutput/bskyb-brcm64bit/build_aarch64/staging_dir/usr/include -I/home/hperev/Documents/CDI/1-From-NAS/eric-same-dir/97271IP-Toolchain/stbgcc-4.8-1.5//aarch64-linux/include -o conftest -Os  -I/home/jqiao/spk_64bit/spk/objOutput/bskyb-brcm64bit/build_aarch64/staging_dir/include -I/home/jqiao/spk_64bit/spk/objOutput/bskyb-brcm64bit/build_aarch64/staging_dir/usr/include -I/home/hperev/Documents/CDI/1-From-NAS/eric-same-dir/97271IP-Toolchain/stbgcc-4.8-1.5//aarch64-linux/include  -L/home/jqiao/spk_64bit/spk/objOutput/bskyb-brcm64bit/build_aarch64/staging_dir/lib -L/home/jqiao/spk_64bit/spk/objOutput/bskyb-brcm64bit/build_aarch64/staging_dir/usr/lib conftest.c  >&5
configure:3396: $? = 0
configure:3418: result: 
configure:3440: checking whether we are cross compiling
configure:3478: result: yes
configure:3483: checking for suffix of object files
configure:3505: /home/hperev/Documents/CDI/1-From-NAS/eric-same-dir/97271IP-Toolchain/stbgcc-4.8-1.5//bin/aarch64-linux-gcc -Os  -I/home/jqiao/spk_64bit/spk/objOutput/bskyb-brcm64bit/build_aarch64/staging_dir/include -I/home/jqiao/spk_64bit/spk/objOutput/bskyb-brcm64bit/build_aarch64/staging_dir/usr/include -I/home/hperev/Documents/CDI/1-From-NAS/eric-same-dir/97271IP-Toolchain/stbgcc-4.8-1.5//aarch64-linux/include -c -Os  -I/home/jqiao/spk_64bit/spk/objOutput/bskyb-brcm64bit/build_aarch64/staging_dir/include -I/home/jqiao/spk_64bit/spk/objOutput/bskyb-brcm64bit/build_aarch64/staging_dir/usr/include -I/home/hperev/Documents/CDI/1-From-NAS/eric-same-dir/97271IP-Toolchain/stbgcc-4.8-1.5//aarch64-linux/include  conftest.c >&5
configure:3509: $? = 0
configure:3530: result: o
configure:3534: checking whether we are using the GNU C compiler
configure:3553: /home/hperev/Documents/CDI/1-From-NAS/eric-same-dir/97271IP-Toolchain/stbgcc-4.8-1.5//bin/aarch64-linux-gcc -Os  -I/home/jqiao/spk_64bit/spk/objOutput/bskyb-brcm64bit/build_aarch64/staging_dir/include -I/home/jqiao/spk_64bit/spk/objOutput/bskyb-brcm64bit/build_aarch64/staging_dir/usr/include -I/home/hperev/Documents/CDI/1-From-NAS/eric-same-dir/97271IP-Toolchain/stbgcc-4.8-1.5//aarch64-linux/include -c -Os  -I/home/jqiao/spk_64bit/spk/objOutput/bskyb-brcm64bit/build_aarch64/staging_dir/include -I/home/jqiao/spk_64bit/spk/objOutput/bskyb-brcm64bit/build_aarch64/staging_dir/usr/include -I/home/hperev/Documents/CDI/1-From-NAS/eric-same-dir/97271IP-Toolchain/stbgcc-4.8-1.5//aarch64-linux/include  conftest.c >&5
configure:3553: $? = 0
configure:3562: result: yes
configure:3571: checking whether /home/hperev/Documents/CDI/1-From-NAS/eric-same-dir/97271IP-Toolchain/stbgcc-4.8-1.5//bin/aarch64-linux-gcc -Os  -I/home/jqiao/spk_64bit/spk/objOutput/bskyb-brcm64bit/build_aarch64/staging_dir/include -I/home/jqiao/spk_64bit/spk/objOutput/bskyb-brcm64bit/build_aarch64/staging_dir/usr/include -I/home/hperev/Documents/CDI/1-From-NAS/eric-same-dir/97271IP-Toolchain/stbgcc-4.8-1.5//aarch64-linux/include accepts -g
configure:3591: /home/hperev/Documents/CDI/1-From-NAS/eric-same-dir/97271IP-Toolchain/stbgcc-4.8-1.5//bin/aarch64-linux-gcc -Os  -I/home/jqiao/spk_64bit/spk/objOutput/bskyb-brcm64bit/build_aarch64/staging_dir/include -I/home/jqiao/spk_64bit/spk/objOutput/bskyb-brcm64bit/build_aarch64/staging_dir/usr/include -I/home/hperev/Documents/CDI/1-From-NAS/eric-same-dir/97271IP-Toolchain/stbgcc-4.8-1.5//aarch64-linux/include -c -g  conftest.c >&5
configure:3591: $? = 0
configure:3632: result: yes
configure:3649: checking for /home/hperev/Documents/CDI/1-From-NAS/eric-same-dir/97271IP-Toolchain/stbgcc-4.8-1.5//bin/aarch64-linux-gcc -Os  -I/home/jqiao/spk_64bit/spk/objOutput/bskyb-brcm64bit/build_aarch64/staging_dir/include -I/home/jqiao/spk_64bit/spk/objOutput/bskyb-brcm64bit/build_aarch64/staging_dir/usr/include -I/home/hperev/Documents/CDI/1-From-NAS/eric-same-dir/97271IP-Toolchain/stbgcc-4.8-1.5//aarch64-linux/include option to accept ISO C89
configure:3712: /home/hperev/Documents/CDI/1-From-NAS/eric-same-dir/97271IP-Toolchain/stbgcc-4.8-1.5//bin/aarch64-linux-gcc -Os  -I/home/jqiao/spk_64bit/spk/objOutput/bskyb-brcm64bit/build_aarch64/staging_dir/include -I/home/jqiao/spk_64bit/spk/objOutput/bskyb-brcm64bit/build_aarch64/staging_dir/usr/include -I/home/hperev/Documents/CDI/1-From-NAS/eric-same-dir/97271IP-Toolchain/stbgcc-4.8-1.5//aarch64-linux/include  -c -Os  -I/home/jqiao/spk_64bit/spk/objOutput/bskyb-brcm64bit/build_aarch64/staging_dir/include -I/home/jqiao/spk_64bit/spk/objOutput/bskyb-brcm64bit/build_aarch64/staging_dir/usr/include -I/home/hperev/Documents/CDI/1-From-NAS/eric-same-dir/97271IP-Toolchain/stbgcc-4.8-1.5//aarch64-linux/include  conftest.c >&5
configure:3712: $? = 0
configure:3725: result: none needed
configure:3747: checking dependency style of /home/hperev/Documents/CDI/1-From-NAS/eric-same-dir/97271IP-Toolchain/stbgcc-4.8-1.5//bin/aarch64-linux-gcc -Os  -I/home/jqiao/spk_64bit/spk/objOutput/bskyb-brcm64bit/build_aarch64/staging_dir/include -I/home/jqiao/spk_64bit/spk/objOutput/bskyb-brcm64bit/build_aarch64/staging_dir/usr/include -I/home/hperev/Documents/CDI/1-From-NAS/eric-same-dir/97271IP-Toolchain/stbgcc-4.8-1.5//aarch64-linux/include
configure:3858: result: gcc3
configure:3873: checking for a sed that does not truncate output
configure:3937: result: /home/jqiao/spk_64bit/spk/objOutput/bskyb-brcm64bit/toolchain_build_aarch64/bin/sed
configure:3955: checking for grep that handles long lines and -e
configure:4013: result: /bin/grep
configure:4018: checking for egrep
configure:4080: result: /bin/grep -E
configure:4085: checking for fgrep
configure:4147: result: /bin/grep -F
configure:4182: checking for ld used by /home/hperev/Documents/CDI/1-From-NAS/eric-same-dir/97271IP-Toolchain/stbgcc-4.8-1.5//bin/aarch64-linux-gcc -Os  -I/home/jqiao/spk_64bit/spk/objOutput/bskyb-brcm64bit/build_aarch64/staging_dir/include -I/home/jqiao/spk_64bit/spk/objOutput/bskyb-brcm64bit/build_aarch64/staging_dir/usr/include -I/home/hperev/Documents/CDI/1-From-NAS/eric-same-dir/97271IP-Toolchain/stbgcc-4.8-1.5//aarch64-linux/include
configure:4249: result: /home/hperev/Documents/CDI/1-From-NAS/eric-same-dir/97271IP-Toolchain/stbgcc-4.8-1.5//bin/aarch64-linux-ld
configure:4256: checking if the linker (/home/hperev/Documents/CDI/1-From-NAS/eric-same-dir/97271IP-Toolchain/stbgcc-4.8-1.5//bin/aarch64-linux-ld) is GNU ld
configure:4271: result: yes
configure:4283: checking for BSD- or MS-compatible name lister (nm)
configure:4332: result: /home/hperev/Documents/CDI/1-From-NAS/eric-same-dir/97271IP-Toolchain/stbgcc-4.8-1.5//bin/aarch64-linux-nm
configure:4462: checking the name lister (/home/hperev/Documents/CDI/1-From-NAS/eric-same-dir/97271IP-Toolchain/stbgcc-4.8-1.5//bin/aarch64-linux-nm) interface
configure:4469: /home/hperev/Documents/CDI/1-From-NAS/eric-same-dir/97271IP-Toolchain/stbgcc-4.8-1.5//bin/aarch64-linux-gcc -Os  -I/home/jqiao/spk_64bit/spk/objOutput/bskyb-brcm64bit/build_aarch64/staging_dir/include -I/home/jqiao/spk_64bit/spk/objOutput/bskyb-brcm64bit/build_aarch64/staging_dir/usr/include -I/home/hperev/Documents/CDI/1-From-NAS/eric-same-dir/97271IP-Toolchain/stbgcc-4.8-1.5//aarch64-linux/include -c -Os  -I/home/jqiao/spk_64bit/spk/objOutput/bskyb-brcm64bit/build_aarch64/staging_dir/include -I/home/jqiao/spk_64bit/spk/objOutput/bskyb-brcm64bit/build_aarch64/staging_dir/usr/include -I/home/hperev/Documents/CDI/1-From-NAS/eric-same-dir/97271IP-Toolchain/stbgcc-4.8-1.5//aarch64-linux/include  conftest.c >&5
configure:4472: /home/hperev/Documents/CDI/1-From-NAS/eric-same-dir/97271IP-Toolchain/stbgcc-4.8-1.5//bin/aarch64-linux-nm "conftest.o"
configure:4475: output
0000000000000000 B some_variable
configure:4482: result: BSD nm
configure:4485: checking whether ln -s works
configure:4489: result: yes
configure:4497: checking the maximum length of command line arguments
configure:4627: result: 3458764513820540925
configure:4644: checking whether the shell understands some XSI constructs
configure:4654: result: yes
configure:4658: checking whether the shell understands "+="
configure:4664: result: yes
configure:4699: checking how to convert x86_64-pc-linux-gnu file names to aarch64-unknown-linux-gnu format
configure:4739: result: func_convert_file_noop
configure:4746: checking how to convert x86_64-pc-linux-gnu file names to toolchain format
configure:4766: result: func_convert_file_noop
configure:4773: checking for /home/hperev/Documents/CDI/1-From-NAS/eric-same-dir/97271IP-Toolchain/stbgcc-4.8-1.5//bin/aarch64-linux-ld option to reload object files
configure:4780: result: -r
configure:4814: checking for aarch64-linux-objdump
configure:4830: found /home/hperev/Documents/CDI/1-From-NAS/eric-same-dir/97271IP-Toolchain/stbgcc-4.8-1.5//bin/aarch64-linux-objdump
configure:4841: result: aarch64-linux-objdump
configure:4913: checking how to recognize dependent libraries
configure:5115: result: pass_all
configure:5160: checking for aarch64-linux-dlltool
configure:5190: result: no
configure:5200: checking for dlltool
configure:5230: result: no
configure:5260: checking how to associate runtime and link libraries
configure:5287: result: printf %s\n
configure:5304: checking for aarch64-linux-ar
configure:5331: result: /home/hperev/Documents/CDI/1-From-NAS/eric-same-dir/97271IP-Toolchain/stbgcc-4.8-1.5//bin/aarch64-linux-ar
configure:5412: checking for archiver @FILE support
configure:5429: /home/hperev/Documents/CDI/1-From-NAS/eric-same-dir/97271IP-Toolchain/stbgcc-4.8-1.5//bin/aarch64-linux-gcc -Os  -I/home/jqiao/spk_64bit/spk/objOutput/bskyb-brcm64bit/build_aarch64/staging_dir/include -I/home/jqiao/spk_64bit/spk/objOutput/bskyb-brcm64bit/build_aarch64/staging_dir/usr/include -I/home/hperev/Documents/CDI/1-From-NAS/eric-same-dir/97271IP-Toolchain/stbgcc-4.8-1.5//aarch64-linux/include -c -Os  -I/home/jqiao/spk_64bit/spk/objOutput/bskyb-brcm64bit/build_aarch64/staging_dir/include -I/home/jqiao/spk_64bit/spk/objOutput/bskyb-brcm64bit/build_aarch64/staging_dir/usr/include -I/home/hperev/Documents/CDI/1-From-NAS/eric-same-dir/97271IP-Toolchain/stbgcc-4.8-1.5//aarch64-linux/include  conftest.c >&5
configure:5429: $? = 0
configure:5432: /home/hperev/Documents/CDI/1-From-NAS/eric-same-dir/97271IP-Toolchain/stbgcc-4.8-1.5//bin/aarch64-linux-ar cru libconftest.a @conftest.lst >&5
configure:5435: $? = 0
configure:5440: /home/hperev/Documents/CDI/1-From-NAS/eric-same-dir/97271IP-Toolchain/stbgcc-4.8-1.5//bin/aarch64-linux-ar cru libconftest.a @conftest.lst >&5
/home/hperev/Documents/CDI/1-From-NAS/eric-same-dir/97271IP-Toolchain/stbgcc-4.8-1.5//bin/aarch64-linux-ar: conftest.o: No such file or directory
configure:5443: $? = 1
configure:5455: result: @
configure:5473: checking for aarch64-linux-strip
configure:5500: result: /home/hperev/Documents/CDI/1-From-NAS/eric-same-dir/97271IP-Toolchain/stbgcc-4.8-1.5//bin/aarch64-linux-strip
configure:5572: checking for aarch64-linux-ranlib
configure:5599: result: /home/hperev/Documents/CDI/1-From-NAS/eric-same-dir/97271IP-Toolchain/stbgcc-4.8-1.5//bin/aarch64-linux-ranlib
configure:5741: checking command to parse /home/hperev/Documents/CDI/1-From-NAS/eric-same-dir/97271IP-Toolchain/stbgcc-4.8-1.5//bin/aarch64-linux-nm output from /home/hperev/Documents/CDI/1-From-NAS/eric-same-dir/97271IP-Toolchain/stbgcc-4.8-1.5//bin/aarch64-linux-gcc -Os  -I/home/jqiao/spk_64bit/spk/objOutput/bskyb-brcm64bit/build_aarch64/staging_dir/include -I/home/jqiao/spk_64bit/spk/objOutput/bskyb-brcm64bit/build_aarch64/staging_dir/usr/include -I/home/hperev/Documents/CDI/1-From-NAS/eric-same-dir/97271IP-Toolchain/stbgcc-4.8-1.5//aarch64-linux/include object
configure:5861: /home/hperev/Documents/CDI/1-From-NAS/eric-same-dir/97271IP-Toolchain/stbgcc-4.8-1.5//bin/aarch64-linux-gcc -Os  -I/home/jqiao/spk_64bit/spk/objOutput/bskyb-brcm64bit/build_aarch64/staging_dir/include -I/home/jqiao/spk_64bit/spk/objOutput/bskyb-brcm64bit/build_aarch64/staging_dir/usr/include -I/home/hperev/Documents/CDI/1-From-NAS/eric-same-dir/97271IP-Toolchain/stbgcc-4.8-1.5//aarch64-linux/include -c -Os  -I/home/jqiao/spk_64bit/spk/objOutput/bskyb-brcm64bit/build_aarch64/staging_dir/include -I/home/jqiao/spk_64bit/spk/objOutput/bskyb-brcm64bit/build_aarch64/staging_dir/usr/include -I/home/hperev/Documents/CDI/1-From-NAS/eric-same-dir/97271IP-Toolchain/stbgcc-4.8-1.5//aarch64-linux/include  conftest.c >&5
configure:5864: $? = 0
configure:5868: /home/hperev/Documents/CDI/1-From-NAS/eric-same-dir/97271IP-Toolchain/stbgcc-4.8-1.5//bin/aarch64-linux-nm conftest.o \| sed -n -e 's/^.*[ ]\([ABCDGIRSTW][ABCDGIRSTW]*\)[ ][ ]*\([_A-Za-z][_A-Za-z0-9]*\)$/\1 \2 \2/p' | sed '/ __gnu_lto/d' \> conftest.nm
configure:5871: $? = 0
configure:5937: /home/hperev/Documents/CDI/1-From-NAS/eric-same-dir/97271IP-Toolchain/stbgcc-4.8-1.5//bin/aarch64-linux-gcc -Os  -I/home/jqiao/spk_64bit/spk/objOutput/bskyb-brcm64bit/build_aarch64/staging_dir/include -I/home/jqiao/spk_64bit/spk/objOutput/bskyb-brcm64bit/build_aarch64/staging_dir/usr/include -I/home/hperev/Documents/CDI/1-From-NAS/eric-same-dir/97271IP-Toolchain/stbgcc-4.8-1.5//aarch64-linux/include -o conftest -Os  -I/home/jqiao/spk_64bit/spk/objOutput/bskyb-brcm64bit/build_aarch64/staging_dir/include -I/home/jqiao/spk_64bit/spk/objOutput/bskyb-brcm64bit/build_aarch64/staging_dir/usr/include -I/home/hperev/Documents/CDI/1-From-NAS/eric-same-dir/97271IP-Toolchain/stbgcc-4.8-1.5//aarch64-linux/include  -L/home/jqiao/spk_64bit/spk/objOutput/bskyb-brcm64bit/build_aarch64/staging_dir/lib -L/home/jqiao/spk_64bit/spk/objOutput/bskyb-brcm64bit/build_aarch64/staging_dir/usr/lib conftest.c conftstm.o >&5
configure:5940: $? = 0
configure:5978: result: ok
configure:6015: checking for sysroot
configure:6045: result: no
configure:6261: checking for aarch64-linux-mt
configure:6291: result: no
configure:6301: checking for mt
configure:6317: found /bin/mt
configure:6328: result: mt
configure:6340: WARNING: using cross tools not prefixed with host triplet
configure:6351: checking if mt is a manifest tool
configure:6357: mt '-?'
configure:6365: result: no
configure:7007: checking how to run the C preprocessor
configure:7077: result: /home/hperev/Documents/CDI/1-From-NAS/eric-same-dir/97271IP-Toolchain/stbgcc-4.8-1.5//bin/aarch64-linux-cpp -Os  -I/home/jqiao/spk_64bit/spk/objOutput/bskyb-brcm64bit/build_aarch64/staging_dir/include -I/home/jqiao/spk_64bit/spk/objOutput/bskyb-brcm64bit/build_aarch64/staging_dir/usr/include -I/home/hperev/Documents/CDI/1-From-NAS/eric-same-dir/97271IP-Toolchain/stbgcc-4.8-1.5//aarch64-linux/include
configure:7097: /home/hperev/Documents/CDI/1-From-NAS/eric-same-dir/97271IP-Toolchain/stbgcc-4.8-1.5//bin/aarch64-linux-cpp -Os  -I/home/jqiao/spk_64bit/spk/objOutput/bskyb-brcm64bit/build_aarch64/staging_dir/include -I/home/jqiao/spk_64bit/spk/objOutput/bskyb-brcm64bit/build_aarch64/staging_dir/usr/include -I/home/hperev/Documents/CDI/1-From-NAS/eric-same-dir/97271IP-Toolchain/stbgcc-4.8-1.5//aarch64-linux/include  conftest.c
configure:7097: $? = 0
configure:7111: /home/hperev/Documents/CDI/1-From-NAS/eric-same-dir/97271IP-Toolchain/stbgcc-4.8-1.5//bin/aarch64-linux-cpp -Os  -I/home/jqiao/spk_64bit/spk/objOutput/bskyb-brcm64bit/build_aarch64/staging_dir/include -I/home/jqiao/spk_64bit/spk/objOutput/bskyb-brcm64bit/build_aarch64/staging_dir/usr/include -I/home/hperev/Documents/CDI/1-From-NAS/eric-same-dir/97271IP-Toolchain/stbgcc-4.8-1.5//aarch64-linux/include  conftest.c
conftest.c:11:28: fatal error: ac_nonexistent.h: No such file or directory
 #include <ac_nonexistent.h>
                            ^
compilation terminated.
configure:7111: $? = 1
configure: failed program was:
| /* confdefs.h */
| #define PACKAGE_NAME "minizip"
| #define PACKAGE_TARNAME "minizip"
| #define PACKAGE_VERSION "1.2.8"
| #define PACKAGE_STRING "minizip 1.2.8"
| #define PACKAGE_BUGREPORT "bugzilla.redhat.com"
| #define PACKAGE_URL ""
| #define PACKAGE "minizip"
| #define VERSION "1.2.8"
| /* end confdefs.h.  */
| #include <ac_nonexistent.h>
configure:7140: checking for ANSI C header files
configure:7160: /home/hperev/Documents/CDI/1-From-NAS/eric-same-dir/97271IP-Toolchain/stbgcc-4.8-1.5//bin/aarch64-linux-gcc -Os  -I/home/jqiao/spk_64bit/spk/objOutput/bskyb-brcm64bit/build_aarch64/staging_dir/include -I/home/jqiao/spk_64bit/spk/objOutput/bskyb-brcm64bit/build_aarch64/staging_dir/usr/include -I/home/hperev/Documents/CDI/1-From-NAS/eric-same-dir/97271IP-Toolchain/stbgcc-4.8-1.5//aarch64-linux/include -c -Os  -I/home/jqiao/spk_64bit/spk/objOutput/bskyb-brcm64bit/build_aarch64/staging_dir/include -I/home/jqiao/spk_64bit/spk/objOutput/bskyb-brcm64bit/build_aarch64/staging_dir/usr/include -I/home/hperev/Documents/CDI/1-From-NAS/eric-same-dir/97271IP-Toolchain/stbgcc-4.8-1.5//aarch64-linux/include  conftest.c >&5
configure:7160: $? = 0
configure:7244: result: yes
configure:7257: checking for sys/types.h
configure:7257: /home/hperev/Documents/CDI/1-From-NAS/eric-same-dir/97271IP-Toolchain/stbgcc-4.8-1.5//bin/aarch64-linux-gcc -Os  -I/home/jqiao/spk_64bit/spk/objOutput/bskyb-brcm64bit/build_aarch64/staging_dir/include -I/home/jqiao/spk_64bit/spk/objOutput/bskyb-brcm64bit/build_aarch64/staging_dir/usr/include -I/home/hperev/Documents/CDI/1-From-NAS/eric-same-dir/97271IP-Toolchain/stbgcc-4.8-1.5//aarch64-linux/include -c -Os  -I/home/jqiao/spk_64bit/spk/objOutput/bskyb-brcm64bit/build_aarch64/staging_dir/include -I/home/jqiao/spk_64bit/spk/objOutput/bskyb-brcm64bit/build_aarch64/staging_dir/usr/include -I/home/hperev/Documents/CDI/1-From-NAS/eric-same-dir/97271IP-Toolchain/stbgcc-4.8-1.5//aarch64-linux/include  conftest.c >&5
configure:7257: $? = 0
configure:7257: result: yes
configure:7257: checking for sys/stat.h
configure:7257: /home/hperev/Documents/CDI/1-From-NAS/eric-same-dir/97271IP-Toolchain/stbgcc-4.8-1.5//bin/aarch64-linux-gcc -Os  -I/home/jqiao/spk_64bit/spk/objOutput/bskyb-brcm64bit/build_aarch64/staging_dir/include -I/home/jqiao/spk_64bit/spk/objOutput/bskyb-brcm64bit/build_aarch64/staging_dir/usr/include -I/home/hperev/Documents/CDI/1-From-NAS/eric-same-dir/97271IP-Toolchain/stbgcc-4.8-1.5//aarch64-linux/include -c -Os  -I/home/jqiao/spk_64bit/spk/objOutput/bskyb-brcm64bit/build_aarch64/staging_dir/include -I/home/jqiao/spk_64bit/spk/objOutput/bskyb-brcm64bit/build_aarch64/staging_dir/usr/include -I/home/hperev/Documents/CDI/1-From-NAS/eric-same-dir/97271IP-Toolchain/stbgcc-4.8-1.5//aarch64-linux/include  conftest.c >&5
configure:7257: $? = 0
configure:7257: result: yes
configure:7257: checking for stdlib.h
configure:7257: /home/hperev/Documents/CDI/1-From-NAS/eric-same-dir/97271IP-Toolchain/stbgcc-4.8-1.5//bin/aarch64-linux-gcc -Os  -I/home/jqiao/spk_64bit/spk/objOutput/bskyb-brcm64bit/build_aarch64/staging_dir/include -I/home/jqiao/spk_64bit/spk/objOutput/bskyb-brcm64bit/build_aarch64/staging_dir/usr/include -I/home/hperev/Documents/CDI/1-From-NAS/eric-same-dir/97271IP-Toolchain/stbgcc-4.8-1.5//aarch64-linux/include -c -Os  -I/home/jqiao/spk_64bit/spk/objOutput/bskyb-brcm64bit/build_aarch64/staging_dir/include -I/home/jqiao/spk_64bit/spk/objOutput/bskyb-brcm64bit/build_aarch64/staging_dir/usr/include -I/home/hperev/Documents/CDI/1-From-NAS/eric-same-dir/97271IP-Toolchain/stbgcc-4.8-1.5//aarch64-linux/include  conftest.c >&5
configure:7257: $? = 0
configure:7257: result: yes
configure:7257: checking for string.h
configure:7257: /home/hperev/Documents/CDI/1-From-NAS/eric-same-dir/97271IP-Toolchain/stbgcc-4.8-1.5//bin/aarch64-linux-gcc -Os  -I/home/jqiao/spk_64bit/spk/objOutput/bskyb-brcm64bit/build_aarch64/staging_dir/include -I/home/jqiao/spk_64bit/spk/objOutput/bskyb-brcm64bit/build_aarch64/staging_dir/usr/include -I/home/hperev/Documents/CDI/1-From-NAS/eric-same-dir/97271IP-Toolchain/stbgcc-4.8-1.5//aarch64-linux/include -c -Os  -I/home/jqiao/spk_64bit/spk/objOutput/bskyb-brcm64bit/build_aarch64/staging_dir/include -I/home/jqiao/spk_64bit/spk/objOutput/bskyb-brcm64bit/build_aarch64/staging_dir/usr/include -I/home/hperev/Documents/CDI/1-From-NAS/eric-same-dir/97271IP-Toolchain/stbgcc-4.8-1.5//aarch64-linux/include  conftest.c >&5
configure:7257: $? = 0
configure:7257: result: yes
configure:7257: checking for memory.h
configure:7257: /home/hperev/Documents/CDI/1-From-NAS/eric-same-dir/97271IP-Toolchain/stbgcc-4.8-1.5//bin/aarch64-linux-gcc -Os  -I/home/jqiao/spk_64bit/spk/objOutput/bskyb-brcm64bit/build_aarch64/staging_dir/include -I/home/jqiao/spk_64bit/spk/objOutput/bskyb-brcm64bit/build_aarch64/staging_dir/usr/include -I/home/hperev/Documents/CDI/1-From-NAS/eric-same-dir/97271IP-Toolchain/stbgcc-4.8-1.5//aarch64-linux/include -c -Os  -I/home/jqiao/spk_64bit/spk/objOutput/bskyb-brcm64bit/build_aarch64/staging_dir/include -I/home/jqiao/spk_64bit/spk/objOutput/bskyb-brcm64bit/build_aarch64/staging_dir/usr/include -I/home/hperev/Documents/CDI/1-From-NAS/eric-same-dir/97271IP-Toolchain/stbgcc-4.8-1.5//aarch64-linux/include  conftest.c >&5
configure:7257: $? = 0
configure:7257: result: yes
configure:7257: checking for strings.h
configure:7257: /home/hperev/Documents/CDI/1-From-NAS/eric-same-dir/97271IP-Toolchain/stbgcc-4.8-1.5//bin/aarch64-linux-gcc -Os  -I/home/jqiao/spk_64bit/spk/objOutput/bskyb-brcm64bit/build_aarch64/staging_dir/include -I/home/jqiao/spk_64bit/spk/objOutput/bskyb-brcm64bit/build_aarch64/staging_dir/usr/include -I/home/hperev/Documents/CDI/1-From-NAS/eric-same-dir/97271IP-Toolchain/stbgcc-4.8-1.5//aarch64-linux/include -c -Os  -I/home/jqiao/spk_64bit/spk/objOutput/bskyb-brcm64bit/build_aarch64/staging_dir/include -I/home/jqiao/spk_64bit/spk/objOutput/bskyb-brcm64bit/build_aarch64/staging_dir/usr/include -I/home/hperev/Documents/CDI/1-From-NAS/eric-same-dir/97271IP-Toolchain/stbgcc-4.8-1.5//aarch64-linux/include  conftest.c >&5
configure:7257: $? = 0
configure:7257: result: yes
configure:7257: checking for inttypes.h
configure:7257: /home/hperev/Documents/CDI/1-From-NAS/eric-same-dir/97271IP-Toolchain/stbgcc-4.8-1.5//bin/aarch64-linux-gcc -Os  -I/home/jqiao/spk_64bit/spk/objOutput/bskyb-brcm64bit/build_aarch64/staging_dir/include -I/home/jqiao/spk_64bit/spk/objOutput/bskyb-brcm64bit/build_aarch64/staging_dir/usr/include -I/home/hperev/Documents/CDI/1-From-NAS/eric-same-dir/97271IP-Toolchain/stbgcc-4.8-1.5//aarch64-linux/include -c -Os  -I/home/jqiao/spk_64bit/spk/objOutput/bskyb-brcm64bit/build_aarch64/staging_dir/include -I/home/jqiao/spk_64bit/spk/objOutput/bskyb-brcm64bit/build_aarch64/staging_dir/usr/include -I/home/hperev/Documents/CDI/1-From-NAS/eric-same-dir/97271IP-Toolchain/stbgcc-4.8-1.5//aarch64-linux/include  conftest.c >&5
configure:7257: $? = 0
configure:7257: result: yes
configure:7257: checking for stdint.h
configure:7257: /home/hperev/Documents/CDI/1-From-NAS/eric-same-dir/97271IP-Toolchain/stbgcc-4.8-1.5//bin/aarch64-linux-gcc -Os  -I/home/jqiao/spk_64bit/spk/objOutput/bskyb-brcm64bit/build_aarch64/staging_dir/include -I/home/jqiao/spk_64bit/spk/objOutput/bskyb-brcm64bit/build_aarch64/staging_dir/usr/include -I/home/hperev/Documents/CDI/1-From-NAS/eric-same-dir/97271IP-Toolchain/stbgcc-4.8-1.5//aarch64-linux/include -c -Os  -I/home/jqiao/spk_64bit/spk/objOutput/bskyb-brcm64bit/build_aarch64/staging_dir/include -I/home/jqiao/spk_64bit/spk/objOutput/bskyb-brcm64bit/build_aarch64/staging_dir/usr/include -I/home/hperev/Documents/CDI/1-From-NAS/eric-same-dir/97271IP-Toolchain/stbgcc-4.8-1.5//aarch64-linux/include  conftest.c >&5
configure:7257: $? = 0
configure:7257: result: yes
configure:7257: checking for unistd.h
configure:7257: /home/hperev/Documents/CDI/1-From-NAS/eric-same-dir/97271IP-Toolchain/stbgcc-4.8-1.5//bin/aarch64-linux-gcc -Os  -I/home/jqiao/spk_64bit/spk/objOutput/bskyb-brcm64bit/build_aarch64/staging_dir/include -I/home/jqiao/spk_64bit/spk/objOutput/bskyb-brcm64bit/build_aarch64/staging_dir/usr/include -I/home/hperev/Documents/CDI/1-From-NAS/eric-same-dir/97271IP-Toolchain/stbgcc-4.8-1.5//aarch64-linux/include -c -Os  -I/home/jqiao/spk_64bit/spk/objOutput/bskyb-brcm64bit/build_aarch64/staging_dir/include -I/home/jqiao/spk_64bit/spk/objOutput/bskyb-brcm64bit/build_aarch64/staging_dir/usr/include -I/home/hperev/Documents/CDI/1-From-NAS/eric-same-dir/97271IP-Toolchain/stbgcc-4.8-1.5//aarch64-linux/include  conftest.c >&5
configure:7257: $? = 0
configure:7257: result: yes
configure:7271: checking for dlfcn.h
configure:7271: /home/hperev/Documents/CDI/1-From-NAS/eric-same-dir/97271IP-Toolchain/stbgcc-4.8-1.5//bin/aarch64-linux-gcc -Os  -I/home/jqiao/spk_64bit/spk/objOutput/bskyb-brcm64bit/build_aarch64/staging_dir/include -I/home/jqiao/spk_64bit/spk/objOutput/bskyb-brcm64bit/build_aarch64/staging_dir/usr/include -I/home/hperev/Documents/CDI/1-From-NAS/eric-same-dir/97271IP-Toolchain/stbgcc-4.8-1.5//aarch64-linux/include -c -Os  -I/home/jqiao/spk_64bit/spk/objOutput/bskyb-brcm64bit/build_aarch64/staging_dir/include -I/home/jqiao/spk_64bit/spk/objOutput/bskyb-brcm64bit/build_aarch64/staging_dir/usr/include -I/home/hperev/Documents/CDI/1-From-NAS/eric-same-dir/97271IP-Toolchain/stbgcc-4.8-1.5//aarch64-linux/include  conftest.c >&5
configure:7271: $? = 0
configure:7271: result: yes
configure:7477: checking for objdir
configure:7492: result: .libs
configure:7759: checking if /home/hperev/Documents/CDI/1-From-NAS/eric-same-dir/97271IP-Toolchain/stbgcc-4.8-1.5//bin/aarch64-linux-gcc -Os  -I/home/jqiao/spk_64bit/spk/objOutput/bskyb-brcm64bit/build_aarch64/staging_dir/include -I/home/jqiao/spk_64bit/spk/objOutput/bskyb-brcm64bit/build_aarch64/staging_dir/usr/include -I/home/hperev/Documents/CDI/1-From-NAS/eric-same-dir/97271IP-Toolchain/stbgcc-4.8-1.5//aarch64-linux/include supports -fno-rtti -fno-exceptions
configure:7777: /home/hperev/Documents/CDI/1-From-NAS/eric-same-dir/97271IP-Toolchain/stbgcc-4.8-1.5//bin/aarch64-linux-gcc -Os  -I/home/jqiao/spk_64bit/spk/objOutput/bskyb-brcm64bit/build_aarch64/staging_dir/include -I/home/jqiao/spk_64bit/spk/objOutput/bskyb-brcm64bit/build_aarch64/staging_dir/usr/include -I/home/hperev/Documents/CDI/1-From-NAS/eric-same-dir/97271IP-Toolchain/stbgcc-4.8-1.5//aarch64-linux/include -c -Os  -I/home/jqiao/spk_64bit/spk/objOutput/bskyb-brcm64bit/build_aarch64/staging_dir/include -I/home/jqiao/spk_64bit/spk/objOutput/bskyb-brcm64bit/build_aarch64/staging_dir/usr/include -I/home/hperev/Documents/CDI/1-From-NAS/eric-same-dir/97271IP-Toolchain/stbgcc-4.8-1.5//aarch64-linux/include  -fno-rtti -fno-exceptions conftest.c >&5
cc1: warning: command line option '-fno-rtti' is valid for C++/ObjC++ but not for C [enabled by default]
configure:7781: $? = 0
configure:7794: result: no
configure:8121: checking for /home/hperev/Documents/CDI/1-From-NAS/eric-same-dir/97271IP-Toolchain/stbgcc-4.8-1.5//bin/aarch64-linux-gcc -Os  -I/home/jqiao/spk_64bit/spk/objOutput/bskyb-brcm64bit/build_aarch64/staging_dir/include -I/home/jqiao/spk_64bit/spk/objOutput/bskyb-brcm64bit/build_aarch64/staging_dir/usr/include -I/home/hperev/Documents/CDI/1-From-NAS/eric-same-dir/97271IP-Toolchain/stbgcc-4.8-1.5//aarch64-linux/include option to produce PIC
configure:8128: result: -fPIC -DPIC
configure:8136: checking if /home/hperev/Documents/CDI/1-From-NAS/eric-same-dir/97271IP-Toolchain/stbgcc-4.8-1.5//bin/aarch64-linux-gcc -Os  -I/home/jqiao/spk_64bit/spk/objOutput/bskyb-brcm64bit/build_aarch64/staging_dir/include -I/home/jqiao/spk_64bit/spk/objOutput/bskyb-brcm64bit/build_aarch64/staging_dir/usr/include -I/home/hperev/Documents/CDI/1-From-NAS/eric-same-dir/97271IP-Toolchain/stbgcc-4.8-1.5//aarch64-linux/include PIC flag -fPIC -DPIC works
configure:8154: /home/hperev/Documents/CDI/1-From-NAS/eric-same-dir/97271IP-Toolchain/stbgcc-4.8-1.5//bin/aarch64-linux-gcc -Os  -I/home/jqiao/spk_64bit/spk/objOutput/bskyb-brcm64bit/build_aarch64/staging_dir/include -I/home/jqiao/spk_64bit/spk/objOutput/bskyb-brcm64bit/build_aarch64/staging_dir/usr/include -I/home/hperev/Documents/CDI/1-From-NAS/eric-same-dir/97271IP-Toolchain/stbgcc-4.8-1.5//aarch64-linux/include -c -Os  -I/home/jqiao/spk_64bit/spk/objOutput/bskyb-brcm64bit/build_aarch64/staging_dir/include -I/home/jqiao/spk_64bit/spk/objOutput/bskyb-brcm64bit/build_aarch64/staging_dir/usr/include -I/home/hperev/Documents/CDI/1-From-NAS/eric-same-dir/97271IP-Toolchain/stbgcc-4.8-1.5//aarch64-linux/include  -fPIC -DPIC -DPIC conftest.c >&5
configure:8158: $? = 0
configure:8171: result: yes
configure:8200: checking if /home/hperev/Documents/CDI/1-From-NAS/eric-same-dir/97271IP-Toolchain/stbgcc-4.8-1.5//bin/aarch64-linux-gcc -Os  -I/home/jqiao/spk_64bit/spk/objOutput/bskyb-brcm64bit/build_aarch64/staging_dir/include -I/home/jqiao/spk_64bit/spk/objOutput/bskyb-brcm64bit/build_aarch64/staging_dir/usr/include -I/home/hperev/Documents/CDI/1-From-NAS/eric-same-dir/97271IP-Toolchain/stbgcc-4.8-1.5//aarch64-linux/include static flag -static works
configure:8228: result: yes
configure:8243: checking if /home/hperev/Documents/CDI/1-From-NAS/eric-same-dir/97271IP-Toolchain/stbgcc-4.8-1.5//bin/aarch64-linux-gcc -Os  -I/home/jqiao/spk_64bit/spk/objOutput/bskyb-brcm64bit/build_aarch64/staging_dir/include -I/home/jqiao/spk_64bit/spk/objOutput/bskyb-brcm64bit/build_aarch64/staging_dir/usr/include -I/home/hperev/Documents/CDI/1-From-NAS/eric-same-dir/97271IP-Toolchain/stbgcc-4.8-1.5//aarch64-linux/include supports -c -o file.o
configure:8264: /home/hperev/Documents/CDI/1-From-NAS/eric-same-dir/97271IP-Toolchain/stbgcc-4.8-1.5//bin/aarch64-linux-gcc -Os  -I/home/jqiao/spk_64bit/spk/objOutput/bskyb-brcm64bit/build_aarch64/staging_dir/include -I/home/jqiao/spk_64bit/spk/objOutput/bskyb-brcm64bit/build_aarch64/staging_dir/usr/include -I/home/hperev/Documents/CDI/1-From-NAS/eric-same-dir/97271IP-Toolchain/stbgcc-4.8-1.5//aarch64-linux/include -c -Os  -I/home/jqiao/spk_64bit/spk/objOutput/bskyb-brcm64bit/build_aarch64/staging_dir/include -I/home/jqiao/spk_64bit/spk/objOutput/bskyb-brcm64bit/build_aarch64/staging_dir/usr/include -I/home/hperev/Documents/CDI/1-From-NAS/eric-same-dir/97271IP-Toolchain/stbgcc-4.8-1.5//aarch64-linux/include  -o out/conftest2.o conftest.c >&5
configure:8268: $? = 0
configure:8290: result: yes
configure:8298: checking if /home/hperev/Documents/CDI/1-From-NAS/eric-same-dir/97271IP-Toolchain/stbgcc-4.8-1.5//bin/aarch64-linux-gcc -Os  -I/home/jqiao/spk_64bit/spk/objOutput/bskyb-brcm64bit/build_aarch64/staging_dir/include -I/home/jqiao/spk_64bit/spk/objOutput/bskyb-brcm64bit/build_aarch64/staging_dir/usr/include -I/home/hperev/Documents/CDI/1-From-NAS/eric-same-dir/97271IP-Toolchain/stbgcc-4.8-1.5//aarch64-linux/include supports -c -o file.o
configure:8345: result: yes
configure:8378: checking whether the /home/hperev/Documents/CDI/1-From-NAS/eric-same-dir/97271IP-Toolchain/stbgcc-4.8-1.5//bin/aarch64-linux-gcc -Os  -I/home/jqiao/spk_64bit/spk/objOutput/bskyb-brcm64bit/build_aarch64/staging_dir/include -I/home/jqiao/spk_64bit/spk/objOutput/bskyb-brcm64bit/build_aarch64/staging_dir/usr/include -I/home/hperev/Documents/CDI/1-From-NAS/eric-same-dir/97271IP-Toolchain/stbgcc-4.8-1.5//aarch64-linux/include linker (/home/hperev/Documents/CDI/1-From-NAS/eric-same-dir/97271IP-Toolchain/stbgcc-4.8-1.5//bin/aarch64-linux-ld) supports shared libraries
configure:9531: result: yes
configure:9568: checking whether -lc should be explicitly linked in
configure:9576: /home/hperev/Documents/CDI/1-From-NAS/eric-same-dir/97271IP-Toolchain/stbgcc-4.8-1.5//bin/aarch64-linux-gcc -Os  -I/home/jqiao/spk_64bit/spk/objOutput/bskyb-brcm64bit/build_aarch64/staging_dir/include -I/home/jqiao/spk_64bit/spk/objOutput/bskyb-brcm64bit/build_aarch64/staging_dir/usr/include -I/home/hperev/Documents/CDI/1-From-NAS/eric-same-dir/97271IP-Toolchain/stbgcc-4.8-1.5//aarch64-linux/include -c -Os  -I/home/jqiao/spk_64bit/spk/objOutput/bskyb-brcm64bit/build_aarch64/staging_dir/include -I/home/jqiao/spk_64bit/spk/objOutput/bskyb-brcm64bit/build_aarch64/staging_dir/usr/include -I/home/hperev/Documents/CDI/1-From-NAS/eric-same-dir/97271IP-Toolchain/stbgcc-4.8-1.5//aarch64-linux/include  conftest.c >&5
configure:9579: $? = 0
configure:9594: /home/hperev/Documents/CDI/1-From-NAS/eric-same-dir/97271IP-Toolchain/stbgcc-4.8-1.5//bin/aarch64-linux-gcc -Os  -I/home/jqiao/spk_64bit/spk/objOutput/bskyb-brcm64bit/build_aarch64/staging_dir/include -I/home/jqiao/spk_64bit/spk/objOutput/bskyb-brcm64bit/build_aarch64/staging_dir/usr/include -I/home/hperev/Documents/CDI/1-From-NAS/eric-same-dir/97271IP-Toolchain/stbgcc-4.8-1.5//aarch64-linux/include -shared  -fPIC -DPIC conftest.o  -v -Wl,-soname -Wl,conftest -o conftest 2\>\&1 \| /bin/grep  -lc  \>/dev/null 2\>\&1
configure:9597: $? = 0
configure:9611: result: no
configure:9771: checking dynamic linker characteristics
configure:10282: /home/hperev/Documents/CDI/1-From-NAS/eric-same-dir/97271IP-Toolchain/stbgcc-4.8-1.5//bin/aarch64-linux-gcc -Os  -I/home/jqiao/spk_64bit/spk/objOutput/bskyb-brcm64bit/build_aarch64/staging_dir/include -I/home/jqiao/spk_64bit/spk/objOutput/bskyb-brcm64bit/build_aarch64/staging_dir/usr/include -I/home/hperev/Documents/CDI/1-From-NAS/eric-same-dir/97271IP-Toolchain/stbgcc-4.8-1.5//aarch64-linux/include -o conftest -Os  -I/home/jqiao/spk_64bit/spk/objOutput/bskyb-brcm64bit/build_aarch64/staging_dir/include -I/home/jqiao/spk_64bit/spk/objOutput/bskyb-brcm64bit/build_aarch64/staging_dir/usr/include -I/home/hperev/Documents/CDI/1-From-NAS/eric-same-dir/97271IP-Toolchain/stbgcc-4.8-1.5//aarch64-linux/include  -L/home/jqiao/spk_64bit/spk/objOutput/bskyb-brcm64bit/build_aarch64/staging_dir/lib -L/home/jqiao/spk_64bit/spk/objOutput/bskyb-brcm64bit/build_aarch64/staging_dir/usr/lib -Wl,-rpath -Wl,/foo conftest.c  >&5
configure:10282: $? = 0
configure:10504: result: GNU/Linux ld.so
configure:10611: checking how to hardcode library paths into programs
configure:10636: result: immediate
configure:11176: checking whether stripping libraries is possible
configure:11181: result: yes
configure:11216: checking if libtool supports shared libraries
configure:11218: result: yes
configure:11221: checking whether to build shared libraries
configure:11242: result: yes
configure:11245: checking whether to build static libraries
configure:11249: result: yes
configure:11287: checking whether to build example programs
configure:11307: result: no
configure:11330: checking for unistd.h
configure:11330: result: yes
configure:11483: checking that generated files are newer than configure
configure:11489: result: done
configure:11520: creating ./config.status

## ---------------------- ##
## Running config.status. ##
## ---------------------- ##

This file was extended by minizip config.status 1.2.8, which was
generated by GNU Autoconf 2.69.  Invocation command line was

  CONFIG_FILES    = 
  CONFIG_HEADERS  = 
  CONFIG_LINKS    = 
  CONFIG_COMMANDS = 
  $ ./config.status 

on columbia

config.status:1011: creating Makefile
config.status:1011: creating minizip.pc
config.status:1183: executing depfiles commands
config.status:1183: executing libtool commands
configure:13554: WARNING: unrecognized options: --disable-nls

## ---------------- ##
## Cache variables. ##
## ---------------- ##

ac_cv_build=x86_64-pc-linux-gnu
ac_cv_c_bigendian=no
ac_cv_c_compiler_gnu=yes
ac_cv_env_CC_set=set
ac_cv_env_CC_value='/home/hperev/Documents/CDI/1-From-NAS/eric-same-dir/97271IP-Toolchain/stbgcc-4.8-1.5//bin/aarch64-linux-gcc -Os  -I/home/jqiao/spk_64bit/spk/objOutput/bskyb-brcm64bit/build_aarch64/staging_dir/include -I/home/jqiao/spk_64bit/spk/objOutput/bskyb-brcm64bit/build_aarch64/staging_dir/usr/include -I/home/hperev/Documents/CDI/1-From-NAS/eric-same-dir/97271IP-Toolchain/stbgcc-4.8-1.5//aarch64-linux/include'
ac_cv_env_CFLAGS_set=set
ac_cv_env_CFLAGS_value='-Os  -I/home/jqiao/spk_64bit/spk/objOutput/bskyb-brcm64bit/build_aarch64/staging_dir/include -I/home/jqiao/spk_64bit/spk/objOutput/bskyb-brcm64bit/build_aarch64/staging_dir/usr/include -I/home/hperev/Documents/CDI/1-From-NAS/eric-same-dir/97271IP-Toolchain/stbgcc-4.8-1.5//aarch64-linux/include'
ac_cv_env_CPPFLAGS_set=
ac_cv_env_CPPFLAGS_value=
ac_cv_env_CPP_set=set
ac_cv_env_CPP_value='/home/hperev/Documents/CDI/1-From-NAS/eric-same-dir/97271IP-Toolchain/stbgcc-4.8-1.5//bin/aarch64-linux-cpp -Os  -I/home/jqiao/spk_64bit/spk/objOutput/bskyb-brcm64bit/build_aarch64/staging_dir/include -I/home/jqiao/spk_64bit/spk/objOutput/bskyb-brcm64bit/build_aarch64/staging_dir/usr/include -I/home/hperev/Documents/CDI/1-From-NAS/eric-same-dir/97271IP-Toolchain/stbgcc-4.8-1.5//aarch64-linux/include'
ac_cv_env_LDFLAGS_set=set
ac_cv_env_LDFLAGS_value='-L/home/jqiao/spk_64bit/spk/objOutput/bskyb-brcm64bit/build_aarch64/staging_dir/lib -L/home/jqiao/spk_64bit/spk/objOutput/bskyb-brcm64bit/build_aarch64/staging_dir/usr/lib'
ac_cv_env_LIBS_set=
ac_cv_env_LIBS_value=
ac_cv_env_build_alias_set=set
ac_cv_env_build_alias_value=x86_64-pc-linux-gnu
ac_cv_env_host_alias_set=set
ac_cv_env_host_alias_value=aarch64-linux
ac_cv_env_target_alias_set=set
ac_cv_env_target_alias_value=aarch64-linux
ac_cv_func_calloc_0_nonnull=yes
ac_cv_func_malloc_0_nonnull=yes
ac_cv_func_memcmp_working=yes
ac_cv_func_mmap_fixed_mapped=yes
ac_cv_func_realloc_0_nonnull=yes
ac_cv_have_decl_malloc=yes
ac_cv_header_dlfcn_h=yes
ac_cv_header_inttypes_h=yes
ac_cv_header_memory_h=yes
ac_cv_header_stdc=yes
ac_cv_header_stdint_h=yes
ac_cv_header_stdlib_h=yes
ac_cv_header_string_h=yes
ac_cv_header_strings_h=yes
ac_cv_header_sys_stat_h=yes
ac_cv_header_sys_types_h=yes
ac_cv_header_unistd_h=yes
ac_cv_host=aarch64-unknown-linux-gnu
ac_cv_lbl_unaligned_fail=yes
ac_cv_objext=o
ac_cv_path_EGREP='/bin/grep -E'
ac_cv_path_FGREP='/bin/grep -F'
ac_cv_path_GREP=/bin/grep
ac_cv_path_SED=/home/jqiao/spk_64bit/spk/objOutput/bskyb-brcm64bit/toolchain_build_aarch64/bin/sed
ac_cv_path_install='/usr/bin/install -c'
ac_cv_path_mkdir=/bin/mkdir
ac_cv_prog_AR=/home/hperev/Documents/CDI/1-From-NAS/eric-same-dir/97271IP-Toolchain/stbgcc-4.8-1.5//bin/aarch64-linux-ar
ac_cv_prog_AWK=gawk
ac_cv_prog_CC='/home/hperev/Documents/CDI/1-From-NAS/eric-same-dir/97271IP-Toolchain/stbgcc-4.8-1.5//bin/aarch64-linux-gcc -Os  -I/home/jqiao/spk_64bit/spk/objOutput/bskyb-brcm64bit/build_aarch64/staging_dir/include -I/home/jqiao/spk_64bit/spk/objOutput/bskyb-brcm64bit/build_aarch64/staging_dir/usr/include -I/home/hperev/Documents/CDI/1-From-NAS/eric-same-dir/97271IP-Toolchain/stbgcc-4.8-1.5//aarch64-linux/include'
ac_cv_prog_CPP='/home/hperev/Documents/CDI/1-From-NAS/eric-same-dir/97271IP-Toolchain/stbgcc-4.8-1.5//bin/aarch64-linux-cpp -Os  -I/home/jqiao/spk_64bit/spk/objOutput/bskyb-brcm64bit/build_aarch64/staging_dir/include -I/home/jqiao/spk_64bit/spk/objOutput/bskyb-brcm64bit/build_aarch64/staging_dir/usr/include -I/home/hperev/Documents/CDI/1-From-NAS/eric-same-dir/97271IP-Toolchain/stbgcc-4.8-1.5//aarch64-linux/include'
ac_cv_prog_OBJDUMP=aarch64-linux-objdump
ac_cv_prog_RANLIB=/home/hperev/Documents/CDI/1-From-NAS/eric-same-dir/97271IP-Toolchain/stbgcc-4.8-1.5//bin/aarch64-linux-ranlib
ac_cv_prog_STRIP=/home/hperev/Documents/CDI/1-From-NAS/eric-same-dir/97271IP-Toolchain/stbgcc-4.8-1.5//bin/aarch64-linux-strip
ac_cv_prog_ac_ct_MANIFEST_TOOL=mt
ac_cv_prog_cc_c89=
ac_cv_prog_cc_g=yes
ac_cv_prog_make_make_set=yes
am_cv_CC_dependencies_compiler_type=gcc3
gl_cv_func_malloc_0_nonnull=yes
lt_cv_ar_at_file=@
lt_cv_archive_cmds_need_lc=no
lt_cv_deplibs_check_method=pass_all
lt_cv_file_magic_cmd='$MAGIC_CMD'
lt_cv_file_magic_test_file=
lt_cv_ld_reload_flag=-r
lt_cv_nm_interface='BSD nm'
lt_cv_objdir=.libs
lt_cv_path_LD=/home/hperev/Documents/CDI/1-From-NAS/eric-same-dir/97271IP-Toolchain/stbgcc-4.8-1.5//bin/aarch64-linux-ld
lt_cv_path_NM=/home/hperev/Documents/CDI/1-From-NAS/eric-same-dir/97271IP-Toolchain/stbgcc-4.8-1.5//bin/aarch64-linux-nm
lt_cv_path_mainfest_tool=no
lt_cv_prog_compiler_c_o=yes
lt_cv_prog_compiler_pic='-fPIC -DPIC'
lt_cv_prog_compiler_pic_works=yes
lt_cv_prog_compiler_rtti_exceptions=no
lt_cv_prog_compiler_static_works=yes
lt_cv_prog_gnu_ld=yes
lt_cv_sharedlib_from_linklib_cmd='printf %s\n'
lt_cv_shlibpath_overrides_runpath=no
lt_cv_sys_global_symbol_pipe='sed -n -e '\''s/^.*[	 ]\([ABCDGIRSTW][ABCDGIRSTW]*\)[	 ][	 ]*\([_A-Za-z][_A-Za-z0-9]*\)$/\1 \2 \2/p'\'' | sed '\''/ __gnu_lto/d'\'''
lt_cv_sys_global_symbol_to_c_name_address='sed -n -e '\''s/^: \([^ ]*\)[ ]*$/  {\"\1\", (void *) 0},/p'\'' -e '\''s/^[ABCDGIRSTW]* \([^ ]*\) \([^ ]*\)$/  {"\2", (void *) \&\2},/p'\'''
lt_cv_sys_global_symbol_to_c_name_address_lib_prefix='sed -n -e '\''s/^: \([^ ]*\)[ ]*$/  {\"\1\", (void *) 0},/p'\'' -e '\''s/^[ABCDGIRSTW]* \([^ ]*\) \(lib[^ ]*\)$/  {"\2", (void *) \&\2},/p'\'' -e '\''s/^[ABCDGIRSTW]* \([^ ]*\) \([^ ]*\)$/  {"lib\2", (void *) \&\2},/p'\'''
lt_cv_sys_global_symbol_to_cdecl='sed -n -e '\''s/^T .* \(.*\)$/extern int \1();/p'\'' -e '\''s/^[ABCDGIRSTW]* .* \(.*\)$/extern char \1;/p'\'''
lt_cv_sys_max_cmd_len=3458764513820540925
lt_cv_to_host_file_cmd=func_convert_file_noop
lt_cv_to_tool_file_cmd=func_convert_file_noop

## ----------------- ##
## Output variables. ##
## ----------------- ##

ACLOCAL='${SHELL} /home/jqiao/spk_64bit/spk/objOutput/bskyb-brcm64bit/build_aarch64/minizip-1.2.8/missing --run aclocal-1.12'
AMDEPBACKSLASH='\'
AMDEP_FALSE='#'
AMDEP_TRUE=''
AMTAR='$${TAR-tar}'
AR='/home/hperev/Documents/CDI/1-From-NAS/eric-same-dir/97271IP-Toolchain/stbgcc-4.8-1.5//bin/aarch64-linux-ar'
AUTOCONF='${SHELL} /home/jqiao/spk_64bit/spk/objOutput/bskyb-brcm64bit/build_aarch64/minizip-1.2.8/missing --run autoconf'
AUTOHEADER='${SHELL} /home/jqiao/spk_64bit/spk/objOutput/bskyb-brcm64bit/build_aarch64/minizip-1.2.8/missing --run autoheader'
AUTOMAKE='${SHELL} /home/jqiao/spk_64bit/spk/objOutput/bskyb-brcm64bit/build_aarch64/minizip-1.2.8/missing --run automake-1.12'
AWK='gawk'
CC='/home/hperev/Documents/CDI/1-From-NAS/eric-same-dir/97271IP-Toolchain/stbgcc-4.8-1.5//bin/aarch64-linux-gcc -Os  -I/home/jqiao/spk_64bit/spk/objOutput/bskyb-brcm64bit/build_aarch64/staging_dir/include -I/home/jqiao/spk_64bit/spk/objOutput/bskyb-brcm64bit/build_aarch64/staging_dir/usr/include -I/home/hperev/Documents/CDI/1-From-NAS/eric-same-dir/97271IP-Toolchain/stbgcc-4.8-1.5//aarch64-linux/include'
CCDEPMODE='depmode=gcc3'
CFLAGS='-Os  -I/home/jqiao/spk_64bit/spk/objOutput/bskyb-brcm64bit/build_aarch64/staging_dir/include -I/home/jqiao/spk_64bit/spk/objOutput/bskyb-brcm64bit/build_aarch64/staging_dir/usr/include -I/home/hperev/Documents/CDI/1-From-NAS/eric-same-dir/97271IP-Toolchain/stbgcc-4.8-1.5//aarch64-linux/include'
COND_DEMOS_FALSE=''
COND_DEMOS_TRUE='#'
CPP='/home/hperev/Documents/CDI/1-From-NAS/eric-same-dir/97271IP-Toolchain/stbgcc-4.8-1.5//bin/aarch64-linux-cpp -Os  -I/home/jqiao/spk_64bit/spk/objOutput/bskyb-brcm64bit/build_aarch64/staging_dir/include -I/home/jqiao/spk_64bit/spk/objOutput/bskyb-brcm64bit/build_aarch64/staging_dir/usr/include -I/home/hperev/Documents/CDI/1-From-NAS/eric-same-dir/97271IP-Toolchain/stbgcc-4.8-1.5//aarch64-linux/include'
CPPFLAGS=''
CYGPATH_W='echo'
DEFS='-DPACKAGE_NAME=\"minizip\" -DPACKAGE_TARNAME=\"minizip\" -DPACKAGE_VERSION=\"1.2.8\" -DPACKAGE_STRING=\"minizip\ 1.2.8\" -DPACKAGE_BUGREPORT=\"bugzilla.redhat.com\" -DPACKAGE_URL=\"\" -DPACKAGE=\"minizip\" -DVERSION=\"1.2.8\" -DSTDC_HEADERS=1 -DHAVE_SYS_TYPES_H=1 -DHAVE_SYS_STAT_H=1 -DHAVE_STDLIB_H=1 -DHAVE_STRING_H=1 -DHAVE_MEMORY_H=1 -DHAVE_STRINGS_H=1 -DHAVE_INTTYPES_H=1 -DHAVE_STDINT_H=1 -DHAVE_UNISTD_H=1 -DHAVE_DLFCN_H=1 -DLT_OBJDIR=\".libs/\"'
DEPDIR='.deps'
DLLTOOL='false'
DSYMUTIL=''
DUMPBIN=''
ECHO_C=''
ECHO_N='-n'
ECHO_T=''
EGREP='/bin/grep -E'
EXEEXT=''
FGREP='/bin/grep -F'
GREP='/bin/grep'
HAVE_UNISTD_H='1'
INSTALL_DATA='${INSTALL} -m 644'
INSTALL_PROGRAM='${INSTALL}'
INSTALL_SCRIPT='${INSTALL}'
INSTALL_STRIP_PROGRAM='$(install_sh) -c -s'
LD='/home/hperev/Documents/CDI/1-From-NAS/eric-same-dir/97271IP-Toolchain/stbgcc-4.8-1.5//bin/aarch64-linux-ld'
LDFLAGS='-L/home/jqiao/spk_64bit/spk/objOutput/bskyb-brcm64bit/build_aarch64/staging_dir/lib -L/home/jqiao/spk_64bit/spk/objOutput/bskyb-brcm64bit/build_aarch64/staging_dir/usr/lib'
LIBOBJS=''
LIBS=''
LIBTOOL='$(SHELL) $(top_builddir)/libtool'
LIPO=''
LN_S='ln -s'
LTLIBOBJS=''
MAKEINFO='${SHELL} /home/jqiao/spk_64bit/spk/objOutput/bskyb-brcm64bit/build_aarch64/minizip-1.2.8/missing --run makeinfo'
MANIFEST_TOOL=':'
MKDIR_P='/bin/mkdir -p'
NM='/home/hperev/Documents/CDI/1-From-NAS/eric-same-dir/97271IP-Toolchain/stbgcc-4.8-1.5//bin/aarch64-linux-nm'
NMEDIT=''
OBJDUMP='aarch64-linux-objdump'
OBJEXT='o'
OTOOL64=''
OTOOL=''
PACKAGE='minizip'
PACKAGE_BUGREPORT='bugzilla.redhat.com'
PACKAGE_NAME='minizip'
PACKAGE_STRING='minizip 1.2.8'
PACKAGE_TARNAME='minizip'
PACKAGE_URL=''
PACKAGE_VERSION='1.2.8'
PATH_SEPARATOR=':'
RANLIB='/home/hperev/Documents/CDI/1-From-NAS/eric-same-dir/97271IP-Toolchain/stbgcc-4.8-1.5//bin/aarch64-linux-ranlib'
SED='/home/jqiao/spk_64bit/spk/objOutput/bskyb-brcm64bit/toolchain_build_aarch64/bin/sed'
SET_MAKE=''
SHELL='/bin/sh'
STRIP='/home/hperev/Documents/CDI/1-From-NAS/eric-same-dir/97271IP-Toolchain/stbgcc-4.8-1.5//bin/aarch64-linux-strip'
VERSION='1.2.8'
WIN32_FALSE=''
WIN32_TRUE='#'
ac_ct_AR=''
ac_ct_CC=''
ac_ct_DUMPBIN=''
am__EXEEXT_FALSE=''
am__EXEEXT_TRUE='#'
am__fastdepCC_FALSE='#'
am__fastdepCC_TRUE=''
am__include='include'
am__isrc=''
am__leading_dot='.'
am__nodep='_no'
am__quote=''
am__tar='$${TAR-tar} chof - "$$tardir"'
am__untar='$${TAR-tar} xf -'
bindir='${exec_prefix}/bin'
build='x86_64-pc-linux-gnu'
build_alias='x86_64-pc-linux-gnu'
build_cpu='x86_64'
build_os='linux-gnu'
build_vendor='pc'
datadir='${datarootdir}'
datarootdir='${prefix}/share'
docdir='${datarootdir}/doc/${PACKAGE_TARNAME}'
dvidir='${docdir}'
exec_prefix='/usr'
host='aarch64-unknown-linux-gnu'
host_alias='aarch64-linux'
host_cpu='aarch64'
host_os='linux-gnu'
host_vendor='unknown'
htmldir='${docdir}'
includedir='${prefix}/include'
infodir='${datarootdir}/info'
install_sh='${SHELL} /home/jqiao/spk_64bit/spk/objOutput/bskyb-brcm64bit/build_aarch64/minizip-1.2.8/install-sh'
libdir='${exec_prefix}/lib'
libexecdir='${exec_prefix}/libexec'
localedir='${datarootdir}/locale'
localstatedir='${prefix}/var'
mandir='${datarootdir}/man'
mkdir_p='$(MKDIR_P)'
oldincludedir='/usr/include'
pdfdir='${docdir}'
prefix='/usr'
program_transform_name='s,x,x,'
psdir='${docdir}'
sbindir='${exec_prefix}/sbin'
sharedstatedir='${prefix}/com'
sysconfdir='/etc'
target_alias='aarch64-linux'

## ----------- ##
## confdefs.h. ##
## ----------- ##

/* confdefs.h */
#define PACKAGE_NAME "minizip"
#define PACKAGE_TARNAME "minizip"
#define PACKAGE_VERSION "1.2.8"
#define PACKAGE_STRING "minizip 1.2.8"
#define PACKAGE_BUGREPORT "bugzilla.redhat.com"
#define PACKAGE_URL ""
#define PACKAGE "minizip"
#define VERSION "1.2.8"
#define STDC_HEADERS 1
#define HAVE_SYS_TYPES_H 1
#define HAVE_SYS_STAT_H 1
#define HAVE_STDLIB_H 1
#define HAVE_STRING_H 1
#define HAVE_MEMORY_H 1
#define HAVE_STRINGS_H 1
#define HAVE_INTTYPES_H 1
#define HAVE_STDINT_H 1
#define HAVE_UNISTD_H 1
#define HAVE_DLFCN_H 1
#define LT_OBJDIR ".libs/"

configure: exit 0
