This file contains any messages produced by compilers while
running configure, to aid debugging if configure makes a mistake.

It was created by libiconv configure 0, which was
generated by GNU Autoconf 2.69.  Invocation command line was

  $ ./configure --disable-option-checking --prefix=/usr --target=aarch64-linux --host=aarch64-linux --build=x86_64-pc-linux-gnu --exec-prefix=/usr --sysconfdir=/etc --disable-nls build_alias=x86_64-pc-linux-gnu host_alias=aarch64-linux target_alias=aarch64-linux CC=/home/hperev/Documents/CDI/1-From-NAS/eric-same-dir/97271IP-Toolchain/stbgcc-4.8-1.5//bin/aarch64-linux-gcc -Os  -I/home/jqiao/spk_64bit/spk/objOutput/bskyb-brcm64bit/build_aarch64/staging_dir/include -I/home/jqiao/spk_64bit/spk/objOutput/bskyb-brcm64bit/build_aarch64/staging_dir/usr/include -I/home/hperev/Documents/CDI/1-From-NAS/eric-same-dir/97271IP-Toolchain/stbgcc-4.8-1.5//aarch64-linux/include CFLAGS=-Os  -I/home/jqiao/spk_64bit/spk/objOutput/bskyb-brcm64bit/build_aarch64/staging_dir/include -I/home/jqiao/spk_64bit/spk/objOutput/bskyb-brcm64bit/build_aarch64/staging_dir/usr/include -I/home/hperev/Documents/CDI/1-From-NAS/eric-same-dir/97271IP-Toolchain/stbgcc-4.8-1.5//aarch64-linux/include LDFLAGS=-L/home/jqiao/spk_64bit/spk/objOutput/bskyb-brcm64bit/build_aarch64/staging_dir/lib -L/home/jqiao/spk_64bit/spk/objOutput/bskyb-brcm64bit/build_aarch64/staging_dir/usr/lib CPP=/home/hperev/Documents/CDI/1-From-NAS/eric-same-dir/97271IP-Toolchain/stbgcc-4.8-1.5//bin/aarch64-linux-cpp -Os  -I/home/jqiao/spk_64bit/spk/objOutput/bskyb-brcm64bit/build_aarch64/staging_dir/include -I/home/jqiao/spk_64bit/spk/objOutput/bskyb-brcm64bit/build_aarch64/staging_dir/usr/include -I/home/hperev/Documents/CDI/1-From-NAS/eric-same-dir/97271IP-Toolchain/stbgcc-4.8-1.5//aarch64-linux/include --cache-file=/dev/null --srcdir=.

## --------- ##
## Platform. ##
## --------- ##

hostname = columbia
uname -m = x86_64
uname -r = 3.5.0-37-generic
uname -s = Linux
uname -v = #58~precise1-Ubuntu SMP Wed Jul 10 17:48:11 UTC 2013

/usr/bin/uname -p = unknown
/bin/uname -X     = unknown

/bin/arch              = unknown
/usr/bin/arch -k       = unknown
/usr/convex/getsysinfo = unknown
/usr/bin/hostinfo      = unknown
/bin/machine           = unknown
/usr/bin/oslevel       = unknown
/bin/universe          = unknown

PATH: /home/jqiao/spk_64bit/spk/objOutput/bskyb-brcm64bit/build_aarch64/staging_dir/bin
PATH: /home/jqiao/spk_64bit/spk/objOutput/bskyb-brcm64bit/build_aarch64/staging_dir/usr/bin
PATH: /home/jqiao/spk_64bit/spk/objOutput/bskyb-brcm64bit/toolchain_build_aarch64/bin
PATH: /home/hperev/Documents/CDI/1-From-NAS/eric-same-dir/97271IP-Toolchain/stbgcc-4.8-1.5//bin
PATH: /usr/local/sbin
PATH: /usr/local/bin
PATH: /usr/sbin
PATH: /usr/bin
PATH: /sbin
PATH: /bin
PATH: /usr/games
PATH: /opt/thinlinc/bin
PATH: /opt/repo_flow


## ----------- ##
## Core tests. ##
## ----------- ##

configure:2198: checking whether make sets $(MAKE)
configure:2220: result: yes
configure:2239: checking for aarch64-linux-gcc
configure:2266: result: /home/hperev/Documents/CDI/1-From-NAS/eric-same-dir/97271IP-Toolchain/stbgcc-4.8-1.5//bin/aarch64-linux-gcc -Os  -I/home/jqiao/spk_64bit/spk/objOutput/bskyb-brcm64bit/build_aarch64/staging_dir/include -I/home/jqiao/spk_64bit/spk/objOutput/bskyb-brcm64bit/build_aarch64/staging_dir/usr/include -I/home/hperev/Documents/CDI/1-From-NAS/eric-same-dir/97271IP-Toolchain/stbgcc-4.8-1.5//aarch64-linux/include
configure:2535: checking for C compiler version
configure:2544: /home/hperev/Documents/CDI/1-From-NAS/eric-same-dir/97271IP-Toolchain/stbgcc-4.8-1.5//bin/aarch64-linux-gcc -Os  -I/home/jqiao/spk_64bit/spk/objOutput/bskyb-brcm64bit/build_aarch64/staging_dir/include -I/home/jqiao/spk_64bit/spk/objOutput/bskyb-brcm64bit/build_aarch64/staging_dir/usr/include -I/home/hperev/Documents/CDI/1-From-NAS/eric-same-dir/97271IP-Toolchain/stbgcc-4.8-1.5//aarch64-linux/include --version >&5
aarch64-linux-gcc (Broadcom stbgcc-4.8-1.5) 4.8.5
Copyright (C) 2015 Free Software Foundation, Inc.
This is free software; see the source for copying conditions.  There is NO
warranty; not even for MERCHANTABILITY or FITNESS FOR A PARTICULAR PURPOSE.

configure:2555: $? = 0
configure:2544: /home/hperev/Documents/CDI/1-From-NAS/eric-same-dir/97271IP-Toolchain/stbgcc-4.8-1.5//bin/aarch64-linux-gcc -Os  -I/home/jqiao/spk_64bit/spk/objOutput/bskyb-brcm64bit/build_aarch64/staging_dir/include -I/home/jqiao/spk_64bit/spk/objOutput/bskyb-brcm64bit/build_aarch64/staging_dir/usr/include -I/home/hperev/Documents/CDI/1-From-NAS/eric-same-dir/97271IP-Toolchain/stbgcc-4.8-1.5//aarch64-linux/include -v >&5
Using built-in specs.
COLLECT_GCC=/home/hperev/Documents/CDI/1-From-NAS/eric-same-dir/97271IP-Toolchain/stbgcc-4.8-1.5//bin/aarch64-linux-gcc
COLLECT_LTO_WRAPPER=/home/hperev/Documents/CDI/1-From-NAS/eric-same-dir/97271IP-Toolchain/stbgcc-4.8-1.5/bin/../libexec/gcc/aarch64-linux-gnu/4.8.5/lto-wrapper
Target: aarch64-linux-gnu
Configured with: ../gcc-linaro-4.8-2015.06/configure --target=aarch64-linux-gnu --disable-multilib --prefix=/opt/toolchains/stbgcc-4.8-1.5 --with-build-time-tools=/home/vagrant/rpmbuild/BUILD/build-toolchain/opt/toolchains/stbgcc-4.8-1.5/aarch64-linux-gnu/sys-root/../bin --with-sysroot=/opt/toolchains/stbgcc-4.8-1.5/aarch64-linux-gnu/sys-root --with-build-sysroot=/home/vagrant/rpmbuild/BUILD/build-toolchain/opt/toolchains/stbgcc-4.8-1.5/aarch64-linux-gnu/sys-root --enable-threads=posix --enable-long-long --enable-c99 --enable-plugins --enable-__cxa_atexit --with-gmp=/home/vagrant/rpmbuild/BUILD/prereq --with-mpfr=/home/vagrant/rpmbuild/BUILD/prereq --with-mpc=/home/vagrant/rpmbuild/BUILD/prereq --enable-symvers=gnu --enable-languages=c,c++ --enable-target-optspace --with-pkgversion='Broadcom stbgcc-4.8-1.5' --with-bugurl=file:///opt/toolchains/stbgcc-4.8-1.5/info/README.Bugs --disable-isl-version-check --with-arch=armv8-a
Thread model: posix
gcc version 4.8.5 (Broadcom stbgcc-4.8-1.5) 
configure:2555: $? = 0
configure:2544: /home/hperev/Documents/CDI/1-From-NAS/eric-same-dir/97271IP-Toolchain/stbgcc-4.8-1.5//bin/aarch64-linux-gcc -Os  -I/home/jqiao/spk_64bit/spk/objOutput/bskyb-brcm64bit/build_aarch64/staging_dir/include -I/home/jqiao/spk_64bit/spk/objOutput/bskyb-brcm64bit/build_aarch64/staging_dir/usr/include -I/home/hperev/Documents/CDI/1-From-NAS/eric-same-dir/97271IP-Toolchain/stbgcc-4.8-1.5//aarch64-linux/include -V >&5
aarch64-linux-gcc: error: unrecognized command line option '-V'
aarch64-linux-gcc: fatal error: no input files
compilation terminated.
configure:2555: $? = 1
configure:2544: /home/hperev/Documents/CDI/1-From-NAS/eric-same-dir/97271IP-Toolchain/stbgcc-4.8-1.5//bin/aarch64-linux-gcc -Os  -I/home/jqiao/spk_64bit/spk/objOutput/bskyb-brcm64bit/build_aarch64/staging_dir/include -I/home/jqiao/spk_64bit/spk/objOutput/bskyb-brcm64bit/build_aarch64/staging_dir/usr/include -I/home/hperev/Documents/CDI/1-From-NAS/eric-same-dir/97271IP-Toolchain/stbgcc-4.8-1.5//aarch64-linux/include -qversion >&5
aarch64-linux-gcc: error: unrecognized command line option '-qversion'
aarch64-linux-gcc: fatal error: no input files
compilation terminated.
configure:2555: $? = 1
configure:2575: checking whether the C compiler works
configure:2597: /home/hperev/Documents/CDI/1-From-NAS/eric-same-dir/97271IP-Toolchain/stbgcc-4.8-1.5//bin/aarch64-linux-gcc -Os  -I/home/jqiao/spk_64bit/spk/objOutput/bskyb-brcm64bit/build_aarch64/staging_dir/include -I/home/jqiao/spk_64bit/spk/objOutput/bskyb-brcm64bit/build_aarch64/staging_dir/usr/include -I/home/hperev/Documents/CDI/1-From-NAS/eric-same-dir/97271IP-Toolchain/stbgcc-4.8-1.5//aarch64-linux/include -Os  -I/home/jqiao/spk_64bit/spk/objOutput/bskyb-brcm64bit/build_aarch64/staging_dir/include -I/home/jqiao/spk_64bit/spk/objOutput/bskyb-brcm64bit/build_aarch64/staging_dir/usr/include -I/home/hperev/Documents/CDI/1-From-NAS/eric-same-dir/97271IP-Toolchain/stbgcc-4.8-1.5//aarch64-linux/include  -L/home/jqiao/spk_64bit/spk/objOutput/bskyb-brcm64bit/build_aarch64/staging_dir/lib -L/home/jqiao/spk_64bit/spk/objOutput/bskyb-brcm64bit/build_aarch64/staging_dir/usr/lib conftest.c  >&5
configure:2601: $? = 0
configure:2649: result: yes
configure:2652: checking for C compiler default output file name
configure:2654: result: a.out
configure:2660: checking for suffix of executables
configure:2667: /home/hperev/Documents/CDI/1-From-NAS/eric-same-dir/97271IP-Toolchain/stbgcc-4.8-1.5//bin/aarch64-linux-gcc -Os  -I/home/jqiao/spk_64bit/spk/objOutput/bskyb-brcm64bit/build_aarch64/staging_dir/include -I/home/jqiao/spk_64bit/spk/objOutput/bskyb-brcm64bit/build_aarch64/staging_dir/usr/include -I/home/hperev/Documents/CDI/1-From-NAS/eric-same-dir/97271IP-Toolchain/stbgcc-4.8-1.5//aarch64-linux/include -o conftest -Os  -I/home/jqiao/spk_64bit/spk/objOutput/bskyb-brcm64bit/build_aarch64/staging_dir/include -I/home/jqiao/spk_64bit/spk/objOutput/bskyb-brcm64bit/build_aarch64/staging_dir/usr/include -I/home/hperev/Documents/CDI/1-From-NAS/eric-same-dir/97271IP-Toolchain/stbgcc-4.8-1.5//aarch64-linux/include  -L/home/jqiao/spk_64bit/spk/objOutput/bskyb-brcm64bit/build_aarch64/staging_dir/lib -L/home/jqiao/spk_64bit/spk/objOutput/bskyb-brcm64bit/build_aarch64/staging_dir/usr/lib conftest.c  >&5
configure:2671: $? = 0
configure:2693: result: 
configure:2715: checking whether we are cross compiling
configure:2753: result: yes
configure:2758: checking for suffix of object files
configure:2780: /home/hperev/Documents/CDI/1-From-NAS/eric-same-dir/97271IP-Toolchain/stbgcc-4.8-1.5//bin/aarch64-linux-gcc -Os  -I/home/jqiao/spk_64bit/spk/objOutput/bskyb-brcm64bit/build_aarch64/staging_dir/include -I/home/jqiao/spk_64bit/spk/objOutput/bskyb-brcm64bit/build_aarch64/staging_dir/usr/include -I/home/hperev/Documents/CDI/1-From-NAS/eric-same-dir/97271IP-Toolchain/stbgcc-4.8-1.5//aarch64-linux/include -c -Os  -I/home/jqiao/spk_64bit/spk/objOutput/bskyb-brcm64bit/build_aarch64/staging_dir/include -I/home/jqiao/spk_64bit/spk/objOutput/bskyb-brcm64bit/build_aarch64/staging_dir/usr/include -I/home/hperev/Documents/CDI/1-From-NAS/eric-same-dir/97271IP-Toolchain/stbgcc-4.8-1.5//aarch64-linux/include  conftest.c >&5
configure:2784: $? = 0
configure:2805: result: o
configure:2809: checking whether we are using the GNU C compiler
configure:2828: /home/hperev/Documents/CDI/1-From-NAS/eric-same-dir/97271IP-Toolchain/stbgcc-4.8-1.5//bin/aarch64-linux-gcc -Os  -I/home/jqiao/spk_64bit/spk/objOutput/bskyb-brcm64bit/build_aarch64/staging_dir/include -I/home/jqiao/spk_64bit/spk/objOutput/bskyb-brcm64bit/build_aarch64/staging_dir/usr/include -I/home/hperev/Documents/CDI/1-From-NAS/eric-same-dir/97271IP-Toolchain/stbgcc-4.8-1.5//aarch64-linux/include -c -Os  -I/home/jqiao/spk_64bit/spk/objOutput/bskyb-brcm64bit/build_aarch64/staging_dir/include -I/home/jqiao/spk_64bit/spk/objOutput/bskyb-brcm64bit/build_aarch64/staging_dir/usr/include -I/home/hperev/Documents/CDI/1-From-NAS/eric-same-dir/97271IP-Toolchain/stbgcc-4.8-1.5//aarch64-linux/include  conftest.c >&5
configure:2828: $? = 0
configure:2837: result: yes
configure:2846: checking whether /home/hperev/Documents/CDI/1-From-NAS/eric-same-dir/97271IP-Toolchain/stbgcc-4.8-1.5//bin/aarch64-linux-gcc -Os  -I/home/jqiao/spk_64bit/spk/objOutput/bskyb-brcm64bit/build_aarch64/staging_dir/include -I/home/jqiao/spk_64bit/spk/objOutput/bskyb-brcm64bit/build_aarch64/staging_dir/usr/include -I/home/hperev/Documents/CDI/1-From-NAS/eric-same-dir/97271IP-Toolchain/stbgcc-4.8-1.5//aarch64-linux/include accepts -g
configure:2866: /home/hperev/Documents/CDI/1-From-NAS/eric-same-dir/97271IP-Toolchain/stbgcc-4.8-1.5//bin/aarch64-linux-gcc -Os  -I/home/jqiao/spk_64bit/spk/objOutput/bskyb-brcm64bit/build_aarch64/staging_dir/include -I/home/jqiao/spk_64bit/spk/objOutput/bskyb-brcm64bit/build_aarch64/staging_dir/usr/include -I/home/hperev/Documents/CDI/1-From-NAS/eric-same-dir/97271IP-Toolchain/stbgcc-4.8-1.5//aarch64-linux/include -c -g  conftest.c >&5
configure:2866: $? = 0
configure:2907: result: yes
configure:2924: checking for /home/hperev/Documents/CDI/1-From-NAS/eric-same-dir/97271IP-Toolchain/stbgcc-4.8-1.5//bin/aarch64-linux-gcc -Os  -I/home/jqiao/spk_64bit/spk/objOutput/bskyb-brcm64bit/build_aarch64/staging_dir/include -I/home/jqiao/spk_64bit/spk/objOutput/bskyb-brcm64bit/build_aarch64/staging_dir/usr/include -I/home/hperev/Documents/CDI/1-From-NAS/eric-same-dir/97271IP-Toolchain/stbgcc-4.8-1.5//aarch64-linux/include option to accept ISO C89
configure:2987: /home/hperev/Documents/CDI/1-From-NAS/eric-same-dir/97271IP-Toolchain/stbgcc-4.8-1.5//bin/aarch64-linux-gcc -Os  -I/home/jqiao/spk_64bit/spk/objOutput/bskyb-brcm64bit/build_aarch64/staging_dir/include -I/home/jqiao/spk_64bit/spk/objOutput/bskyb-brcm64bit/build_aarch64/staging_dir/usr/include -I/home/hperev/Documents/CDI/1-From-NAS/eric-same-dir/97271IP-Toolchain/stbgcc-4.8-1.5//aarch64-linux/include  -c -Os  -I/home/jqiao/spk_64bit/spk/objOutput/bskyb-brcm64bit/build_aarch64/staging_dir/include -I/home/jqiao/spk_64bit/spk/objOutput/bskyb-brcm64bit/build_aarch64/staging_dir/usr/include -I/home/hperev/Documents/CDI/1-From-NAS/eric-same-dir/97271IP-Toolchain/stbgcc-4.8-1.5//aarch64-linux/include  conftest.c >&5
configure:2987: $? = 0
configure:3000: result: none needed
configure:3025: checking how to run the C preprocessor
configure:3095: result: /home/hperev/Documents/CDI/1-From-NAS/eric-same-dir/97271IP-Toolchain/stbgcc-4.8-1.5//bin/aarch64-linux-cpp -Os  -I/home/jqiao/spk_64bit/spk/objOutput/bskyb-brcm64bit/build_aarch64/staging_dir/include -I/home/jqiao/spk_64bit/spk/objOutput/bskyb-brcm64bit/build_aarch64/staging_dir/usr/include -I/home/hperev/Documents/CDI/1-From-NAS/eric-same-dir/97271IP-Toolchain/stbgcc-4.8-1.5//aarch64-linux/include
configure:3115: /home/hperev/Documents/CDI/1-From-NAS/eric-same-dir/97271IP-Toolchain/stbgcc-4.8-1.5//bin/aarch64-linux-cpp -Os  -I/home/jqiao/spk_64bit/spk/objOutput/bskyb-brcm64bit/build_aarch64/staging_dir/include -I/home/jqiao/spk_64bit/spk/objOutput/bskyb-brcm64bit/build_aarch64/staging_dir/usr/include -I/home/hperev/Documents/CDI/1-From-NAS/eric-same-dir/97271IP-Toolchain/stbgcc-4.8-1.5//aarch64-linux/include  conftest.c
configure:3115: $? = 0
configure:3129: /home/hperev/Documents/CDI/1-From-NAS/eric-same-dir/97271IP-Toolchain/stbgcc-4.8-1.5//bin/aarch64-linux-cpp -Os  -I/home/jqiao/spk_64bit/spk/objOutput/bskyb-brcm64bit/build_aarch64/staging_dir/include -I/home/jqiao/spk_64bit/spk/objOutput/bskyb-brcm64bit/build_aarch64/staging_dir/usr/include -I/home/hperev/Documents/CDI/1-From-NAS/eric-same-dir/97271IP-Toolchain/stbgcc-4.8-1.5//aarch64-linux/include  conftest.c
conftest.c:9:28: fatal error: ac_nonexistent.h: No such file or directory
 #include <ac_nonexistent.h>
                            ^
compilation terminated.
configure:3129: $? = 1
configure: failed program was:
| /* confdefs.h */
| #define PACKAGE_NAME "libiconv"
| #define PACKAGE_TARNAME "libiconv"
| #define PACKAGE_VERSION "0"
| #define PACKAGE_STRING "libiconv 0"
| #define PACKAGE_BUGREPORT ""
| #define PACKAGE_URL ""
| /* end confdefs.h.  */
| #include <ac_nonexistent.h>
configure:3171: checking for a BSD-compatible install
configure:3239: result: /usr/bin/install -c
configure:3256: checking build system type
configure:3270: result: x86_64-pc-linux-gnu
configure:3290: checking host system type
configure:3303: result: aarch64-unknown-linux-gnu
configure:3326: checking whether to activate relocatable installation
configure:3341: result: no
configure:3367: checking whether ln -s works
configure:3371: result: yes
configure:3382: checking for grep that handles long lines and -e
configure:3440: result: /bin/grep
configure:3445: checking for egrep
configure:3507: result: /bin/grep -E
configure:3512: checking for ANSI C header files
configure:3532: /home/hperev/Documents/CDI/1-From-NAS/eric-same-dir/97271IP-Toolchain/stbgcc-4.8-1.5//bin/aarch64-linux-gcc -Os  -I/home/jqiao/spk_64bit/spk/objOutput/bskyb-brcm64bit/build_aarch64/staging_dir/include -I/home/jqiao/spk_64bit/spk/objOutput/bskyb-brcm64bit/build_aarch64/staging_dir/usr/include -I/home/hperev/Documents/CDI/1-From-NAS/eric-same-dir/97271IP-Toolchain/stbgcc-4.8-1.5//aarch64-linux/include -c -Os  -I/home/jqiao/spk_64bit/spk/objOutput/bskyb-brcm64bit/build_aarch64/staging_dir/include -I/home/jqiao/spk_64bit/spk/objOutput/bskyb-brcm64bit/build_aarch64/staging_dir/usr/include -I/home/hperev/Documents/CDI/1-From-NAS/eric-same-dir/97271IP-Toolchain/stbgcc-4.8-1.5//aarch64-linux/include  conftest.c >&5
configure:3532: $? = 0
configure:3616: result: yes
configure:3629: checking for sys/types.h
configure:3629: /home/hperev/Documents/CDI/1-From-NAS/eric-same-dir/97271IP-Toolchain/stbgcc-4.8-1.5//bin/aarch64-linux-gcc -Os  -I/home/jqiao/spk_64bit/spk/objOutput/bskyb-brcm64bit/build_aarch64/staging_dir/include -I/home/jqiao/spk_64bit/spk/objOutput/bskyb-brcm64bit/build_aarch64/staging_dir/usr/include -I/home/hperev/Documents/CDI/1-From-NAS/eric-same-dir/97271IP-Toolchain/stbgcc-4.8-1.5//aarch64-linux/include -c -Os  -I/home/jqiao/spk_64bit/spk/objOutput/bskyb-brcm64bit/build_aarch64/staging_dir/include -I/home/jqiao/spk_64bit/spk/objOutput/bskyb-brcm64bit/build_aarch64/staging_dir/usr/include -I/home/hperev/Documents/CDI/1-From-NAS/eric-same-dir/97271IP-Toolchain/stbgcc-4.8-1.5//aarch64-linux/include  conftest.c >&5
configure:3629: $? = 0
configure:3629: result: yes
configure:3629: checking for sys/stat.h
configure:3629: /home/hperev/Documents/CDI/1-From-NAS/eric-same-dir/97271IP-Toolchain/stbgcc-4.8-1.5//bin/aarch64-linux-gcc -Os  -I/home/jqiao/spk_64bit/spk/objOutput/bskyb-brcm64bit/build_aarch64/staging_dir/include -I/home/jqiao/spk_64bit/spk/objOutput/bskyb-brcm64bit/build_aarch64/staging_dir/usr/include -I/home/hperev/Documents/CDI/1-From-NAS/eric-same-dir/97271IP-Toolchain/stbgcc-4.8-1.5//aarch64-linux/include -c -Os  -I/home/jqiao/spk_64bit/spk/objOutput/bskyb-brcm64bit/build_aarch64/staging_dir/include -I/home/jqiao/spk_64bit/spk/objOutput/bskyb-brcm64bit/build_aarch64/staging_dir/usr/include -I/home/hperev/Documents/CDI/1-From-NAS/eric-same-dir/97271IP-Toolchain/stbgcc-4.8-1.5//aarch64-linux/include  conftest.c >&5
configure:3629: $? = 0
configure:3629: result: yes
configure:3629: checking for stdlib.h
configure:3629: /home/hperev/Documents/CDI/1-From-NAS/eric-same-dir/97271IP-Toolchain/stbgcc-4.8-1.5//bin/aarch64-linux-gcc -Os  -I/home/jqiao/spk_64bit/spk/objOutput/bskyb-brcm64bit/build_aarch64/staging_dir/include -I/home/jqiao/spk_64bit/spk/objOutput/bskyb-brcm64bit/build_aarch64/staging_dir/usr/include -I/home/hperev/Documents/CDI/1-From-NAS/eric-same-dir/97271IP-Toolchain/stbgcc-4.8-1.5//aarch64-linux/include -c -Os  -I/home/jqiao/spk_64bit/spk/objOutput/bskyb-brcm64bit/build_aarch64/staging_dir/include -I/home/jqiao/spk_64bit/spk/objOutput/bskyb-brcm64bit/build_aarch64/staging_dir/usr/include -I/home/hperev/Documents/CDI/1-From-NAS/eric-same-dir/97271IP-Toolchain/stbgcc-4.8-1.5//aarch64-linux/include  conftest.c >&5
configure:3629: $? = 0
configure:3629: result: yes
configure:3629: checking for string.h
configure:3629: /home/hperev/Documents/CDI/1-From-NAS/eric-same-dir/97271IP-Toolchain/stbgcc-4.8-1.5//bin/aarch64-linux-gcc -Os  -I/home/jqiao/spk_64bit/spk/objOutput/bskyb-brcm64bit/build_aarch64/staging_dir/include -I/home/jqiao/spk_64bit/spk/objOutput/bskyb-brcm64bit/build_aarch64/staging_dir/usr/include -I/home/hperev/Documents/CDI/1-From-NAS/eric-same-dir/97271IP-Toolchain/stbgcc-4.8-1.5//aarch64-linux/include -c -Os  -I/home/jqiao/spk_64bit/spk/objOutput/bskyb-brcm64bit/build_aarch64/staging_dir/include -I/home/jqiao/spk_64bit/spk/objOutput/bskyb-brcm64bit/build_aarch64/staging_dir/usr/include -I/home/hperev/Documents/CDI/1-From-NAS/eric-same-dir/97271IP-Toolchain/stbgcc-4.8-1.5//aarch64-linux/include  conftest.c >&5
configure:3629: $? = 0
configure:3629: result: yes
configure:3629: checking for memory.h
configure:3629: /home/hperev/Documents/CDI/1-From-NAS/eric-same-dir/97271IP-Toolchain/stbgcc-4.8-1.5//bin/aarch64-linux-gcc -Os  -I/home/jqiao/spk_64bit/spk/objOutput/bskyb-brcm64bit/build_aarch64/staging_dir/include -I/home/jqiao/spk_64bit/spk/objOutput/bskyb-brcm64bit/build_aarch64/staging_dir/usr/include -I/home/hperev/Documents/CDI/1-From-NAS/eric-same-dir/97271IP-Toolchain/stbgcc-4.8-1.5//aarch64-linux/include -c -Os  -I/home/jqiao/spk_64bit/spk/objOutput/bskyb-brcm64bit/build_aarch64/staging_dir/include -I/home/jqiao/spk_64bit/spk/objOutput/bskyb-brcm64bit/build_aarch64/staging_dir/usr/include -I/home/hperev/Documents/CDI/1-From-NAS/eric-same-dir/97271IP-Toolchain/stbgcc-4.8-1.5//aarch64-linux/include  conftest.c >&5
configure:3629: $? = 0
configure:3629: result: yes
configure:3629: checking for strings.h
configure:3629: /home/hperev/Documents/CDI/1-From-NAS/eric-same-dir/97271IP-Toolchain/stbgcc-4.8-1.5//bin/aarch64-linux-gcc -Os  -I/home/jqiao/spk_64bit/spk/objOutput/bskyb-brcm64bit/build_aarch64/staging_dir/include -I/home/jqiao/spk_64bit/spk/objOutput/bskyb-brcm64bit/build_aarch64/staging_dir/usr/include -I/home/hperev/Documents/CDI/1-From-NAS/eric-same-dir/97271IP-Toolchain/stbgcc-4.8-1.5//aarch64-linux/include -c -Os  -I/home/jqiao/spk_64bit/spk/objOutput/bskyb-brcm64bit/build_aarch64/staging_dir/include -I/home/jqiao/spk_64bit/spk/objOutput/bskyb-brcm64bit/build_aarch64/staging_dir/usr/include -I/home/hperev/Documents/CDI/1-From-NAS/eric-same-dir/97271IP-Toolchain/stbgcc-4.8-1.5//aarch64-linux/include  conftest.c >&5
configure:3629: $? = 0
configure:3629: result: yes
configure:3629: checking for inttypes.h
configure:3629: /home/hperev/Documents/CDI/1-From-NAS/eric-same-dir/97271IP-Toolchain/stbgcc-4.8-1.5//bin/aarch64-linux-gcc -Os  -I/home/jqiao/spk_64bit/spk/objOutput/bskyb-brcm64bit/build_aarch64/staging_dir/include -I/home/jqiao/spk_64bit/spk/objOutput/bskyb-brcm64bit/build_aarch64/staging_dir/usr/include -I/home/hperev/Documents/CDI/1-From-NAS/eric-same-dir/97271IP-Toolchain/stbgcc-4.8-1.5//aarch64-linux/include -c -Os  -I/home/jqiao/spk_64bit/spk/objOutput/bskyb-brcm64bit/build_aarch64/staging_dir/include -I/home/jqiao/spk_64bit/spk/objOutput/bskyb-brcm64bit/build_aarch64/staging_dir/usr/include -I/home/hperev/Documents/CDI/1-From-NAS/eric-same-dir/97271IP-Toolchain/stbgcc-4.8-1.5//aarch64-linux/include  conftest.c >&5
configure:3629: $? = 0
configure:3629: result: yes
configure:3629: checking for stdint.h
configure:3629: /home/hperev/Documents/CDI/1-From-NAS/eric-same-dir/97271IP-Toolchain/stbgcc-4.8-1.5//bin/aarch64-linux-gcc -Os  -I/home/jqiao/spk_64bit/spk/objOutput/bskyb-brcm64bit/build_aarch64/staging_dir/include -I/home/jqiao/spk_64bit/spk/objOutput/bskyb-brcm64bit/build_aarch64/staging_dir/usr/include -I/home/hperev/Documents/CDI/1-From-NAS/eric-same-dir/97271IP-Toolchain/stbgcc-4.8-1.5//aarch64-linux/include -c -Os  -I/home/jqiao/spk_64bit/spk/objOutput/bskyb-brcm64bit/build_aarch64/staging_dir/include -I/home/jqiao/spk_64bit/spk/objOutput/bskyb-brcm64bit/build_aarch64/staging_dir/usr/include -I/home/hperev/Documents/CDI/1-From-NAS/eric-same-dir/97271IP-Toolchain/stbgcc-4.8-1.5//aarch64-linux/include  conftest.c >&5
configure:3629: $? = 0
configure:3629: result: yes
configure:3629: checking for unistd.h
configure:3629: /home/hperev/Documents/CDI/1-From-NAS/eric-same-dir/97271IP-Toolchain/stbgcc-4.8-1.5//bin/aarch64-linux-gcc -Os  -I/home/jqiao/spk_64bit/spk/objOutput/bskyb-brcm64bit/build_aarch64/staging_dir/include -I/home/jqiao/spk_64bit/spk/objOutput/bskyb-brcm64bit/build_aarch64/staging_dir/usr/include -I/home/hperev/Documents/CDI/1-From-NAS/eric-same-dir/97271IP-Toolchain/stbgcc-4.8-1.5//aarch64-linux/include -c -Os  -I/home/jqiao/spk_64bit/spk/objOutput/bskyb-brcm64bit/build_aarch64/staging_dir/include -I/home/jqiao/spk_64bit/spk/objOutput/bskyb-brcm64bit/build_aarch64/staging_dir/usr/include -I/home/hperev/Documents/CDI/1-From-NAS/eric-same-dir/97271IP-Toolchain/stbgcc-4.8-1.5//aarch64-linux/include  conftest.c >&5
configure:3629: $? = 0
configure:3629: result: yes
configure:3642: checking minix/config.h usability
configure:3642: /home/hperev/Documents/CDI/1-From-NAS/eric-same-dir/97271IP-Toolchain/stbgcc-4.8-1.5//bin/aarch64-linux-gcc -Os  -I/home/jqiao/spk_64bit/spk/objOutput/bskyb-brcm64bit/build_aarch64/staging_dir/include -I/home/jqiao/spk_64bit/spk/objOutput/bskyb-brcm64bit/build_aarch64/staging_dir/usr/include -I/home/hperev/Documents/CDI/1-From-NAS/eric-same-dir/97271IP-Toolchain/stbgcc-4.8-1.5//aarch64-linux/include -c -Os  -I/home/jqiao/spk_64bit/spk/objOutput/bskyb-brcm64bit/build_aarch64/staging_dir/include -I/home/jqiao/spk_64bit/spk/objOutput/bskyb-brcm64bit/build_aarch64/staging_dir/usr/include -I/home/hperev/Documents/CDI/1-From-NAS/eric-same-dir/97271IP-Toolchain/stbgcc-4.8-1.5//aarch64-linux/include  conftest.c >&5
conftest.c:53:26: fatal error: minix/config.h: No such file or directory
 #include <minix/config.h>
                          ^
compilation terminated.
configure:3642: $? = 1
configure: failed program was:
| /* confdefs.h */
| #define PACKAGE_NAME "libiconv"
| #define PACKAGE_TARNAME "libiconv"
| #define PACKAGE_VERSION "0"
| #define PACKAGE_STRING "libiconv 0"
| #define PACKAGE_BUGREPORT ""
| #define PACKAGE_URL ""
| #define INSTALLPREFIX "/usr"
| #define STDC_HEADERS 1
| #define HAVE_SYS_TYPES_H 1
| #define HAVE_SYS_STAT_H 1
| #define HAVE_STDLIB_H 1
| #define HAVE_STRING_H 1
| #define HAVE_MEMORY_H 1
| #define HAVE_STRINGS_H 1
| #define HAVE_INTTYPES_H 1
| #define HAVE_STDINT_H 1
| #define HAVE_UNISTD_H 1
| /* end confdefs.h.  */
| #include <stdio.h>
| #ifdef HAVE_SYS_TYPES_H
| # include <sys/types.h>
| #endif
| #ifdef HAVE_SYS_STAT_H
| # include <sys/stat.h>
| #endif
| #ifdef STDC_HEADERS
| # include <stdlib.h>
| # include <stddef.h>
| #else
| # ifdef HAVE_STDLIB_H
| #  include <stdlib.h>
| # endif
| #endif
| #ifdef HAVE_STRING_H
| # if !defined STDC_HEADERS && defined HAVE_MEMORY_H
| #  include <memory.h>
| # endif
| # include <string.h>
| #endif
| #ifdef HAVE_STRINGS_H
| # include <strings.h>
| #endif
| #ifdef HAVE_INTTYPES_H
| # include <inttypes.h>
| #endif
| #ifdef HAVE_STDINT_H
| # include <stdint.h>
| #endif
| #ifdef HAVE_UNISTD_H
| # include <unistd.h>
| #endif
| #include <minix/config.h>
configure:3642: result: no
configure:3642: checking minix/config.h presence
configure:3642: /home/hperev/Documents/CDI/1-From-NAS/eric-same-dir/97271IP-Toolchain/stbgcc-4.8-1.5//bin/aarch64-linux-cpp -Os  -I/home/jqiao/spk_64bit/spk/objOutput/bskyb-brcm64bit/build_aarch64/staging_dir/include -I/home/jqiao/spk_64bit/spk/objOutput/bskyb-brcm64bit/build_aarch64/staging_dir/usr/include -I/home/hperev/Documents/CDI/1-From-NAS/eric-same-dir/97271IP-Toolchain/stbgcc-4.8-1.5//aarch64-linux/include  conftest.c
conftest.c:20:26: fatal error: minix/config.h: No such file or directory
 #include <minix/config.h>
                          ^
compilation terminated.
configure:3642: $? = 1
configure: failed program was:
| /* confdefs.h */
| #define PACKAGE_NAME "libiconv"
| #define PACKAGE_TARNAME "libiconv"
| #define PACKAGE_VERSION "0"
| #define PACKAGE_STRING "libiconv 0"
| #define PACKAGE_BUGREPORT ""
| #define PACKAGE_URL ""
| #define INSTALLPREFIX "/usr"
| #define STDC_HEADERS 1
| #define HAVE_SYS_TYPES_H 1
| #define HAVE_SYS_STAT_H 1
| #define HAVE_STDLIB_H 1
| #define HAVE_STRING_H 1
| #define HAVE_MEMORY_H 1
| #define HAVE_STRINGS_H 1
| #define HAVE_INTTYPES_H 1
| #define HAVE_STDINT_H 1
| #define HAVE_UNISTD_H 1
| /* end confdefs.h.  */
| #include <minix/config.h>
configure:3642: result: no
configure:3642: checking for minix/config.h
configure:3642: result: no
configure:3666: checking whether it is safe to define __EXTENSIONS__
configure:3684: /home/hperev/Documents/CDI/1-From-NAS/eric-same-dir/97271IP-Toolchain/stbgcc-4.8-1.5//bin/aarch64-linux-gcc -Os  -I/home/jqiao/spk_64bit/spk/objOutput/bskyb-brcm64bit/build_aarch64/staging_dir/include -I/home/jqiao/spk_64bit/spk/objOutput/bskyb-brcm64bit/build_aarch64/staging_dir/usr/include -I/home/hperev/Documents/CDI/1-From-NAS/eric-same-dir/97271IP-Toolchain/stbgcc-4.8-1.5//aarch64-linux/include -c -Os  -I/home/jqiao/spk_64bit/spk/objOutput/bskyb-brcm64bit/build_aarch64/staging_dir/include -I/home/jqiao/spk_64bit/spk/objOutput/bskyb-brcm64bit/build_aarch64/staging_dir/usr/include -I/home/hperev/Documents/CDI/1-From-NAS/eric-same-dir/97271IP-Toolchain/stbgcc-4.8-1.5//aarch64-linux/include  conftest.c >&5
configure:3684: $? = 0
configure:3691: result: yes
configure:3720: checking whether _XOPEN_SOURCE should be defined
configure:3739: /home/hperev/Documents/CDI/1-From-NAS/eric-same-dir/97271IP-Toolchain/stbgcc-4.8-1.5//bin/aarch64-linux-gcc -Os  -I/home/jqiao/spk_64bit/spk/objOutput/bskyb-brcm64bit/build_aarch64/staging_dir/include -I/home/jqiao/spk_64bit/spk/objOutput/bskyb-brcm64bit/build_aarch64/staging_dir/usr/include -I/home/hperev/Documents/CDI/1-From-NAS/eric-same-dir/97271IP-Toolchain/stbgcc-4.8-1.5//aarch64-linux/include -c -Os  -I/home/jqiao/spk_64bit/spk/objOutput/bskyb-brcm64bit/build_aarch64/staging_dir/include -I/home/jqiao/spk_64bit/spk/objOutput/bskyb-brcm64bit/build_aarch64/staging_dir/usr/include -I/home/hperev/Documents/CDI/1-From-NAS/eric-same-dir/97271IP-Toolchain/stbgcc-4.8-1.5//aarch64-linux/include  conftest.c >&5
configure:3739: $? = 0
configure:3763: result: no
configure:3823: checking how to print strings
configure:3850: result: printf
configure:3871: checking for a sed that does not truncate output
configure:3935: result: /home/jqiao/spk_64bit/spk/objOutput/bskyb-brcm64bit/toolchain_build_aarch64/bin/sed
configure:3953: checking for fgrep
configure:4015: result: /bin/grep -F
configure:4050: checking for ld used by /home/hperev/Documents/CDI/1-From-NAS/eric-same-dir/97271IP-Toolchain/stbgcc-4.8-1.5//bin/aarch64-linux-gcc -Os  -I/home/jqiao/spk_64bit/spk/objOutput/bskyb-brcm64bit/build_aarch64/staging_dir/include -I/home/jqiao/spk_64bit/spk/objOutput/bskyb-brcm64bit/build_aarch64/staging_dir/usr/include -I/home/hperev/Documents/CDI/1-From-NAS/eric-same-dir/97271IP-Toolchain/stbgcc-4.8-1.5//aarch64-linux/include
configure:4117: result: /home/hperev/Documents/CDI/1-From-NAS/eric-same-dir/97271IP-Toolchain/stbgcc-4.8-1.5//bin/aarch64-linux-ld
configure:4124: checking if the linker (/home/hperev/Documents/CDI/1-From-NAS/eric-same-dir/97271IP-Toolchain/stbgcc-4.8-1.5//bin/aarch64-linux-ld) is GNU ld
configure:4139: result: yes
configure:4151: checking for BSD- or MS-compatible name lister (nm)
configure:4205: result: /home/hperev/Documents/CDI/1-From-NAS/eric-same-dir/97271IP-Toolchain/stbgcc-4.8-1.5//bin/aarch64-linux-nm
configure:4335: checking the name lister (/home/hperev/Documents/CDI/1-From-NAS/eric-same-dir/97271IP-Toolchain/stbgcc-4.8-1.5//bin/aarch64-linux-nm) interface
configure:4342: /home/hperev/Documents/CDI/1-From-NAS/eric-same-dir/97271IP-Toolchain/stbgcc-4.8-1.5//bin/aarch64-linux-gcc -Os  -I/home/jqiao/spk_64bit/spk/objOutput/bskyb-brcm64bit/build_aarch64/staging_dir/include -I/home/jqiao/spk_64bit/spk/objOutput/bskyb-brcm64bit/build_aarch64/staging_dir/usr/include -I/home/hperev/Documents/CDI/1-From-NAS/eric-same-dir/97271IP-Toolchain/stbgcc-4.8-1.5//aarch64-linux/include -c -Os  -I/home/jqiao/spk_64bit/spk/objOutput/bskyb-brcm64bit/build_aarch64/staging_dir/include -I/home/jqiao/spk_64bit/spk/objOutput/bskyb-brcm64bit/build_aarch64/staging_dir/usr/include -I/home/hperev/Documents/CDI/1-From-NAS/eric-same-dir/97271IP-Toolchain/stbgcc-4.8-1.5//aarch64-linux/include  conftest.c >&5
configure:4345: /home/hperev/Documents/CDI/1-From-NAS/eric-same-dir/97271IP-Toolchain/stbgcc-4.8-1.5//bin/aarch64-linux-nm "conftest.o"
configure:4348: output
0000000000000000 B some_variable
configure:4355: result: BSD nm
configure:4359: checking the maximum length of command line arguments
configure:4490: result: 3458764513820540925
configure:4538: checking how to convert x86_64-pc-linux-gnu file names to aarch64-unknown-linux-gnu format
configure:4578: result: func_convert_file_noop
configure:4585: checking how to convert x86_64-pc-linux-gnu file names to toolchain format
configure:4605: result: func_convert_file_noop
configure:4612: checking for /home/hperev/Documents/CDI/1-From-NAS/eric-same-dir/97271IP-Toolchain/stbgcc-4.8-1.5//bin/aarch64-linux-ld option to reload object files
configure:4619: result: -r
configure:4653: checking for aarch64-linux-objdump
configure:4669: found /home/hperev/Documents/CDI/1-From-NAS/eric-same-dir/97271IP-Toolchain/stbgcc-4.8-1.5//bin/aarch64-linux-objdump
configure:4680: result: aarch64-linux-objdump
configure:4749: checking how to recognize dependent libraries
configure:4949: result: pass_all
configure:4994: checking for aarch64-linux-dlltool
configure:5024: result: no
configure:5034: checking for dlltool
configure:5064: result: no
configure:5091: checking how to associate runtime and link libraries
configure:5118: result: printf %s\n
configure:5134: checking for aarch64-linux-ar
configure:5161: result: /home/hperev/Documents/CDI/1-From-NAS/eric-same-dir/97271IP-Toolchain/stbgcc-4.8-1.5//bin/aarch64-linux-ar
configure:5242: checking for archiver @FILE support
configure:5259: /home/hperev/Documents/CDI/1-From-NAS/eric-same-dir/97271IP-Toolchain/stbgcc-4.8-1.5//bin/aarch64-linux-gcc -Os  -I/home/jqiao/spk_64bit/spk/objOutput/bskyb-brcm64bit/build_aarch64/staging_dir/include -I/home/jqiao/spk_64bit/spk/objOutput/bskyb-brcm64bit/build_aarch64/staging_dir/usr/include -I/home/hperev/Documents/CDI/1-From-NAS/eric-same-dir/97271IP-Toolchain/stbgcc-4.8-1.5//aarch64-linux/include -c -Os  -I/home/jqiao/spk_64bit/spk/objOutput/bskyb-brcm64bit/build_aarch64/staging_dir/include -I/home/jqiao/spk_64bit/spk/objOutput/bskyb-brcm64bit/build_aarch64/staging_dir/usr/include -I/home/hperev/Documents/CDI/1-From-NAS/eric-same-dir/97271IP-Toolchain/stbgcc-4.8-1.5//aarch64-linux/include  conftest.c >&5
configure:5259: $? = 0
configure:5262: /home/hperev/Documents/CDI/1-From-NAS/eric-same-dir/97271IP-Toolchain/stbgcc-4.8-1.5//bin/aarch64-linux-ar cru libconftest.a @conftest.lst >&5
configure:5265: $? = 0
configure:5270: /home/hperev/Documents/CDI/1-From-NAS/eric-same-dir/97271IP-Toolchain/stbgcc-4.8-1.5//bin/aarch64-linux-ar cru libconftest.a @conftest.lst >&5
/home/hperev/Documents/CDI/1-From-NAS/eric-same-dir/97271IP-Toolchain/stbgcc-4.8-1.5//bin/aarch64-linux-ar: conftest.o: No such file or directory
configure:5273: $? = 1
configure:5285: result: @
configure:5303: checking for aarch64-linux-strip
configure:5330: result: /home/hperev/Documents/CDI/1-From-NAS/eric-same-dir/97271IP-Toolchain/stbgcc-4.8-1.5//bin/aarch64-linux-strip
configure:5402: checking for aarch64-linux-ranlib
configure:5429: result: /home/hperev/Documents/CDI/1-From-NAS/eric-same-dir/97271IP-Toolchain/stbgcc-4.8-1.5//bin/aarch64-linux-ranlib
configure:5546: checking for gawk
configure:5562: found /usr/bin/gawk
configure:5573: result: gawk
configure:5613: checking command to parse /home/hperev/Documents/CDI/1-From-NAS/eric-same-dir/97271IP-Toolchain/stbgcc-4.8-1.5//bin/aarch64-linux-nm output from /home/hperev/Documents/CDI/1-From-NAS/eric-same-dir/97271IP-Toolchain/stbgcc-4.8-1.5//bin/aarch64-linux-gcc -Os  -I/home/jqiao/spk_64bit/spk/objOutput/bskyb-brcm64bit/build_aarch64/staging_dir/include -I/home/jqiao/spk_64bit/spk/objOutput/bskyb-brcm64bit/build_aarch64/staging_dir/usr/include -I/home/hperev/Documents/CDI/1-From-NAS/eric-same-dir/97271IP-Toolchain/stbgcc-4.8-1.5//aarch64-linux/include object
configure:5766: /home/hperev/Documents/CDI/1-From-NAS/eric-same-dir/97271IP-Toolchain/stbgcc-4.8-1.5//bin/aarch64-linux-gcc -Os  -I/home/jqiao/spk_64bit/spk/objOutput/bskyb-brcm64bit/build_aarch64/staging_dir/include -I/home/jqiao/spk_64bit/spk/objOutput/bskyb-brcm64bit/build_aarch64/staging_dir/usr/include -I/home/hperev/Documents/CDI/1-From-NAS/eric-same-dir/97271IP-Toolchain/stbgcc-4.8-1.5//aarch64-linux/include -c -Os  -I/home/jqiao/spk_64bit/spk/objOutput/bskyb-brcm64bit/build_aarch64/staging_dir/include -I/home/jqiao/spk_64bit/spk/objOutput/bskyb-brcm64bit/build_aarch64/staging_dir/usr/include -I/home/hperev/Documents/CDI/1-From-NAS/eric-same-dir/97271IP-Toolchain/stbgcc-4.8-1.5//aarch64-linux/include  conftest.c >&5
configure:5769: $? = 0
configure:5773: /home/hperev/Documents/CDI/1-From-NAS/eric-same-dir/97271IP-Toolchain/stbgcc-4.8-1.5//bin/aarch64-linux-nm conftest.o \| sed -n -e 's/^.*[ ]\([ABCDGIRSTW][ABCDGIRSTW]*\)[ ][ ]*\([_A-Za-z][_A-Za-z0-9]*\)$/\1 \2 \2/p' | sed '/ __gnu_lto/d' \> conftest.nm
configure:5776: $? = 0
configure:5842: /home/hperev/Documents/CDI/1-From-NAS/eric-same-dir/97271IP-Toolchain/stbgcc-4.8-1.5//bin/aarch64-linux-gcc -Os  -I/home/jqiao/spk_64bit/spk/objOutput/bskyb-brcm64bit/build_aarch64/staging_dir/include -I/home/jqiao/spk_64bit/spk/objOutput/bskyb-brcm64bit/build_aarch64/staging_dir/usr/include -I/home/hperev/Documents/CDI/1-From-NAS/eric-same-dir/97271IP-Toolchain/stbgcc-4.8-1.5//aarch64-linux/include -o conftest -Os  -I/home/jqiao/spk_64bit/spk/objOutput/bskyb-brcm64bit/build_aarch64/staging_dir/include -I/home/jqiao/spk_64bit/spk/objOutput/bskyb-brcm64bit/build_aarch64/staging_dir/usr/include -I/home/hperev/Documents/CDI/1-From-NAS/eric-same-dir/97271IP-Toolchain/stbgcc-4.8-1.5//aarch64-linux/include  -L/home/jqiao/spk_64bit/spk/objOutput/bskyb-brcm64bit/build_aarch64/staging_dir/lib -L/home/jqiao/spk_64bit/spk/objOutput/bskyb-brcm64bit/build_aarch64/staging_dir/usr/lib conftest.c conftstm.o >&5
configure:5845: $? = 0
configure:5883: result: ok
configure:5930: checking for sysroot
configure:5960: result: no
configure:5967: checking for a working dd
configure:6005: result: /bin/dd
configure:6009: checking how to truncate binary pipes
configure:6024: result: /bin/dd bs=4096 count=1
configure:6313: checking for aarch64-linux-mt
configure:6343: result: no
configure:6353: checking for mt
configure:6369: found /bin/mt
configure:6380: result: mt
configure:6392: WARNING: using cross tools not prefixed with host triplet
configure:6403: checking if mt is a manifest tool
configure:6409: mt '-?'
configure:6417: result: no
configure:7091: checking for dlfcn.h
configure:7091: /home/hperev/Documents/CDI/1-From-NAS/eric-same-dir/97271IP-Toolchain/stbgcc-4.8-1.5//bin/aarch64-linux-gcc -Os  -I/home/jqiao/spk_64bit/spk/objOutput/bskyb-brcm64bit/build_aarch64/staging_dir/include -I/home/jqiao/spk_64bit/spk/objOutput/bskyb-brcm64bit/build_aarch64/staging_dir/usr/include -I/home/hperev/Documents/CDI/1-From-NAS/eric-same-dir/97271IP-Toolchain/stbgcc-4.8-1.5//aarch64-linux/include -c -Os  -I/home/jqiao/spk_64bit/spk/objOutput/bskyb-brcm64bit/build_aarch64/staging_dir/include -I/home/jqiao/spk_64bit/spk/objOutput/bskyb-brcm64bit/build_aarch64/staging_dir/usr/include -I/home/hperev/Documents/CDI/1-From-NAS/eric-same-dir/97271IP-Toolchain/stbgcc-4.8-1.5//aarch64-linux/include  conftest.c >&5
configure:7091: $? = 0
configure:7091: result: yes
configure:7645: checking for objdir
configure:7660: result: .libs
configure:7924: checking if /home/hperev/Documents/CDI/1-From-NAS/eric-same-dir/97271IP-Toolchain/stbgcc-4.8-1.5//bin/aarch64-linux-gcc -Os  -I/home/jqiao/spk_64bit/spk/objOutput/bskyb-brcm64bit/build_aarch64/staging_dir/include -I/home/jqiao/spk_64bit/spk/objOutput/bskyb-brcm64bit/build_aarch64/staging_dir/usr/include -I/home/hperev/Documents/CDI/1-From-NAS/eric-same-dir/97271IP-Toolchain/stbgcc-4.8-1.5//aarch64-linux/include supports -fno-rtti -fno-exceptions
configure:7942: /home/hperev/Documents/CDI/1-From-NAS/eric-same-dir/97271IP-Toolchain/stbgcc-4.8-1.5//bin/aarch64-linux-gcc -Os  -I/home/jqiao/spk_64bit/spk/objOutput/bskyb-brcm64bit/build_aarch64/staging_dir/include -I/home/jqiao/spk_64bit/spk/objOutput/bskyb-brcm64bit/build_aarch64/staging_dir/usr/include -I/home/hperev/Documents/CDI/1-From-NAS/eric-same-dir/97271IP-Toolchain/stbgcc-4.8-1.5//aarch64-linux/include -c -Os  -I/home/jqiao/spk_64bit/spk/objOutput/bskyb-brcm64bit/build_aarch64/staging_dir/include -I/home/jqiao/spk_64bit/spk/objOutput/bskyb-brcm64bit/build_aarch64/staging_dir/usr/include -I/home/hperev/Documents/CDI/1-From-NAS/eric-same-dir/97271IP-Toolchain/stbgcc-4.8-1.5//aarch64-linux/include  -fno-rtti -fno-exceptions conftest.c >&5
cc1: warning: command line option '-fno-rtti' is valid for C++/ObjC++ but not for C [enabled by default]
configure:7946: $? = 0
configure:7959: result: no
configure:8317: checking for /home/hperev/Documents/CDI/1-From-NAS/eric-same-dir/97271IP-Toolchain/stbgcc-4.8-1.5//bin/aarch64-linux-gcc -Os  -I/home/jqiao/spk_64bit/spk/objOutput/bskyb-brcm64bit/build_aarch64/staging_dir/include -I/home/jqiao/spk_64bit/spk/objOutput/bskyb-brcm64bit/build_aarch64/staging_dir/usr/include -I/home/hperev/Documents/CDI/1-From-NAS/eric-same-dir/97271IP-Toolchain/stbgcc-4.8-1.5//aarch64-linux/include option to produce PIC
configure:8324: result: -fPIC -DPIC
configure:8332: checking if /home/hperev/Documents/CDI/1-From-NAS/eric-same-dir/97271IP-Toolchain/stbgcc-4.8-1.5//bin/aarch64-linux-gcc -Os  -I/home/jqiao/spk_64bit/spk/objOutput/bskyb-brcm64bit/build_aarch64/staging_dir/include -I/home/jqiao/spk_64bit/spk/objOutput/bskyb-brcm64bit/build_aarch64/staging_dir/usr/include -I/home/hperev/Documents/CDI/1-From-NAS/eric-same-dir/97271IP-Toolchain/stbgcc-4.8-1.5//aarch64-linux/include PIC flag -fPIC -DPIC works
configure:8350: /home/hperev/Documents/CDI/1-From-NAS/eric-same-dir/97271IP-Toolchain/stbgcc-4.8-1.5//bin/aarch64-linux-gcc -Os  -I/home/jqiao/spk_64bit/spk/objOutput/bskyb-brcm64bit/build_aarch64/staging_dir/include -I/home/jqiao/spk_64bit/spk/objOutput/bskyb-brcm64bit/build_aarch64/staging_dir/usr/include -I/home/hperev/Documents/CDI/1-From-NAS/eric-same-dir/97271IP-Toolchain/stbgcc-4.8-1.5//aarch64-linux/include -c -Os  -I/home/jqiao/spk_64bit/spk/objOutput/bskyb-brcm64bit/build_aarch64/staging_dir/include -I/home/jqiao/spk_64bit/spk/objOutput/bskyb-brcm64bit/build_aarch64/staging_dir/usr/include -I/home/hperev/Documents/CDI/1-From-NAS/eric-same-dir/97271IP-Toolchain/stbgcc-4.8-1.5//aarch64-linux/include  -fPIC -DPIC -DPIC conftest.c >&5
configure:8354: $? = 0
configure:8367: result: yes
configure:8396: checking if /home/hperev/Documents/CDI/1-From-NAS/eric-same-dir/97271IP-Toolchain/stbgcc-4.8-1.5//bin/aarch64-linux-gcc -Os  -I/home/jqiao/spk_64bit/spk/objOutput/bskyb-brcm64bit/build_aarch64/staging_dir/include -I/home/jqiao/spk_64bit/spk/objOutput/bskyb-brcm64bit/build_aarch64/staging_dir/usr/include -I/home/hperev/Documents/CDI/1-From-NAS/eric-same-dir/97271IP-Toolchain/stbgcc-4.8-1.5//aarch64-linux/include static flag -static works
configure:8424: result: yes
configure:8439: checking if /home/hperev/Documents/CDI/1-From-NAS/eric-same-dir/97271IP-Toolchain/stbgcc-4.8-1.5//bin/aarch64-linux-gcc -Os  -I/home/jqiao/spk_64bit/spk/objOutput/bskyb-brcm64bit/build_aarch64/staging_dir/include -I/home/jqiao/spk_64bit/spk/objOutput/bskyb-brcm64bit/build_aarch64/staging_dir/usr/include -I/home/hperev/Documents/CDI/1-From-NAS/eric-same-dir/97271IP-Toolchain/stbgcc-4.8-1.5//aarch64-linux/include supports -c -o file.o
configure:8460: /home/hperev/Documents/CDI/1-From-NAS/eric-same-dir/97271IP-Toolchain/stbgcc-4.8-1.5//bin/aarch64-linux-gcc -Os  -I/home/jqiao/spk_64bit/spk/objOutput/bskyb-brcm64bit/build_aarch64/staging_dir/include -I/home/jqiao/spk_64bit/spk/objOutput/bskyb-brcm64bit/build_aarch64/staging_dir/usr/include -I/home/hperev/Documents/CDI/1-From-NAS/eric-same-dir/97271IP-Toolchain/stbgcc-4.8-1.5//aarch64-linux/include -c -Os  -I/home/jqiao/spk_64bit/spk/objOutput/bskyb-brcm64bit/build_aarch64/staging_dir/include -I/home/jqiao/spk_64bit/spk/objOutput/bskyb-brcm64bit/build_aarch64/staging_dir/usr/include -I/home/hperev/Documents/CDI/1-From-NAS/eric-same-dir/97271IP-Toolchain/stbgcc-4.8-1.5//aarch64-linux/include  -o out/conftest2.o conftest.c >&5
configure:8464: $? = 0
configure:8486: result: yes
configure:8494: checking if /home/hperev/Documents/CDI/1-From-NAS/eric-same-dir/97271IP-Toolchain/stbgcc-4.8-1.5//bin/aarch64-linux-gcc -Os  -I/home/jqiao/spk_64bit/spk/objOutput/bskyb-brcm64bit/build_aarch64/staging_dir/include -I/home/jqiao/spk_64bit/spk/objOutput/bskyb-brcm64bit/build_aarch64/staging_dir/usr/include -I/home/hperev/Documents/CDI/1-From-NAS/eric-same-dir/97271IP-Toolchain/stbgcc-4.8-1.5//aarch64-linux/include supports -c -o file.o
configure:8541: result: yes
configure:8574: checking whether the /home/hperev/Documents/CDI/1-From-NAS/eric-same-dir/97271IP-Toolchain/stbgcc-4.8-1.5//bin/aarch64-linux-gcc -Os  -I/home/jqiao/spk_64bit/spk/objOutput/bskyb-brcm64bit/build_aarch64/staging_dir/include -I/home/jqiao/spk_64bit/spk/objOutput/bskyb-brcm64bit/build_aarch64/staging_dir/usr/include -I/home/hperev/Documents/CDI/1-From-NAS/eric-same-dir/97271IP-Toolchain/stbgcc-4.8-1.5//aarch64-linux/include linker (/home/hperev/Documents/CDI/1-From-NAS/eric-same-dir/97271IP-Toolchain/stbgcc-4.8-1.5//bin/aarch64-linux-ld) supports shared libraries
configure:9833: result: yes
configure:9870: checking whether -lc should be explicitly linked in
configure:9878: /home/hperev/Documents/CDI/1-From-NAS/eric-same-dir/97271IP-Toolchain/stbgcc-4.8-1.5//bin/aarch64-linux-gcc -Os  -I/home/jqiao/spk_64bit/spk/objOutput/bskyb-brcm64bit/build_aarch64/staging_dir/include -I/home/jqiao/spk_64bit/spk/objOutput/bskyb-brcm64bit/build_aarch64/staging_dir/usr/include -I/home/hperev/Documents/CDI/1-From-NAS/eric-same-dir/97271IP-Toolchain/stbgcc-4.8-1.5//aarch64-linux/include -c -Os  -I/home/jqiao/spk_64bit/spk/objOutput/bskyb-brcm64bit/build_aarch64/staging_dir/include -I/home/jqiao/spk_64bit/spk/objOutput/bskyb-brcm64bit/build_aarch64/staging_dir/usr/include -I/home/hperev/Documents/CDI/1-From-NAS/eric-same-dir/97271IP-Toolchain/stbgcc-4.8-1.5//aarch64-linux/include  conftest.c >&5
configure:9881: $? = 0
configure:9896: /home/hperev/Documents/CDI/1-From-NAS/eric-same-dir/97271IP-Toolchain/stbgcc-4.8-1.5//bin/aarch64-linux-gcc -Os  -I/home/jqiao/spk_64bit/spk/objOutput/bskyb-brcm64bit/build_aarch64/staging_dir/include -I/home/jqiao/spk_64bit/spk/objOutput/bskyb-brcm64bit/build_aarch64/staging_dir/usr/include -I/home/hperev/Documents/CDI/1-From-NAS/eric-same-dir/97271IP-Toolchain/stbgcc-4.8-1.5//aarch64-linux/include -shared  -fPIC -DPIC conftest.o  -v -Wl,-soname -Wl,conftest -o conftest 2\>\&1 \| /bin/grep  -lc  \>/dev/null 2\>\&1
configure:9899: $? = 0
configure:9913: result: no
configure:10073: checking dynamic linker characteristics
configure:10654: /home/hperev/Documents/CDI/1-From-NAS/eric-same-dir/97271IP-Toolchain/stbgcc-4.8-1.5//bin/aarch64-linux-gcc -Os  -I/home/jqiao/spk_64bit/spk/objOutput/bskyb-brcm64bit/build_aarch64/staging_dir/include -I/home/jqiao/spk_64bit/spk/objOutput/bskyb-brcm64bit/build_aarch64/staging_dir/usr/include -I/home/hperev/Documents/CDI/1-From-NAS/eric-same-dir/97271IP-Toolchain/stbgcc-4.8-1.5//aarch64-linux/include -o conftest -Os  -I/home/jqiao/spk_64bit/spk/objOutput/bskyb-brcm64bit/build_aarch64/staging_dir/include -I/home/jqiao/spk_64bit/spk/objOutput/bskyb-brcm64bit/build_aarch64/staging_dir/usr/include -I/home/hperev/Documents/CDI/1-From-NAS/eric-same-dir/97271IP-Toolchain/stbgcc-4.8-1.5//aarch64-linux/include  -L/home/jqiao/spk_64bit/spk/objOutput/bskyb-brcm64bit/build_aarch64/staging_dir/lib -L/home/jqiao/spk_64bit/spk/objOutput/bskyb-brcm64bit/build_aarch64/staging_dir/usr/lib -Wl,-rpath -Wl,/foo conftest.c  >&5
configure:10654: $? = 0
configure:10891: result: GNU/Linux ld.so
configure:11013: checking how to hardcode library paths into programs
configure:11038: result: immediate
configure:11586: checking whether stripping libraries is possible
configure:11591: result: yes
configure:11626: checking if libtool supports shared libraries
configure:11628: result: yes
configure:11631: checking whether to build shared libraries
configure:11656: result: yes
configure:11659: checking whether to build static libraries
configure:11663: result: no
configure:11705: checking whether the -Werror option is usable
configure:11724: /home/hperev/Documents/CDI/1-From-NAS/eric-same-dir/97271IP-Toolchain/stbgcc-4.8-1.5//bin/aarch64-linux-gcc -Os  -I/home/jqiao/spk_64bit/spk/objOutput/bskyb-brcm64bit/build_aarch64/staging_dir/include -I/home/jqiao/spk_64bit/spk/objOutput/bskyb-brcm64bit/build_aarch64/staging_dir/usr/include -I/home/hperev/Documents/CDI/1-From-NAS/eric-same-dir/97271IP-Toolchain/stbgcc-4.8-1.5//aarch64-linux/include -c -Os  -I/home/jqiao/spk_64bit/spk/objOutput/bskyb-brcm64bit/build_aarch64/staging_dir/include -I/home/jqiao/spk_64bit/spk/objOutput/bskyb-brcm64bit/build_aarch64/staging_dir/usr/include -I/home/hperev/Documents/CDI/1-From-NAS/eric-same-dir/97271IP-Toolchain/stbgcc-4.8-1.5//aarch64-linux/include -Werror  conftest.c >&5
configure:11724: $? = 0
configure:11733: result: yes
configure:11735: checking for simple visibility declarations
configure:11762: /home/hperev/Documents/CDI/1-From-NAS/eric-same-dir/97271IP-Toolchain/stbgcc-4.8-1.5//bin/aarch64-linux-gcc -Os  -I/home/jqiao/spk_64bit/spk/objOutput/bskyb-brcm64bit/build_aarch64/staging_dir/include -I/home/jqiao/spk_64bit/spk/objOutput/bskyb-brcm64bit/build_aarch64/staging_dir/usr/include -I/home/hperev/Documents/CDI/1-From-NAS/eric-same-dir/97271IP-Toolchain/stbgcc-4.8-1.5//aarch64-linux/include -c -Os  -I/home/jqiao/spk_64bit/spk/objOutput/bskyb-brcm64bit/build_aarch64/staging_dir/include -I/home/jqiao/spk_64bit/spk/objOutput/bskyb-brcm64bit/build_aarch64/staging_dir/usr/include -I/home/hperev/Documents/CDI/1-From-NAS/eric-same-dir/97271IP-Toolchain/stbgcc-4.8-1.5//aarch64-linux/include -fvisibility=hidden -Werror  conftest.c >&5
configure:11762: $? = 0
configure:11771: result: yes
configure:11948: creating ./config.status

## ---------------------- ##
## Running config.status. ##
## ---------------------- ##

This file was extended by libiconv config.status 0, which was
generated by GNU Autoconf 2.69.  Invocation command line was

  CONFIG_FILES    = 
  CONFIG_HEADERS  = 
  CONFIG_LINKS    = 
  CONFIG_COMMANDS = 
  $ ./config.status 

on columbia

config.status:984: creating Makefile
config.status:1150: executing libtool commands

## ---------------- ##
## Cache variables. ##
## ---------------- ##

ac_cv_build=x86_64-pc-linux-gnu
ac_cv_c_bigendian=no
ac_cv_c_compiler_gnu=yes
ac_cv_env_CC_set=set
ac_cv_env_CC_value='/home/hperev/Documents/CDI/1-From-NAS/eric-same-dir/97271IP-Toolchain/stbgcc-4.8-1.5//bin/aarch64-linux-gcc -Os  -I/home/jqiao/spk_64bit/spk/objOutput/bskyb-brcm64bit/build_aarch64/staging_dir/include -I/home/jqiao/spk_64bit/spk/objOutput/bskyb-brcm64bit/build_aarch64/staging_dir/usr/include -I/home/hperev/Documents/CDI/1-From-NAS/eric-same-dir/97271IP-Toolchain/stbgcc-4.8-1.5//aarch64-linux/include'
ac_cv_env_CFLAGS_set=set
ac_cv_env_CFLAGS_value='-Os  -I/home/jqiao/spk_64bit/spk/objOutput/bskyb-brcm64bit/build_aarch64/staging_dir/include -I/home/jqiao/spk_64bit/spk/objOutput/bskyb-brcm64bit/build_aarch64/staging_dir/usr/include -I/home/hperev/Documents/CDI/1-From-NAS/eric-same-dir/97271IP-Toolchain/stbgcc-4.8-1.5//aarch64-linux/include'
ac_cv_env_CPPFLAGS_set=
ac_cv_env_CPPFLAGS_value=
ac_cv_env_CPP_set=set
ac_cv_env_CPP_value='/home/hperev/Documents/CDI/1-From-NAS/eric-same-dir/97271IP-Toolchain/stbgcc-4.8-1.5//bin/aarch64-linux-cpp -Os  -I/home/jqiao/spk_64bit/spk/objOutput/bskyb-brcm64bit/build_aarch64/staging_dir/include -I/home/jqiao/spk_64bit/spk/objOutput/bskyb-brcm64bit/build_aarch64/staging_dir/usr/include -I/home/hperev/Documents/CDI/1-From-NAS/eric-same-dir/97271IP-Toolchain/stbgcc-4.8-1.5//aarch64-linux/include'
ac_cv_env_LDFLAGS_set=set
ac_cv_env_LDFLAGS_value='-L/home/jqiao/spk_64bit/spk/objOutput/bskyb-brcm64bit/build_aarch64/staging_dir/lib -L/home/jqiao/spk_64bit/spk/objOutput/bskyb-brcm64bit/build_aarch64/staging_dir/usr/lib'
ac_cv_env_LIBS_set=
ac_cv_env_LIBS_value=
ac_cv_env_LT_SYS_LIBRARY_PATH_set=
ac_cv_env_LT_SYS_LIBRARY_PATH_value=
ac_cv_env_build_alias_set=set
ac_cv_env_build_alias_value=x86_64-pc-linux-gnu
ac_cv_env_host_alias_set=set
ac_cv_env_host_alias_value=aarch64-linux
ac_cv_env_target_alias_set=set
ac_cv_env_target_alias_value=aarch64-linux
ac_cv_func_calloc_0_nonnull=yes
ac_cv_func_malloc_0_nonnull=yes
ac_cv_func_memcmp_working=yes
ac_cv_func_mmap_fixed_mapped=yes
ac_cv_func_realloc_0_nonnull=yes
ac_cv_have_decl_malloc=yes
ac_cv_header_dlfcn_h=yes
ac_cv_header_inttypes_h=yes
ac_cv_header_memory_h=yes
ac_cv_header_minix_config_h=no
ac_cv_header_stdc=yes
ac_cv_header_stdint_h=yes
ac_cv_header_stdlib_h=yes
ac_cv_header_string_h=yes
ac_cv_header_strings_h=yes
ac_cv_header_sys_stat_h=yes
ac_cv_header_sys_types_h=yes
ac_cv_header_unistd_h=yes
ac_cv_host=aarch64-unknown-linux-gnu
ac_cv_lbl_unaligned_fail=yes
ac_cv_objext=o
ac_cv_path_EGREP='/bin/grep -E'
ac_cv_path_FGREP='/bin/grep -F'
ac_cv_path_GREP=/bin/grep
ac_cv_path_SED=/home/jqiao/spk_64bit/spk/objOutput/bskyb-brcm64bit/toolchain_build_aarch64/bin/sed
ac_cv_path_install='/usr/bin/install -c'
ac_cv_path_lt_DD=/bin/dd
ac_cv_prog_AR=/home/hperev/Documents/CDI/1-From-NAS/eric-same-dir/97271IP-Toolchain/stbgcc-4.8-1.5//bin/aarch64-linux-ar
ac_cv_prog_AWK=gawk
ac_cv_prog_CC='/home/hperev/Documents/CDI/1-From-NAS/eric-same-dir/97271IP-Toolchain/stbgcc-4.8-1.5//bin/aarch64-linux-gcc -Os  -I/home/jqiao/spk_64bit/spk/objOutput/bskyb-brcm64bit/build_aarch64/staging_dir/include -I/home/jqiao/spk_64bit/spk/objOutput/bskyb-brcm64bit/build_aarch64/staging_dir/usr/include -I/home/hperev/Documents/CDI/1-From-NAS/eric-same-dir/97271IP-Toolchain/stbgcc-4.8-1.5//aarch64-linux/include'
ac_cv_prog_CPP='/home/hperev/Documents/CDI/1-From-NAS/eric-same-dir/97271IP-Toolchain/stbgcc-4.8-1.5//bin/aarch64-linux-cpp -Os  -I/home/jqiao/spk_64bit/spk/objOutput/bskyb-brcm64bit/build_aarch64/staging_dir/include -I/home/jqiao/spk_64bit/spk/objOutput/bskyb-brcm64bit/build_aarch64/staging_dir/usr/include -I/home/hperev/Documents/CDI/1-From-NAS/eric-same-dir/97271IP-Toolchain/stbgcc-4.8-1.5//aarch64-linux/include'
ac_cv_prog_OBJDUMP=aarch64-linux-objdump
ac_cv_prog_RANLIB=/home/hperev/Documents/CDI/1-From-NAS/eric-same-dir/97271IP-Toolchain/stbgcc-4.8-1.5//bin/aarch64-linux-ranlib
ac_cv_prog_STRIP=/home/hperev/Documents/CDI/1-From-NAS/eric-same-dir/97271IP-Toolchain/stbgcc-4.8-1.5//bin/aarch64-linux-strip
ac_cv_prog_ac_ct_MANIFEST_TOOL=mt
ac_cv_prog_cc_c89=
ac_cv_prog_cc_g=yes
ac_cv_prog_make_make_set=yes
ac_cv_safe_to_define___extensions__=yes
ac_cv_should_define__xopen_source=no
gl_cv_cc_vis_werror=yes
gl_cv_cc_visibility=yes
gl_cv_func_malloc_0_nonnull=1
lt_cv_ar_at_file=@
lt_cv_archive_cmds_need_lc=no
lt_cv_deplibs_check_method=pass_all
lt_cv_file_magic_cmd='$MAGIC_CMD'
lt_cv_file_magic_test_file=
lt_cv_ld_reload_flag=-r
lt_cv_nm_interface='BSD nm'
lt_cv_objdir=.libs
lt_cv_path_LD=/home/hperev/Documents/CDI/1-From-NAS/eric-same-dir/97271IP-Toolchain/stbgcc-4.8-1.5//bin/aarch64-linux-ld
lt_cv_path_NM=/home/hperev/Documents/CDI/1-From-NAS/eric-same-dir/97271IP-Toolchain/stbgcc-4.8-1.5//bin/aarch64-linux-nm
lt_cv_path_mainfest_tool=no
lt_cv_prog_compiler_c_o=yes
lt_cv_prog_compiler_pic='-fPIC -DPIC'
lt_cv_prog_compiler_pic_works=yes
lt_cv_prog_compiler_rtti_exceptions=no
lt_cv_prog_compiler_static_works=yes
lt_cv_prog_gnu_ld=yes
lt_cv_sharedlib_from_linklib_cmd='printf %s\n'
lt_cv_shlibpath_overrides_runpath=no
lt_cv_sys_global_symbol_pipe='sed -n -e '\''s/^.*[	 ]\([ABCDGIRSTW][ABCDGIRSTW]*\)[	 ][	 ]*\([_A-Za-z][_A-Za-z0-9]*\)$/\1 \2 \2/p'\'' | sed '\''/ __gnu_lto/d'\'''
lt_cv_sys_global_symbol_to_c_name_address='sed -n -e '\''s/^: \(.*\) .*$/  {"\1", (void *) 0},/p'\'' -e '\''s/^[ABCDGIRSTW][ABCDGIRSTW]* .* \(.*\)$/  {"\1", (void *) \&\1},/p'\'''
lt_cv_sys_global_symbol_to_c_name_address_lib_prefix='sed -n -e '\''s/^: \(.*\) .*$/  {"\1", (void *) 0},/p'\'' -e '\''s/^[ABCDGIRSTW][ABCDGIRSTW]* .* \(lib.*\)$/  {"\1", (void *) \&\1},/p'\'' -e '\''s/^[ABCDGIRSTW][ABCDGIRSTW]* .* \(.*\)$/  {"lib\1", (void *) \&\1},/p'\'''
lt_cv_sys_global_symbol_to_cdecl='sed -n -e '\''s/^T .* \(.*\)$/extern int \1();/p'\'' -e '\''s/^[ABCDGIRSTW][ABCDGIRSTW]* .* \(.*\)$/extern char \1;/p'\'''
lt_cv_sys_global_symbol_to_import=
lt_cv_sys_max_cmd_len=3458764513820540925
lt_cv_to_host_file_cmd=func_convert_file_noop
lt_cv_to_tool_file_cmd=func_convert_file_noop
lt_cv_truncate_bin='/bin/dd bs=4096 count=1'

## ----------------- ##
## Output variables. ##
## ----------------- ##

AR='/home/hperev/Documents/CDI/1-From-NAS/eric-same-dir/97271IP-Toolchain/stbgcc-4.8-1.5//bin/aarch64-linux-ar'
AS='/home/hperev/Documents/CDI/1-From-NAS/eric-same-dir/97271IP-Toolchain/stbgcc-4.8-1.5//bin/aarch64-linux-as'
AWK='gawk'
CC='/home/hperev/Documents/CDI/1-From-NAS/eric-same-dir/97271IP-Toolchain/stbgcc-4.8-1.5//bin/aarch64-linux-gcc -Os  -I/home/jqiao/spk_64bit/spk/objOutput/bskyb-brcm64bit/build_aarch64/staging_dir/include -I/home/jqiao/spk_64bit/spk/objOutput/bskyb-brcm64bit/build_aarch64/staging_dir/usr/include -I/home/hperev/Documents/CDI/1-From-NAS/eric-same-dir/97271IP-Toolchain/stbgcc-4.8-1.5//aarch64-linux/include'
CFLAGS='-Os  -I/home/jqiao/spk_64bit/spk/objOutput/bskyb-brcm64bit/build_aarch64/staging_dir/include -I/home/jqiao/spk_64bit/spk/objOutput/bskyb-brcm64bit/build_aarch64/staging_dir/usr/include -I/home/hperev/Documents/CDI/1-From-NAS/eric-same-dir/97271IP-Toolchain/stbgcc-4.8-1.5//aarch64-linux/include'
CFLAG_VISIBILITY='-fvisibility=hidden'
CPP='/home/hperev/Documents/CDI/1-From-NAS/eric-same-dir/97271IP-Toolchain/stbgcc-4.8-1.5//bin/aarch64-linux-cpp -Os  -I/home/jqiao/spk_64bit/spk/objOutput/bskyb-brcm64bit/build_aarch64/staging_dir/include -I/home/jqiao/spk_64bit/spk/objOutput/bskyb-brcm64bit/build_aarch64/staging_dir/usr/include -I/home/hperev/Documents/CDI/1-From-NAS/eric-same-dir/97271IP-Toolchain/stbgcc-4.8-1.5//aarch64-linux/include'
CPPFLAGS=''
DEFS='-DPACKAGE_NAME=\"libiconv\" -DPACKAGE_TARNAME=\"libiconv\" -DPACKAGE_VERSION=\"0\" -DPACKAGE_STRING=\"libiconv\ 0\" -DPACKAGE_BUGREPORT=\"\" -DPACKAGE_URL=\"\" -DINSTALLPREFIX=\"/usr\" -DSTDC_HEADERS=1 -DHAVE_SYS_TYPES_H=1 -DHAVE_SYS_STAT_H=1 -DHAVE_STDLIB_H=1 -DHAVE_STRING_H=1 -DHAVE_MEMORY_H=1 -DHAVE_STRINGS_H=1 -DHAVE_INTTYPES_H=1 -DHAVE_STDINT_H=1 -DHAVE_UNISTD_H=1 -D__EXTENSIONS__=1 -D_ALL_SOURCE=1 -D_DARWIN_C_SOURCE=1 -D_GNU_SOURCE=1 -D_POSIX_PTHREAD_SEMANTICS=1 -D__STDC_WANT_IEC_60559_ATTRIBS_EXT__=1 -D__STDC_WANT_IEC_60559_BFP_EXT__=1 -D__STDC_WANT_IEC_60559_DFP_EXT__=1 -D__STDC_WANT_IEC_60559_FUNCS_EXT__=1 -D__STDC_WANT_IEC_60559_TYPES_EXT__=1 -D__STDC_WANT_LIB_EXT2__=1 -D__STDC_WANT_MATH_SPEC_FUNCS__=1 -D_TANDEM_SOURCE=1 -DHAVE_DLFCN_H=1 -DLT_OBJDIR=\".libs/\" -DHAVE_VISIBILITY=1'
DLLTOOL='false'
DSYMUTIL=''
DUMPBIN=''
ECHO_C=''
ECHO_N='-n'
ECHO_T=''
EGREP='/bin/grep -E'
EXEEXT=''
FGREP='/bin/grep -F'
GREP='/bin/grep'
HAVE_VISIBILITY='1'
INSTALL_DATA='${INSTALL} -m 644'
INSTALL_PROGRAM='${INSTALL}'
INSTALL_SCRIPT='${INSTALL}'
LD='/home/hperev/Documents/CDI/1-From-NAS/eric-same-dir/97271IP-Toolchain/stbgcc-4.8-1.5//bin/aarch64-linux-ld'
LDFLAGS='-L/home/jqiao/spk_64bit/spk/objOutput/bskyb-brcm64bit/build_aarch64/staging_dir/lib -L/home/jqiao/spk_64bit/spk/objOutput/bskyb-brcm64bit/build_aarch64/staging_dir/usr/lib'
LIBOBJS=''
LIBS=''
LIBTOOL='/bin/sh $(top_builddir)/libtool'
LIPO=''
LN_S='ln -s'
LTLIBOBJS=''
LT_SYS_LIBRARY_PATH=''
MANIFEST_TOOL=':'
NM='/home/hperev/Documents/CDI/1-From-NAS/eric-same-dir/97271IP-Toolchain/stbgcc-4.8-1.5//bin/aarch64-linux-nm'
NMEDIT=''
OBJDUMP='aarch64-linux-objdump'
OBJEXT='o'
OTOOL64=''
OTOOL=''
PACKAGE_BUGREPORT=''
PACKAGE_NAME='libiconv'
PACKAGE_STRING='libiconv 0'
PACKAGE_TARNAME='libiconv'
PACKAGE_URL=''
PACKAGE_VERSION='0'
PATH_SEPARATOR=':'
PLUGLIB='preloadable_libiconv.so'
RANLIB='/home/hperev/Documents/CDI/1-From-NAS/eric-same-dir/97271IP-Toolchain/stbgcc-4.8-1.5//bin/aarch64-linux-ranlib'
RELOCATABLE='no'
SED='/home/jqiao/spk_64bit/spk/objOutput/bskyb-brcm64bit/toolchain_build_aarch64/bin/sed'
SET_MAKE=''
SHELL='/bin/sh'
STRIP='/home/hperev/Documents/CDI/1-From-NAS/eric-same-dir/97271IP-Toolchain/stbgcc-4.8-1.5//bin/aarch64-linux-strip'
ac_ct_AR=''
ac_ct_CC=''
ac_ct_DUMPBIN=''
bindir='${exec_prefix}/bin'
build='x86_64-pc-linux-gnu'
build_alias='x86_64-pc-linux-gnu'
build_cpu='x86_64'
build_os='linux-gnu'
build_vendor='pc'
datadir='${datarootdir}'
datarootdir='${prefix}/share'
docdir='${datarootdir}/doc/${PACKAGE_TARNAME}'
dvidir='${docdir}'
exec_prefix='/usr'
host='aarch64-unknown-linux-gnu'
host_alias='aarch64-linux'
host_cpu='aarch64'
host_os='linux-gnu'
host_vendor='unknown'
htmldir='${docdir}'
includedir='${prefix}/include'
infodir='${datarootdir}/info'
libdir='${exec_prefix}/lib'
libexecdir='${exec_prefix}/libexec'
localedir='${datarootdir}/locale'
localstatedir='${prefix}/var'
mandir='${datarootdir}/man'
oldincludedir='/usr/include'
pdfdir='${docdir}'
prefix='/usr'
program_transform_name='s,x,x,'
psdir='${docdir}'
sbindir='${exec_prefix}/sbin'
sharedstatedir='${prefix}/com'
sysconfdir='/etc'
target_alias='aarch64-linux'

## ----------- ##
## confdefs.h. ##
## ----------- ##

/* confdefs.h */
#define PACKAGE_NAME "libiconv"
#define PACKAGE_TARNAME "libiconv"
#define PACKAGE_VERSION "0"
#define PACKAGE_STRING "libiconv 0"
#define PACKAGE_BUGREPORT ""
#define PACKAGE_URL ""
#define INSTALLPREFIX "/usr"
#define STDC_HEADERS 1
#define HAVE_SYS_TYPES_H 1
#define HAVE_SYS_STAT_H 1
#define HAVE_STDLIB_H 1
#define HAVE_STRING_H 1
#define HAVE_MEMORY_H 1
#define HAVE_STRINGS_H 1
#define HAVE_INTTYPES_H 1
#define HAVE_STDINT_H 1
#define HAVE_UNISTD_H 1
#define __EXTENSIONS__ 1
#define _ALL_SOURCE 1
#define _DARWIN_C_SOURCE 1
#define _GNU_SOURCE 1
#define _POSIX_PTHREAD_SEMANTICS 1
#define __STDC_WANT_IEC_60559_ATTRIBS_EXT__ 1
#define __STDC_WANT_IEC_60559_BFP_EXT__ 1
#define __STDC_WANT_IEC_60559_DFP_EXT__ 1
#define __STDC_WANT_IEC_60559_FUNCS_EXT__ 1
#define __STDC_WANT_IEC_60559_TYPES_EXT__ 1
#define __STDC_WANT_LIB_EXT2__ 1
#define __STDC_WANT_MATH_SPEC_FUNCS__ 1
#define _TANDEM_SOURCE 1
#define HAVE_DLFCN_H 1
#define LT_OBJDIR ".libs/"
#define HAVE_VISIBILITY 1

configure: exit 0
