This file contains any messages produced by compilers while
running configure, to aid debugging if configure makes a mistake.

It was created by dbus-glib configure 0.100.2, which was
generated by GNU Autoconf 2.68.  Invocation command line was

  $ ./configure --target=aarch64-linux --host=aarch64-linux --build=x86_64-pc-linux-gnu --prefix=/usr --localstatedir=/var --program-prefix= --disable-tests --disable-xml-docs --disable-doxygen-docs --enable-asserts=yes --without-examples PKG_CONFIG= /home/jqiao/spk_64bit/spk/objOutput/bskyb-brcm64bit/build_aarch64/staging_dir/usr/bin/pkg-config PKG_CONFIG_PATH= /home/jqiao/spk_64bit/spk/objOutput/bskyb-brcm64bit/build_aarch64/staging_dir/usr/lib/pkgconfig/

## --------- ##
## Platform. ##
## --------- ##

hostname = columbia
uname -m = x86_64
uname -r = 3.5.0-37-generic
uname -s = Linux
uname -v = #58~precise1-Ubuntu SMP Wed Jul 10 17:48:11 UTC 2013

/usr/bin/uname -p = unknown
/bin/uname -X     = unknown

/bin/arch              = unknown
/usr/bin/arch -k       = unknown
/usr/convex/getsysinfo = unknown
/usr/bin/hostinfo      = unknown
/bin/machine           = unknown
/usr/bin/oslevel       = unknown
/bin/universe          = unknown

PATH: /home/jqiao/spk_64bit/spk/objOutput/bskyb-brcm64bit/build_aarch64/staging_dir/bin
PATH: /home/jqiao/spk_64bit/spk/objOutput/bskyb-brcm64bit/build_aarch64/staging_dir/usr/bin
PATH: /home/jqiao/spk_64bit/spk/objOutput/bskyb-brcm64bit/toolchain_build_aarch64/bin
PATH: /home/hperev/Documents/CDI/1-From-NAS/eric-same-dir/97271IP-Toolchain/stbgcc-4.8-1.5//bin
PATH: /usr/local/sbin
PATH: /usr/local/bin
PATH: /usr/sbin
PATH: /usr/bin
PATH: /sbin
PATH: /bin
PATH: /usr/games
PATH: /opt/thinlinc/bin
PATH: /opt/repo_flow


## ----------- ##
## Core tests. ##
## ----------- ##

configure:2344: checking build system type
configure:2358: result: x86_64-pc-linux-gnu
configure:2378: checking host system type
configure:2391: result: aarch64-unknown-linux-gnu
configure:2428: checking for a BSD-compatible install
configure:2496: result: /usr/bin/install -c
configure:2507: checking whether build environment is sane
configure:2557: result: yes
configure:2606: checking for aarch64-linux-strip
configure:2633: result: /home/hperev/Documents/CDI/1-From-NAS/eric-same-dir/97271IP-Toolchain/stbgcc-4.8-1.5//bin/aarch64-linux-strip
configure:2698: checking for a thread-safe mkdir -p
configure:2737: result: /bin/mkdir -p
configure:2750: checking for gawk
configure:2766: found /usr/bin/gawk
configure:2777: result: gawk
configure:2788: checking whether make sets $(MAKE)
configure:2810: result: yes
configure:2900: checking whether to enable maintainer-specific portions of Makefiles
configure:2909: result: no
configure:2934: checking whether make supports nested variables
configure:2951: result: yes
configure:2993: checking for aarch64-linux-gcc
configure:3020: result: /home/hperev/Documents/CDI/1-From-NAS/eric-same-dir/97271IP-Toolchain/stbgcc-4.8-1.5//bin/aarch64-linux-gcc -Os  -I/home/jqiao/spk_64bit/spk/objOutput/bskyb-brcm64bit/build_aarch64/staging_dir/include -I/home/jqiao/spk_64bit/spk/objOutput/bskyb-brcm64bit/build_aarch64/staging_dir/usr/include -I/home/hperev/Documents/CDI/1-From-NAS/eric-same-dir/97271IP-Toolchain/stbgcc-4.8-1.5//aarch64-linux/include
configure:3289: checking for C compiler version
configure:3298: /home/hperev/Documents/CDI/1-From-NAS/eric-same-dir/97271IP-Toolchain/stbgcc-4.8-1.5//bin/aarch64-linux-gcc -Os  -I/home/jqiao/spk_64bit/spk/objOutput/bskyb-brcm64bit/build_aarch64/staging_dir/include -I/home/jqiao/spk_64bit/spk/objOutput/bskyb-brcm64bit/build_aarch64/staging_dir/usr/include -I/home/hperev/Documents/CDI/1-From-NAS/eric-same-dir/97271IP-Toolchain/stbgcc-4.8-1.5//aarch64-linux/include --version >&5
aarch64-linux-gcc (Broadcom stbgcc-4.8-1.5) 4.8.5
Copyright (C) 2015 Free Software Foundation, Inc.
This is free software; see the source for copying conditions.  There is NO
warranty; not even for MERCHANTABILITY or FITNESS FOR A PARTICULAR PURPOSE.

configure:3309: $? = 0
configure:3298: /home/hperev/Documents/CDI/1-From-NAS/eric-same-dir/97271IP-Toolchain/stbgcc-4.8-1.5//bin/aarch64-linux-gcc -Os  -I/home/jqiao/spk_64bit/spk/objOutput/bskyb-brcm64bit/build_aarch64/staging_dir/include -I/home/jqiao/spk_64bit/spk/objOutput/bskyb-brcm64bit/build_aarch64/staging_dir/usr/include -I/home/hperev/Documents/CDI/1-From-NAS/eric-same-dir/97271IP-Toolchain/stbgcc-4.8-1.5//aarch64-linux/include -v >&5
Using built-in specs.
COLLECT_GCC=/home/hperev/Documents/CDI/1-From-NAS/eric-same-dir/97271IP-Toolchain/stbgcc-4.8-1.5//bin/aarch64-linux-gcc
COLLECT_LTO_WRAPPER=/home/hperev/Documents/CDI/1-From-NAS/eric-same-dir/97271IP-Toolchain/stbgcc-4.8-1.5/bin/../libexec/gcc/aarch64-linux-gnu/4.8.5/lto-wrapper
Target: aarch64-linux-gnu
Configured with: ../gcc-linaro-4.8-2015.06/configure --target=aarch64-linux-gnu --disable-multilib --prefix=/opt/toolchains/stbgcc-4.8-1.5 --with-build-time-tools=/home/vagrant/rpmbuild/BUILD/build-toolchain/opt/toolchains/stbgcc-4.8-1.5/aarch64-linux-gnu/sys-root/../bin --with-sysroot=/opt/toolchains/stbgcc-4.8-1.5/aarch64-linux-gnu/sys-root --with-build-sysroot=/home/vagrant/rpmbuild/BUILD/build-toolchain/opt/toolchains/stbgcc-4.8-1.5/aarch64-linux-gnu/sys-root --enable-threads=posix --enable-long-long --enable-c99 --enable-plugins --enable-__cxa_atexit --with-gmp=/home/vagrant/rpmbuild/BUILD/prereq --with-mpfr=/home/vagrant/rpmbuild/BUILD/prereq --with-mpc=/home/vagrant/rpmbuild/BUILD/prereq --enable-symvers=gnu --enable-languages=c,c++ --enable-target-optspace --with-pkgversion='Broadcom stbgcc-4.8-1.5' --with-bugurl=file:///opt/toolchains/stbgcc-4.8-1.5/info/README.Bugs --disable-isl-version-check --with-arch=armv8-a
Thread model: posix
gcc version 4.8.5 (Broadcom stbgcc-4.8-1.5) 
configure:3309: $? = 0
configure:3298: /home/hperev/Documents/CDI/1-From-NAS/eric-same-dir/97271IP-Toolchain/stbgcc-4.8-1.5//bin/aarch64-linux-gcc -Os  -I/home/jqiao/spk_64bit/spk/objOutput/bskyb-brcm64bit/build_aarch64/staging_dir/include -I/home/jqiao/spk_64bit/spk/objOutput/bskyb-brcm64bit/build_aarch64/staging_dir/usr/include -I/home/hperev/Documents/CDI/1-From-NAS/eric-same-dir/97271IP-Toolchain/stbgcc-4.8-1.5//aarch64-linux/include -V >&5
aarch64-linux-gcc: error: unrecognized command line option '-V'
aarch64-linux-gcc: fatal error: no input files
compilation terminated.
configure:3309: $? = 1
configure:3298: /home/hperev/Documents/CDI/1-From-NAS/eric-same-dir/97271IP-Toolchain/stbgcc-4.8-1.5//bin/aarch64-linux-gcc -Os  -I/home/jqiao/spk_64bit/spk/objOutput/bskyb-brcm64bit/build_aarch64/staging_dir/include -I/home/jqiao/spk_64bit/spk/objOutput/bskyb-brcm64bit/build_aarch64/staging_dir/usr/include -I/home/hperev/Documents/CDI/1-From-NAS/eric-same-dir/97271IP-Toolchain/stbgcc-4.8-1.5//aarch64-linux/include -qversion >&5
aarch64-linux-gcc: error: unrecognized command line option '-qversion'
aarch64-linux-gcc: fatal error: no input files
compilation terminated.
configure:3309: $? = 1
configure:3329: checking whether the C compiler works
configure:3351: /home/hperev/Documents/CDI/1-From-NAS/eric-same-dir/97271IP-Toolchain/stbgcc-4.8-1.5//bin/aarch64-linux-gcc -Os  -I/home/jqiao/spk_64bit/spk/objOutput/bskyb-brcm64bit/build_aarch64/staging_dir/include -I/home/jqiao/spk_64bit/spk/objOutput/bskyb-brcm64bit/build_aarch64/staging_dir/usr/include -I/home/hperev/Documents/CDI/1-From-NAS/eric-same-dir/97271IP-Toolchain/stbgcc-4.8-1.5//aarch64-linux/include   -L/home/jqiao/spk_64bit/spk/objOutput/bskyb-brcm64bit/build_aarch64/staging_dir/usr/lib/ conftest.c  >&5
configure:3355: $? = 0
configure:3403: result: yes
configure:3406: checking for C compiler default output file name
configure:3408: result: a.out
configure:3414: checking for suffix of executables
configure:3421: /home/hperev/Documents/CDI/1-From-NAS/eric-same-dir/97271IP-Toolchain/stbgcc-4.8-1.5//bin/aarch64-linux-gcc -Os  -I/home/jqiao/spk_64bit/spk/objOutput/bskyb-brcm64bit/build_aarch64/staging_dir/include -I/home/jqiao/spk_64bit/spk/objOutput/bskyb-brcm64bit/build_aarch64/staging_dir/usr/include -I/home/hperev/Documents/CDI/1-From-NAS/eric-same-dir/97271IP-Toolchain/stbgcc-4.8-1.5//aarch64-linux/include -o conftest   -L/home/jqiao/spk_64bit/spk/objOutput/bskyb-brcm64bit/build_aarch64/staging_dir/usr/lib/ conftest.c  >&5
configure:3425: $? = 0
configure:3447: result: 
configure:3469: checking whether we are cross compiling
configure:3507: result: yes
configure:3512: checking for suffix of object files
configure:3534: /home/hperev/Documents/CDI/1-From-NAS/eric-same-dir/97271IP-Toolchain/stbgcc-4.8-1.5//bin/aarch64-linux-gcc -Os  -I/home/jqiao/spk_64bit/spk/objOutput/bskyb-brcm64bit/build_aarch64/staging_dir/include -I/home/jqiao/spk_64bit/spk/objOutput/bskyb-brcm64bit/build_aarch64/staging_dir/usr/include -I/home/hperev/Documents/CDI/1-From-NAS/eric-same-dir/97271IP-Toolchain/stbgcc-4.8-1.5//aarch64-linux/include -c   conftest.c >&5
configure:3538: $? = 0
configure:3559: result: o
configure:3563: checking whether we are using the GNU C compiler
configure:3582: /home/hperev/Documents/CDI/1-From-NAS/eric-same-dir/97271IP-Toolchain/stbgcc-4.8-1.5//bin/aarch64-linux-gcc -Os  -I/home/jqiao/spk_64bit/spk/objOutput/bskyb-brcm64bit/build_aarch64/staging_dir/include -I/home/jqiao/spk_64bit/spk/objOutput/bskyb-brcm64bit/build_aarch64/staging_dir/usr/include -I/home/hperev/Documents/CDI/1-From-NAS/eric-same-dir/97271IP-Toolchain/stbgcc-4.8-1.5//aarch64-linux/include -c   conftest.c >&5
configure:3582: $? = 0
configure:3591: result: yes
configure:3600: checking whether /home/hperev/Documents/CDI/1-From-NAS/eric-same-dir/97271IP-Toolchain/stbgcc-4.8-1.5//bin/aarch64-linux-gcc -Os  -I/home/jqiao/spk_64bit/spk/objOutput/bskyb-brcm64bit/build_aarch64/staging_dir/include -I/home/jqiao/spk_64bit/spk/objOutput/bskyb-brcm64bit/build_aarch64/staging_dir/usr/include -I/home/hperev/Documents/CDI/1-From-NAS/eric-same-dir/97271IP-Toolchain/stbgcc-4.8-1.5//aarch64-linux/include accepts -g
configure:3620: /home/hperev/Documents/CDI/1-From-NAS/eric-same-dir/97271IP-Toolchain/stbgcc-4.8-1.5//bin/aarch64-linux-gcc -Os  -I/home/jqiao/spk_64bit/spk/objOutput/bskyb-brcm64bit/build_aarch64/staging_dir/include -I/home/jqiao/spk_64bit/spk/objOutput/bskyb-brcm64bit/build_aarch64/staging_dir/usr/include -I/home/hperev/Documents/CDI/1-From-NAS/eric-same-dir/97271IP-Toolchain/stbgcc-4.8-1.5//aarch64-linux/include -c -g  conftest.c >&5
configure:3620: $? = 0
configure:3661: result: yes
configure:3678: checking for /home/hperev/Documents/CDI/1-From-NAS/eric-same-dir/97271IP-Toolchain/stbgcc-4.8-1.5//bin/aarch64-linux-gcc -Os  -I/home/jqiao/spk_64bit/spk/objOutput/bskyb-brcm64bit/build_aarch64/staging_dir/include -I/home/jqiao/spk_64bit/spk/objOutput/bskyb-brcm64bit/build_aarch64/staging_dir/usr/include -I/home/hperev/Documents/CDI/1-From-NAS/eric-same-dir/97271IP-Toolchain/stbgcc-4.8-1.5//aarch64-linux/include option to accept ISO C89
configure:3742: /home/hperev/Documents/CDI/1-From-NAS/eric-same-dir/97271IP-Toolchain/stbgcc-4.8-1.5//bin/aarch64-linux-gcc -Os  -I/home/jqiao/spk_64bit/spk/objOutput/bskyb-brcm64bit/build_aarch64/staging_dir/include -I/home/jqiao/spk_64bit/spk/objOutput/bskyb-brcm64bit/build_aarch64/staging_dir/usr/include -I/home/hperev/Documents/CDI/1-From-NAS/eric-same-dir/97271IP-Toolchain/stbgcc-4.8-1.5//aarch64-linux/include  -c -g -O2  conftest.c >&5
configure:3742: $? = 0
configure:3755: result: none needed
configure:3786: checking for style of include used by make
configure:3814: result: GNU
configure:3840: checking dependency style of /home/hperev/Documents/CDI/1-From-NAS/eric-same-dir/97271IP-Toolchain/stbgcc-4.8-1.5//bin/aarch64-linux-gcc -Os  -I/home/jqiao/spk_64bit/spk/objOutput/bskyb-brcm64bit/build_aarch64/staging_dir/include -I/home/jqiao/spk_64bit/spk/objOutput/bskyb-brcm64bit/build_aarch64/staging_dir/usr/include -I/home/hperev/Documents/CDI/1-From-NAS/eric-same-dir/97271IP-Toolchain/stbgcc-4.8-1.5//aarch64-linux/include
configure:3951: result: gcc3
configure:3967: checking for library containing strerror
configure:3998: /home/hperev/Documents/CDI/1-From-NAS/eric-same-dir/97271IP-Toolchain/stbgcc-4.8-1.5//bin/aarch64-linux-gcc -Os  -I/home/jqiao/spk_64bit/spk/objOutput/bskyb-brcm64bit/build_aarch64/staging_dir/include -I/home/jqiao/spk_64bit/spk/objOutput/bskyb-brcm64bit/build_aarch64/staging_dir/usr/include -I/home/hperev/Documents/CDI/1-From-NAS/eric-same-dir/97271IP-Toolchain/stbgcc-4.8-1.5//aarch64-linux/include -o conftest -g -O2  -L/home/jqiao/spk_64bit/spk/objOutput/bskyb-brcm64bit/build_aarch64/staging_dir/usr/lib/ conftest.c  >&5
configure:3998: $? = 0
configure:4015: result: none required
configure:4028: checking how to run the C preprocessor
configure:4098: result: /home/hperev/Documents/CDI/1-From-NAS/eric-same-dir/97271IP-Toolchain/stbgcc-4.8-1.5//bin/aarch64-linux-cpp -Os  -I/home/jqiao/spk_64bit/spk/objOutput/bskyb-brcm64bit/build_aarch64/staging_dir/include -I/home/jqiao/spk_64bit/spk/objOutput/bskyb-brcm64bit/build_aarch64/staging_dir/usr/include -I/home/hperev/Documents/CDI/1-From-NAS/eric-same-dir/97271IP-Toolchain/stbgcc-4.8-1.5//aarch64-linux/include
configure:4118: /home/hperev/Documents/CDI/1-From-NAS/eric-same-dir/97271IP-Toolchain/stbgcc-4.8-1.5//bin/aarch64-linux-cpp -Os  -I/home/jqiao/spk_64bit/spk/objOutput/bskyb-brcm64bit/build_aarch64/staging_dir/include -I/home/jqiao/spk_64bit/spk/objOutput/bskyb-brcm64bit/build_aarch64/staging_dir/usr/include -I/home/hperev/Documents/CDI/1-From-NAS/eric-same-dir/97271IP-Toolchain/stbgcc-4.8-1.5//aarch64-linux/include  conftest.c
configure:4118: $? = 0
configure:4132: /home/hperev/Documents/CDI/1-From-NAS/eric-same-dir/97271IP-Toolchain/stbgcc-4.8-1.5//bin/aarch64-linux-cpp -Os  -I/home/jqiao/spk_64bit/spk/objOutput/bskyb-brcm64bit/build_aarch64/staging_dir/include -I/home/jqiao/spk_64bit/spk/objOutput/bskyb-brcm64bit/build_aarch64/staging_dir/usr/include -I/home/hperev/Documents/CDI/1-From-NAS/eric-same-dir/97271IP-Toolchain/stbgcc-4.8-1.5//aarch64-linux/include  conftest.c
conftest.c:11:28: fatal error: ac_nonexistent.h: No such file or directory
 #include <ac_nonexistent.h>
                            ^
compilation terminated.
configure:4132: $? = 1
configure: failed program was:
| /* confdefs.h */
| #define PACKAGE_NAME "dbus-glib"
| #define PACKAGE_TARNAME "dbus-glib"
| #define PACKAGE_VERSION "0.100.2"
| #define PACKAGE_STRING "dbus-glib 0.100.2"
| #define PACKAGE_BUGREPORT "https://bugs.freedesktop.org/enter_bug.cgi?product=dbus&component=GLib"
| #define PACKAGE_URL ""
| #define PACKAGE "dbus-glib"
| #define VERSION "0.100.2"
| /* end confdefs.h.  */
| #include <ac_nonexistent.h>
configure:4161: checking for grep that handles long lines and -e
configure:4219: result: /bin/grep
configure:4224: checking for egrep
configure:4286: result: /bin/grep -E
configure:4291: checking for ANSI C header files
configure:4311: /home/hperev/Documents/CDI/1-From-NAS/eric-same-dir/97271IP-Toolchain/stbgcc-4.8-1.5//bin/aarch64-linux-gcc -Os  -I/home/jqiao/spk_64bit/spk/objOutput/bskyb-brcm64bit/build_aarch64/staging_dir/include -I/home/jqiao/spk_64bit/spk/objOutput/bskyb-brcm64bit/build_aarch64/staging_dir/usr/include -I/home/hperev/Documents/CDI/1-From-NAS/eric-same-dir/97271IP-Toolchain/stbgcc-4.8-1.5//aarch64-linux/include -c -g -O2  conftest.c >&5
configure:4311: $? = 0
configure:4395: result: yes
configure:4542: checking whether gcc understands -Wfloat-equal
configure:4552: /home/hperev/Documents/CDI/1-From-NAS/eric-same-dir/97271IP-Toolchain/stbgcc-4.8-1.5//bin/aarch64-linux-gcc -Os  -I/home/jqiao/spk_64bit/spk/objOutput/bskyb-brcm64bit/build_aarch64/staging_dir/include -I/home/jqiao/spk_64bit/spk/objOutput/bskyb-brcm64bit/build_aarch64/staging_dir/usr/include -I/home/hperev/Documents/CDI/1-From-NAS/eric-same-dir/97271IP-Toolchain/stbgcc-4.8-1.5//aarch64-linux/include -c -g -O2 -Wfloat-equal  conftest.c >&5
configure:4552: $? = 0
configure:4565: result: yes
configure:4710: checking how to print strings
configure:4737: result: printf
configure:4758: checking for a sed that does not truncate output
configure:4822: result: /home/jqiao/spk_64bit/spk/objOutput/bskyb-brcm64bit/toolchain_build_aarch64/bin/sed
configure:4840: checking for fgrep
configure:4902: result: /bin/grep -F
configure:4937: checking for ld used by /home/hperev/Documents/CDI/1-From-NAS/eric-same-dir/97271IP-Toolchain/stbgcc-4.8-1.5//bin/aarch64-linux-gcc -Os  -I/home/jqiao/spk_64bit/spk/objOutput/bskyb-brcm64bit/build_aarch64/staging_dir/include -I/home/jqiao/spk_64bit/spk/objOutput/bskyb-brcm64bit/build_aarch64/staging_dir/usr/include -I/home/hperev/Documents/CDI/1-From-NAS/eric-same-dir/97271IP-Toolchain/stbgcc-4.8-1.5//aarch64-linux/include
configure:5004: result: /home/hperev/Documents/CDI/1-From-NAS/eric-same-dir/97271IP-Toolchain/stbgcc-4.8-1.5//bin/aarch64-linux-ld
configure:5011: checking if the linker (/home/hperev/Documents/CDI/1-From-NAS/eric-same-dir/97271IP-Toolchain/stbgcc-4.8-1.5//bin/aarch64-linux-ld) is GNU ld
configure:5026: result: yes
configure:5038: checking for BSD- or MS-compatible name lister (nm)
configure:5087: result: /home/hperev/Documents/CDI/1-From-NAS/eric-same-dir/97271IP-Toolchain/stbgcc-4.8-1.5//bin/aarch64-linux-nm
configure:5217: checking the name lister (/home/hperev/Documents/CDI/1-From-NAS/eric-same-dir/97271IP-Toolchain/stbgcc-4.8-1.5//bin/aarch64-linux-nm) interface
configure:5224: /home/hperev/Documents/CDI/1-From-NAS/eric-same-dir/97271IP-Toolchain/stbgcc-4.8-1.5//bin/aarch64-linux-gcc -Os  -I/home/jqiao/spk_64bit/spk/objOutput/bskyb-brcm64bit/build_aarch64/staging_dir/include -I/home/jqiao/spk_64bit/spk/objOutput/bskyb-brcm64bit/build_aarch64/staging_dir/usr/include -I/home/hperev/Documents/CDI/1-From-NAS/eric-same-dir/97271IP-Toolchain/stbgcc-4.8-1.5//aarch64-linux/include -c -g -O2 -Wall -Wchar-subscripts -Wmissing-declarations -Wmissing-prototypes -Wnested-externs -Wpointer-arith -Wcast-align -Wfloat-equal -Wsign-compare -fno-strict-aliasing  conftest.c >&5
configure:5227: /home/hperev/Documents/CDI/1-From-NAS/eric-same-dir/97271IP-Toolchain/stbgcc-4.8-1.5//bin/aarch64-linux-nm "conftest.o"
configure:5230: output
0000000000000000 B some_variable
configure:5237: result: BSD nm
configure:5240: checking whether ln -s works
configure:5244: result: yes
configure:5252: checking the maximum length of command line arguments
configure:5383: result: 3458764513820540925
configure:5400: checking whether the shell understands some XSI constructs
configure:5410: result: yes
configure:5414: checking whether the shell understands "+="
configure:5420: result: yes
configure:5455: checking how to convert x86_64-pc-linux-gnu file names to aarch64-unknown-linux-gnu format
configure:5495: result: func_convert_file_noop
configure:5502: checking how to convert x86_64-pc-linux-gnu file names to toolchain format
configure:5522: result: func_convert_file_noop
configure:5529: checking for /home/hperev/Documents/CDI/1-From-NAS/eric-same-dir/97271IP-Toolchain/stbgcc-4.8-1.5//bin/aarch64-linux-ld option to reload object files
configure:5536: result: -r
configure:5570: checking for aarch64-linux-objdump
configure:5586: found /home/hperev/Documents/CDI/1-From-NAS/eric-same-dir/97271IP-Toolchain/stbgcc-4.8-1.5//bin/aarch64-linux-objdump
configure:5597: result: aarch64-linux-objdump
configure:5669: checking how to recognize dependent libraries
configure:5867: result: pass_all
configure:5912: checking for aarch64-linux-dlltool
configure:5942: result: no
configure:5952: checking for dlltool
configure:5982: result: no
configure:6012: checking how to associate runtime and link libraries
configure:6039: result: printf %s\n
configure:6055: checking for aarch64-linux-ar
configure:6082: result: /home/hperev/Documents/CDI/1-From-NAS/eric-same-dir/97271IP-Toolchain/stbgcc-4.8-1.5//bin/aarch64-linux-ar
configure:6163: checking for archiver @FILE support
configure:6180: /home/hperev/Documents/CDI/1-From-NAS/eric-same-dir/97271IP-Toolchain/stbgcc-4.8-1.5//bin/aarch64-linux-gcc -Os  -I/home/jqiao/spk_64bit/spk/objOutput/bskyb-brcm64bit/build_aarch64/staging_dir/include -I/home/jqiao/spk_64bit/spk/objOutput/bskyb-brcm64bit/build_aarch64/staging_dir/usr/include -I/home/hperev/Documents/CDI/1-From-NAS/eric-same-dir/97271IP-Toolchain/stbgcc-4.8-1.5//aarch64-linux/include -c -g -O2 -Wall -Wchar-subscripts -Wmissing-declarations -Wmissing-prototypes -Wnested-externs -Wpointer-arith -Wcast-align -Wfloat-equal -Wsign-compare -fno-strict-aliasing  conftest.c >&5
configure:6180: $? = 0
configure:6183: /home/hperev/Documents/CDI/1-From-NAS/eric-same-dir/97271IP-Toolchain/stbgcc-4.8-1.5//bin/aarch64-linux-ar cru libconftest.a @conftest.lst >&5
configure:6186: $? = 0
configure:6191: /home/hperev/Documents/CDI/1-From-NAS/eric-same-dir/97271IP-Toolchain/stbgcc-4.8-1.5//bin/aarch64-linux-ar cru libconftest.a @conftest.lst >&5
/home/hperev/Documents/CDI/1-From-NAS/eric-same-dir/97271IP-Toolchain/stbgcc-4.8-1.5//bin/aarch64-linux-ar: conftest.o: No such file or directory
configure:6194: $? = 1
configure:6206: result: @
configure:6224: checking for aarch64-linux-strip
configure:6251: result: /home/hperev/Documents/CDI/1-From-NAS/eric-same-dir/97271IP-Toolchain/stbgcc-4.8-1.5//bin/aarch64-linux-strip
configure:6323: checking for aarch64-linux-ranlib
configure:6350: result: /home/hperev/Documents/CDI/1-From-NAS/eric-same-dir/97271IP-Toolchain/stbgcc-4.8-1.5//bin/aarch64-linux-ranlib
configure:6492: checking command to parse /home/hperev/Documents/CDI/1-From-NAS/eric-same-dir/97271IP-Toolchain/stbgcc-4.8-1.5//bin/aarch64-linux-nm output from /home/hperev/Documents/CDI/1-From-NAS/eric-same-dir/97271IP-Toolchain/stbgcc-4.8-1.5//bin/aarch64-linux-gcc -Os  -I/home/jqiao/spk_64bit/spk/objOutput/bskyb-brcm64bit/build_aarch64/staging_dir/include -I/home/jqiao/spk_64bit/spk/objOutput/bskyb-brcm64bit/build_aarch64/staging_dir/usr/include -I/home/hperev/Documents/CDI/1-From-NAS/eric-same-dir/97271IP-Toolchain/stbgcc-4.8-1.5//aarch64-linux/include object
configure:6612: /home/hperev/Documents/CDI/1-From-NAS/eric-same-dir/97271IP-Toolchain/stbgcc-4.8-1.5//bin/aarch64-linux-gcc -Os  -I/home/jqiao/spk_64bit/spk/objOutput/bskyb-brcm64bit/build_aarch64/staging_dir/include -I/home/jqiao/spk_64bit/spk/objOutput/bskyb-brcm64bit/build_aarch64/staging_dir/usr/include -I/home/hperev/Documents/CDI/1-From-NAS/eric-same-dir/97271IP-Toolchain/stbgcc-4.8-1.5//aarch64-linux/include -c -g -O2 -Wall -Wchar-subscripts -Wmissing-declarations -Wmissing-prototypes -Wnested-externs -Wpointer-arith -Wcast-align -Wfloat-equal -Wsign-compare -fno-strict-aliasing  conftest.c >&5
configure:6615: $? = 0
configure:6619: /home/hperev/Documents/CDI/1-From-NAS/eric-same-dir/97271IP-Toolchain/stbgcc-4.8-1.5//bin/aarch64-linux-nm conftest.o \| sed -n -e 's/^.*[ ]\([ABCDGIRSTW][ABCDGIRSTW]*\)[ ][ ]*\([_A-Za-z][_A-Za-z0-9]*\)$/\1 \2 \2/p' | sed '/ __gnu_lto/d' \> conftest.nm
configure:6622: $? = 0
configure:6688: /home/hperev/Documents/CDI/1-From-NAS/eric-same-dir/97271IP-Toolchain/stbgcc-4.8-1.5//bin/aarch64-linux-gcc -Os  -I/home/jqiao/spk_64bit/spk/objOutput/bskyb-brcm64bit/build_aarch64/staging_dir/include -I/home/jqiao/spk_64bit/spk/objOutput/bskyb-brcm64bit/build_aarch64/staging_dir/usr/include -I/home/hperev/Documents/CDI/1-From-NAS/eric-same-dir/97271IP-Toolchain/stbgcc-4.8-1.5//aarch64-linux/include -o conftest -g -O2 -Wall -Wchar-subscripts -Wmissing-declarations -Wmissing-prototypes -Wnested-externs -Wpointer-arith -Wcast-align -Wfloat-equal -Wsign-compare -fno-strict-aliasing  -L/home/jqiao/spk_64bit/spk/objOutput/bskyb-brcm64bit/build_aarch64/staging_dir/usr/lib/ conftest.c conftstm.o >&5
configure:6691: $? = 0
configure:6729: result: ok
configure:6766: checking for sysroot
configure:6796: result: no
configure:7019: checking for aarch64-linux-mt
configure:7049: result: no
configure:7059: checking for mt
configure:7075: found /bin/mt
configure:7086: result: mt
configure:7098: WARNING: using cross tools not prefixed with host triplet
configure:7109: checking if mt is a manifest tool
configure:7115: mt '-?'
configure:7123: result: no
configure:7765: checking for sys/types.h
configure:7765: /home/hperev/Documents/CDI/1-From-NAS/eric-same-dir/97271IP-Toolchain/stbgcc-4.8-1.5//bin/aarch64-linux-gcc -Os  -I/home/jqiao/spk_64bit/spk/objOutput/bskyb-brcm64bit/build_aarch64/staging_dir/include -I/home/jqiao/spk_64bit/spk/objOutput/bskyb-brcm64bit/build_aarch64/staging_dir/usr/include -I/home/hperev/Documents/CDI/1-From-NAS/eric-same-dir/97271IP-Toolchain/stbgcc-4.8-1.5//aarch64-linux/include -c -g -O2 -Wall -Wchar-subscripts -Wmissing-declarations -Wmissing-prototypes -Wnested-externs -Wpointer-arith -Wcast-align -Wfloat-equal -Wsign-compare -fno-strict-aliasing  conftest.c >&5
configure:7765: $? = 0
configure:7765: result: yes
configure:7765: checking for sys/stat.h
configure:7765: /home/hperev/Documents/CDI/1-From-NAS/eric-same-dir/97271IP-Toolchain/stbgcc-4.8-1.5//bin/aarch64-linux-gcc -Os  -I/home/jqiao/spk_64bit/spk/objOutput/bskyb-brcm64bit/build_aarch64/staging_dir/include -I/home/jqiao/spk_64bit/spk/objOutput/bskyb-brcm64bit/build_aarch64/staging_dir/usr/include -I/home/hperev/Documents/CDI/1-From-NAS/eric-same-dir/97271IP-Toolchain/stbgcc-4.8-1.5//aarch64-linux/include -c -g -O2 -Wall -Wchar-subscripts -Wmissing-declarations -Wmissing-prototypes -Wnested-externs -Wpointer-arith -Wcast-align -Wfloat-equal -Wsign-compare -fno-strict-aliasing  conftest.c >&5
configure:7765: $? = 0
configure:7765: result: yes
configure:7765: checking for stdlib.h
configure:7765: /home/hperev/Documents/CDI/1-From-NAS/eric-same-dir/97271IP-Toolchain/stbgcc-4.8-1.5//bin/aarch64-linux-gcc -Os  -I/home/jqiao/spk_64bit/spk/objOutput/bskyb-brcm64bit/build_aarch64/staging_dir/include -I/home/jqiao/spk_64bit/spk/objOutput/bskyb-brcm64bit/build_aarch64/staging_dir/usr/include -I/home/hperev/Documents/CDI/1-From-NAS/eric-same-dir/97271IP-Toolchain/stbgcc-4.8-1.5//aarch64-linux/include -c -g -O2 -Wall -Wchar-subscripts -Wmissing-declarations -Wmissing-prototypes -Wnested-externs -Wpointer-arith -Wcast-align -Wfloat-equal -Wsign-compare -fno-strict-aliasing  conftest.c >&5
configure:7765: $? = 0
configure:7765: result: yes
configure:7765: checking for string.h
configure:7765: /home/hperev/Documents/CDI/1-From-NAS/eric-same-dir/97271IP-Toolchain/stbgcc-4.8-1.5//bin/aarch64-linux-gcc -Os  -I/home/jqiao/spk_64bit/spk/objOutput/bskyb-brcm64bit/build_aarch64/staging_dir/include -I/home/jqiao/spk_64bit/spk/objOutput/bskyb-brcm64bit/build_aarch64/staging_dir/usr/include -I/home/hperev/Documents/CDI/1-From-NAS/eric-same-dir/97271IP-Toolchain/stbgcc-4.8-1.5//aarch64-linux/include -c -g -O2 -Wall -Wchar-subscripts -Wmissing-declarations -Wmissing-prototypes -Wnested-externs -Wpointer-arith -Wcast-align -Wfloat-equal -Wsign-compare -fno-strict-aliasing  conftest.c >&5
configure:7765: $? = 0
configure:7765: result: yes
configure:7765: checking for memory.h
configure:7765: /home/hperev/Documents/CDI/1-From-NAS/eric-same-dir/97271IP-Toolchain/stbgcc-4.8-1.5//bin/aarch64-linux-gcc -Os  -I/home/jqiao/spk_64bit/spk/objOutput/bskyb-brcm64bit/build_aarch64/staging_dir/include -I/home/jqiao/spk_64bit/spk/objOutput/bskyb-brcm64bit/build_aarch64/staging_dir/usr/include -I/home/hperev/Documents/CDI/1-From-NAS/eric-same-dir/97271IP-Toolchain/stbgcc-4.8-1.5//aarch64-linux/include -c -g -O2 -Wall -Wchar-subscripts -Wmissing-declarations -Wmissing-prototypes -Wnested-externs -Wpointer-arith -Wcast-align -Wfloat-equal -Wsign-compare -fno-strict-aliasing  conftest.c >&5
configure:7765: $? = 0
configure:7765: result: yes
configure:7765: checking for strings.h
configure:7765: /home/hperev/Documents/CDI/1-From-NAS/eric-same-dir/97271IP-Toolchain/stbgcc-4.8-1.5//bin/aarch64-linux-gcc -Os  -I/home/jqiao/spk_64bit/spk/objOutput/bskyb-brcm64bit/build_aarch64/staging_dir/include -I/home/jqiao/spk_64bit/spk/objOutput/bskyb-brcm64bit/build_aarch64/staging_dir/usr/include -I/home/hperev/Documents/CDI/1-From-NAS/eric-same-dir/97271IP-Toolchain/stbgcc-4.8-1.5//aarch64-linux/include -c -g -O2 -Wall -Wchar-subscripts -Wmissing-declarations -Wmissing-prototypes -Wnested-externs -Wpointer-arith -Wcast-align -Wfloat-equal -Wsign-compare -fno-strict-aliasing  conftest.c >&5
configure:7765: $? = 0
configure:7765: result: yes
configure:7765: checking for inttypes.h
configure:7765: /home/hperev/Documents/CDI/1-From-NAS/eric-same-dir/97271IP-Toolchain/stbgcc-4.8-1.5//bin/aarch64-linux-gcc -Os  -I/home/jqiao/spk_64bit/spk/objOutput/bskyb-brcm64bit/build_aarch64/staging_dir/include -I/home/jqiao/spk_64bit/spk/objOutput/bskyb-brcm64bit/build_aarch64/staging_dir/usr/include -I/home/hperev/Documents/CDI/1-From-NAS/eric-same-dir/97271IP-Toolchain/stbgcc-4.8-1.5//aarch64-linux/include -c -g -O2 -Wall -Wchar-subscripts -Wmissing-declarations -Wmissing-prototypes -Wnested-externs -Wpointer-arith -Wcast-align -Wfloat-equal -Wsign-compare -fno-strict-aliasing  conftest.c >&5
configure:7765: $? = 0
configure:7765: result: yes
configure:7765: checking for stdint.h
configure:7765: /home/hperev/Documents/CDI/1-From-NAS/eric-same-dir/97271IP-Toolchain/stbgcc-4.8-1.5//bin/aarch64-linux-gcc -Os  -I/home/jqiao/spk_64bit/spk/objOutput/bskyb-brcm64bit/build_aarch64/staging_dir/include -I/home/jqiao/spk_64bit/spk/objOutput/bskyb-brcm64bit/build_aarch64/staging_dir/usr/include -I/home/hperev/Documents/CDI/1-From-NAS/eric-same-dir/97271IP-Toolchain/stbgcc-4.8-1.5//aarch64-linux/include -c -g -O2 -Wall -Wchar-subscripts -Wmissing-declarations -Wmissing-prototypes -Wnested-externs -Wpointer-arith -Wcast-align -Wfloat-equal -Wsign-compare -fno-strict-aliasing  conftest.c >&5
configure:7765: $? = 0
configure:7765: result: yes
configure:7765: checking for unistd.h
configure:7765: /home/hperev/Documents/CDI/1-From-NAS/eric-same-dir/97271IP-Toolchain/stbgcc-4.8-1.5//bin/aarch64-linux-gcc -Os  -I/home/jqiao/spk_64bit/spk/objOutput/bskyb-brcm64bit/build_aarch64/staging_dir/include -I/home/jqiao/spk_64bit/spk/objOutput/bskyb-brcm64bit/build_aarch64/staging_dir/usr/include -I/home/hperev/Documents/CDI/1-From-NAS/eric-same-dir/97271IP-Toolchain/stbgcc-4.8-1.5//aarch64-linux/include -c -g -O2 -Wall -Wchar-subscripts -Wmissing-declarations -Wmissing-prototypes -Wnested-externs -Wpointer-arith -Wcast-align -Wfloat-equal -Wsign-compare -fno-strict-aliasing  conftest.c >&5
configure:7765: $? = 0
configure:7765: result: yes
configure:7779: checking for dlfcn.h
configure:7779: /home/hperev/Documents/CDI/1-From-NAS/eric-same-dir/97271IP-Toolchain/stbgcc-4.8-1.5//bin/aarch64-linux-gcc -Os  -I/home/jqiao/spk_64bit/spk/objOutput/bskyb-brcm64bit/build_aarch64/staging_dir/include -I/home/jqiao/spk_64bit/spk/objOutput/bskyb-brcm64bit/build_aarch64/staging_dir/usr/include -I/home/hperev/Documents/CDI/1-From-NAS/eric-same-dir/97271IP-Toolchain/stbgcc-4.8-1.5//aarch64-linux/include -c -g -O2 -Wall -Wchar-subscripts -Wmissing-declarations -Wmissing-prototypes -Wnested-externs -Wpointer-arith -Wcast-align -Wfloat-equal -Wsign-compare -fno-strict-aliasing  conftest.c >&5
configure:7779: $? = 0
configure:7779: result: yes
configure:7985: checking for objdir
configure:8000: result: .libs
configure:8271: checking if /home/hperev/Documents/CDI/1-From-NAS/eric-same-dir/97271IP-Toolchain/stbgcc-4.8-1.5//bin/aarch64-linux-gcc -Os  -I/home/jqiao/spk_64bit/spk/objOutput/bskyb-brcm64bit/build_aarch64/staging_dir/include -I/home/jqiao/spk_64bit/spk/objOutput/bskyb-brcm64bit/build_aarch64/staging_dir/usr/include -I/home/hperev/Documents/CDI/1-From-NAS/eric-same-dir/97271IP-Toolchain/stbgcc-4.8-1.5//aarch64-linux/include supports -fno-rtti -fno-exceptions
configure:8289: /home/hperev/Documents/CDI/1-From-NAS/eric-same-dir/97271IP-Toolchain/stbgcc-4.8-1.5//bin/aarch64-linux-gcc -Os  -I/home/jqiao/spk_64bit/spk/objOutput/bskyb-brcm64bit/build_aarch64/staging_dir/include -I/home/jqiao/spk_64bit/spk/objOutput/bskyb-brcm64bit/build_aarch64/staging_dir/usr/include -I/home/hperev/Documents/CDI/1-From-NAS/eric-same-dir/97271IP-Toolchain/stbgcc-4.8-1.5//aarch64-linux/include -c -g -O2 -Wall -Wchar-subscripts -Wmissing-declarations -Wmissing-prototypes -Wnested-externs -Wpointer-arith -Wcast-align -Wfloat-equal -Wsign-compare -fno-strict-aliasing  -fno-rtti -fno-exceptions conftest.c >&5
cc1: warning: command line option '-fno-rtti' is valid for C++/ObjC++ but not for C [enabled by default]
configure:8293: $? = 0
configure:8306: result: no
configure:8633: checking for /home/hperev/Documents/CDI/1-From-NAS/eric-same-dir/97271IP-Toolchain/stbgcc-4.8-1.5//bin/aarch64-linux-gcc -Os  -I/home/jqiao/spk_64bit/spk/objOutput/bskyb-brcm64bit/build_aarch64/staging_dir/include -I/home/jqiao/spk_64bit/spk/objOutput/bskyb-brcm64bit/build_aarch64/staging_dir/usr/include -I/home/hperev/Documents/CDI/1-From-NAS/eric-same-dir/97271IP-Toolchain/stbgcc-4.8-1.5//aarch64-linux/include option to produce PIC
configure:8640: result: -fPIC -DPIC
configure:8648: checking if /home/hperev/Documents/CDI/1-From-NAS/eric-same-dir/97271IP-Toolchain/stbgcc-4.8-1.5//bin/aarch64-linux-gcc -Os  -I/home/jqiao/spk_64bit/spk/objOutput/bskyb-brcm64bit/build_aarch64/staging_dir/include -I/home/jqiao/spk_64bit/spk/objOutput/bskyb-brcm64bit/build_aarch64/staging_dir/usr/include -I/home/hperev/Documents/CDI/1-From-NAS/eric-same-dir/97271IP-Toolchain/stbgcc-4.8-1.5//aarch64-linux/include PIC flag -fPIC -DPIC works
configure:8666: /home/hperev/Documents/CDI/1-From-NAS/eric-same-dir/97271IP-Toolchain/stbgcc-4.8-1.5//bin/aarch64-linux-gcc -Os  -I/home/jqiao/spk_64bit/spk/objOutput/bskyb-brcm64bit/build_aarch64/staging_dir/include -I/home/jqiao/spk_64bit/spk/objOutput/bskyb-brcm64bit/build_aarch64/staging_dir/usr/include -I/home/hperev/Documents/CDI/1-From-NAS/eric-same-dir/97271IP-Toolchain/stbgcc-4.8-1.5//aarch64-linux/include -c -g -O2 -Wall -Wchar-subscripts -Wmissing-declarations -Wmissing-prototypes -Wnested-externs -Wpointer-arith -Wcast-align -Wfloat-equal -Wsign-compare -fno-strict-aliasing  -fPIC -DPIC -DPIC conftest.c >&5
configure:8670: $? = 0
configure:8683: result: yes
configure:8712: checking if /home/hperev/Documents/CDI/1-From-NAS/eric-same-dir/97271IP-Toolchain/stbgcc-4.8-1.5//bin/aarch64-linux-gcc -Os  -I/home/jqiao/spk_64bit/spk/objOutput/bskyb-brcm64bit/build_aarch64/staging_dir/include -I/home/jqiao/spk_64bit/spk/objOutput/bskyb-brcm64bit/build_aarch64/staging_dir/usr/include -I/home/hperev/Documents/CDI/1-From-NAS/eric-same-dir/97271IP-Toolchain/stbgcc-4.8-1.5//aarch64-linux/include static flag -static works
configure:8740: result: yes
configure:8755: checking if /home/hperev/Documents/CDI/1-From-NAS/eric-same-dir/97271IP-Toolchain/stbgcc-4.8-1.5//bin/aarch64-linux-gcc -Os  -I/home/jqiao/spk_64bit/spk/objOutput/bskyb-brcm64bit/build_aarch64/staging_dir/include -I/home/jqiao/spk_64bit/spk/objOutput/bskyb-brcm64bit/build_aarch64/staging_dir/usr/include -I/home/hperev/Documents/CDI/1-From-NAS/eric-same-dir/97271IP-Toolchain/stbgcc-4.8-1.5//aarch64-linux/include supports -c -o file.o
configure:8776: /home/hperev/Documents/CDI/1-From-NAS/eric-same-dir/97271IP-Toolchain/stbgcc-4.8-1.5//bin/aarch64-linux-gcc -Os  -I/home/jqiao/spk_64bit/spk/objOutput/bskyb-brcm64bit/build_aarch64/staging_dir/include -I/home/jqiao/spk_64bit/spk/objOutput/bskyb-brcm64bit/build_aarch64/staging_dir/usr/include -I/home/hperev/Documents/CDI/1-From-NAS/eric-same-dir/97271IP-Toolchain/stbgcc-4.8-1.5//aarch64-linux/include -c -g -O2 -Wall -Wchar-subscripts -Wmissing-declarations -Wmissing-prototypes -Wnested-externs -Wpointer-arith -Wcast-align -Wfloat-equal -Wsign-compare -fno-strict-aliasing  -o out/conftest2.o conftest.c >&5
configure:8780: $? = 0
configure:8802: result: yes
configure:8810: checking if /home/hperev/Documents/CDI/1-From-NAS/eric-same-dir/97271IP-Toolchain/stbgcc-4.8-1.5//bin/aarch64-linux-gcc -Os  -I/home/jqiao/spk_64bit/spk/objOutput/bskyb-brcm64bit/build_aarch64/staging_dir/include -I/home/jqiao/spk_64bit/spk/objOutput/bskyb-brcm64bit/build_aarch64/staging_dir/usr/include -I/home/hperev/Documents/CDI/1-From-NAS/eric-same-dir/97271IP-Toolchain/stbgcc-4.8-1.5//aarch64-linux/include supports -c -o file.o
configure:8857: result: yes
configure:8890: checking whether the /home/hperev/Documents/CDI/1-From-NAS/eric-same-dir/97271IP-Toolchain/stbgcc-4.8-1.5//bin/aarch64-linux-gcc -Os  -I/home/jqiao/spk_64bit/spk/objOutput/bskyb-brcm64bit/build_aarch64/staging_dir/include -I/home/jqiao/spk_64bit/spk/objOutput/bskyb-brcm64bit/build_aarch64/staging_dir/usr/include -I/home/hperev/Documents/CDI/1-From-NAS/eric-same-dir/97271IP-Toolchain/stbgcc-4.8-1.5//aarch64-linux/include linker (/home/hperev/Documents/CDI/1-From-NAS/eric-same-dir/97271IP-Toolchain/stbgcc-4.8-1.5//bin/aarch64-linux-ld) supports shared libraries
configure:10047: result: yes
configure:10084: checking whether -lc should be explicitly linked in
configure:10092: /home/hperev/Documents/CDI/1-From-NAS/eric-same-dir/97271IP-Toolchain/stbgcc-4.8-1.5//bin/aarch64-linux-gcc -Os  -I/home/jqiao/spk_64bit/spk/objOutput/bskyb-brcm64bit/build_aarch64/staging_dir/include -I/home/jqiao/spk_64bit/spk/objOutput/bskyb-brcm64bit/build_aarch64/staging_dir/usr/include -I/home/hperev/Documents/CDI/1-From-NAS/eric-same-dir/97271IP-Toolchain/stbgcc-4.8-1.5//aarch64-linux/include -c -g -O2 -Wall -Wchar-subscripts -Wmissing-declarations -Wmissing-prototypes -Wnested-externs -Wpointer-arith -Wcast-align -Wfloat-equal -Wsign-compare -fno-strict-aliasing  conftest.c >&5
configure:10095: $? = 0
configure:10110: /home/hperev/Documents/CDI/1-From-NAS/eric-same-dir/97271IP-Toolchain/stbgcc-4.8-1.5//bin/aarch64-linux-gcc -Os  -I/home/jqiao/spk_64bit/spk/objOutput/bskyb-brcm64bit/build_aarch64/staging_dir/include -I/home/jqiao/spk_64bit/spk/objOutput/bskyb-brcm64bit/build_aarch64/staging_dir/usr/include -I/home/hperev/Documents/CDI/1-From-NAS/eric-same-dir/97271IP-Toolchain/stbgcc-4.8-1.5//aarch64-linux/include -shared  -fPIC -DPIC conftest.o  -v -Wl,-soname -Wl,conftest -o conftest 2\>\&1 \| /bin/grep  -lc  \>/dev/null 2\>\&1
configure:10113: $? = 0
configure:10127: result: no
configure:10287: checking dynamic linker characteristics
configure:10787: /home/hperev/Documents/CDI/1-From-NAS/eric-same-dir/97271IP-Toolchain/stbgcc-4.8-1.5//bin/aarch64-linux-gcc -Os  -I/home/jqiao/spk_64bit/spk/objOutput/bskyb-brcm64bit/build_aarch64/staging_dir/include -I/home/jqiao/spk_64bit/spk/objOutput/bskyb-brcm64bit/build_aarch64/staging_dir/usr/include -I/home/hperev/Documents/CDI/1-From-NAS/eric-same-dir/97271IP-Toolchain/stbgcc-4.8-1.5//aarch64-linux/include -o conftest -g -O2 -Wall -Wchar-subscripts -Wmissing-declarations -Wmissing-prototypes -Wnested-externs -Wpointer-arith -Wcast-align -Wfloat-equal -Wsign-compare -fno-strict-aliasing  -L/home/jqiao/spk_64bit/spk/objOutput/bskyb-brcm64bit/build_aarch64/staging_dir/usr/lib/ -Wl,-rpath -Wl,/foo conftest.c  >&5
configure:10787: $? = 0
configure:11021: result: GNU/Linux ld.so
configure:11128: checking how to hardcode library paths into programs
configure:11153: result: immediate
configure:11693: checking whether stripping libraries is possible
configure:11698: result: yes
configure:11733: checking if libtool supports shared libraries
configure:11735: result: yes
configure:11738: checking whether to build shared libraries
configure:11759: result: yes
configure:11762: checking whether to build static libraries
configure:11766: result: yes
configure:11818: checking for library containing socket
configure:11849: /home/hperev/Documents/CDI/1-From-NAS/eric-same-dir/97271IP-Toolchain/stbgcc-4.8-1.5//bin/aarch64-linux-gcc -Os  -I/home/jqiao/spk_64bit/spk/objOutput/bskyb-brcm64bit/build_aarch64/staging_dir/include -I/home/jqiao/spk_64bit/spk/objOutput/bskyb-brcm64bit/build_aarch64/staging_dir/usr/include -I/home/hperev/Documents/CDI/1-From-NAS/eric-same-dir/97271IP-Toolchain/stbgcc-4.8-1.5//aarch64-linux/include -o conftest -g -O2 -Wall -Wchar-subscripts -Wmissing-declarations -Wmissing-prototypes -Wnested-externs -Wpointer-arith -Wcast-align -Wfloat-equal -Wsign-compare -fno-strict-aliasing  -L/home/jqiao/spk_64bit/spk/objOutput/bskyb-brcm64bit/build_aarch64/staging_dir/usr/lib/ conftest.c  >&5
configure:11849: $? = 0
configure:11866: result: none required
configure:11875: checking whether socklen_t is defined
configure:11895: /home/hperev/Documents/CDI/1-From-NAS/eric-same-dir/97271IP-Toolchain/stbgcc-4.8-1.5//bin/aarch64-linux-gcc -Os  -I/home/jqiao/spk_64bit/spk/objOutput/bskyb-brcm64bit/build_aarch64/staging_dir/include -I/home/jqiao/spk_64bit/spk/objOutput/bskyb-brcm64bit/build_aarch64/staging_dir/usr/include -I/home/hperev/Documents/CDI/1-From-NAS/eric-same-dir/97271IP-Toolchain/stbgcc-4.8-1.5//aarch64-linux/include -c -g -O2 -Wall -Wchar-subscripts -Wmissing-declarations -Wmissing-prototypes -Wnested-externs -Wpointer-arith -Wcast-align -Wfloat-equal -Wsign-compare -fno-strict-aliasing  conftest.c >&5
conftest.c: In function 'main':
conftest.c:33:11: warning: variable 'foo' set but not used [-Wunused-but-set-variable]
 socklen_t foo;
           ^
configure:11895: $? = 0
configure:11901: result: yes
configure:11918: checking abstract socket namespace
configure:11984: result: yes
configure:12019: checking for XML_ParserCreate_MM in -lexpat
configure:12044: /home/hperev/Documents/CDI/1-From-NAS/eric-same-dir/97271IP-Toolchain/stbgcc-4.8-1.5//bin/aarch64-linux-gcc -Os  -I/home/jqiao/spk_64bit/spk/objOutput/bskyb-brcm64bit/build_aarch64/staging_dir/include -I/home/jqiao/spk_64bit/spk/objOutput/bskyb-brcm64bit/build_aarch64/staging_dir/usr/include -I/home/hperev/Documents/CDI/1-From-NAS/eric-same-dir/97271IP-Toolchain/stbgcc-4.8-1.5//aarch64-linux/include -o conftest -g -O2 -Wall -Wchar-subscripts -Wmissing-declarations -Wmissing-prototypes -Wnested-externs -Wpointer-arith -Wcast-align -Wfloat-equal -Wsign-compare -fno-strict-aliasing  -L/home/jqiao/spk_64bit/spk/objOutput/bskyb-brcm64bit/build_aarch64/staging_dir/usr/lib/ conftest.c -lexpat   >&5
configure:12044: $? = 0
configure:12053: result: yes
configure:12058: checking expat.h usability
configure:12058: /home/hperev/Documents/CDI/1-From-NAS/eric-same-dir/97271IP-Toolchain/stbgcc-4.8-1.5//bin/aarch64-linux-gcc -Os  -I/home/jqiao/spk_64bit/spk/objOutput/bskyb-brcm64bit/build_aarch64/staging_dir/include -I/home/jqiao/spk_64bit/spk/objOutput/bskyb-brcm64bit/build_aarch64/staging_dir/usr/include -I/home/hperev/Documents/CDI/1-From-NAS/eric-same-dir/97271IP-Toolchain/stbgcc-4.8-1.5//aarch64-linux/include -c -g -O2 -Wall -Wchar-subscripts -Wmissing-declarations -Wmissing-prototypes -Wnested-externs -Wpointer-arith -Wcast-align -Wfloat-equal -Wsign-compare -fno-strict-aliasing  conftest.c >&5
configure:12058: $? = 0
configure:12058: result: yes
configure:12058: checking expat.h presence
configure:12058: /home/hperev/Documents/CDI/1-From-NAS/eric-same-dir/97271IP-Toolchain/stbgcc-4.8-1.5//bin/aarch64-linux-cpp -Os  -I/home/jqiao/spk_64bit/spk/objOutput/bskyb-brcm64bit/build_aarch64/staging_dir/include -I/home/jqiao/spk_64bit/spk/objOutput/bskyb-brcm64bit/build_aarch64/staging_dir/usr/include -I/home/hperev/Documents/CDI/1-From-NAS/eric-same-dir/97271IP-Toolchain/stbgcc-4.8-1.5//aarch64-linux/include  conftest.c
configure:12058: $? = 0
configure:12058: result: yes
configure:12058: checking for expat.h
configure:12058: result: yes
configure:12207: checking for DBUS
configure:12292: result: yes
configure:12302: checking for DBUS_GLIB
configure:12387: result: yes
configure:12393: checking for DBUS_GLIB_THREADS
configure:12452: result: no
configure:12490: checking for gtkdoc-check
configure:12523: result: no
configure:12532: checking for gtkdoc-rebase
configure:12565: result: no
configure:12576: checking for gtkdoc-mkpdf
configure:12609: result: no
configure:12740: checking whether to build gtk-doc documentation
configure:12742: result: no
configure:13116: creating ./config.status

## ---------------------- ##
## Running config.status. ##
## ---------------------- ##

This file was extended by dbus-glib config.status 0.100.2, which was
generated by GNU Autoconf 2.68.  Invocation command line was

  CONFIG_FILES    = 
  CONFIG_HEADERS  = 
  CONFIG_LINKS    = 
  CONFIG_COMMANDS = 
  $ ./config.status 

on columbia

config.status:1189: creating Makefile
config.status:1189: creating m4/Makefile
config.status:1189: creating doc/Makefile
config.status:1189: creating doc/reference/Makefile
config.status:1189: creating doc/reference/version.xml
config.status:1189: creating dbus/Makefile
config.status:1189: creating test/Makefile
config.status:1189: creating test/core/Makefile
config.status:1189: creating test/interfaces/Makefile
config.status:1189: creating test/data/valid-service-files/debug-glib.service
config.status:1189: creating test/data/valid-service-files/debug-echo.service
config.status:1189: creating test/data/valid-service-files/interfaces-test.service
config.status:1189: creating test/lib/Makefile
config.status:1189: creating test/manual/Makefile
config.status:1189: creating tools/Makefile
config.status:1189: creating dbus-glib-1.pc
config.status:1189: creating dbus-glib-1-uninstalled.pc
config.status:1189: creating config.h
config.status:1418: executing depfiles commands
config.status:1418: executing libtool commands
configure:15366: WARNING: unrecognized options: --disable-xml-docs, --disable-doxygen-docs, --without-examples

## ---------------- ##
## Cache variables. ##
## ---------------- ##

ac_cv_build=x86_64-pc-linux-gnu
ac_cv_c_bigendian=no
ac_cv_c_compiler_gnu=yes
ac_cv_env_CC_set=set
ac_cv_env_CC_value='/home/hperev/Documents/CDI/1-From-NAS/eric-same-dir/97271IP-Toolchain/stbgcc-4.8-1.5//bin/aarch64-linux-gcc -Os  -I/home/jqiao/spk_64bit/spk/objOutput/bskyb-brcm64bit/build_aarch64/staging_dir/include -I/home/jqiao/spk_64bit/spk/objOutput/bskyb-brcm64bit/build_aarch64/staging_dir/usr/include -I/home/hperev/Documents/CDI/1-From-NAS/eric-same-dir/97271IP-Toolchain/stbgcc-4.8-1.5//aarch64-linux/include'
ac_cv_env_CFLAGS_set=
ac_cv_env_CFLAGS_value=
ac_cv_env_CPPFLAGS_set=
ac_cv_env_CPPFLAGS_value=
ac_cv_env_CPP_set=set
ac_cv_env_CPP_value='/home/hperev/Documents/CDI/1-From-NAS/eric-same-dir/97271IP-Toolchain/stbgcc-4.8-1.5//bin/aarch64-linux-cpp -Os  -I/home/jqiao/spk_64bit/spk/objOutput/bskyb-brcm64bit/build_aarch64/staging_dir/include -I/home/jqiao/spk_64bit/spk/objOutput/bskyb-brcm64bit/build_aarch64/staging_dir/usr/include -I/home/hperev/Documents/CDI/1-From-NAS/eric-same-dir/97271IP-Toolchain/stbgcc-4.8-1.5//aarch64-linux/include'
ac_cv_env_DBUS_CFLAGS_set=set
ac_cv_env_DBUS_CFLAGS_value='-I/home/jqiao/spk_64bit/spk/objOutput/bskyb-brcm64bit/build_aarch64/staging_dir/usr/include/dbus-1.0 -I/home/jqiao/spk_64bit/spk/objOutput/bskyb-brcm64bit/build_aarch64/staging_dir/usr/lib/dbus-1.0/include'
ac_cv_env_DBUS_GLIB_CFLAGS_set=set
ac_cv_env_DBUS_GLIB_CFLAGS_value='-I/home/jqiao/spk_64bit/spk/objOutput/bskyb-brcm64bit/build_aarch64/staging_dir/usr/include/glib-2.0 -I/home/jqiao/spk_64bit/spk/objOutput/bskyb-brcm64bit/build_aarch64/staging_dir/usr/lib/glib-2.0/include'
ac_cv_env_DBUS_GLIB_LIBS_set=set
ac_cv_env_DBUS_GLIB_LIBS_value='/home/jqiao/spk_64bit/spk/objOutput/bskyb-brcm64bit/build_aarch64/staging_dir/usr/lib/libglib-2.0.so /home/jqiao/spk_64bit/spk/objOutput/bskyb-brcm64bit/build_aarch64/staging_dir/usr/lib/libgobject-2.0.so /home/jqiao/spk_64bit/spk/objOutput/bskyb-brcm64bit/build_aarch64/staging_dir/usr/lib/libgmodule-2.0.so /home/jqiao/spk_64bit/spk/objOutput/bskyb-brcm64bit/build_aarch64/staging_dir/usr/lib/libgthread-2.0.so /home/jqiao/spk_64bit/spk/objOutput/bskyb-brcm64bit/build_aarch64/staging_dir/usr/lib/libgio-2.0.so'
ac_cv_env_DBUS_GLIB_THREADS_CFLAGS_set=
ac_cv_env_DBUS_GLIB_THREADS_CFLAGS_value=
ac_cv_env_DBUS_GLIB_THREADS_LIBS_set=
ac_cv_env_DBUS_GLIB_THREADS_LIBS_value=
ac_cv_env_DBUS_LIBS_set=set
ac_cv_env_DBUS_LIBS_value=/home/jqiao/spk_64bit/spk/objOutput/bskyb-brcm64bit/build_aarch64/staging_dir/usr/lib/libdbus-1.so
ac_cv_env_GTKDOC_DEPS_CFLAGS_set=
ac_cv_env_GTKDOC_DEPS_CFLAGS_value=
ac_cv_env_GTKDOC_DEPS_LIBS_set=
ac_cv_env_GTKDOC_DEPS_LIBS_value=
ac_cv_env_LDFLAGS_set=set
ac_cv_env_LDFLAGS_value=-L/home/jqiao/spk_64bit/spk/objOutput/bskyb-brcm64bit/build_aarch64/staging_dir/usr/lib/
ac_cv_env_LIBS_set=
ac_cv_env_LIBS_value=
ac_cv_env_PKG_CONFIG_LIBDIR_set=
ac_cv_env_PKG_CONFIG_LIBDIR_value=
ac_cv_env_PKG_CONFIG_PATH_set=set
ac_cv_env_PKG_CONFIG_PATH_value=
ac_cv_env_PKG_CONFIG_set=set
ac_cv_env_PKG_CONFIG_value=
ac_cv_env_build_alias_set=set
ac_cv_env_build_alias_value=x86_64-pc-linux-gnu
ac_cv_env_host_alias_set=set
ac_cv_env_host_alias_value=aarch64-linux
ac_cv_env_target_alias_set=set
ac_cv_env_target_alias_value=aarch64-linux
ac_cv_func_calloc_0_nonnull=yes
ac_cv_func_malloc_0_nonnull=yes
ac_cv_func_memcmp_working=yes
ac_cv_func_mmap_fixed_mapped=yes
ac_cv_func_posix_getpwnam_r=yes
ac_cv_func_realloc_0_nonnull=yes
ac_cv_have_abstract_sockets=yes
ac_cv_have_decl_malloc=yes
ac_cv_header_dlfcn_h=yes
ac_cv_header_expat_h=yes
ac_cv_header_inttypes_h=yes
ac_cv_header_memory_h=yes
ac_cv_header_stdc=yes
ac_cv_header_stdint_h=yes
ac_cv_header_stdlib_h=yes
ac_cv_header_string_h=yes
ac_cv_header_strings_h=yes
ac_cv_header_sys_stat_h=yes
ac_cv_header_sys_types_h=yes
ac_cv_header_unistd_h=yes
ac_cv_host=aarch64-unknown-linux-gnu
ac_cv_lbl_unaligned_fail=yes
ac_cv_lib_expat_XML_ParserCreate_MM=yes
ac_cv_objext=o
ac_cv_path_EGREP='/bin/grep -E'
ac_cv_path_FGREP='/bin/grep -F'
ac_cv_path_GREP=/bin/grep
ac_cv_path_SED=/home/jqiao/spk_64bit/spk/objOutput/bskyb-brcm64bit/toolchain_build_aarch64/bin/sed
ac_cv_path_install='/usr/bin/install -c'
ac_cv_path_mkdir=/bin/mkdir
ac_cv_prog_AR=/home/hperev/Documents/CDI/1-From-NAS/eric-same-dir/97271IP-Toolchain/stbgcc-4.8-1.5//bin/aarch64-linux-ar
ac_cv_prog_AWK=gawk
ac_cv_prog_CC='/home/hperev/Documents/CDI/1-From-NAS/eric-same-dir/97271IP-Toolchain/stbgcc-4.8-1.5//bin/aarch64-linux-gcc -Os  -I/home/jqiao/spk_64bit/spk/objOutput/bskyb-brcm64bit/build_aarch64/staging_dir/include -I/home/jqiao/spk_64bit/spk/objOutput/bskyb-brcm64bit/build_aarch64/staging_dir/usr/include -I/home/hperev/Documents/CDI/1-From-NAS/eric-same-dir/97271IP-Toolchain/stbgcc-4.8-1.5//aarch64-linux/include'
ac_cv_prog_CPP='/home/hperev/Documents/CDI/1-From-NAS/eric-same-dir/97271IP-Toolchain/stbgcc-4.8-1.5//bin/aarch64-linux-cpp -Os  -I/home/jqiao/spk_64bit/spk/objOutput/bskyb-brcm64bit/build_aarch64/staging_dir/include -I/home/jqiao/spk_64bit/spk/objOutput/bskyb-brcm64bit/build_aarch64/staging_dir/usr/include -I/home/hperev/Documents/CDI/1-From-NAS/eric-same-dir/97271IP-Toolchain/stbgcc-4.8-1.5//aarch64-linux/include'
ac_cv_prog_OBJDUMP=aarch64-linux-objdump
ac_cv_prog_RANLIB=/home/hperev/Documents/CDI/1-From-NAS/eric-same-dir/97271IP-Toolchain/stbgcc-4.8-1.5//bin/aarch64-linux-ranlib
ac_cv_prog_STRIP=/home/hperev/Documents/CDI/1-From-NAS/eric-same-dir/97271IP-Toolchain/stbgcc-4.8-1.5//bin/aarch64-linux-strip
ac_cv_prog_ac_ct_MANIFEST_TOOL=mt
ac_cv_prog_cc_c89=
ac_cv_prog_cc_g=yes
ac_cv_prog_make_make_set=yes
ac_cv_search_socket='none required'
ac_cv_search_strerror='none required'
am_cv_CC_dependencies_compiler_type=gcc3
am_cv_make_support_nested_variables=yes
gl_cv_func_malloc_0_nonnull=yes
lt_cv_ar_at_file=@
lt_cv_archive_cmds_need_lc=no
lt_cv_deplibs_check_method=pass_all
lt_cv_file_magic_cmd='$MAGIC_CMD'
lt_cv_file_magic_test_file=
lt_cv_ld_reload_flag=-r
lt_cv_nm_interface='BSD nm'
lt_cv_objdir=.libs
lt_cv_path_LD=/home/hperev/Documents/CDI/1-From-NAS/eric-same-dir/97271IP-Toolchain/stbgcc-4.8-1.5//bin/aarch64-linux-ld
lt_cv_path_NM=/home/hperev/Documents/CDI/1-From-NAS/eric-same-dir/97271IP-Toolchain/stbgcc-4.8-1.5//bin/aarch64-linux-nm
lt_cv_path_mainfest_tool=no
lt_cv_prog_compiler_c_o=yes
lt_cv_prog_compiler_pic='-fPIC -DPIC'
lt_cv_prog_compiler_pic_works=yes
lt_cv_prog_compiler_rtti_exceptions=no
lt_cv_prog_compiler_static_works=yes
lt_cv_prog_gnu_ld=yes
lt_cv_sharedlib_from_linklib_cmd='printf %s\n'
lt_cv_shlibpath_overrides_runpath=no
lt_cv_sys_global_symbol_pipe='sed -n -e '\''s/^.*[	 ]\([ABCDGIRSTW][ABCDGIRSTW]*\)[	 ][	 ]*\([_A-Za-z][_A-Za-z0-9]*\)$/\1 \2 \2/p'\'' | sed '\''/ __gnu_lto/d'\'''
lt_cv_sys_global_symbol_to_c_name_address='sed -n -e '\''s/^: \([^ ]*\)[ ]*$/  {\"\1\", (void *) 0},/p'\'' -e '\''s/^[ABCDGIRSTW]* \([^ ]*\) \([^ ]*\)$/  {"\2", (void *) \&\2},/p'\'''
lt_cv_sys_global_symbol_to_c_name_address_lib_prefix='sed -n -e '\''s/^: \([^ ]*\)[ ]*$/  {\"\1\", (void *) 0},/p'\'' -e '\''s/^[ABCDGIRSTW]* \([^ ]*\) \(lib[^ ]*\)$/  {"\2", (void *) \&\2},/p'\'' -e '\''s/^[ABCDGIRSTW]* \([^ ]*\) \([^ ]*\)$/  {"lib\2", (void *) \&\2},/p'\'''
lt_cv_sys_global_symbol_to_cdecl='sed -n -e '\''s/^T .* \(.*\)$/extern int \1();/p'\'' -e '\''s/^[ABCDGIRSTW]* .* \(.*\)$/extern char \1;/p'\'''
lt_cv_sys_max_cmd_len=3458764513820540925
lt_cv_to_host_file_cmd=func_convert_file_noop
lt_cv_to_tool_file_cmd=func_convert_file_noop
pkg_cv_DBUS_CFLAGS='-I/home/jqiao/spk_64bit/spk/objOutput/bskyb-brcm64bit/build_aarch64/staging_dir/usr/include/dbus-1.0 -I/home/jqiao/spk_64bit/spk/objOutput/bskyb-brcm64bit/build_aarch64/staging_dir/usr/lib/dbus-1.0/include'
pkg_cv_DBUS_GLIB_CFLAGS='-I/home/jqiao/spk_64bit/spk/objOutput/bskyb-brcm64bit/build_aarch64/staging_dir/usr/include/glib-2.0 -I/home/jqiao/spk_64bit/spk/objOutput/bskyb-brcm64bit/build_aarch64/staging_dir/usr/lib/glib-2.0/include'
pkg_cv_DBUS_GLIB_LIBS='/home/jqiao/spk_64bit/spk/objOutput/bskyb-brcm64bit/build_aarch64/staging_dir/usr/lib/libglib-2.0.so /home/jqiao/spk_64bit/spk/objOutput/bskyb-brcm64bit/build_aarch64/staging_dir/usr/lib/libgobject-2.0.so /home/jqiao/spk_64bit/spk/objOutput/bskyb-brcm64bit/build_aarch64/staging_dir/usr/lib/libgmodule-2.0.so /home/jqiao/spk_64bit/spk/objOutput/bskyb-brcm64bit/build_aarch64/staging_dir/usr/lib/libgthread-2.0.so /home/jqiao/spk_64bit/spk/objOutput/bskyb-brcm64bit/build_aarch64/staging_dir/usr/lib/libgio-2.0.so'
pkg_cv_DBUS_LIBS=/home/jqiao/spk_64bit/spk/objOutput/bskyb-brcm64bit/build_aarch64/staging_dir/usr/lib/libdbus-1.so

## ----------------- ##
## Output variables. ##
## ----------------- ##

ABSOLUTE_TOP_BUILDDIR='/home/jqiao/spk_64bit/spk/objOutput/bskyb-brcm64bit/build_aarch64/dbus-glib-0.100.2'
ACLOCAL='${SHELL} /home/jqiao/spk_64bit/spk/objOutput/bskyb-brcm64bit/build_aarch64/dbus-glib-0.100.2/missing --run aclocal-1.11 '
AMDEPBACKSLASH='\'
AMDEP_FALSE='#'
AMDEP_TRUE=''
AMTAR='$${TAR-tar}'
AM_BACKSLASH='\'
AM_DEFAULT_V='$(AM_DEFAULT_VERBOSITY)'
AM_DEFAULT_VERBOSITY='0'
AM_V='$(V)'
AR='/home/hperev/Documents/CDI/1-From-NAS/eric-same-dir/97271IP-Toolchain/stbgcc-4.8-1.5//bin/aarch64-linux-ar'
AUTOCONF='${SHELL} /home/jqiao/spk_64bit/spk/objOutput/bskyb-brcm64bit/build_aarch64/dbus-glib-0.100.2/missing --run autoconf'
AUTOHEADER='${SHELL} /home/jqiao/spk_64bit/spk/objOutput/bskyb-brcm64bit/build_aarch64/dbus-glib-0.100.2/missing --run autoheader'
AUTOMAKE='${SHELL} /home/jqiao/spk_64bit/spk/objOutput/bskyb-brcm64bit/build_aarch64/dbus-glib-0.100.2/missing --run automake-1.11'
AWK='gawk'
CC='/home/hperev/Documents/CDI/1-From-NAS/eric-same-dir/97271IP-Toolchain/stbgcc-4.8-1.5//bin/aarch64-linux-gcc -Os  -I/home/jqiao/spk_64bit/spk/objOutput/bskyb-brcm64bit/build_aarch64/staging_dir/include -I/home/jqiao/spk_64bit/spk/objOutput/bskyb-brcm64bit/build_aarch64/staging_dir/usr/include -I/home/hperev/Documents/CDI/1-From-NAS/eric-same-dir/97271IP-Toolchain/stbgcc-4.8-1.5//aarch64-linux/include'
CCDEPMODE='depmode=gcc3'
CFLAGS='-g -O2 -Wall -Wchar-subscripts -Wmissing-declarations -Wmissing-prototypes -Wnested-externs -Wpointer-arith -Wcast-align -Wfloat-equal -Wsign-compare -fno-strict-aliasing'
CPP='/home/hperev/Documents/CDI/1-From-NAS/eric-same-dir/97271IP-Toolchain/stbgcc-4.8-1.5//bin/aarch64-linux-cpp -Os  -I/home/jqiao/spk_64bit/spk/objOutput/bskyb-brcm64bit/build_aarch64/staging_dir/include -I/home/jqiao/spk_64bit/spk/objOutput/bskyb-brcm64bit/build_aarch64/staging_dir/usr/include -I/home/hperev/Documents/CDI/1-From-NAS/eric-same-dir/97271IP-Toolchain/stbgcc-4.8-1.5//aarch64-linux/include'
CPPFLAGS=''
CYGPATH_W='echo'
DBUS_BASH_COMPLETION_FALSE='#'
DBUS_BASH_COMPLETION_TRUE=''
DBUS_BINDING_TOOL='$(top_builddir)/dbus/dbus-binding-tool'
DBUS_BUILD_TESTS_FALSE=''
DBUS_BUILD_TESTS_TRUE='#'
DBUS_CFLAGS='-I/home/jqiao/spk_64bit/spk/objOutput/bskyb-brcm64bit/build_aarch64/staging_dir/usr/include/dbus-1.0 -I/home/jqiao/spk_64bit/spk/objOutput/bskyb-brcm64bit/build_aarch64/staging_dir/usr/lib/dbus-1.0/include'
DBUS_GLIB_CFLAGS='-I/home/jqiao/spk_64bit/spk/objOutput/bskyb-brcm64bit/build_aarch64/staging_dir/usr/include/glib-2.0 -I/home/jqiao/spk_64bit/spk/objOutput/bskyb-brcm64bit/build_aarch64/staging_dir/usr/lib/glib-2.0/include'
DBUS_GLIB_LIBS='/home/jqiao/spk_64bit/spk/objOutput/bskyb-brcm64bit/build_aarch64/staging_dir/usr/lib/libglib-2.0.so /home/jqiao/spk_64bit/spk/objOutput/bskyb-brcm64bit/build_aarch64/staging_dir/usr/lib/libgobject-2.0.so /home/jqiao/spk_64bit/spk/objOutput/bskyb-brcm64bit/build_aarch64/staging_dir/usr/lib/libgmodule-2.0.so /home/jqiao/spk_64bit/spk/objOutput/bskyb-brcm64bit/build_aarch64/staging_dir/usr/lib/libgthread-2.0.so /home/jqiao/spk_64bit/spk/objOutput/bskyb-brcm64bit/build_aarch64/staging_dir/usr/lib/libgio-2.0.so'
DBUS_GLIB_THREADS_CFLAGS=''
DBUS_GLIB_THREADS_LIBS=''
DBUS_GLIB_TOOL_CFLAGS=''
DBUS_GLIB_TOOL_LIBS='-lexpat'
DBUS_LIBS='/home/jqiao/spk_64bit/spk/objOutput/bskyb-brcm64bit/build_aarch64/staging_dir/usr/lib/libdbus-1.so'
DBUS_PATH_OR_ABSTRACT='abstract'
DEFS='-DHAVE_CONFIG_H'
DEPDIR='.deps'
DLLTOOL='false'
DSYMUTIL=''
DUMPBIN=''
ECHO_C=''
ECHO_N='-n'
ECHO_T=''
EGREP='/bin/grep -E'
ENABLE_GTK_DOC_FALSE=''
ENABLE_GTK_DOC_TRUE='#'
EXEEXT=''
EXPANDED_BINDIR='/usr/bin'
EXPANDED_DATADIR='${prefix}/share'
EXPANDED_LIBDIR='/usr/lib'
EXPANDED_LOCALSTATEDIR='/var'
EXPANDED_SYSCONFDIR='/usr/etc'
FGREP='/bin/grep -F'
GLIB_GENMARSHAL=''
GREP='/bin/grep'
GTKDOC_CHECK=''
GTKDOC_DEPS_CFLAGS=''
GTKDOC_DEPS_LIBS=''
GTKDOC_MKPDF=''
GTKDOC_REBASE='true'
GTK_DOC_BUILD_HTML_FALSE='#'
GTK_DOC_BUILD_HTML_TRUE=''
GTK_DOC_BUILD_PDF_FALSE=''
GTK_DOC_BUILD_PDF_TRUE='#'
GTK_DOC_USE_LIBTOOL_FALSE='#'
GTK_DOC_USE_LIBTOOL_TRUE=''
GTK_DOC_USE_REBASE_FALSE='#'
GTK_DOC_USE_REBASE_TRUE=''
HAVE_GLIB_THREADS_FALSE=''
HAVE_GLIB_THREADS_TRUE='#'
HTML_DIR='${datadir}/gtk-doc/html'
INSTALL_DATA='${INSTALL} -m 644'
INSTALL_PROGRAM='${INSTALL}'
INSTALL_SCRIPT='${INSTALL}'
INSTALL_STRIP_PROGRAM='$(install_sh) -c -s'
LD='/home/hperev/Documents/CDI/1-From-NAS/eric-same-dir/97271IP-Toolchain/stbgcc-4.8-1.5//bin/aarch64-linux-ld'
LDFLAGS='-L/home/jqiao/spk_64bit/spk/objOutput/bskyb-brcm64bit/build_aarch64/staging_dir/usr/lib/'
LIBOBJS=''
LIBS=''
LIBTOOL='$(SHELL) $(top_builddir)/libtool'
LIPO=''
LN_S='ln -s'
LTLIBOBJS=''
LT_AGE='2'
LT_CURRENT='4'
LT_REVISION='2'
MAINT='#'
MAINTAINER_MODE_FALSE=''
MAINTAINER_MODE_TRUE='#'
MAKEINFO='${SHELL} /home/jqiao/spk_64bit/spk/objOutput/bskyb-brcm64bit/build_aarch64/dbus-glib-0.100.2/missing --run makeinfo'
MANIFEST_TOOL=':'
MKDIR_P='/bin/mkdir -p'
NM='/home/hperev/Documents/CDI/1-From-NAS/eric-same-dir/97271IP-Toolchain/stbgcc-4.8-1.5//bin/aarch64-linux-nm'
NMEDIT=''
OBJDUMP='aarch64-linux-objdump'
OBJEXT='o'
OTOOL64=''
OTOOL=''
PACKAGE='dbus-glib'
PACKAGE_BUGREPORT='https://bugs.freedesktop.org/enter_bug.cgi?product=dbus&component=GLib'
PACKAGE_NAME='dbus-glib'
PACKAGE_STRING='dbus-glib 0.100.2'
PACKAGE_TARNAME='dbus-glib'
PACKAGE_URL=''
PACKAGE_VERSION='0.100.2'
PATH_SEPARATOR=':'
PKG_CONFIG=''
PKG_CONFIG_LIBDIR=''
PKG_CONFIG_PATH=''
RANLIB='/home/hperev/Documents/CDI/1-From-NAS/eric-same-dir/97271IP-Toolchain/stbgcc-4.8-1.5//bin/aarch64-linux-ranlib'
SED='/home/jqiao/spk_64bit/spk/objOutput/bskyb-brcm64bit/toolchain_build_aarch64/bin/sed'
SET_MAKE=''
SHELL='/bin/sh'
STRIP='/home/hperev/Documents/CDI/1-From-NAS/eric-same-dir/97271IP-Toolchain/stbgcc-4.8-1.5//bin/aarch64-linux-strip'
TEST_CORE_SERVICE_BINARY='/home/jqiao/spk_64bit/spk/objOutput/bskyb-brcm64bit/build_aarch64/dbus-glib-0.100.2/test/core/test-service-glib'
TEST_EXIT_BINARY='/home/jqiao/spk_64bit/spk/objOutput/bskyb-brcm64bit/build_aarch64/dbus-glib-0.100.2/test/test-exit'
TEST_INTERFACES_SERVICE_BINARY='/home/jqiao/spk_64bit/spk/objOutput/bskyb-brcm64bit/build_aarch64/dbus-glib-0.100.2/test/interfaces/test-service'
TEST_SEGFAULT_BINARY='/home/jqiao/spk_64bit/spk/objOutput/bskyb-brcm64bit/build_aarch64/dbus-glib-0.100.2/test/test-segfault'
TEST_SERVICE_BINARY='/home/jqiao/spk_64bit/spk/objOutput/bskyb-brcm64bit/build_aarch64/dbus-glib-0.100.2/test/test-service'
TEST_SERVICE_DIR='/home/jqiao/spk_64bit/spk/objOutput/bskyb-brcm64bit/build_aarch64/dbus-glib-0.100.2/test/data/valid-service-files'
TEST_SHELL_SERVICE_BINARY='/home/jqiao/spk_64bit/spk/objOutput/bskyb-brcm64bit/build_aarch64/dbus-glib-0.100.2/test/test-shell-service'
TEST_SLEEP_FOREVER_BINARY='/home/jqiao/spk_64bit/spk/objOutput/bskyb-brcm64bit/build_aarch64/dbus-glib-0.100.2/test/test-sleep-forever'
TEST_SOCKET_DIR=''
VERSION='0.100.2'
ac_ct_AR=''
ac_ct_CC=''
ac_ct_DUMPBIN=''
am__EXEEXT_FALSE=''
am__EXEEXT_TRUE='#'
am__fastdepCC_FALSE='#'
am__fastdepCC_TRUE=''
am__include='include'
am__isrc=''
am__leading_dot='.'
am__nodep='_no'
am__quote=''
am__tar='$${TAR-tar} chof - "$$tardir"'
am__untar='$${TAR-tar} xf -'
bindir='${exec_prefix}/bin'
build='x86_64-pc-linux-gnu'
build_alias='x86_64-pc-linux-gnu'
build_cpu='x86_64'
build_os='linux-gnu'
build_vendor='pc'
datadir='${datarootdir}'
datarootdir='${prefix}/share'
docdir='${datarootdir}/doc/${PACKAGE_TARNAME}'
dvidir='${docdir}'
exec_prefix='${prefix}'
host='aarch64-unknown-linux-gnu'
host_alias='aarch64-linux'
host_cpu='aarch64'
host_os='linux-gnu'
host_vendor='unknown'
htmldir='${docdir}'
includedir='${prefix}/include'
infodir='${datarootdir}/info'
install_sh='${SHELL} /home/jqiao/spk_64bit/spk/objOutput/bskyb-brcm64bit/build_aarch64/dbus-glib-0.100.2/install-sh'
libdir='${exec_prefix}/lib'
libexecdir='${exec_prefix}/libexec'
localedir='${datarootdir}/locale'
localstatedir='/var'
mandir='${datarootdir}/man'
mkdir_p='/bin/mkdir -p'
oldincludedir='/usr/include'
pdfdir='${docdir}'
prefix='/usr'
program_transform_name='s&^&&'
psdir='${docdir}'
sbindir='${exec_prefix}/sbin'
sharedstatedir='${prefix}/com'
sysconfdir='${prefix}/etc'
target_alias='aarch64-linux'

## ----------- ##
## confdefs.h. ##
## ----------- ##

/* confdefs.h */
#define PACKAGE_NAME "dbus-glib"
#define PACKAGE_TARNAME "dbus-glib"
#define PACKAGE_VERSION "0.100.2"
#define PACKAGE_STRING "dbus-glib 0.100.2"
#define PACKAGE_BUGREPORT "https://bugs.freedesktop.org/enter_bug.cgi?product=dbus&component=GLib"
#define PACKAGE_URL ""
#define PACKAGE "dbus-glib"
#define VERSION "0.100.2"
#define STDC_HEADERS 1
#define DBUS_BASH_COMPLETION 1
#define HAVE_SYS_TYPES_H 1
#define HAVE_SYS_STAT_H 1
#define HAVE_STDLIB_H 1
#define HAVE_STRING_H 1
#define HAVE_MEMORY_H 1
#define HAVE_STRINGS_H 1
#define HAVE_INTTYPES_H 1
#define HAVE_STDINT_H 1
#define HAVE_UNISTD_H 1
#define HAVE_DLFCN_H 1
#define LT_OBJDIR ".libs/"
#define HAVE_SOCKLEN_T 1
#define HAVE_ABSTRACT_SOCKETS 1
#define HAVE_EXPAT_H 1
#define TEST_SERVICE_DIR "/home/jqiao/spk_64bit/spk/objOutput/bskyb-brcm64bit/build_aarch64/dbus-glib-0.100.2/test/data/valid-service-files"
#define TEST_SERVICE_BINARY "/home/jqiao/spk_64bit/spk/objOutput/bskyb-brcm64bit/build_aarch64/dbus-glib-0.100.2/test/test-service"
#define TEST_SHELL_SERVICE_BINARY "/home/jqiao/spk_64bit/spk/objOutput/bskyb-brcm64bit/build_aarch64/dbus-glib-0.100.2/test/test-shell-service"
#define TEST_CORE_SERVICE_BINARY "/home/jqiao/spk_64bit/spk/objOutput/bskyb-brcm64bit/build_aarch64/dbus-glib-0.100.2/test/core/test-service-glib"
#define TEST_INTERFACES_SERVICE_BINARY "/home/jqiao/spk_64bit/spk/objOutput/bskyb-brcm64bit/build_aarch64/dbus-glib-0.100.2/test/interfaces/test-service"
#define TEST_EXIT_BINARY "/home/jqiao/spk_64bit/spk/objOutput/bskyb-brcm64bit/build_aarch64/dbus-glib-0.100.2/test/test-exit"
#define TEST_SEGFAULT_BINARY "/home/jqiao/spk_64bit/spk/objOutput/bskyb-brcm64bit/build_aarch64/dbus-glib-0.100.2/test/test-segfault"
#define TEST_SLEEP_FOREVER_BINARY "/home/jqiao/spk_64bit/spk/objOutput/bskyb-brcm64bit/build_aarch64/dbus-glib-0.100.2/test/test-sleep-forever"
#define DBUS_TEST_SOCKET_DIR ""

configure: exit 0
